<?xml version="1.0" encoding="UTF-8"?>
<testsuite xmlns:xsi="http://www.w3.org/2001/XMLSchema-instance" xsi:noNamespaceSchemaLocation="https://maven.apache.org/surefire/maven-surefire-plugin/xsd/surefire-test-report-3.0.xsd" version="3.0" name="users.UsersRunnerTest" time="5.347" tests="10" errors="0" skipped="0" failures="0">
  <properties>
    <property name="java.specification.version" value="17"/>
    <property name="sun.jnu.encoding" value="UTF-8"/>
    <property name="java.class.path" value="/Users/christopherarias/reto-backend-karate/reto-backend-karate/target/test-classes:/Users/christopherarias/reto-backend-karate/reto-backend-karate/target/classes:/Users/christopherarias/.m2/repository/com/intuit/karate/karate-junit5/1.4.1/karate-junit5-1.4.1.jar:/Users/christopherarias/.m2/repository/com/intuit/karate/karate-core/1.4.1/karate-core-1.4.1.jar:/Users/christopherarias/.m2/repository/org/graalvm/js/js-scriptengine/22.3.3/js-scriptengine-22.3.3.jar:/Users/christopherarias/.m2/repository/org/graalvm/sdk/graal-sdk/22.3.3/graal-sdk-22.3.3.jar:/Users/christopherarias/.m2/repository/org/graalvm/js/js/22.3.3/js-22.3.3.jar:/Users/christopherarias/.m2/repository/org/graalvm/regex/regex/22.3.3/regex-22.3.3.jar:/Users/christopherarias/.m2/repository/org/graalvm/truffle/truffle-api/22.3.3/truffle-api-22.3.3.jar:/Users/christopherarias/.m2/repository/com/ibm/icu/icu4j/71.1/icu4j-71.1.jar:/Users/christopherarias/.m2/repository/org/thymeleaf/thymeleaf/3.1.2.RELEASE/thymeleaf-3.1.2.RELEASE.jar:/Users/christopherarias/.m2/repository/ognl/ognl/3.3.4/ognl-3.3.4.jar:/Users/christopherarias/.m2/repository/org/javassist/javassist/3.29.0-GA/javassist-3.29.0-GA.jar:/Users/christopherarias/.m2/repository/org/attoparser/attoparser/2.0.7.RELEASE/attoparser-2.0.7.RELEASE.jar:/Users/christopherarias/.m2/repository/org/unbescape/unbescape/1.1.6.RELEASE/unbescape-1.1.6.RELEASE.jar:/Users/christopherarias/.m2/repository/org/slf4j/slf4j-api/2.0.7/slf4j-api-2.0.7.jar:/Users/christopherarias/.m2/repository/com/linecorp/armeria/armeria/1.25.2/armeria-1.25.2.jar:/Users/christopherarias/.m2/repository/com/fasterxml/jackson/core/jackson-core/2.15.2/jackson-core-2.15.2.jar:/Users/christopherarias/.m2/repository/com/fasterxml/jackson/core/jackson-annotations/2.15.2/jackson-annotations-2.15.2.jar:/Users/christopherarias/.m2/repository/com/fasterxml/jackson/core/jackson-databind/2.15.2/jackson-databind-2.15.2.jar:/Users/christopherarias/.m2/repository/com/fasterxml/jackson/datatype/jackson-datatype-jdk8/2.15.2/jackson-datatype-jdk8-2.15.2.jar:/Users/christopherarias/.m2/repository/com/fasterxml/jackson/datatype/jackson-datatype-jsr310/2.15.2/jackson-datatype-jsr310-2.15.2.jar:/Users/christopherarias/.m2/repository/io/micrometer/micrometer-core/1.11.3/micrometer-core-1.11.3.jar:/Users/christopherarias/.m2/repository/io/micrometer/micrometer-commons/1.11.3/micrometer-commons-1.11.3.jar:/Users/christopherarias/.m2/repository/io/micrometer/micrometer-observation/1.11.3/micrometer-observation-1.11.3.jar:/Users/christopherarias/.m2/repository/org/hdrhistogram/HdrHistogram/2.1.12/HdrHistogram-2.1.12.jar:/Users/christopherarias/.m2/repository/org/latencyutils/LatencyUtils/2.0.3/LatencyUtils-2.0.3.jar:/Users/christopherarias/.m2/repository/io/netty/netty-transport/4.1.96.Final/netty-transport-4.1.96.Final.jar:/Users/christopherarias/.m2/repository/io/netty/netty-common/4.1.96.Final/netty-common-4.1.96.Final.jar:/Users/christopherarias/.m2/repository/io/netty/netty-buffer/4.1.96.Final/netty-buffer-4.1.96.Final.jar:/Users/christopherarias/.m2/repository/io/netty/netty-resolver/4.1.96.Final/netty-resolver-4.1.96.Final.jar:/Users/christopherarias/.m2/repository/io/netty/netty-codec-haproxy/4.1.96.Final/netty-codec-haproxy-4.1.96.Final.jar:/Users/christopherarias/.m2/repository/io/netty/netty-codec/4.1.96.Final/netty-codec-4.1.96.Final.jar:/Users/christopherarias/.m2/repository/io/netty/netty-codec-http2/4.1.96.Final/netty-codec-http2-4.1.96.Final.jar:/Users/christopherarias/.m2/repository/io/netty/netty-handler/4.1.96.Final/netty-handler-4.1.96.Final.jar:/Users/christopherarias/.m2/repository/io/netty/netty-codec-http/4.1.96.Final/netty-codec-http-4.1.96.Final.jar:/Users/christopherarias/.m2/repository/io/netty/netty-resolver-dns/4.1.96.Final/netty-resolver-dns-4.1.96.Final.jar:/Users/christopherarias/.m2/repository/io/netty/netty-codec-dns/4.1.96.Final/netty-codec-dns-4.1.96.Final.jar:/Users/christopherarias/.m2/repository/org/reactivestreams/reactive-streams/1.0.4/reactive-streams-1.0.4.jar:/Users/christopherarias/.m2/repository/com/google/code/findbugs/jsr305/3.0.2/jsr305-3.0.2.jar:/Users/christopherarias/.m2/repository/io/netty/netty-handler-proxy/4.1.96.Final/netty-handler-proxy-4.1.96.Final.jar:/Users/christopherarias/.m2/repository/io/netty/netty-codec-socks/4.1.96.Final/netty-codec-socks-4.1.96.Final.jar:/Users/christopherarias/.m2/repository/io/netty/netty-transport-native-unix-common/4.1.96.Final/netty-transport-native-unix-common-4.1.96.Final-linux-x86_64.jar:/Users/christopherarias/.m2/repository/io/netty/netty-transport-native-epoll/4.1.96.Final/netty-transport-native-epoll-4.1.96.Final-linux-x86_64.jar:/Users/christopherarias/.m2/repository/io/netty/netty-transport-native-unix-common/4.1.96.Final/netty-transport-native-unix-common-4.1.96.Final.jar:/Users/christopherarias/.m2/repository/io/netty/netty-transport-classes-epoll/4.1.96.Final/netty-transport-classes-epoll-4.1.96.Final.jar:/Users/christopherarias/.m2/repository/io/netty/netty-transport-native-unix-common/4.1.96.Final/netty-transport-native-unix-common-4.1.96.Final-linux-aarch_64.jar:/Users/christopherarias/.m2/repository/io/netty/netty-transport-native-epoll/4.1.96.Final/netty-transport-native-epoll-4.1.96.Final-linux-aarch_64.jar:/Users/christopherarias/.m2/repository/io/netty/netty-transport-native-unix-common/4.1.96.Final/netty-transport-native-unix-common-4.1.96.Final-osx-x86_64.jar:/Users/christopherarias/.m2/repository/io/netty/netty-transport-native-kqueue/4.1.96.Final/netty-transport-native-kqueue-4.1.96.Final-osx-x86_64.jar:/Users/christopherarias/.m2/repository/io/netty/netty-transport-classes-kqueue/4.1.96.Final/netty-transport-classes-kqueue-4.1.96.Final.jar:/Users/christopherarias/.m2/repository/io/netty/netty-resolver-dns-native-macos/4.1.96.Final/netty-resolver-dns-native-macos-4.1.96.Final-osx-x86_64.jar:/Users/christopherarias/.m2/repository/io/netty/netty-resolver-dns-classes-macos/4.1.96.Final/netty-resolver-dns-classes-macos-4.1.96.Final.jar:/Users/christopherarias/.m2/repository/io/netty/netty-transport-native-unix-common/4.1.96.Final/netty-transport-native-unix-common-4.1.96.Final-osx-aarch_64.jar:/Users/christopherarias/.m2/repository/io/netty/netty-transport-native-kqueue/4.1.96.Final/netty-transport-native-kqueue-4.1.96.Final-osx-aarch_64.jar:/Users/christopherarias/.m2/repository/io/netty/netty-resolver-dns-native-macos/4.1.96.Final/netty-resolver-dns-native-macos-4.1.96.Final-osx-aarch_64.jar:/Users/christopherarias/.m2/repository/io/netty/netty-tcnative-boringssl-static/2.0.61.Final/netty-tcnative-boringssl-static-2.0.61.Final-linux-x86_64.jar:/Users/christopherarias/.m2/repository/io/netty/netty-tcnative-classes/2.0.61.Final/netty-tcnative-classes-2.0.61.Final.jar:/Users/christopherarias/.m2/repository/io/netty/netty-tcnative-boringssl-static/2.0.61.Final/netty-tcnative-boringssl-static-2.0.61.Final-linux-aarch_64.jar:/Users/christopherarias/.m2/repository/io/netty/netty-tcnative-boringssl-static/2.0.61.Final/netty-tcnative-boringssl-static-2.0.61.Final-osx-x86_64.jar:/Users/christopherarias/.m2/repository/io/netty/netty-tcnative-boringssl-static/2.0.61.Final/netty-tcnative-boringssl-static-2.0.61.Final-osx-aarch_64.jar:/Users/christopherarias/.m2/repository/io/netty/netty-tcnative-boringssl-static/2.0.61.Final/netty-tcnative-boringssl-static-2.0.61.Final-windows-x86_64.jar:/Users/christopherarias/.m2/repository/com/aayushatharva/brotli4j/brotli4j/1.12.0/brotli4j-1.12.0.jar:/Users/christopherarias/.m2/repository/com/aayushatharva/brotli4j/service/1.12.0/service-1.12.0.jar:/Users/christopherarias/.m2/repository/com/aayushatharva/brotli4j/native-osx-aarch64/1.12.0/native-osx-aarch64-1.12.0.jar:/Users/christopherarias/.m2/repository/org/apache/httpcomponents/httpclient/4.5.14/httpclient-4.5.14.jar:/Users/christopherarias/.m2/repository/org/apache/httpcomponents/httpcore/4.4.16/httpcore-4.4.16.jar:/Users/christopherarias/.m2/repository/commons-codec/commons-codec/1.16.0/commons-codec-1.16.0.jar:/Users/christopherarias/.m2/repository/ch/qos/logback/logback-classic/1.4.11/logback-classic-1.4.11.jar:/Users/christopherarias/.m2/repository/ch/qos/logback/logback-core/1.4.11/logback-core-1.4.11.jar:/Users/christopherarias/.m2/repository/org/slf4j/jcl-over-slf4j/2.0.9/jcl-over-slf4j-2.0.9.jar:/Users/christopherarias/.m2/repository/org/antlr/antlr4-runtime/4.11.1/antlr4-runtime-4.11.1.jar:/Users/christopherarias/.m2/repository/com/jayway/jsonpath/json-path/2.8.0/json-path-2.8.0.jar:/Users/christopherarias/.m2/repository/net/minidev/json-smart/2.4.10/json-smart-2.4.10.jar:/Users/christopherarias/.m2/repository/net/minidev/accessors-smart/2.4.9/accessors-smart-2.4.9.jar:/Users/christopherarias/.m2/repository/org/ow2/asm/asm/9.3/asm-9.3.jar:/Users/christopherarias/.m2/repository/org/yaml/snakeyaml/2.0/snakeyaml-2.0.jar:/Users/christopherarias/.m2/repository/de/siegmar/fastcsv/2.2.1/fastcsv-2.2.1.jar:/Users/christopherarias/.m2/repository/info/picocli/picocli/4.7.1/picocli-4.7.1.jar:/Users/christopherarias/.m2/repository/io/github/classgraph/classgraph/4.8.160/classgraph-4.8.160.jar:/Users/christopherarias/.m2/repository/io/github/t12y/resemble/1.0.2/resemble-1.0.2.jar:/Users/christopherarias/.m2/repository/io/github/t12y/ssim/1.0.0/ssim-1.0.0.jar:/Users/christopherarias/.m2/repository/org/junit/jupiter/junit-jupiter-api/5.9.3/junit-jupiter-api-5.9.3.jar:/Users/christopherarias/.m2/repository/org/opentest4j/opentest4j/1.2.0/opentest4j-1.2.0.jar:/Users/christopherarias/.m2/repository/org/junit/platform/junit-platform-commons/1.9.3/junit-platform-commons-1.9.3.jar:/Users/christopherarias/.m2/repository/org/apiguardian/apiguardian-api/1.1.2/apiguardian-api-1.1.2.jar:/Users/christopherarias/.m2/repository/org/junit/jupiter/junit-jupiter-engine/5.9.3/junit-jupiter-engine-5.9.3.jar:/Users/christopherarias/.m2/repository/org/junit/platform/junit-platform-engine/1.9.3/junit-platform-engine-1.9.3.jar:"/>
    <property name="java.vm.vendor" value="Microsoft"/>
    <property name="sun.arch.data.model" value="64"/>
    <property name="java.vendor.url" value="https://www.microsoft.com"/>
    <property name="user.timezone" value="America/Lima"/>
    <property name="os.name" value="Mac OS X"/>
    <property name="java.vm.specification.version" value="17"/>
    <property name="sun.java.launcher" value="SUN_STANDARD"/>
    <property name="user.country" value="PE"/>
    <property name="sun.boot.library.path" value="/Users/christopherarias/Library/Java/JavaVirtualMachines/ms-17.0.15/Contents/Home/lib"/>
    <property name="sun.java.command" value="/Users/christopherarias/reto-backend-karate/reto-backend-karate/target/surefire/surefirebooter-20250715213701588_3.jar /Users/christopherarias/reto-backend-karate/reto-backend-karate/target/surefire 2025-07-15T21-37-01_548-jvmRun1 surefire-20250715213701588_1tmp surefire_0-20250715213701588_2tmp"/>
    <property name="http.nonProxyHosts" value="local|*.local|169.254/16|*.169.254/16"/>
    <property name="jdk.debug" value="release"/>
    <property name="surefire.test.class.path" value="/Users/christopherarias/reto-backend-karate/reto-backend-karate/target/test-classes:/Users/christopherarias/reto-backend-karate/reto-backend-karate/target/classes:/Users/christopherarias/.m2/repository/com/intuit/karate/karate-junit5/1.4.1/karate-junit5-1.4.1.jar:/Users/christopherarias/.m2/repository/com/intuit/karate/karate-core/1.4.1/karate-core-1.4.1.jar:/Users/christopherarias/.m2/repository/org/graalvm/js/js-scriptengine/22.3.3/js-scriptengine-22.3.3.jar:/Users/christopherarias/.m2/repository/org/graalvm/sdk/graal-sdk/22.3.3/graal-sdk-22.3.3.jar:/Users/christopherarias/.m2/repository/org/graalvm/js/js/22.3.3/js-22.3.3.jar:/Users/christopherarias/.m2/repository/org/graalvm/regex/regex/22.3.3/regex-22.3.3.jar:/Users/christopherarias/.m2/repository/org/graalvm/truffle/truffle-api/22.3.3/truffle-api-22.3.3.jar:/Users/christopherarias/.m2/repository/com/ibm/icu/icu4j/71.1/icu4j-71.1.jar:/Users/christopherarias/.m2/repository/org/thymeleaf/thymeleaf/3.1.2.RELEASE/thymeleaf-3.1.2.RELEASE.jar:/Users/christopherarias/.m2/repository/ognl/ognl/3.3.4/ognl-3.3.4.jar:/Users/christopherarias/.m2/repository/org/javassist/javassist/3.29.0-GA/javassist-3.29.0-GA.jar:/Users/christopherarias/.m2/repository/org/attoparser/attoparser/2.0.7.RELEASE/attoparser-2.0.7.RELEASE.jar:/Users/christopherarias/.m2/repository/org/unbescape/unbescape/1.1.6.RELEASE/unbescape-1.1.6.RELEASE.jar:/Users/christopherarias/.m2/repository/org/slf4j/slf4j-api/2.0.7/slf4j-api-2.0.7.jar:/Users/christopherarias/.m2/repository/com/linecorp/armeria/armeria/1.25.2/armeria-1.25.2.jar:/Users/christopherarias/.m2/repository/com/fasterxml/jackson/core/jackson-core/2.15.2/jackson-core-2.15.2.jar:/Users/christopherarias/.m2/repository/com/fasterxml/jackson/core/jackson-annotations/2.15.2/jackson-annotations-2.15.2.jar:/Users/christopherarias/.m2/repository/com/fasterxml/jackson/core/jackson-databind/2.15.2/jackson-databind-2.15.2.jar:/Users/christopherarias/.m2/repository/com/fasterxml/jackson/datatype/jackson-datatype-jdk8/2.15.2/jackson-datatype-jdk8-2.15.2.jar:/Users/christopherarias/.m2/repository/com/fasterxml/jackson/datatype/jackson-datatype-jsr310/2.15.2/jackson-datatype-jsr310-2.15.2.jar:/Users/christopherarias/.m2/repository/io/micrometer/micrometer-core/1.11.3/micrometer-core-1.11.3.jar:/Users/christopherarias/.m2/repository/io/micrometer/micrometer-commons/1.11.3/micrometer-commons-1.11.3.jar:/Users/christopherarias/.m2/repository/io/micrometer/micrometer-observation/1.11.3/micrometer-observation-1.11.3.jar:/Users/christopherarias/.m2/repository/org/hdrhistogram/HdrHistogram/2.1.12/HdrHistogram-2.1.12.jar:/Users/christopherarias/.m2/repository/org/latencyutils/LatencyUtils/2.0.3/LatencyUtils-2.0.3.jar:/Users/christopherarias/.m2/repository/io/netty/netty-transport/4.1.96.Final/netty-transport-4.1.96.Final.jar:/Users/christopherarias/.m2/repository/io/netty/netty-common/4.1.96.Final/netty-common-4.1.96.Final.jar:/Users/christopherarias/.m2/repository/io/netty/netty-buffer/4.1.96.Final/netty-buffer-4.1.96.Final.jar:/Users/christopherarias/.m2/repository/io/netty/netty-resolver/4.1.96.Final/netty-resolver-4.1.96.Final.jar:/Users/christopherarias/.m2/repository/io/netty/netty-codec-haproxy/4.1.96.Final/netty-codec-haproxy-4.1.96.Final.jar:/Users/christopherarias/.m2/repository/io/netty/netty-codec/4.1.96.Final/netty-codec-4.1.96.Final.jar:/Users/christopherarias/.m2/repository/io/netty/netty-codec-http2/4.1.96.Final/netty-codec-http2-4.1.96.Final.jar:/Users/christopherarias/.m2/repository/io/netty/netty-handler/4.1.96.Final/netty-handler-4.1.96.Final.jar:/Users/christopherarias/.m2/repository/io/netty/netty-codec-http/4.1.96.Final/netty-codec-http-4.1.96.Final.jar:/Users/christopherarias/.m2/repository/io/netty/netty-resolver-dns/4.1.96.Final/netty-resolver-dns-4.1.96.Final.jar:/Users/christopherarias/.m2/repository/io/netty/netty-codec-dns/4.1.96.Final/netty-codec-dns-4.1.96.Final.jar:/Users/christopherarias/.m2/repository/org/reactivestreams/reactive-streams/1.0.4/reactive-streams-1.0.4.jar:/Users/christopherarias/.m2/repository/com/google/code/findbugs/jsr305/3.0.2/jsr305-3.0.2.jar:/Users/christopherarias/.m2/repository/io/netty/netty-handler-proxy/4.1.96.Final/netty-handler-proxy-4.1.96.Final.jar:/Users/christopherarias/.m2/repository/io/netty/netty-codec-socks/4.1.96.Final/netty-codec-socks-4.1.96.Final.jar:/Users/christopherarias/.m2/repository/io/netty/netty-transport-native-unix-common/4.1.96.Final/netty-transport-native-unix-common-4.1.96.Final-linux-x86_64.jar:/Users/christopherarias/.m2/repository/io/netty/netty-transport-native-epoll/4.1.96.Final/netty-transport-native-epoll-4.1.96.Final-linux-x86_64.jar:/Users/christopherarias/.m2/repository/io/netty/netty-transport-native-unix-common/4.1.96.Final/netty-transport-native-unix-common-4.1.96.Final.jar:/Users/christopherarias/.m2/repository/io/netty/netty-transport-classes-epoll/4.1.96.Final/netty-transport-classes-epoll-4.1.96.Final.jar:/Users/christopherarias/.m2/repository/io/netty/netty-transport-native-unix-common/4.1.96.Final/netty-transport-native-unix-common-4.1.96.Final-linux-aarch_64.jar:/Users/christopherarias/.m2/repository/io/netty/netty-transport-native-epoll/4.1.96.Final/netty-transport-native-epoll-4.1.96.Final-linux-aarch_64.jar:/Users/christopherarias/.m2/repository/io/netty/netty-transport-native-unix-common/4.1.96.Final/netty-transport-native-unix-common-4.1.96.Final-osx-x86_64.jar:/Users/christopherarias/.m2/repository/io/netty/netty-transport-native-kqueue/4.1.96.Final/netty-transport-native-kqueue-4.1.96.Final-osx-x86_64.jar:/Users/christopherarias/.m2/repository/io/netty/netty-transport-classes-kqueue/4.1.96.Final/netty-transport-classes-kqueue-4.1.96.Final.jar:/Users/christopherarias/.m2/repository/io/netty/netty-resolver-dns-native-macos/4.1.96.Final/netty-resolver-dns-native-macos-4.1.96.Final-osx-x86_64.jar:/Users/christopherarias/.m2/repository/io/netty/netty-resolver-dns-classes-macos/4.1.96.Final/netty-resolver-dns-classes-macos-4.1.96.Final.jar:/Users/christopherarias/.m2/repository/io/netty/netty-transport-native-unix-common/4.1.96.Final/netty-transport-native-unix-common-4.1.96.Final-osx-aarch_64.jar:/Users/christopherarias/.m2/repository/io/netty/netty-transport-native-kqueue/4.1.96.Final/netty-transport-native-kqueue-4.1.96.Final-osx-aarch_64.jar:/Users/christopherarias/.m2/repository/io/netty/netty-resolver-dns-native-macos/4.1.96.Final/netty-resolver-dns-native-macos-4.1.96.Final-osx-aarch_64.jar:/Users/christopherarias/.m2/repository/io/netty/netty-tcnative-boringssl-static/2.0.61.Final/netty-tcnative-boringssl-static-2.0.61.Final-linux-x86_64.jar:/Users/christopherarias/.m2/repository/io/netty/netty-tcnative-classes/2.0.61.Final/netty-tcnative-classes-2.0.61.Final.jar:/Users/christopherarias/.m2/repository/io/netty/netty-tcnative-boringssl-static/2.0.61.Final/netty-tcnative-boringssl-static-2.0.61.Final-linux-aarch_64.jar:/Users/christopherarias/.m2/repository/io/netty/netty-tcnative-boringssl-static/2.0.61.Final/netty-tcnative-boringssl-static-2.0.61.Final-osx-x86_64.jar:/Users/christopherarias/.m2/repository/io/netty/netty-tcnative-boringssl-static/2.0.61.Final/netty-tcnative-boringssl-static-2.0.61.Final-osx-aarch_64.jar:/Users/christopherarias/.m2/repository/io/netty/netty-tcnative-boringssl-static/2.0.61.Final/netty-tcnative-boringssl-static-2.0.61.Final-windows-x86_64.jar:/Users/christopherarias/.m2/repository/com/aayushatharva/brotli4j/brotli4j/1.12.0/brotli4j-1.12.0.jar:/Users/christopherarias/.m2/repository/com/aayushatharva/brotli4j/service/1.12.0/service-1.12.0.jar:/Users/christopherarias/.m2/repository/com/aayushatharva/brotli4j/native-osx-aarch64/1.12.0/native-osx-aarch64-1.12.0.jar:/Users/christopherarias/.m2/repository/org/apache/httpcomponents/httpclient/4.5.14/httpclient-4.5.14.jar:/Users/christopherarias/.m2/repository/org/apache/httpcomponents/httpcore/4.4.16/httpcore-4.4.16.jar:/Users/christopherarias/.m2/repository/commons-codec/commons-codec/1.16.0/commons-codec-1.16.0.jar:/Users/christopherarias/.m2/repository/ch/qos/logback/logback-classic/1.4.11/logback-classic-1.4.11.jar:/Users/christopherarias/.m2/repository/ch/qos/logback/logback-core/1.4.11/logback-core-1.4.11.jar:/Users/christopherarias/.m2/repository/org/slf4j/jcl-over-slf4j/2.0.9/jcl-over-slf4j-2.0.9.jar:/Users/christopherarias/.m2/repository/org/antlr/antlr4-runtime/4.11.1/antlr4-runtime-4.11.1.jar:/Users/christopherarias/.m2/repository/com/jayway/jsonpath/json-path/2.8.0/json-path-2.8.0.jar:/Users/christopherarias/.m2/repository/net/minidev/json-smart/2.4.10/json-smart-2.4.10.jar:/Users/christopherarias/.m2/repository/net/minidev/accessors-smart/2.4.9/accessors-smart-2.4.9.jar:/Users/christopherarias/.m2/repository/org/ow2/asm/asm/9.3/asm-9.3.jar:/Users/christopherarias/.m2/repository/org/yaml/snakeyaml/2.0/snakeyaml-2.0.jar:/Users/christopherarias/.m2/repository/de/siegmar/fastcsv/2.2.1/fastcsv-2.2.1.jar:/Users/christopherarias/.m2/repository/info/picocli/picocli/4.7.1/picocli-4.7.1.jar:/Users/christopherarias/.m2/repository/io/github/classgraph/classgraph/4.8.160/classgraph-4.8.160.jar:/Users/christopherarias/.m2/repository/io/github/t12y/resemble/1.0.2/resemble-1.0.2.jar:/Users/christopherarias/.m2/repository/io/github/t12y/ssim/1.0.0/ssim-1.0.0.jar:/Users/christopherarias/.m2/repository/org/junit/jupiter/junit-jupiter-api/5.9.3/junit-jupiter-api-5.9.3.jar:/Users/christopherarias/.m2/repository/org/opentest4j/opentest4j/1.2.0/opentest4j-1.2.0.jar:/Users/christopherarias/.m2/repository/org/junit/platform/junit-platform-commons/1.9.3/junit-platform-commons-1.9.3.jar:/Users/christopherarias/.m2/repository/org/apiguardian/apiguardian-api/1.1.2/apiguardian-api-1.1.2.jar:/Users/christopherarias/.m2/repository/org/junit/jupiter/junit-jupiter-engine/5.9.3/junit-jupiter-engine-5.9.3.jar:/Users/christopherarias/.m2/repository/org/junit/platform/junit-platform-engine/1.9.3/junit-platform-engine-1.9.3.jar:"/>
    <property name="sun.cpu.endian" value="little"/>
    <property name="user.home" value="/Users/christopherarias"/>
    <property name="user.language" value="es"/>
    <property name="java.specification.vendor" value="Oracle Corporation"/>
    <property name="java.version.date" value="2025-04-15"/>
    <property name="java.home" value="/Users/christopherarias/Library/Java/JavaVirtualMachines/ms-17.0.15/Contents/Home"/>
    <property name="file.separator" value="/"/>
    <property name="basedir" value="/Users/christopherarias/reto-backend-karate/reto-backend-karate"/>
    <property name="java.vm.compressedOopsMode" value="Zero based"/>
    <property name="line.separator" value="&#10;"/>
    <property name="java.vm.specification.vendor" value="Oracle Corporation"/>
    <property name="java.specification.name" value="Java Platform API Specification"/>
    <property name="surefire.real.class.path" value="/Users/christopherarias/reto-backend-karate/reto-backend-karate/target/surefire/surefirebooter-20250715213701588_3.jar"/>
    <property name="sun.management.compiler" value="HotSpot 64-Bit Tiered Compilers"/>
    <property name="ftp.nonProxyHosts" value="local|*.local|169.254/16|*.169.254/16"/>
    <property name="java.runtime.version" value="17.0.15+6-LTS"/>
    <property name="user.name" value="christopherarias"/>
    <property name="path.separator" value=":"/>
    <property name="os.version" value="15.5"/>
    <property name="java.runtime.name" value="OpenJDK Runtime Environment"/>
    <property name="file.encoding" value="UTF-8"/>
    <property name="java.vm.name" value="OpenJDK 64-Bit Server VM"/>
    <property name="java.vendor.version" value="Microsoft-11369864"/>
    <property name="localRepository" value="/Users/christopherarias/.m2/repository"/>
    <property name="java.vendor.url.bug" value="https://github.com/microsoft/openjdk/issues"/>
    <property name="java.io.tmpdir" value="/var/folders/43/1dctbvls1fdfn_sd7lc7jpdw0000gn/T/"/>
    <property name="idea.version" value="2024.3.2"/>
    <property name="java.version" value="17.0.15"/>
    <property name="user.dir" value="/Users/christopherarias/reto-backend-karate/reto-backend-karate"/>
    <property name="os.arch" value="aarch64"/>
    <property name="java.vm.specification.name" value="Java Virtual Machine Specification"/>
    <property name="native.encoding" value="UTF-8"/>
    <property name="java.library.path" value="/Users/christopherarias/Library/Java/Extensions:/Library/Java/Extensions:/Network/Library/Java/Extensions:/System/Library/Java/Extensions:/usr/lib/java:."/>
    <property name="java.vm.info" value="mixed mode, sharing"/>
    <property name="java.vendor" value="Microsoft"/>
    <property name="java.vm.version" value="17.0.15+6-LTS"/>
    <property name="java.specification.maintenance.version" value="1"/>
    <property name="sun.io.unicode.encoding" value="UnicodeBig"/>
    <property name="socksNonProxyHosts" value="local|*.local|169.254/16|*.169.254/16"/>
    <property name="java.class.version" value="61.0"/>
  </properties>
  <testcase name="[1:3] Eliminar usuario exitosamente o sin registros eliminados" classname="users/delete-users" time="0.871">
    <system-out><![CDATA[21:37:02.472 [main] DEBUG org.apache.http.client.protocol.RequestAddCookies -- CookieSpec selected: karate
21:37:02.474 [main] DEBUG org.apache.http.client.protocol.RequestAuthCache -- Auth cache not set in the context
21:37:02.474 [main] DEBUG com.intuit.karate -- request:
1 > DELETE https://serverest.dev/usuarios/oH6ONqbWDcUFCMP4
1 > Host: serverest.dev
1 > Connection: Keep-Alive
1 > User-Agent: Apache-HttpClient/4.5.14 (Java/17.0.15)
1 > Accept-Encoding: gzip,deflate


21:37:02.475 [main] DEBUG org.apache.http.impl.conn.PoolingHttpClientConnectionManager -- Connection request: [route: {s}->https://serverest.dev:443][total available: 0; route allocated: 0 of 5; total allocated: 0 of 10]
21:37:02.477 [main] DEBUG org.apache.http.impl.conn.PoolingHttpClientConnectionManager -- Connection leased: [id: 0][route: {s}->https://serverest.dev:443][total available: 0; route allocated: 1 of 5; total allocated: 1 of 10]
21:37:02.477 [main] DEBUG org.apache.http.impl.execchain.MainClientExec -- Opening connection {s}->https://serverest.dev:443
21:37:02.484 [main] DEBUG org.apache.http.impl.conn.DefaultHttpClientConnectionOperator -- Connecting to serverest.dev/216.239.34.21:443
21:37:02.484 [main] DEBUG org.apache.http.conn.ssl.SSLConnectionSocketFactory -- Connecting socket to serverest.dev/216.239.34.21:443 with timeout 30000
21:37:02.586 [main] DEBUG org.apache.http.conn.ssl.SSLConnectionSocketFactory -- Enabled protocols: [TLSv1.3, TLSv1.2]
21:37:02.587 [main] DEBUG org.apache.http.conn.ssl.SSLConnectionSocketFactory -- Enabled cipher suites:[TLS_AES_256_GCM_SHA384, TLS_AES_128_GCM_SHA256, TLS_CHACHA20_POLY1305_SHA256, TLS_ECDHE_ECDSA_WITH_AES_256_GCM_SHA384, TLS_ECDHE_ECDSA_WITH_AES_128_GCM_SHA256, TLS_ECDHE_ECDSA_WITH_CHACHA20_POLY1305_SHA256, TLS_ECDHE_RSA_WITH_AES_256_GCM_SHA384, TLS_ECDHE_RSA_WITH_CHACHA20_POLY1305_SHA256, TLS_ECDHE_RSA_WITH_AES_128_GCM_SHA256, TLS_DHE_RSA_WITH_AES_256_GCM_SHA384, TLS_DHE_RSA_WITH_CHACHA20_POLY1305_SHA256, TLS_DHE_DSS_WITH_AES_256_GCM_SHA384, TLS_DHE_RSA_WITH_AES_128_GCM_SHA256, TLS_DHE_DSS_WITH_AES_128_GCM_SHA256, TLS_ECDHE_ECDSA_WITH_AES_256_CBC_SHA384, TLS_ECDHE_RSA_WITH_AES_256_CBC_SHA384, TLS_ECDHE_ECDSA_WITH_AES_128_CBC_SHA256, TLS_ECDHE_RSA_WITH_AES_128_CBC_SHA256, TLS_DHE_RSA_WITH_AES_256_CBC_SHA256, TLS_DHE_DSS_WITH_AES_256_CBC_SHA256, TLS_DHE_RSA_WITH_AES_128_CBC_SHA256, TLS_DHE_DSS_WITH_AES_128_CBC_SHA256, TLS_ECDHE_ECDSA_WITH_AES_256_CBC_SHA, TLS_ECDHE_RSA_WITH_AES_256_CBC_SHA, TLS_ECDHE_ECDSA_WITH_AES_128_CBC_SHA, TLS_ECDHE_RSA_WITH_AES_128_CBC_SHA, TLS_DHE_RSA_WITH_AES_256_CBC_SHA, TLS_DHE_DSS_WITH_AES_256_CBC_SHA, TLS_DHE_RSA_WITH_AES_128_CBC_SHA, TLS_DHE_DSS_WITH_AES_128_CBC_SHA, TLS_RSA_WITH_AES_256_GCM_SHA384, TLS_RSA_WITH_AES_128_GCM_SHA256, TLS_RSA_WITH_AES_256_CBC_SHA256, TLS_RSA_WITH_AES_128_CBC_SHA256, TLS_RSA_WITH_AES_256_CBC_SHA, TLS_RSA_WITH_AES_128_CBC_SHA, TLS_EMPTY_RENEGOTIATION_INFO_SCSV]
21:37:02.587 [main] DEBUG org.apache.http.conn.ssl.SSLConnectionSocketFactory -- Starting handshake
21:37:02.752 [main] DEBUG org.apache.http.conn.ssl.SSLConnectionSocketFactory -- Secure session established
21:37:02.753 [main] DEBUG org.apache.http.conn.ssl.SSLConnectionSocketFactory --  negotiated protocol: TLSv1.3
21:37:02.753 [main] DEBUG org.apache.http.conn.ssl.SSLConnectionSocketFactory --  negotiated cipher suite: TLS_AES_256_GCM_SHA384
21:37:02.753 [main] DEBUG org.apache.http.conn.ssl.SSLConnectionSocketFactory --  peer principal: CN=serverest.dev
21:37:02.753 [main] DEBUG org.apache.http.conn.ssl.SSLConnectionSocketFactory --  peer alternative names: [serverest.dev]
21:37:02.753 [main] DEBUG org.apache.http.conn.ssl.SSLConnectionSocketFactory --  issuer principal: CN=WR3, O=Google Trust Services, C=US
21:37:02.754 [main] DEBUG org.apache.http.impl.conn.DefaultHttpClientConnectionOperator -- Connection established 192.168.18.98:55856<->216.239.34.21:443
21:37:02.754 [main] DEBUG org.apache.http.impl.conn.DefaultManagedHttpClientConnection -- http-outgoing-0: set socket timeout to 30000
21:37:02.754 [main] DEBUG org.apache.http.impl.execchain.MainClientExec -- Executing request DELETE /usuarios/oH6ONqbWDcUFCMP4 HTTP/1.1
21:37:02.754 [main] DEBUG org.apache.http.impl.execchain.MainClientExec -- Target auth state: UNCHALLENGED
21:37:02.754 [main] DEBUG org.apache.http.impl.execchain.MainClientExec -- Proxy auth state: UNCHALLENGED
21:37:02.755 [main] DEBUG org.apache.http.headers -- http-outgoing-0 >> DELETE /usuarios/oH6ONqbWDcUFCMP4 HTTP/1.1
21:37:02.755 [main] DEBUG org.apache.http.headers -- http-outgoing-0 >> Host: serverest.dev
21:37:02.755 [main] DEBUG org.apache.http.headers -- http-outgoing-0 >> Connection: Keep-Alive
21:37:02.755 [main] DEBUG org.apache.http.headers -- http-outgoing-0 >> User-Agent: Apache-HttpClient/4.5.14 (Java/17.0.15)
21:37:02.755 [main] DEBUG org.apache.http.headers -- http-outgoing-0 >> Accept-Encoding: gzip,deflate
21:37:02.755 [main] DEBUG org.apache.http.wire -- http-outgoing-0 >> "DELETE /usuarios/oH6ONqbWDcUFCMP4 HTTP/1.1[\r][\n]"
21:37:02.755 [main] DEBUG org.apache.http.wire -- http-outgoing-0 >> "Host: serverest.dev[\r][\n]"
21:37:02.755 [main] DEBUG org.apache.http.wire -- http-outgoing-0 >> "Connection: Keep-Alive[\r][\n]"
21:37:02.755 [main] DEBUG org.apache.http.wire -- http-outgoing-0 >> "User-Agent: Apache-HttpClient/4.5.14 (Java/17.0.15)[\r][\n]"
21:37:02.755 [main] DEBUG org.apache.http.wire -- http-outgoing-0 >> "Accept-Encoding: gzip,deflate[\r][\n]"
21:37:02.755 [main] DEBUG org.apache.http.wire -- http-outgoing-0 >> "[\r][\n]"
21:37:02.929 [main] DEBUG org.apache.http.wire -- http-outgoing-0 << "HTTP/1.1 200 OK[\r][\n]"
21:37:02.930 [main] DEBUG org.apache.http.wire -- http-outgoing-0 << "access-control-allow-origin: *[\r][\n]"
21:37:02.930 [main] DEBUG org.apache.http.wire -- http-outgoing-0 << "x-dns-prefetch-control: off[\r][\n]"
21:37:02.930 [main] DEBUG org.apache.http.wire -- http-outgoing-0 << "x-frame-options: SAMEORIGIN[\r][\n]"
21:37:02.930 [main] DEBUG org.apache.http.wire -- http-outgoing-0 << "strict-transport-security: max-age=15552000; includeSubDomains[\r][\n]"
21:37:02.930 [main] DEBUG org.apache.http.wire -- http-outgoing-0 << "x-download-options: noopen[\r][\n]"
21:37:02.930 [main] DEBUG org.apache.http.wire -- http-outgoing-0 << "x-content-type-options: nosniff[\r][\n]"
21:37:02.930 [main] DEBUG org.apache.http.wire -- http-outgoing-0 << "x-xss-protection: 1; mode=block[\r][\n]"
21:37:02.930 [main] DEBUG org.apache.http.wire -- http-outgoing-0 << "content-type: application/json; charset=utf-8[\r][\n]"
21:37:02.930 [main] DEBUG org.apache.http.wire -- http-outgoing-0 << "x-cloud-trace-context: 5db821c5dd717325d1091bb5ee534916;o=1[\r][\n]"
21:37:02.930 [main] DEBUG org.apache.http.wire -- http-outgoing-0 << "date: Wed, 16 Jul 2025 02:37:02 GMT[\r][\n]"
21:37:02.930 [main] DEBUG org.apache.http.wire -- http-outgoing-0 << "server: Google Frontend[\r][\n]"
21:37:02.930 [main] DEBUG org.apache.http.wire -- http-outgoing-0 << "Content-Length: 46[\r][\n]"
21:37:02.930 [main] DEBUG org.apache.http.wire -- http-outgoing-0 << "[\r][\n]"
21:37:02.930 [main] DEBUG org.apache.http.wire -- http-outgoing-0 << "{[\n]"
21:37:02.930 [main] DEBUG org.apache.http.wire -- http-outgoing-0 << "    "message": "Nenhum registro exclu[0xc3][0xad]do"[\n]"
21:37:02.930 [main] DEBUG org.apache.http.wire -- http-outgoing-0 << "}"
21:37:02.933 [main] DEBUG org.apache.http.headers -- http-outgoing-0 << HTTP/1.1 200 OK
21:37:02.933 [main] DEBUG org.apache.http.headers -- http-outgoing-0 << access-control-allow-origin: *
21:37:02.933 [main] DEBUG org.apache.http.headers -- http-outgoing-0 << x-dns-prefetch-control: off
21:37:02.933 [main] DEBUG org.apache.http.headers -- http-outgoing-0 << x-frame-options: SAMEORIGIN
21:37:02.933 [main] DEBUG org.apache.http.headers -- http-outgoing-0 << strict-transport-security: max-age=15552000; includeSubDomains
21:37:02.933 [main] DEBUG org.apache.http.headers -- http-outgoing-0 << x-download-options: noopen
21:37:02.933 [main] DEBUG org.apache.http.headers -- http-outgoing-0 << x-content-type-options: nosniff
21:37:02.933 [main] DEBUG org.apache.http.headers -- http-outgoing-0 << x-xss-protection: 1; mode=block
21:37:02.933 [main] DEBUG org.apache.http.headers -- http-outgoing-0 << content-type: application/json; charset=utf-8
21:37:02.933 [main] DEBUG org.apache.http.headers -- http-outgoing-0 << x-cloud-trace-context: 5db821c5dd717325d1091bb5ee534916;o=1
21:37:02.933 [main] DEBUG org.apache.http.headers -- http-outgoing-0 << date: Wed, 16 Jul 2025 02:37:02 GMT
21:37:02.934 [main] DEBUG org.apache.http.headers -- http-outgoing-0 << server: Google Frontend
21:37:02.934 [main] DEBUG org.apache.http.headers -- http-outgoing-0 << Content-Length: 46
21:37:02.936 [main] DEBUG org.apache.http.impl.execchain.MainClientExec -- Connection can be kept alive indefinitely
21:37:02.938 [main] DEBUG org.apache.http.impl.conn.PoolingHttpClientConnectionManager -- Connection [id: 0][route: {s}->https://serverest.dev:443] can be kept alive indefinitely
21:37:02.938 [main] DEBUG org.apache.http.impl.conn.DefaultManagedHttpClientConnection -- http-outgoing-0: set socket timeout to 0
21:37:02.938 [main] DEBUG org.apache.http.impl.conn.PoolingHttpClientConnectionManager -- Connection released: [id: 0][route: {s}->https://serverest.dev:443][total available: 1; route allocated: 1 of 5; total allocated: 1 of 10]
21:37:02.938 [main] DEBUG org.apache.http.impl.conn.PoolingHttpClientConnectionManager -- Connection manager is shutting down
21:37:02.938 [main] DEBUG org.apache.http.impl.conn.DefaultManagedHttpClientConnection -- http-outgoing-0: Close connection
21:37:02.941 [main] DEBUG org.apache.http.impl.conn.PoolingHttpClientConnectionManager -- Connection manager shut down
21:37:02.943 [main] DEBUG com.intuit.karate -- response time in milliseconds: 463
1 < 200
1 < access-control-allow-origin: *
1 < x-dns-prefetch-control: off
1 < x-frame-options: SAMEORIGIN
1 < strict-transport-security: max-age=15552000; includeSubDomains
1 < x-download-options: noopen
1 < x-content-type-options: nosniff
1 < x-xss-protection: 1; mode=block
1 < content-type: application/json; charset=utf-8
1 < x-cloud-trace-context: 5db821c5dd717325d1091bb5ee534916;o=1
1 < date: Wed, 16 Jul 2025 02:37:02 GMT
1 < server: Google Frontend
1 < Content-Length: 46
{
    "message": "Nenhum registro excluído"
}

21:37:02.974 [main] DEBUG com.jayway.jsonpath.internal.path.CompiledPath -- Evaluating path: $['message']
21:37:03.004 [main] INFO com.intuit.karate -- [print] ✅ DELETE /usuarios/{id} -> {
  "message": "Nenhum registro excluído"
}
 
]]></system-out>
  </testcase>
  <testcase name="[2:10] Intentar eliminar usuario con carrito asociado" classname="users/delete-users" time="0.622">
    <system-out><![CDATA[21:37:03.013 [main] DEBUG org.apache.http.client.protocol.RequestAddCookies -- CookieSpec selected: karate
21:37:03.013 [main] DEBUG org.apache.http.client.protocol.RequestAuthCache -- Auth cache not set in the context
21:37:03.013 [main] DEBUG com.intuit.karate -- request:
1 > DELETE https://serverest.dev/usuarios/0uxuPY0cbmQhpEz1
1 > Host: serverest.dev
1 > Connection: Keep-Alive
1 > User-Agent: Apache-HttpClient/4.5.14 (Java/17.0.15)
1 > Accept-Encoding: gzip,deflate


21:37:03.013 [main] DEBUG org.apache.http.impl.conn.PoolingHttpClientConnectionManager -- Connection request: [route: {s}->https://serverest.dev:443][total available: 0; route allocated: 0 of 5; total allocated: 0 of 10]
21:37:03.013 [main] DEBUG org.apache.http.impl.conn.PoolingHttpClientConnectionManager -- Connection leased: [id: 1][route: {s}->https://serverest.dev:443][total available: 0; route allocated: 1 of 5; total allocated: 1 of 10]
21:37:03.013 [main] DEBUG org.apache.http.impl.execchain.MainClientExec -- Opening connection {s}->https://serverest.dev:443
21:37:03.013 [main] DEBUG org.apache.http.impl.conn.DefaultHttpClientConnectionOperator -- Connecting to serverest.dev/216.239.34.21:443
21:37:03.013 [main] DEBUG org.apache.http.conn.ssl.SSLConnectionSocketFactory -- Connecting socket to serverest.dev/216.239.34.21:443 with timeout 30000
21:37:03.097 [main] DEBUG org.apache.http.conn.ssl.SSLConnectionSocketFactory -- Enabled protocols: [TLSv1.3, TLSv1.2]
21:37:03.097 [main] DEBUG org.apache.http.conn.ssl.SSLConnectionSocketFactory -- Enabled cipher suites:[TLS_AES_256_GCM_SHA384, TLS_AES_128_GCM_SHA256, TLS_CHACHA20_POLY1305_SHA256, TLS_ECDHE_ECDSA_WITH_AES_256_GCM_SHA384, TLS_ECDHE_ECDSA_WITH_AES_128_GCM_SHA256, TLS_ECDHE_ECDSA_WITH_CHACHA20_POLY1305_SHA256, TLS_ECDHE_RSA_WITH_AES_256_GCM_SHA384, TLS_ECDHE_RSA_WITH_CHACHA20_POLY1305_SHA256, TLS_ECDHE_RSA_WITH_AES_128_GCM_SHA256, TLS_DHE_RSA_WITH_AES_256_GCM_SHA384, TLS_DHE_RSA_WITH_CHACHA20_POLY1305_SHA256, TLS_DHE_DSS_WITH_AES_256_GCM_SHA384, TLS_DHE_RSA_WITH_AES_128_GCM_SHA256, TLS_DHE_DSS_WITH_AES_128_GCM_SHA256, TLS_ECDHE_ECDSA_WITH_AES_256_CBC_SHA384, TLS_ECDHE_RSA_WITH_AES_256_CBC_SHA384, TLS_ECDHE_ECDSA_WITH_AES_128_CBC_SHA256, TLS_ECDHE_RSA_WITH_AES_128_CBC_SHA256, TLS_DHE_RSA_WITH_AES_256_CBC_SHA256, TLS_DHE_DSS_WITH_AES_256_CBC_SHA256, TLS_DHE_RSA_WITH_AES_128_CBC_SHA256, TLS_DHE_DSS_WITH_AES_128_CBC_SHA256, TLS_ECDHE_ECDSA_WITH_AES_256_CBC_SHA, TLS_ECDHE_RSA_WITH_AES_256_CBC_SHA, TLS_ECDHE_ECDSA_WITH_AES_128_CBC_SHA, TLS_ECDHE_RSA_WITH_AES_128_CBC_SHA, TLS_DHE_RSA_WITH_AES_256_CBC_SHA, TLS_DHE_DSS_WITH_AES_256_CBC_SHA, TLS_DHE_RSA_WITH_AES_128_CBC_SHA, TLS_DHE_DSS_WITH_AES_128_CBC_SHA, TLS_RSA_WITH_AES_256_GCM_SHA384, TLS_RSA_WITH_AES_128_GCM_SHA256, TLS_RSA_WITH_AES_256_CBC_SHA256, TLS_RSA_WITH_AES_128_CBC_SHA256, TLS_RSA_WITH_AES_256_CBC_SHA, TLS_RSA_WITH_AES_128_CBC_SHA, TLS_EMPTY_RENEGOTIATION_INFO_SCSV]
21:37:03.097 [main] DEBUG org.apache.http.conn.ssl.SSLConnectionSocketFactory -- Starting handshake
21:37:03.213 [main] DEBUG org.apache.http.conn.ssl.SSLConnectionSocketFactory -- Secure session established
21:37:03.213 [main] DEBUG org.apache.http.conn.ssl.SSLConnectionSocketFactory --  negotiated protocol: TLSv1.3
21:37:03.213 [main] DEBUG org.apache.http.conn.ssl.SSLConnectionSocketFactory --  negotiated cipher suite: TLS_AES_256_GCM_SHA384
21:37:03.213 [main] DEBUG org.apache.http.conn.ssl.SSLConnectionSocketFactory --  peer principal: CN=serverest.dev
21:37:03.213 [main] DEBUG org.apache.http.conn.ssl.SSLConnectionSocketFactory --  peer alternative names: [serverest.dev]
21:37:03.213 [main] DEBUG org.apache.http.conn.ssl.SSLConnectionSocketFactory --  issuer principal: CN=WR3, O=Google Trust Services, C=US
21:37:03.214 [main] DEBUG org.apache.http.impl.conn.DefaultHttpClientConnectionOperator -- Connection established 192.168.18.98:55857<->216.239.34.21:443
21:37:03.214 [main] DEBUG org.apache.http.impl.conn.DefaultManagedHttpClientConnection -- http-outgoing-1: set socket timeout to 30000
21:37:03.214 [main] DEBUG org.apache.http.impl.execchain.MainClientExec -- Executing request DELETE /usuarios/0uxuPY0cbmQhpEz1 HTTP/1.1
21:37:03.214 [main] DEBUG org.apache.http.impl.execchain.MainClientExec -- Target auth state: UNCHALLENGED
21:37:03.214 [main] DEBUG org.apache.http.impl.execchain.MainClientExec -- Proxy auth state: UNCHALLENGED
21:37:03.214 [main] DEBUG org.apache.http.headers -- http-outgoing-1 >> DELETE /usuarios/0uxuPY0cbmQhpEz1 HTTP/1.1
21:37:03.214 [main] DEBUG org.apache.http.headers -- http-outgoing-1 >> Host: serverest.dev
21:37:03.214 [main] DEBUG org.apache.http.headers -- http-outgoing-1 >> Connection: Keep-Alive
21:37:03.214 [main] DEBUG org.apache.http.headers -- http-outgoing-1 >> User-Agent: Apache-HttpClient/4.5.14 (Java/17.0.15)
21:37:03.214 [main] DEBUG org.apache.http.headers -- http-outgoing-1 >> Accept-Encoding: gzip,deflate
21:37:03.214 [main] DEBUG org.apache.http.wire -- http-outgoing-1 >> "DELETE /usuarios/0uxuPY0cbmQhpEz1 HTTP/1.1[\r][\n]"
21:37:03.214 [main] DEBUG org.apache.http.wire -- http-outgoing-1 >> "Host: serverest.dev[\r][\n]"
21:37:03.214 [main] DEBUG org.apache.http.wire -- http-outgoing-1 >> "Connection: Keep-Alive[\r][\n]"
21:37:03.214 [main] DEBUG org.apache.http.wire -- http-outgoing-1 >> "User-Agent: Apache-HttpClient/4.5.14 (Java/17.0.15)[\r][\n]"
21:37:03.214 [main] DEBUG org.apache.http.wire -- http-outgoing-1 >> "Accept-Encoding: gzip,deflate[\r][\n]"
21:37:03.214 [main] DEBUG org.apache.http.wire -- http-outgoing-1 >> "[\r][\n]"
21:37:03.382 [main] DEBUG org.apache.http.wire -- http-outgoing-1 << "HTTP/1.1 400 Bad Request[\r][\n]"
21:37:03.382 [main] DEBUG org.apache.http.wire -- http-outgoing-1 << "access-control-allow-origin: *[\r][\n]"
21:37:03.382 [main] DEBUG org.apache.http.wire -- http-outgoing-1 << "x-dns-prefetch-control: off[\r][\n]"
21:37:03.382 [main] DEBUG org.apache.http.wire -- http-outgoing-1 << "x-frame-options: SAMEORIGIN[\r][\n]"
21:37:03.382 [main] DEBUG org.apache.http.wire -- http-outgoing-1 << "strict-transport-security: max-age=15552000; includeSubDomains[\r][\n]"
21:37:03.382 [main] DEBUG org.apache.http.wire -- http-outgoing-1 << "x-download-options: noopen[\r][\n]"
21:37:03.382 [main] DEBUG org.apache.http.wire -- http-outgoing-1 << "x-content-type-options: nosniff[\r][\n]"
21:37:03.382 [main] DEBUG org.apache.http.wire -- http-outgoing-1 << "x-xss-protection: 1; mode=block[\r][\n]"
21:37:03.382 [main] DEBUG org.apache.http.wire -- http-outgoing-1 << "content-type: application/json; charset=utf-8[\r][\n]"
21:37:03.382 [main] DEBUG org.apache.http.wire -- http-outgoing-1 << "x-cloud-trace-context: 214d9eaa24d12f0185002fbea50d4ce5[\r][\n]"
21:37:03.382 [main] DEBUG org.apache.http.wire -- http-outgoing-1 << "date: Wed, 16 Jul 2025 02:37:03 GMT[\r][\n]"
21:37:03.382 [main] DEBUG org.apache.http.wire -- http-outgoing-1 << "server: Google Frontend[\r][\n]"
21:37:03.382 [main] DEBUG org.apache.http.wire -- http-outgoing-1 << "Content-Length: 117[\r][\n]"
21:37:03.382 [main] DEBUG org.apache.http.wire -- http-outgoing-1 << "[\r][\n]"
21:37:03.382 [main] DEBUG org.apache.http.wire -- http-outgoing-1 << "{[\n]"
21:37:03.382 [main] DEBUG org.apache.http.wire -- http-outgoing-1 << "    "message": "N[0xc3][0xa3]o [0xc3][0xa9] permitido excluir usu[0xc3][0xa1]rio com carrinho cadastrado",[\n]"
21:37:03.382 [main] DEBUG org.apache.http.wire -- http-outgoing-1 << "    "idCarrinho": "qbMqntef4iTOwWfg"[\n]"
21:37:03.382 [main] DEBUG org.apache.http.wire -- http-outgoing-1 << "}"
21:37:03.383 [main] DEBUG org.apache.http.headers -- http-outgoing-1 << HTTP/1.1 400 Bad Request
21:37:03.383 [main] DEBUG org.apache.http.headers -- http-outgoing-1 << access-control-allow-origin: *
21:37:03.383 [main] DEBUG org.apache.http.headers -- http-outgoing-1 << x-dns-prefetch-control: off
21:37:03.383 [main] DEBUG org.apache.http.headers -- http-outgoing-1 << x-frame-options: SAMEORIGIN
21:37:03.383 [main] DEBUG org.apache.http.headers -- http-outgoing-1 << strict-transport-security: max-age=15552000; includeSubDomains
21:37:03.384 [main] DEBUG org.apache.http.headers -- http-outgoing-1 << x-download-options: noopen
21:37:03.384 [main] DEBUG org.apache.http.headers -- http-outgoing-1 << x-content-type-options: nosniff
21:37:03.384 [main] DEBUG org.apache.http.headers -- http-outgoing-1 << x-xss-protection: 1; mode=block
21:37:03.384 [main] DEBUG org.apache.http.headers -- http-outgoing-1 << content-type: application/json; charset=utf-8
21:37:03.384 [main] DEBUG org.apache.http.headers -- http-outgoing-1 << x-cloud-trace-context: 214d9eaa24d12f0185002fbea50d4ce5
21:37:03.384 [main] DEBUG org.apache.http.headers -- http-outgoing-1 << date: Wed, 16 Jul 2025 02:37:03 GMT
21:37:03.384 [main] DEBUG org.apache.http.headers -- http-outgoing-1 << server: Google Frontend
21:37:03.384 [main] DEBUG org.apache.http.headers -- http-outgoing-1 << Content-Length: 117
21:37:03.384 [main] DEBUG org.apache.http.impl.execchain.MainClientExec -- Connection can be kept alive indefinitely
21:37:03.384 [main] DEBUG org.apache.http.impl.conn.PoolingHttpClientConnectionManager -- Connection [id: 1][route: {s}->https://serverest.dev:443] can be kept alive indefinitely
21:37:03.384 [main] DEBUG org.apache.http.impl.conn.DefaultManagedHttpClientConnection -- http-outgoing-1: set socket timeout to 0
21:37:03.384 [main] DEBUG org.apache.http.impl.conn.PoolingHttpClientConnectionManager -- Connection released: [id: 1][route: {s}->https://serverest.dev:443][total available: 1; route allocated: 1 of 5; total allocated: 1 of 10]
21:37:03.384 [main] DEBUG org.apache.http.impl.conn.PoolingHttpClientConnectionManager -- Connection manager is shutting down
21:37:03.384 [main] DEBUG org.apache.http.impl.conn.DefaultManagedHttpClientConnection -- http-outgoing-1: Close connection
21:37:03.385 [main] DEBUG org.apache.http.impl.conn.PoolingHttpClientConnectionManager -- Connection manager shut down
21:37:03.386 [main] DEBUG com.intuit.karate -- response time in milliseconds: 371
1 < 400
1 < access-control-allow-origin: *
1 < x-dns-prefetch-control: off
1 < x-frame-options: SAMEORIGIN
1 < strict-transport-security: max-age=15552000; includeSubDomains
1 < x-download-options: noopen
1 < x-content-type-options: nosniff
1 < x-xss-protection: 1; mode=block
1 < content-type: application/json; charset=utf-8
1 < x-cloud-trace-context: 214d9eaa24d12f0185002fbea50d4ce5
1 < date: Wed, 16 Jul 2025 02:37:03 GMT
1 < server: Google Frontend
1 < Content-Length: 117
{
    "message": "Não é permitido excluir usuário com carrinho cadastrado",
    "idCarrinho": "qbMqntef4iTOwWfg"
}

21:37:03.388 [main] DEBUG com.jayway.jsonpath.internal.path.CompiledPath -- Evaluating path: $['message']
21:37:03.390 [main] INFO com.intuit.karate -- [print] ❌ DELETE /usuarios/{id} FAIL -> {
  "message": "Não é permitido excluir usuário com carrinho cadastrado",
  "idCarrinho": "qbMqntef4iTOwWfg"
}
 
21:37:03.412 [main] DEBUG org.thymeleaf.TemplateEngine -- [THYMELEAF] INITIALIZING TEMPLATE ENGINE
21:37:03.467 [main] DEBUG org.thymeleaf.TemplateEngine.CONFIG -- Initializing Thymeleaf Template engine configuration...
[THYMELEAF] TEMPLATE ENGINE CONFIGURATION:
[THYMELEAF] * Thymeleaf version: 3.1.2.RELEASE (built 2023-07-30T19:25:50+0000)
[THYMELEAF] * Cache Manager implementation: org.thymeleaf.cache.StandardCacheManager
[THYMELEAF] * Template resolvers:
[THYMELEAF]     * [1] com.intuit.karate.template.ResourceHtmlTemplateResolver
[THYMELEAF] * Message resolvers:
[THYMELEAF]     * org.thymeleaf.messageresolver.StandardMessageResolver
[THYMELEAF] * Link builders:
[THYMELEAF]     * org.thymeleaf.linkbuilder.StandardLinkBuilder
[THYMELEAF] * Dialect [1 of 2]: Standard (com.intuit.karate.template.KarateStandardDialect)
[THYMELEAF]     * Prefix: "th"
[THYMELEAF]     * Processors for Template Mode: HTML
[THYMELEAF]         * Element Tag Processors by [matching element and attribute name] [precedence]:
[THYMELEAF]             * [* {th:include,data-th-include}] [100]: org.thymeleaf.standard.processor.StandardIncludeTagProcessor
[THYMELEAF]             * [* {th:insert,data-th-insert}] [100]: org.thymeleaf.standard.processor.StandardInsertTagProcessor
[THYMELEAF]             * [* {th:replace,data-th-replace}] [100]: org.thymeleaf.standard.processor.StandardReplaceTagProcessor
[THYMELEAF]             * [* {th:each,data-th-each}] [200]: com.intuit.karate.template.KarateEachTagProcessor
[THYMELEAF]             * [* {th:switch,data-th-switch}] [250]: org.thymeleaf.standard.processor.StandardSwitchTagProcessor
[THYMELEAF]             * [* {th:case,data-th-case}] [275]: org.thymeleaf.standard.processor.StandardCaseTagProcessor
[THYMELEAF]             * [* {th:if,data-th-if}] [300]: org.thymeleaf.standard.processor.StandardIfTagProcessor
[THYMELEAF]             * [* {th:unless,data-th-unless}] [400]: org.thymeleaf.standard.processor.StandardUnlessTagProcessor
[THYMELEAF]             * [* {th:object,data-th-object}] [500]: org.thymeleaf.standard.processor.StandardObjectTagProcessor
[THYMELEAF]             * [* {th:with,data-th-with}] [600]: com.intuit.karate.template.KarateWithTagProcessor
[THYMELEAF]             * [* {th:attr,data-th-attr}] [700]: com.intuit.karate.template.KarateAttributeTagProcessor.KarateAttrTagProcessor
[THYMELEAF]             * [* {th:attrappend,data-th-attrappend}] [900]: com.intuit.karate.template.KarateAttributeTagProcessor.KarateAttrappendTagProcessor
[THYMELEAF]             * [* {th:attrprepend,data-th-attrprepend}] [900]: com.intuit.karate.template.KarateAttributeTagProcessor.KarateAttrprependTagProcessor
[THYMELEAF]             * [* {th:alt-title,data-th-alt-title}] [990]: org.thymeleaf.standard.processor.StandardAltTitleTagProcessor
[THYMELEAF]             * [* {th:lang-xmllang,data-th-lang-xmllang}] [990]: org.thymeleaf.standard.processor.StandardLangXmlLangTagProcessor
[THYMELEAF]             * [* {th:action,data-th-action}] [1000]: org.thymeleaf.standard.processor.StandardActionTagProcessor
[THYMELEAF]             * [* {th:multiple,data-th-multiple}] [1000]: org.thymeleaf.standard.processor.StandardConditionalFixedValueTagProcessor
[THYMELEAF]             * [* {th:async,data-th-async}] [1000]: org.thymeleaf.standard.processor.StandardConditionalFixedValueTagProcessor
[THYMELEAF]             * [* {th:defer,data-th-defer}] [1000]: org.thymeleaf.standard.processor.StandardConditionalFixedValueTagProcessor
[THYMELEAF]             * [* {th:default,data-th-default}] [1000]: org.thymeleaf.standard.processor.StandardConditionalFixedValueTagProcessor
[THYMELEAF]             * [* {th:reversed,data-th-reversed}] [1000]: org.thymeleaf.standard.processor.StandardConditionalFixedValueTagProcessor
[THYMELEAF]             * [* {th:novalidate,data-th-novalidate}] [1000]: org.thymeleaf.standard.processor.StandardConditionalFixedValueTagProcessor
[THYMELEAF]             * [* {th:formnovalidate,data-th-formnovalidate}] [1000]: org.thymeleaf.standard.processor.StandardConditionalFixedValueTagProcessor
[THYMELEAF]             * [* {th:disabled,data-th-disabled}] [1000]: org.thymeleaf.standard.processor.StandardConditionalFixedValueTagProcessor
[THYMELEAF]             * [* {th:readonly,data-th-readonly}] [1000]: org.thymeleaf.standard.processor.StandardConditionalFixedValueTagProcessor
[THYMELEAF]             * [* {th:hidden,data-th-hidden}] [1000]: org.thymeleaf.standard.processor.StandardConditionalFixedValueTagProcessor
[THYMELEAF]             * [* {th:autofocus,data-th-autofocus}] [1000]: org.thymeleaf.standard.processor.StandardConditionalFixedValueTagProcessor
[THYMELEAF]             * [* {th:nowrap,data-th-nowrap}] [1000]: org.thymeleaf.standard.processor.StandardConditionalFixedValueTagProcessor
[THYMELEAF]             * [* {th:required,data-th-required}] [1000]: org.thymeleaf.standard.processor.StandardConditionalFixedValueTagProcessor
[THYMELEAF]             * [* {th:loop,data-th-loop}] [1000]: org.thymeleaf.standard.processor.StandardConditionalFixedValueTagProcessor
[THYMELEAF]             * [* {th:open,data-th-open}] [1000]: org.thymeleaf.standard.processor.StandardConditionalFixedValueTagProcessor
[THYMELEAF]             * [* {th:scoped,data-th-scoped}] [1000]: org.thymeleaf.standard.processor.StandardConditionalFixedValueTagProcessor
[THYMELEAF]             * [* {th:autoplay,data-th-autoplay}] [1000]: org.thymeleaf.standard.processor.StandardConditionalFixedValueTagProcessor
[THYMELEAF]             * [* {th:declare,data-th-declare}] [1000]: org.thymeleaf.standard.processor.StandardConditionalFixedValueTagProcessor
[THYMELEAF]             * [* {th:seamless,data-th-seamless}] [1000]: org.thymeleaf.standard.processor.StandardConditionalFixedValueTagProcessor
[THYMELEAF]             * [* {th:checked,data-th-checked}] [1000]: org.thymeleaf.standard.processor.StandardConditionalFixedValueTagProcessor
[THYMELEAF]             * [* {th:controls,data-th-controls}] [1000]: org.thymeleaf.standard.processor.StandardConditionalFixedValueTagProcessor
[THYMELEAF]             * [* {th:ismap,data-th-ismap}] [1000]: org.thymeleaf.standard.processor.StandardConditionalFixedValueTagProcessor
[THYMELEAF]             * [* {th:pubdate,data-th-pubdate}] [1000]: org.thymeleaf.standard.processor.StandardConditionalFixedValueTagProcessor
[THYMELEAF]             * [* {th:selected,data-th-selected}] [1000]: org.thymeleaf.standard.processor.StandardConditionalFixedValueTagProcessor
[THYMELEAF]             * [* {th:onseeked,data-th-onseeked}] [1000]: org.thymeleaf.standard.processor.StandardDOMEventAttributeTagProcessor
[THYMELEAF]             * [* {th:ondragend,data-th-ondragend}] [1000]: org.thymeleaf.standard.processor.StandardDOMEventAttributeTagProcessor
[THYMELEAF]             * [* {th:oninvalid,data-th-oninvalid}] [1000]: org.thymeleaf.standard.processor.StandardDOMEventAttributeTagProcessor
[THYMELEAF]             * [* {th:onpopstate,data-th-onpopstate}] [1000]: org.thymeleaf.standard.processor.StandardDOMEventAttributeTagProcessor
[THYMELEAF]             * [* {th:onprogress,data-th-onprogress}] [1000]: org.thymeleaf.standard.processor.StandardDOMEventAttributeTagProcessor
[THYMELEAF]             * [* {th:onselect,data-th-onselect}] [1000]: org.thymeleaf.standard.processor.StandardDOMEventAttributeTagProcessor
[THYMELEAF]             * [* {th:onwaiting,data-th-onwaiting}] [1000]: org.thymeleaf.standard.processor.StandardDOMEventAttributeTagProcessor
[THYMELEAF]             * [* {th:onfocus,data-th-onfocus}] [1000]: org.thymeleaf.standard.processor.StandardDOMEventAttributeTagProcessor
[THYMELEAF]             * [* {th:ondragover,data-th-ondragover}] [1000]: org.thymeleaf.standard.processor.StandardDOMEventAttributeTagProcessor
[THYMELEAF]             * [* {th:onsuspend,data-th-onsuspend}] [1000]: org.thymeleaf.standard.processor.StandardDOMEventAttributeTagProcessor
[THYMELEAF]             * [* {th:onerror,data-th-onerror}] [1000]: org.thymeleaf.standard.processor.StandardDOMEventAttributeTagProcessor
[THYMELEAF]             * [* {th:onplay,data-th-onplay}] [1000]: org.thymeleaf.standard.processor.StandardDOMEventAttributeTagProcessor
[THYMELEAF]             * [* {th:onloadedmetadata,data-th-onloadedmetadata}] [1000]: org.thymeleaf.standard.processor.StandardDOMEventAttributeTagProcessor
[THYMELEAF]             * [* {th:onratechange,data-th-onratechange}] [1000]: org.thymeleaf.standard.processor.StandardDOMEventAttributeTagProcessor
[THYMELEAF]             * [* {th:onreadystatechange,data-th-onreadystatechange}] [1000]: org.thymeleaf.standard.processor.StandardDOMEventAttributeTagProcessor
[THYMELEAF]             * [* {th:onreset,data-th-onreset}] [1000]: org.thymeleaf.standard.processor.StandardDOMEventAttributeTagProcessor
[THYMELEAF]             * [* {th:onsubmit,data-th-onsubmit}] [1000]: org.thymeleaf.standard.processor.StandardDOMEventAttributeTagProcessor
[THYMELEAF]             * [* {th:onmouseover,data-th-onmouseover}] [1000]: org.thymeleaf.standard.processor.StandardDOMEventAttributeTagProcessor
[THYMELEAF]             * [* {th:onkeyup,data-th-onkeyup}] [1000]: org.thymeleaf.standard.processor.StandardDOMEventAttributeTagProcessor
[THYMELEAF]             * [* {th:onmousewheel,data-th-onmousewheel}] [1000]: org.thymeleaf.standard.processor.StandardDOMEventAttributeTagProcessor
[THYMELEAF]             * [* {th:oncontextmenu,data-th-oncontextmenu}] [1000]: org.thymeleaf.standard.processor.StandardDOMEventAttributeTagProcessor
[THYMELEAF]             * [* {th:onblur,data-th-onblur}] [1000]: org.thymeleaf.standard.processor.StandardDOMEventAttributeTagProcessor
[THYMELEAF]             * [* {th:onmouseout,data-th-onmouseout}] [1000]: org.thymeleaf.standard.processor.StandardDOMEventAttributeTagProcessor
[THYMELEAF]             * [* {th:onpause,data-th-onpause}] [1000]: org.thymeleaf.standard.processor.StandardDOMEventAttributeTagProcessor
[THYMELEAF]             * [* {th:onloadstart,data-th-onloadstart}] [1000]: org.thymeleaf.standard.processor.StandardDOMEventAttributeTagProcessor
[THYMELEAF]             * [* {th:oninput,data-th-oninput}] [1000]: org.thymeleaf.standard.processor.StandardDOMEventAttributeTagProcessor
[THYMELEAF]             * [* {th:oncanplay,data-th-oncanplay}] [1000]: org.thymeleaf.standard.processor.StandardDOMEventAttributeTagProcessor
[THYMELEAF]             * [* {th:onemptied,data-th-onemptied}] [1000]: org.thymeleaf.standard.processor.StandardDOMEventAttributeTagProcessor
[THYMELEAF]             * [* {th:onchange,data-th-onchange}] [1000]: org.thymeleaf.standard.processor.StandardDOMEventAttributeTagProcessor
[THYMELEAF]             * [* {th:onredo,data-th-onredo}] [1000]: org.thymeleaf.standard.processor.StandardDOMEventAttributeTagProcessor
[THYMELEAF]             * [* {th:onscroll,data-th-onscroll}] [1000]: org.thymeleaf.standard.processor.StandardDOMEventAttributeTagProcessor
[THYMELEAF]             * [* {th:onabort,data-th-onabort}] [1000]: org.thymeleaf.standard.processor.StandardDOMEventAttributeTagProcessor
[THYMELEAF]             * [* {th:onundo,data-th-onundo}] [1000]: org.thymeleaf.standard.processor.StandardDOMEventAttributeTagProcessor
[THYMELEAF]             * [* {th:ondrag,data-th-ondrag}] [1000]: org.thymeleaf.standard.processor.StandardDOMEventAttributeTagProcessor
[THYMELEAF]             * [* {th:onvolumechange,data-th-onvolumechange}] [1000]: org.thymeleaf.standard.processor.StandardDOMEventAttributeTagProcessor
[THYMELEAF]             * [* {th:ondrop,data-th-ondrop}] [1000]: org.thymeleaf.standard.processor.StandardDOMEventAttributeTagProcessor
[THYMELEAF]             * [* {th:onclick,data-th-onclick}] [1000]: org.thymeleaf.standard.processor.StandardDOMEventAttributeTagProcessor
[THYMELEAF]             * [* {th:onbeforeunload,data-th-onbeforeunload}] [1000]: org.thymeleaf.standard.processor.StandardDOMEventAttributeTagProcessor
[THYMELEAF]             * [* {th:onmousemove,data-th-onmousemove}] [1000]: org.thymeleaf.standard.processor.StandardDOMEventAttributeTagProcessor
[THYMELEAF]             * [* {th:onseeking,data-th-onseeking}] [1000]: org.thymeleaf.standard.processor.StandardDOMEventAttributeTagProcessor
[THYMELEAF]             * [* {th:onloadeddata,data-th-onloadeddata}] [1000]: org.thymeleaf.standard.processor.StandardDOMEventAttributeTagProcessor
[THYMELEAF]             * [* {th:onload,data-th-onload}] [1000]: org.thymeleaf.standard.processor.StandardDOMEventAttributeTagProcessor
[THYMELEAF]             * [* {th:onbeforeprint,data-th-onbeforeprint}] [1000]: org.thymeleaf.standard.processor.StandardDOMEventAttributeTagProcessor
[THYMELEAF]             * [* {th:oncanplaythrough,data-th-oncanplaythrough}] [1000]: org.thymeleaf.standard.processor.StandardDOMEventAttributeTagProcessor
[THYMELEAF]             * [* {th:onshow,data-th-onshow}] [1000]: org.thymeleaf.standard.processor.StandardDOMEventAttributeTagProcessor
[THYMELEAF]             * [* {th:ononline,data-th-ononline}] [1000]: org.thymeleaf.standard.processor.StandardDOMEventAttributeTagProcessor
[THYMELEAF]             * [* {th:ondurationchange,data-th-ondurationchange}] [1000]: org.thymeleaf.standard.processor.StandardDOMEventAttributeTagProcessor
[THYMELEAF]             * [* {th:onmouseup,data-th-onmouseup}] [1000]: org.thymeleaf.standard.processor.StandardDOMEventAttributeTagProcessor
[THYMELEAF]             * [* {th:onoffline,data-th-onoffline}] [1000]: org.thymeleaf.standard.processor.StandardDOMEventAttributeTagProcessor
[THYMELEAF]             * [* {th:onstalled,data-th-onstalled}] [1000]: org.thymeleaf.standard.processor.StandardDOMEventAttributeTagProcessor
[THYMELEAF]             * [* {th:onafterprint,data-th-onafterprint}] [1000]: org.thymeleaf.standard.processor.StandardDOMEventAttributeTagProcessor
[THYMELEAF]             * [* {th:ondragleave,data-th-ondragleave}] [1000]: org.thymeleaf.standard.processor.StandardDOMEventAttributeTagProcessor
[THYMELEAF]             * [* {th:onhashchange,data-th-onhashchange}] [1000]: org.thymeleaf.standard.processor.StandardDOMEventAttributeTagProcessor
[THYMELEAF]             * [* {th:onresize,data-th-onresize}] [1000]: org.thymeleaf.standard.processor.StandardDOMEventAttributeTagProcessor
[THYMELEAF]             * [* {th:onplaying,data-th-onplaying}] [1000]: org.thymeleaf.standard.processor.StandardDOMEventAttributeTagProcessor
[THYMELEAF]             * [* {th:ondblclick,data-th-ondblclick}] [1000]: org.thymeleaf.standard.processor.StandardDOMEventAttributeTagProcessor
[THYMELEAF]             * [* {th:onmessage,data-th-onmessage}] [1000]: org.thymeleaf.standard.processor.StandardDOMEventAttributeTagProcessor
[THYMELEAF]             * [* {th:onkeydown,data-th-onkeydown}] [1000]: org.thymeleaf.standard.processor.StandardDOMEventAttributeTagProcessor
[THYMELEAF]             * [* {th:onformchange,data-th-onformchange}] [1000]: org.thymeleaf.standard.processor.StandardDOMEventAttributeTagProcessor
[THYMELEAF]             * [* {th:ondragenter,data-th-ondragenter}] [1000]: org.thymeleaf.standard.processor.StandardDOMEventAttributeTagProcessor
[THYMELEAF]             * [* {th:ondragstart,data-th-ondragstart}] [1000]: org.thymeleaf.standard.processor.StandardDOMEventAttributeTagProcessor
[THYMELEAF]             * [* {th:ontimeupdate,data-th-ontimeupdate}] [1000]: org.thymeleaf.standard.processor.StandardDOMEventAttributeTagProcessor
[THYMELEAF]             * [* {th:onended,data-th-onended}] [1000]: org.thymeleaf.standard.processor.StandardDOMEventAttributeTagProcessor
[THYMELEAF]             * [* {th:onstorage,data-th-onstorage}] [1000]: org.thymeleaf.standard.processor.StandardDOMEventAttributeTagProcessor
[THYMELEAF]             * [* {th:onforminput,data-th-onforminput}] [1000]: org.thymeleaf.standard.processor.StandardDOMEventAttributeTagProcessor
[THYMELEAF]             * [* {th:onkeypress,data-th-onkeypress}] [1000]: org.thymeleaf.standard.processor.StandardDOMEventAttributeTagProcessor
[THYMELEAF]             * [* {th:onmousedown,data-th-onmousedown}] [1000]: org.thymeleaf.standard.processor.StandardDOMEventAttributeTagProcessor
[THYMELEAF]             * [* {th:onunload,data-th-onunload}] [1000]: org.thymeleaf.standard.processor.StandardDOMEventAttributeTagProcessor
[THYMELEAF]             * [* {th:href,data-th-href}] [1000]: org.thymeleaf.standard.processor.StandardHrefTagProcessor
[THYMELEAF]             * [* {th:inline,data-th-inline}] [1000]: org.thymeleaf.standard.processor.StandardInlineHTMLTagProcessor
[THYMELEAF]             * [* {th:method,data-th-method}] [1000]: org.thymeleaf.standard.processor.StandardMethodTagProcessor
[THYMELEAF]             * [* {th:type,data-th-type}] [1000]: org.thymeleaf.standard.processor.StandardNonRemovableAttributeTagProcessor
[THYMELEAF]             * [* {th:name,data-th-name}] [1000]: org.thymeleaf.standard.processor.StandardNonRemovableAttributeTagProcessor
[THYMELEAF]             * [* {th:span,data-th-span}] [1000]: org.thymeleaf.standard.processor.StandardRemovableAttributeTagProcessor
[THYMELEAF]             * [* {th:min,data-th-min}] [1000]: org.thymeleaf.standard.processor.StandardRemovableAttributeTagProcessor
[THYMELEAF]             * [* {th:spellcheck,data-th-spellcheck}] [1000]: org.thymeleaf.standard.processor.StandardRemovableAttributeTagProcessor
[THYMELEAF]             * [* {th:contextmenu,data-th-contextmenu}] [1000]: org.thymeleaf.standard.processor.StandardRemovableAttributeTagProcessor
[THYMELEAF]             * [* {th:step,data-th-step}] [1000]: org.thymeleaf.standard.processor.StandardRemovableAttributeTagProcessor
[THYMELEAF]             * [* {th:codebase,data-th-codebase}] [1000]: org.thymeleaf.standard.processor.StandardRemovableAttributeTagProcessor
[THYMELEAF]             * [* {th:formaction,data-th-formaction}] [1000]: org.thymeleaf.standard.processor.StandardRemovableAttributeTagProcessor
[THYMELEAF]             * [* {th:rel,data-th-rel}] [1000]: org.thymeleaf.standard.processor.StandardRemovableAttributeTagProcessor
[THYMELEAF]             * [* {th:usemap,data-th-usemap}] [1000]: org.thymeleaf.standard.processor.StandardRemovableAttributeTagProcessor
[THYMELEAF]             * [* {th:summary,data-th-summary}] [1000]: org.thymeleaf.standard.processor.StandardRemovableAttributeTagProcessor
[THYMELEAF]             * [* {th:align,data-th-align}] [1000]: org.thymeleaf.standard.processor.StandardRemovableAttributeTagProcessor
[THYMELEAF]             * [* {th:valuetype,data-th-valuetype}] [1000]: org.thymeleaf.standard.processor.StandardRemovableAttributeTagProcessor
[THYMELEAF]             * [* {th:wrap,data-th-wrap}] [1000]: org.thymeleaf.standard.processor.StandardRemovableAttributeTagProcessor
[THYMELEAF]             * [* {th:cellpadding,data-th-cellpadding}] [1000]: org.thymeleaf.standard.processor.StandardRemovableAttributeTagProcessor
[THYMELEAF]             * [* {th:target,data-th-target}] [1000]: org.thymeleaf.standard.processor.StandardRemovableAttributeTagProcessor
[THYMELEAF]             * [* {th:media,data-th-media}] [1000]: org.thymeleaf.standard.processor.StandardRemovableAttributeTagProcessor
[THYMELEAF]             * [* {th:dir,data-th-dir}] [1000]: org.thymeleaf.standard.processor.StandardRemovableAttributeTagProcessor
[THYMELEAF]             * [* {th:width,data-th-width}] [1000]: org.thymeleaf.standard.processor.StandardRemovableAttributeTagProcessor
[THYMELEAF]             * [* {th:contenteditable,data-th-contenteditable}] [1000]: org.thymeleaf.standard.processor.StandardRemovableAttributeTagProcessor
[THYMELEAF]             * [* {th:alt,data-th-alt}] [1000]: org.thymeleaf.standard.processor.StandardRemovableAttributeTagProcessor
[THYMELEAF]             * [* {th:tabindex,data-th-tabindex}] [1000]: org.thymeleaf.standard.processor.StandardRemovableAttributeTagProcessor
[THYMELEAF]             * [* {th:border,data-th-border}] [1000]: org.thymeleaf.standard.processor.StandardRemovableAttributeTagProcessor
[THYMELEAF]             * [* {th:rows,data-th-rows}] [1000]: org.thymeleaf.standard.processor.StandardRemovableAttributeTagProcessor
[THYMELEAF]             * [* {th:accept-charset,data-th-accept-charset}] [1000]: org.thymeleaf.standard.processor.StandardRemovableAttributeTagProcessor
[THYMELEAF]             * [* {th:longdesc,data-th-longdesc}] [1000]: org.thymeleaf.standard.processor.StandardRemovableAttributeTagProcessor
[THYMELEAF]             * [* {th:marginwidth,data-th-marginwidth}] [1000]: org.thymeleaf.standard.processor.StandardRemovableAttributeTagProcessor
[THYMELEAF]             * [* {th:standby,data-th-standby}] [1000]: org.thymeleaf.standard.processor.StandardRemovableAttributeTagProcessor
[THYMELEAF]             * [* {th:audio,data-th-audio}] [1000]: org.thymeleaf.standard.processor.StandardRemovableAttributeTagProcessor
[THYMELEAF]             * [* {th:marginheight,data-th-marginheight}] [1000]: org.thymeleaf.standard.processor.StandardRemovableAttributeTagProcessor
[THYMELEAF]             * [* {th:background,data-th-background}] [1000]: org.thymeleaf.standard.processor.StandardRemovableAttributeTagProcessor
[THYMELEAF]             * [* {th:maxlength,data-th-maxlength}] [1000]: org.thymeleaf.standard.processor.StandardRemovableAttributeTagProcessor
[THYMELEAF]             * [* {th:compact,data-th-compact}] [1000]: org.thymeleaf.standard.processor.StandardRemovableAttributeTagProcessor
[THYMELEAF]             * [* {th:accept,data-th-accept}] [1000]: org.thymeleaf.standard.processor.StandardRemovableAttributeTagProcessor
[THYMELEAF]             * [* {th:manifest,data-th-manifest}] [1000]: org.thymeleaf.standard.processor.StandardRemovableAttributeTagProcessor
[THYMELEAF]             * [* {th:rowspan,data-th-rowspan}] [1000]: org.thymeleaf.standard.processor.StandardRemovableAttributeTagProcessor
[THYMELEAF]             * [* {th:sandbox,data-th-sandbox}] [1000]: org.thymeleaf.standard.processor.StandardRemovableAttributeTagProcessor
[THYMELEAF]             * [* {th:low,data-th-low}] [1000]: org.thymeleaf.standard.processor.StandardRemovableAttributeTagProcessor
[THYMELEAF]             * [* {th:scope,data-th-scope}] [1000]: org.thymeleaf.standard.processor.StandardRemovableAttributeTagProcessor
[THYMELEAF]             * [* {th:archive,data-th-archive}] [1000]: org.thymeleaf.standard.processor.StandardRemovableAttributeTagProcessor
[THYMELEAF]             * [* {th:formenctype,data-th-formenctype}] [1000]: org.thymeleaf.standard.processor.StandardRemovableAttributeTagProcessor
[THYMELEAF]             * [* {th:content,data-th-content}] [1000]: org.thymeleaf.standard.processor.StandardRemovableAttributeTagProcessor
[THYMELEAF]             * [* {th:frameborder,data-th-frameborder}] [1000]: org.thymeleaf.standard.processor.StandardRemovableAttributeTagProcessor
[THYMELEAF]             * [* {th:srclang,data-th-srclang}] [1000]: org.thymeleaf.standard.processor.StandardRemovableAttributeTagProcessor
[THYMELEAF]             * [* {th:codetype,data-th-codetype}] [1000]: org.thymeleaf.standard.processor.StandardRemovableAttributeTagProcessor
[THYMELEAF]             * [* {th:poster,data-th-poster}] [1000]: org.thymeleaf.standard.processor.StandardRemovableAttributeTagProcessor
[THYMELEAF]             * [* {th:rules,data-th-rules}] [1000]: org.thymeleaf.standard.processor.StandardRemovableAttributeTagProcessor
[THYMELEAF]             * [* {th:rev,data-th-rev}] [1000]: org.thymeleaf.standard.processor.StandardRemovableAttributeTagProcessor
[THYMELEAF]             * [* {th:max,data-th-max}] [1000]: org.thymeleaf.standard.processor.StandardRemovableAttributeTagProcessor
[THYMELEAF]             * [* {th:icon,data-th-icon}] [1000]: org.thymeleaf.standard.processor.StandardRemovableAttributeTagProcessor
[THYMELEAF]             * [* {th:lang,data-th-lang}] [1000]: org.thymeleaf.standard.processor.StandardRemovableAttributeTagProcessor
[THYMELEAF]             * [* {th:size,data-th-size}] [1000]: org.thymeleaf.standard.processor.StandardRemovableAttributeTagProcessor
[THYMELEAF]             * [* {th:style,data-th-style}] [1000]: org.thymeleaf.standard.processor.StandardRemovableAttributeTagProcessor
[THYMELEAF]             * [* {th:classid,data-th-classid}] [1000]: org.thymeleaf.standard.processor.StandardRemovableAttributeTagProcessor
[THYMELEAF]             * [* {th:hspace,data-th-hspace}] [1000]: org.thymeleaf.standard.processor.StandardRemovableAttributeTagProcessor
[THYMELEAF]             * [* {th:vspace,data-th-vspace}] [1000]: org.thymeleaf.standard.processor.StandardRemovableAttributeTagProcessor
[THYMELEAF]             * [* {th:colspan,data-th-colspan}] [1000]: org.thymeleaf.standard.processor.StandardRemovableAttributeTagProcessor
[THYMELEAF]             * [* {th:dropzone,data-th-dropzone}] [1000]: org.thymeleaf.standard.processor.StandardRemovableAttributeTagProcessor
[THYMELEAF]             * [* {th:bgcolor,data-th-bgcolor}] [1000]: org.thymeleaf.standard.processor.StandardRemovableAttributeTagProcessor
[THYMELEAF]             * [* {th:enctype,data-th-enctype}] [1000]: org.thymeleaf.standard.processor.StandardRemovableAttributeTagProcessor
[THYMELEAF]             * [* {th:scrolling,data-th-scrolling}] [1000]: org.thymeleaf.standard.processor.StandardRemovableAttributeTagProcessor
[THYMELEAF]             * [* {th:height,data-th-height}] [1000]: org.thymeleaf.standard.processor.StandardRemovableAttributeTagProcessor
[THYMELEAF]             * [* {th:headers,data-th-headers}] [1000]: org.thymeleaf.standard.processor.StandardRemovableAttributeTagProcessor
[THYMELEAF]             * [* {th:list,data-th-list}] [1000]: org.thymeleaf.standard.processor.StandardRemovableAttributeTagProcessor
[THYMELEAF]             * [* {th:formmethod,data-th-formmethod}] [1000]: org.thymeleaf.standard.processor.StandardRemovableAttributeTagProcessor
[THYMELEAF]             * [* {th:pattern,data-th-pattern}] [1000]: org.thymeleaf.standard.processor.StandardRemovableAttributeTagProcessor
[THYMELEAF]             * [* {th:accesskey,data-th-accesskey}] [1000]: org.thymeleaf.standard.processor.StandardRemovableAttributeTagProcessor
[THYMELEAF]             * [* {th:optimum,data-th-optimum}] [1000]: org.thymeleaf.standard.processor.StandardRemovableAttributeTagProcessor
[THYMELEAF]             * [* {th:form,data-th-form}] [1000]: org.thymeleaf.standard.processor.StandardRemovableAttributeTagProcessor
[THYMELEAF]             * [* {th:keytype,data-th-keytype}] [1000]: org.thymeleaf.standard.processor.StandardRemovableAttributeTagProcessor
[THYMELEAF]             * [* {th:cellspacing,data-th-cellspacing}] [1000]: org.thymeleaf.standard.processor.StandardRemovableAttributeTagProcessor
[THYMELEAF]             * [* {th:preload,data-th-preload}] [1000]: org.thymeleaf.standard.processor.StandardRemovableAttributeTagProcessor
[THYMELEAF]             * [* {th:axis,data-th-axis}] [1000]: org.thymeleaf.standard.processor.StandardRemovableAttributeTagProcessor
[THYMELEAF]             * [* {th:cols,data-th-cols}] [1000]: org.thymeleaf.standard.processor.StandardRemovableAttributeTagProcessor
[THYMELEAF]             * [* {th:http-equiv,data-th-http-equiv}] [1000]: org.thymeleaf.standard.processor.StandardRemovableAttributeTagProcessor
[THYMELEAF]             * [* {th:for,data-th-for}] [1000]: org.thymeleaf.standard.processor.StandardRemovableAttributeTagProcessor
[THYMELEAF]             * [* {th:charset,data-th-charset}] [1000]: org.thymeleaf.standard.processor.StandardRemovableAttributeTagProcessor
[THYMELEAF]             * [* {th:label,data-th-label}] [1000]: org.thymeleaf.standard.processor.StandardRemovableAttributeTagProcessor
[THYMELEAF]             * [* {th:cite,data-th-cite}] [1000]: org.thymeleaf.standard.processor.StandardRemovableAttributeTagProcessor
[THYMELEAF]             * [* {th:draggable,data-th-draggable}] [1000]: org.thymeleaf.standard.processor.StandardRemovableAttributeTagProcessor
[THYMELEAF]             * [* {th:placeholder,data-th-placeholder}] [1000]: org.thymeleaf.standard.processor.StandardRemovableAttributeTagProcessor
[THYMELEAF]             * [* {th:id,data-th-id}] [1000]: org.thymeleaf.standard.processor.StandardRemovableAttributeTagProcessor
[THYMELEAF]             * [* {th:high,data-th-high}] [1000]: org.thymeleaf.standard.processor.StandardRemovableAttributeTagProcessor
[THYMELEAF]             * [* {th:kind,data-th-kind}] [1000]: org.thymeleaf.standard.processor.StandardRemovableAttributeTagProcessor
[THYMELEAF]             * [* {th:hreflang,data-th-hreflang}] [1000]: org.thymeleaf.standard.processor.StandardRemovableAttributeTagProcessor
[THYMELEAF]             * [* {th:challenge,data-th-challenge}] [1000]: org.thymeleaf.standard.processor.StandardRemovableAttributeTagProcessor
[THYMELEAF]             * [* {th:start,data-th-start}] [1000]: org.thymeleaf.standard.processor.StandardRemovableAttributeTagProcessor
[THYMELEAF]             * [* {th:frame,data-th-frame}] [1000]: org.thymeleaf.standard.processor.StandardRemovableAttributeTagProcessor
[THYMELEAF]             * [* {th:abbr,data-th-abbr}] [1000]: org.thymeleaf.standard.processor.StandardRemovableAttributeTagProcessor
[THYMELEAF]             * [* {th:title,data-th-title}] [1000]: org.thymeleaf.standard.processor.StandardRemovableAttributeTagProcessor
[THYMELEAF]             * [* {th:radiogroup,data-th-radiogroup}] [1000]: org.thymeleaf.standard.processor.StandardRemovableAttributeTagProcessor
[THYMELEAF]             * [* {th:data,data-th-data}] [1000]: org.thymeleaf.standard.processor.StandardRemovableAttributeTagProcessor
[THYMELEAF]             * [* {th:class,data-th-class}] [1000]: org.thymeleaf.standard.processor.StandardRemovableAttributeTagProcessor
[THYMELEAF]             * [* {th:sizes,data-th-sizes}] [1000]: org.thymeleaf.standard.processor.StandardRemovableAttributeTagProcessor
[THYMELEAF]             * [* {th:formtarget,data-th-formtarget}] [1000]: org.thymeleaf.standard.processor.StandardRemovableAttributeTagProcessor
[THYMELEAF]             * [* {th:datetime,data-th-datetime}] [1000]: org.thymeleaf.standard.processor.StandardRemovableAttributeTagProcessor
[THYMELEAF]             * [* {th:autocomplete,data-th-autocomplete}] [1000]: org.thymeleaf.standard.processor.StandardRemovableAttributeTagProcessor
[THYMELEAF]             * [* {th:scheme,data-th-scheme}] [1000]: org.thymeleaf.standard.processor.StandardRemovableAttributeTagProcessor
[THYMELEAF]             * [* {th:src,data-th-src}] [1000]: org.thymeleaf.standard.processor.StandardSrcTagProcessor
[THYMELEAF]             * [* {th:value,data-th-value}] [1000]: org.thymeleaf.standard.processor.StandardValueTagProcessor
[THYMELEAF]             * [* {th:xmlbase,data-th-xmlbase}] [1000]: org.thymeleaf.standard.processor.StandardXmlBaseTagProcessor
[THYMELEAF]             * [* {th:xmllang,data-th-xmllang}] [1000]: org.thymeleaf.standard.processor.StandardXmlLangTagProcessor
[THYMELEAF]             * [* {xmlns:th}] [1000]: org.thymeleaf.standard.processor.StandardXmlNsTagProcessor
[THYMELEAF]             * [* {th:xmlspace,data-th-xmlspace}] [1000]: org.thymeleaf.standard.processor.StandardXmlSpaceTagProcessor
[THYMELEAF]             * [* {th:classappend,data-th-classappend}] [1100]: org.thymeleaf.standard.processor.StandardClassappendTagProcessor
[THYMELEAF]             * [* {th:styleappend,data-th-styleappend}] [1100]: org.thymeleaf.standard.processor.StandardStyleappendTagProcessor
[THYMELEAF]             * [* {th:text,data-th-text}] [1300]: org.thymeleaf.standard.processor.StandardTextTagProcessor
[THYMELEAF]             * [* {th:utext,data-th-utext}] [1400]: org.thymeleaf.standard.processor.StandardUtextTagProcessor
[THYMELEAF]             * [* {th:fragment,data-th-fragment}] [1500]: org.thymeleaf.standard.processor.StandardFragmentTagProcessor
[THYMELEAF]             * [* {th:assert,data-th-assert}] [1550]: org.thymeleaf.standard.processor.StandardAssertTagProcessor
[THYMELEAF]             * [* {th:remove,data-th-remove}] [1600]: org.thymeleaf.standard.processor.StandardRemoveTagProcessor
[THYMELEAF]             * [* {th:ref,data-th-ref}] [10000]: org.thymeleaf.standard.processor.StandardRefAttributeTagProcessor
[THYMELEAF]             * [{th:block,th-block} *] [100000]: org.thymeleaf.standard.processor.StandardBlockTagProcessor
[THYMELEAF]             * [* th:*] [2147483647]: org.thymeleaf.standard.processor.StandardDefaultAttributesTagProcessor
[THYMELEAF]         * Text Processors by [precedence]:
[THYMELEAF]             * [1000]: org.thymeleaf.standard.processor.StandardInliningTextProcessor
[THYMELEAF]         * DOCTYPE Processors by [precedence]:
[THYMELEAF]             * [1000]: org.thymeleaf.standard.processor.StandardTranslationDocTypeProcessor
[THYMELEAF]         * CDATA Section Processors by [precedence]:
[THYMELEAF]             * [1000]: org.thymeleaf.standard.processor.StandardInliningCDATASectionProcessor
[THYMELEAF]         * Comment Processors by [precedence]:
[THYMELEAF]             * [1000]: org.thymeleaf.standard.processor.StandardInliningCommentProcessor
[THYMELEAF]             * [1100]: org.thymeleaf.standard.processor.StandardConditionalCommentProcessor
[THYMELEAF]     * Processors for Template Mode: XML
[THYMELEAF]         * Element Tag Processors by [matching element and attribute name] [precedence]:
[THYMELEAF]             * [* {th:include}] [100]: org.thymeleaf.standard.processor.StandardIncludeTagProcessor
[THYMELEAF]             * [* {th:insert}] [100]: org.thymeleaf.standard.processor.StandardInsertTagProcessor
[THYMELEAF]             * [* {th:replace}] [100]: org.thymeleaf.standard.processor.StandardReplaceTagProcessor
[THYMELEAF]             * [* {th:each}] [200]: com.intuit.karate.template.KarateEachTagProcessor
[THYMELEAF]             * [* {th:switch}] [250]: org.thymeleaf.standard.processor.StandardSwitchTagProcessor
[THYMELEAF]             * [* {th:case}] [275]: org.thymeleaf.standard.processor.StandardCaseTagProcessor
[THYMELEAF]             * [* {th:if}] [300]: org.thymeleaf.standard.processor.StandardIfTagProcessor
[THYMELEAF]             * [* {th:unless}] [400]: org.thymeleaf.standard.processor.StandardUnlessTagProcessor
[THYMELEAF]             * [* {th:object}] [500]: org.thymeleaf.standard.processor.StandardObjectTagProcessor
[THYMELEAF]             * [* {th:with}] [600]: com.intuit.karate.template.KarateWithTagProcessor
[THYMELEAF]             * [* {th:attr}] [700]: com.intuit.karate.template.KarateAttributeTagProcessor.KarateAttrTagProcessor
[THYMELEAF]             * [* {th:attrappend}] [900]: com.intuit.karate.template.KarateAttributeTagProcessor.KarateAttrappendTagProcessor
[THYMELEAF]             * [* {th:attrprepend}] [900]: com.intuit.karate.template.KarateAttributeTagProcessor.KarateAttrprependTagProcessor
[THYMELEAF]             * [* {th:inline}] [1000]: org.thymeleaf.standard.processor.StandardInlineXMLTagProcessor
[THYMELEAF]             * [* {xmlns:th}] [1000]: org.thymeleaf.standard.processor.StandardXmlNsTagProcessor
[THYMELEAF]             * [* {th:text}] [1300]: org.thymeleaf.standard.processor.StandardTextTagProcessor
[THYMELEAF]             * [* {th:utext}] [1400]: org.thymeleaf.standard.processor.StandardUtextTagProcessor
[THYMELEAF]             * [* {th:fragment}] [1500]: org.thymeleaf.standard.processor.StandardFragmentTagProcessor
[THYMELEAF]             * [* {th:assert}] [1550]: org.thymeleaf.standard.processor.StandardAssertTagProcessor
[THYMELEAF]             * [* {th:remove}] [1600]: org.thymeleaf.standard.processor.StandardRemoveTagProcessor
[THYMELEAF]             * [* {th:ref}] [10000]: org.thymeleaf.standard.processor.StandardRefAttributeTagProcessor
[THYMELEAF]             * [{th:block} *] [100000]: org.thymeleaf.standard.processor.StandardBlockTagProcessor
[THYMELEAF]             * [* th:*] [2147483647]: org.thymeleaf.standard.processor.StandardDefaultAttributesTagProcessor
[THYMELEAF]         * Text Processors by [precedence]:
[THYMELEAF]             * [1000]: org.thymeleaf.standard.processor.StandardInliningTextProcessor
[THYMELEAF]         * CDATA Section Processors by [precedence]:
[THYMELEAF]             * [1000]: org.thymeleaf.standard.processor.StandardInliningCDATASectionProcessor
[THYMELEAF]         * Comment Processors by [precedence]:
[THYMELEAF]             * [1000]: org.thymeleaf.standard.processor.StandardInliningCommentProcessor
[THYMELEAF]     * Processors for Template Mode: TEXT
[THYMELEAF]         * Element Tag Processors by [matching element and attribute name] [precedence]:
[THYMELEAF]             * [* {th:insert}] [100]: org.thymeleaf.standard.processor.StandardInsertTagProcessor
[THYMELEAF]             * [* {th:replace}] [100]: org.thymeleaf.standard.processor.StandardReplaceTagProcessor
[THYMELEAF]             * [* {th:each}] [200]: com.intuit.karate.template.KarateEachTagProcessor
[THYMELEAF]             * [* {th:switch}] [250]: org.thymeleaf.standard.processor.StandardSwitchTagProcessor
[THYMELEAF]             * [* {th:case}] [275]: org.thymeleaf.standard.processor.StandardCaseTagProcessor
[THYMELEAF]             * [* {th:if}] [300]: org.thymeleaf.standard.processor.StandardIfTagProcessor
[THYMELEAF]             * [* {th:unless}] [400]: org.thymeleaf.standard.processor.StandardUnlessTagProcessor
[THYMELEAF]             * [* {th:object}] [500]: org.thymeleaf.standard.processor.StandardObjectTagProcessor
[THYMELEAF]             * [* {th:with}] [600]: com.intuit.karate.template.KarateWithTagProcessor
[THYMELEAF]             * [* {th:inline}] [1000]: org.thymeleaf.standard.processor.StandardInlineTextualTagProcessor
[THYMELEAF]             * [* {th:text}] [1300]: org.thymeleaf.standard.processor.StandardTextTagProcessor
[THYMELEAF]             * [* {th:utext}] [1400]: org.thymeleaf.standard.processor.StandardUtextTagProcessor
[THYMELEAF]             * [* {th:assert}] [1550]: org.thymeleaf.standard.processor.StandardAssertTagProcessor
[THYMELEAF]             * [* {th:remove}] [1600]: org.thymeleaf.standard.processor.StandardRemoveTagProcessor
[THYMELEAF]             * [{th:block} *] [100000]: org.thymeleaf.standard.processor.StandardBlockTagProcessor
[THYMELEAF]             * [* 100000] [org.thymeleaf.standard.processor.StandardBlockTagProcessor]: {}
[THYMELEAF]         * Text Processors by [precedence]:
[THYMELEAF]             * [1000]: org.thymeleaf.standard.processor.StandardInliningTextProcessor
[THYMELEAF]     * Processors for Template Mode: JAVASCRIPT
[THYMELEAF]         * Element Tag Processors by [matching element and attribute name] [precedence]:
[THYMELEAF]             * [* {th:insert}] [100]: org.thymeleaf.standard.processor.StandardInsertTagProcessor
[THYMELEAF]             * [* {th:replace}] [100]: org.thymeleaf.standard.processor.StandardReplaceTagProcessor
[THYMELEAF]             * [* {th:each}] [200]: com.intuit.karate.template.KarateEachTagProcessor
[THYMELEAF]             * [* {th:switch}] [250]: org.thymeleaf.standard.processor.StandardSwitchTagProcessor
[THYMELEAF]             * [* {th:case}] [275]: org.thymeleaf.standard.processor.StandardCaseTagProcessor
[THYMELEAF]             * [* {th:if}] [300]: org.thymeleaf.standard.processor.StandardIfTagProcessor
[THYMELEAF]             * [* {th:unless}] [400]: org.thymeleaf.standard.processor.StandardUnlessTagProcessor
[THYMELEAF]             * [* {th:object}] [500]: org.thymeleaf.standard.processor.StandardObjectTagProcessor
[THYMELEAF]             * [* {th:with}] [600]: com.intuit.karate.template.KarateWithTagProcessor
[THYMELEAF]             * [* {th:inline}] [1000]: org.thymeleaf.standard.processor.StandardInlineTextualTagProcessor
[THYMELEAF]             * [* {th:text}] [1300]: org.thymeleaf.standard.processor.StandardTextTagProcessor
[THYMELEAF]             * [* {th:utext}] [1400]: org.thymeleaf.standard.processor.StandardUtextTagProcessor
[THYMELEAF]             * [* {th:assert}] [1550]: org.thymeleaf.standard.processor.StandardAssertTagProcessor
[THYMELEAF]             * [* {th:remove}] [1600]: org.thymeleaf.standard.processor.StandardRemoveTagProcessor
[THYMELEAF]             * [* 100000] [org.thymeleaf.standard.processor.StandardBlockTagProcessor]: {}
[THYMELEAF]             * [{th:block} *] [100000]: org.thymeleaf.standard.processor.StandardBlockTagProcessor
[THYMELEAF]         * Text Processors by [precedence]:
[THYMELEAF]             * [1000]: org.thymeleaf.standard.processor.StandardInliningTextProcessor
[THYMELEAF]     * Processors for Template Mode: CSS
[THYMELEAF]         * Element Tag Processors by [matching element and attribute name] [precedence]:
[THYMELEAF]             * [* {th:insert}] [100]: org.thymeleaf.standard.processor.StandardInsertTagProcessor
[THYMELEAF]             * [* {th:replace}] [100]: org.thymeleaf.standard.processor.StandardReplaceTagProcessor
[THYMELEAF]             * [* {th:each}] [200]: com.intuit.karate.template.KarateEachTagProcessor
[THYMELEAF]             * [* {th:switch}] [250]: org.thymeleaf.standard.processor.StandardSwitchTagProcessor
[THYMELEAF]             * [* {th:case}] [275]: org.thymeleaf.standard.processor.StandardCaseTagProcessor
[THYMELEAF]             * [* {th:if}] [300]: org.thymeleaf.standard.processor.StandardIfTagProcessor
[THYMELEAF]             * [* {th:unless}] [400]: org.thymeleaf.standard.processor.StandardUnlessTagProcessor
[THYMELEAF]             * [* {th:object}] [500]: org.thymeleaf.standard.processor.StandardObjectTagProcessor
[THYMELEAF]             * [* {th:with}] [600]: com.intuit.karate.template.KarateWithTagProcessor
[THYMELEAF]             * [* {th:inline}] [1000]: org.thymeleaf.standard.processor.StandardInlineTextualTagProcessor
[THYMELEAF]             * [* {th:text}] [1300]: org.thymeleaf.standard.processor.StandardTextTagProcessor
[THYMELEAF]             * [* {th:utext}] [1400]: org.thymeleaf.standard.processor.StandardUtextTagProcessor
[THYMELEAF]             * [* {th:assert}] [1550]: org.thymeleaf.standard.processor.StandardAssertTagProcessor
[THYMELEAF]             * [* {th:remove}] [1600]: org.thymeleaf.standard.processor.StandardRemoveTagProcessor
[THYMELEAF]             * [{th:block} *] [100000]: org.thymeleaf.standard.processor.StandardBlockTagProcessor
[THYMELEAF]             * [* 100000] [org.thymeleaf.standard.processor.StandardBlockTagProcessor]: {}
[THYMELEAF]         * Text Processors by [precedence]:
[THYMELEAF]             * [1000]: org.thymeleaf.standard.processor.StandardInliningTextProcessor
[THYMELEAF]     * Expression Objects:
[THYMELEAF]         * #ctx
[THYMELEAF]         * #root
[THYMELEAF]         * #vars
[THYMELEAF]         * #object
[THYMELEAF]         * #locale
[THYMELEAF]         * #conversions
[THYMELEAF]         * #uris
[THYMELEAF]         * #temporals
[THYMELEAF]         * #calendars
[THYMELEAF]         * #dates
[THYMELEAF]         * #bools
[THYMELEAF]         * #numbers
[THYMELEAF]         * #objects
[THYMELEAF]         * #strings
[THYMELEAF]         * #arrays
[THYMELEAF]         * #lists
[THYMELEAF]         * #sets
[THYMELEAF]         * #maps
[THYMELEAF]         * #aggregates
[THYMELEAF]         * #messages
[THYMELEAF]         * #ids
[THYMELEAF]         * #execInfo
[THYMELEAF]         * #request
[THYMELEAF]         * #response
[THYMELEAF]         * #session
[THYMELEAF]         * #servletContext
[THYMELEAF]     * Execution Attributes:
[THYMELEAF]         * "StandardExpressionParser": com.intuit.karate.template.KarateStandardDialect@359066bc
[THYMELEAF]         * "StandardJavaScriptSerializer": org.thymeleaf.standard.serializer.StandardJavaScriptSerializer@23444a36
[THYMELEAF]         * "StandardCSSSerializer": org.thymeleaf.standard.serializer.StandardCSSSerializer@31a136a6
[THYMELEAF]         * "StandardVariableExpressionEvaluator": com.intuit.karate.template.KarateStandardDialect@359066bc
[THYMELEAF]         * "StandardConversionService": org.thymeleaf.standard.expression.StandardConversionService@30a9e3db
[THYMELEAF] * Dialect [2 of 2]: karate (com.intuit.karate.template.KarateScriptDialect)
[THYMELEAF]     * Prefix: "ka"
[THYMELEAF]     * Processors for Template Mode: HTML
[THYMELEAF]         * Element Tag Processors by [matching element and attribute name] [precedence]:
[THYMELEAF]             * [* {src}] [1000]: com.intuit.karate.template.KaScriptAttrProcessor
[THYMELEAF]         * Element Model Processors by [matching element and attribute name] [precedence]:
[THYMELEAF]             * [{script} {ka:scope,data-ka-scope}] [1000]: com.intuit.karate.template.KaScriptElemProcessor
[THYMELEAF]             * [* {ka:set,data-ka-set}] [1000]: com.intuit.karate.template.KaSetElemProcessor
[THYMELEAF] TEMPLATE ENGINE CONFIGURED OK
21:37:03.468 [main] DEBUG org.thymeleaf.TemplateEngine -- [THYMELEAF] TEMPLATE ENGINE INITIALIZED
---------------------------------------------------------
feature: classpath:users/delete-users.feature
scenarios:  2 | passed:  2 | failed:  0 | time: 0.9974
---------------------------------------------------------

]]></system-out>
  </testcase>
  <testcase name="[1:3] Obtener todos los usuarios exitosamente" classname="users/get-users" time="0.659">
    <system-out><![CDATA[21:37:03.633 [main] DEBUG org.apache.http.client.protocol.RequestAddCookies -- CookieSpec selected: karate
21:37:03.633 [main] DEBUG org.apache.http.client.protocol.RequestAuthCache -- Auth cache not set in the context
21:37:03.633 [main] DEBUG com.intuit.karate -- request:
1 > GET https://serverest.dev/usuarios
1 > Host: serverest.dev
1 > Connection: Keep-Alive
1 > User-Agent: Apache-HttpClient/4.5.14 (Java/17.0.15)
1 > Accept-Encoding: gzip,deflate


21:37:03.633 [main] DEBUG org.apache.http.impl.conn.PoolingHttpClientConnectionManager -- Connection request: [route: {s}->https://serverest.dev:443][total available: 0; route allocated: 0 of 5; total allocated: 0 of 10]
21:37:03.633 [main] DEBUG org.apache.http.impl.conn.PoolingHttpClientConnectionManager -- Connection leased: [id: 2][route: {s}->https://serverest.dev:443][total available: 0; route allocated: 1 of 5; total allocated: 1 of 10]
21:37:03.633 [main] DEBUG org.apache.http.impl.execchain.MainClientExec -- Opening connection {s}->https://serverest.dev:443
21:37:03.633 [main] DEBUG org.apache.http.impl.conn.DefaultHttpClientConnectionOperator -- Connecting to serverest.dev/216.239.34.21:443
21:37:03.634 [main] DEBUG org.apache.http.conn.ssl.SSLConnectionSocketFactory -- Connecting socket to serverest.dev/216.239.34.21:443 with timeout 30000
21:37:03.717 [main] DEBUG org.apache.http.conn.ssl.SSLConnectionSocketFactory -- Enabled protocols: [TLSv1.3, TLSv1.2]
21:37:03.717 [main] DEBUG org.apache.http.conn.ssl.SSLConnectionSocketFactory -- Enabled cipher suites:[TLS_AES_256_GCM_SHA384, TLS_AES_128_GCM_SHA256, TLS_CHACHA20_POLY1305_SHA256, TLS_ECDHE_ECDSA_WITH_AES_256_GCM_SHA384, TLS_ECDHE_ECDSA_WITH_AES_128_GCM_SHA256, TLS_ECDHE_ECDSA_WITH_CHACHA20_POLY1305_SHA256, TLS_ECDHE_RSA_WITH_AES_256_GCM_SHA384, TLS_ECDHE_RSA_WITH_CHACHA20_POLY1305_SHA256, TLS_ECDHE_RSA_WITH_AES_128_GCM_SHA256, TLS_DHE_RSA_WITH_AES_256_GCM_SHA384, TLS_DHE_RSA_WITH_CHACHA20_POLY1305_SHA256, TLS_DHE_DSS_WITH_AES_256_GCM_SHA384, TLS_DHE_RSA_WITH_AES_128_GCM_SHA256, TLS_DHE_DSS_WITH_AES_128_GCM_SHA256, TLS_ECDHE_ECDSA_WITH_AES_256_CBC_SHA384, TLS_ECDHE_RSA_WITH_AES_256_CBC_SHA384, TLS_ECDHE_ECDSA_WITH_AES_128_CBC_SHA256, TLS_ECDHE_RSA_WITH_AES_128_CBC_SHA256, TLS_DHE_RSA_WITH_AES_256_CBC_SHA256, TLS_DHE_DSS_WITH_AES_256_CBC_SHA256, TLS_DHE_RSA_WITH_AES_128_CBC_SHA256, TLS_DHE_DSS_WITH_AES_128_CBC_SHA256, TLS_ECDHE_ECDSA_WITH_AES_256_CBC_SHA, TLS_ECDHE_RSA_WITH_AES_256_CBC_SHA, TLS_ECDHE_ECDSA_WITH_AES_128_CBC_SHA, TLS_ECDHE_RSA_WITH_AES_128_CBC_SHA, TLS_DHE_RSA_WITH_AES_256_CBC_SHA, TLS_DHE_DSS_WITH_AES_256_CBC_SHA, TLS_DHE_RSA_WITH_AES_128_CBC_SHA, TLS_DHE_DSS_WITH_AES_128_CBC_SHA, TLS_RSA_WITH_AES_256_GCM_SHA384, TLS_RSA_WITH_AES_128_GCM_SHA256, TLS_RSA_WITH_AES_256_CBC_SHA256, TLS_RSA_WITH_AES_128_CBC_SHA256, TLS_RSA_WITH_AES_256_CBC_SHA, TLS_RSA_WITH_AES_128_CBC_SHA, TLS_EMPTY_RENEGOTIATION_INFO_SCSV]
21:37:03.717 [main] DEBUG org.apache.http.conn.ssl.SSLConnectionSocketFactory -- Starting handshake
21:37:03.834 [main] DEBUG org.apache.http.conn.ssl.SSLConnectionSocketFactory -- Secure session established
21:37:03.834 [main] DEBUG org.apache.http.conn.ssl.SSLConnectionSocketFactory --  negotiated protocol: TLSv1.3
21:37:03.834 [main] DEBUG org.apache.http.conn.ssl.SSLConnectionSocketFactory --  negotiated cipher suite: TLS_AES_256_GCM_SHA384
21:37:03.834 [main] DEBUG org.apache.http.conn.ssl.SSLConnectionSocketFactory --  peer principal: CN=serverest.dev
21:37:03.834 [main] DEBUG org.apache.http.conn.ssl.SSLConnectionSocketFactory --  peer alternative names: [serverest.dev]
21:37:03.834 [main] DEBUG org.apache.http.conn.ssl.SSLConnectionSocketFactory --  issuer principal: CN=WR3, O=Google Trust Services, C=US
21:37:03.834 [main] DEBUG org.apache.http.impl.conn.DefaultHttpClientConnectionOperator -- Connection established 192.168.18.98:55862<->216.239.34.21:443
21:37:03.834 [main] DEBUG org.apache.http.impl.conn.DefaultManagedHttpClientConnection -- http-outgoing-2: set socket timeout to 30000
21:37:03.834 [main] DEBUG org.apache.http.impl.execchain.MainClientExec -- Executing request GET /usuarios HTTP/1.1
21:37:03.834 [main] DEBUG org.apache.http.impl.execchain.MainClientExec -- Target auth state: UNCHALLENGED
21:37:03.834 [main] DEBUG org.apache.http.impl.execchain.MainClientExec -- Proxy auth state: UNCHALLENGED
21:37:03.834 [main] DEBUG org.apache.http.headers -- http-outgoing-2 >> GET /usuarios HTTP/1.1
21:37:03.834 [main] DEBUG org.apache.http.headers -- http-outgoing-2 >> Host: serverest.dev
21:37:03.834 [main] DEBUG org.apache.http.headers -- http-outgoing-2 >> Connection: Keep-Alive
21:37:03.834 [main] DEBUG org.apache.http.headers -- http-outgoing-2 >> User-Agent: Apache-HttpClient/4.5.14 (Java/17.0.15)
21:37:03.834 [main] DEBUG org.apache.http.headers -- http-outgoing-2 >> Accept-Encoding: gzip,deflate
21:37:03.835 [main] DEBUG org.apache.http.wire -- http-outgoing-2 >> "GET /usuarios HTTP/1.1[\r][\n]"
21:37:03.835 [main] DEBUG org.apache.http.wire -- http-outgoing-2 >> "Host: serverest.dev[\r][\n]"
21:37:03.835 [main] DEBUG org.apache.http.wire -- http-outgoing-2 >> "Connection: Keep-Alive[\r][\n]"
21:37:03.835 [main] DEBUG org.apache.http.wire -- http-outgoing-2 >> "User-Agent: Apache-HttpClient/4.5.14 (Java/17.0.15)[\r][\n]"
21:37:03.835 [main] DEBUG org.apache.http.wire -- http-outgoing-2 >> "Accept-Encoding: gzip,deflate[\r][\n]"
21:37:03.835 [main] DEBUG org.apache.http.wire -- http-outgoing-2 >> "[\r][\n]"
21:37:03.987 [main] DEBUG org.apache.http.wire -- http-outgoing-2 << "HTTP/1.1 200 OK[\r][\n]"
21:37:03.987 [main] DEBUG org.apache.http.wire -- http-outgoing-2 << "access-control-allow-origin: *[\r][\n]"
21:37:03.987 [main] DEBUG org.apache.http.wire -- http-outgoing-2 << "x-dns-prefetch-control: off[\r][\n]"
21:37:03.988 [main] DEBUG org.apache.http.wire -- http-outgoing-2 << "x-frame-options: SAMEORIGIN[\r][\n]"
21:37:03.988 [main] DEBUG org.apache.http.wire -- http-outgoing-2 << "strict-transport-security: max-age=15552000; includeSubDomains[\r][\n]"
21:37:03.988 [main] DEBUG org.apache.http.wire -- http-outgoing-2 << "x-download-options: noopen[\r][\n]"
21:37:03.988 [main] DEBUG org.apache.http.wire -- http-outgoing-2 << "x-content-type-options: nosniff[\r][\n]"
21:37:03.988 [main] DEBUG org.apache.http.wire -- http-outgoing-2 << "x-xss-protection: 1; mode=block[\r][\n]"
21:37:03.988 [main] DEBUG org.apache.http.wire -- http-outgoing-2 << "content-type: application/json; charset=utf-8[\r][\n]"
21:37:03.988 [main] DEBUG org.apache.http.wire -- http-outgoing-2 << "x-cloud-trace-context: 5f1d7c76d03b3295a6556120031c6c1b[\r][\n]"
21:37:03.988 [main] DEBUG org.apache.http.wire -- http-outgoing-2 << "date: Wed, 16 Jul 2025 02:37:04 GMT[\r][\n]"
21:37:03.988 [main] DEBUG org.apache.http.wire -- http-outgoing-2 << "server: Google Frontend[\r][\n]"
21:37:03.988 [main] DEBUG org.apache.http.wire -- http-outgoing-2 << "Content-Length: 83204[\r][\n]"
21:37:03.988 [main] DEBUG org.apache.http.wire -- http-outgoing-2 << "[\r][\n]"
21:37:03.988 [main] DEBUG org.apache.http.wire -- http-outgoing-2 << "{[\n]"
21:37:03.988 [main] DEBUG org.apache.http.wire -- http-outgoing-2 << "    "quantidade": 383,[\n]"
21:37:03.988 [main] DEBUG org.apache.http.wire -- http-outgoing-2 << "    "usuarios": [[\n]"
21:37:03.988 [main] DEBUG org.apache.http.wire -- http-outgoing-2 << "        {[\n]"
21:37:03.988 [main] DEBUG org.apache.http.wire -- http-outgoing-2 << "            "nome": "Loma",[\n]"
21:37:03.988 [main] DEBUG org.apache.http.wire -- http-outgoing-2 << "            "email": "Sabrina.Skiles44@teste.com",[\n]"
21:37:03.988 [main] DEBUG org.apache.http.wire -- http-outgoing-2 << "            "password": "testZm",[\n]"
21:37:03.988 [main] DEBUG org.apache.http.wire -- http-outgoing-2 << "            "administrador": "true",[\n]"
21:37:03.988 [main] DEBUG org.apache.http.wire -- http-outgoing-2 << "            "_id": "07xlVXcvfTz3LftP"[\n]"
21:37:03.988 [main] DEBUG org.apache.http.wire -- http-outgoing-2 << "        },[\n]"
21:37:03.988 [main] DEBUG org.apache.http.wire -- http-outgoing-2 << "        {[\n]"
21:37:03.988 [main] DEBUG org.apache.http.wire -- http-outgoing-2 << "            "nome": "Jeromy",[\n]"
21:37:03.988 [main] DEBUG org.apache.http.wire -- http-outgoing-2 << "            "email": "Tod.Gorczany89@example.com",[\n]"
21:37:03.988 [main] DEBUG org.apache.http.wire -- http-outgoing-2 << "            "password": "testC8",[\n]"
21:37:03.988 [main] DEBUG org.apache.http.wire -- http-outgoing-2 << "            "administrador": "true",[\n]"
21:37:03.988 [main] DEBUG org.apache.http.wire -- http-outgoing-2 << "            "_id": "0CDIacy23THRsOL6"[\n]"
21:37:03.988 [main] DEBUG org.apache.http.wire -- http-outgoing-2 << "        },[\n]"
21:37:03.988 [main] DEBUG org.apache.http.wire -- http-outgoing-2 << "        {[\n]"
21:37:03.988 [main] DEBUG org.apache.http.wire -- http-outgoing-2 << "            "nome": "victor siq",[\n]"
21:37:03.988 [main] DEBUG org.apache.http.wire -- http-outgoing-2 << "            "email": "victor.1752629283076@teste.com",[\n]"
21:37:03.989 [main] DEBUG org.apache.http.wire -- http-outgoing-2 << "            "password": "victor1234",[\n]"
21:37:03.989 [main] DEBUG org.apache.http.wire -- http-outgoing-2 << "            "administrador": "false",[\n]"
21:37:03.989 [main] DEBUG org.apache.http.wire -- http-outgoing-2 << "            "_id": "0UrFEDA8bpNb23g1"[\n]"
21:37:03.989 [main] DEBUG org.apache.http.wire -- http-outgoing-2 << "        },[\n]"
21:37:03.989 [main] DEBUG org.apache.http.wire -- http-outgoing-2 << "        {[\n]"
21:37:03.989 [main] DEBUG org.apache.http.wire -- http-outgoing-2 << "            "nome": "Jailyn",[\n]"
21:37:03.989 [main] DEBUG org.apache.http.wire -- http-outgoing-2 << "            "email": "Erika.Herzog14@teste.com",[\n]"
21:37:03.989 [main] DEBUG org.apache.http.wire -- http-outgoing-2 << "            "password": "testrL",[\n]"
21:37:03.989 [main] DEBUG org.apache.http.wire -- http-outgoing-2 << "            "administrador": "true",[\n]"
21:37:03.989 [main] DEBUG org.apache.http.wire -- http-outgoing-2 << "            "_id": "0VU0IfNDipbGlH6M"[\n]"
21:37:03.989 [main] DEBUG org.apache.http.wire -- http-outgoing-2 << "        },[\n]"
21:37:03.989 [main] DEBUG org.apache.http.wire -- http-outgoing-2 << "        {[\n]"
21:37:03.989 [main] DEBUG org.apache.http.wire -- http-outgoing-2 << "            "nome": "Usu[0xc3][0xa1]rio Teste API",[\n]"
21:37:03.989 [main] DEBUG org.apache.http.wire -- http-outgoing-2 << "    "
21:37:03.989 [main] DEBUG org.apache.http.headers -- http-outgoing-2 << HTTP/1.1 200 OK
21:37:03.989 [main] DEBUG org.apache.http.headers -- http-outgoing-2 << access-control-allow-origin: *
21:37:03.989 [main] DEBUG org.apache.http.headers -- http-outgoing-2 << x-dns-prefetch-control: off
21:37:03.989 [main] DEBUG org.apache.http.headers -- http-outgoing-2 << x-frame-options: SAMEORIGIN
21:37:03.990 [main] DEBUG org.apache.http.headers -- http-outgoing-2 << strict-transport-security: max-age=15552000; includeSubDomains
21:37:03.990 [main] DEBUG org.apache.http.headers -- http-outgoing-2 << x-download-options: noopen
21:37:03.990 [main] DEBUG org.apache.http.headers -- http-outgoing-2 << x-content-type-options: nosniff
21:37:03.990 [main] DEBUG org.apache.http.headers -- http-outgoing-2 << x-xss-protection: 1; mode=block
21:37:03.990 [main] DEBUG org.apache.http.headers -- http-outgoing-2 << content-type: application/json; charset=utf-8
21:37:03.990 [main] DEBUG org.apache.http.headers -- http-outgoing-2 << x-cloud-trace-context: 5f1d7c76d03b3295a6556120031c6c1b
21:37:03.990 [main] DEBUG org.apache.http.headers -- http-outgoing-2 << date: Wed, 16 Jul 2025 02:37:04 GMT
21:37:03.990 [main] DEBUG org.apache.http.headers -- http-outgoing-2 << server: Google Frontend
21:37:03.990 [main] DEBUG org.apache.http.headers -- http-outgoing-2 << Content-Length: 83204
21:37:03.990 [main] DEBUG org.apache.http.impl.execchain.MainClientExec -- Connection can be kept alive indefinitely
21:37:03.991 [main] DEBUG org.apache.http.wire -- http-outgoing-2 << "        "password": "123456",[\n]"
21:37:03.991 [main] DEBUG org.apache.http.wire -- http-outgoing-2 << "            "administrador": "true",[\n]"
21:37:03.991 [main] DEBUG org.apache.http.wire -- http-outgoing-2 << "            "email": "user_1752600154231@mail.com",[\n]"
21:37:03.991 [main] DEBUG org.apache.http.wire -- http-outgoing-2 << "            "_id": "0X0BWWObWzieAN1G"[\n]"
21:37:03.991 [main] DEBUG org.apache.http.wire -- http-outgoing-2 << "        },[\n]"
21:37:03.991 [main] DEBUG org.apache.http.wire -- http-outgoing-2 << "        {[\n]"
21:37:03.991 [main] DEBUG org.apache.http.wire -- http-outgoing-2 << "            "nome": "Biel",[\n]"
21:37:03.991 [main] DEBUG org.apache.http.wire -- http-outgoing-2 << "            "email": "enzogabriel11003@gmail.com",[\n]"
21:37:03.991 [main] DEBUG org.apache.http.wire -- http-outgoing-2 << "            "password": "teste",[\n]"
21:37:03.991 [main] DEBUG org.apache.http.wire -- http-outgoing-2 << "            "administrador": "true",[\n]"
21:37:03.991 [main] DEBUG org.apache.http.wire -- http-outgoing-2 << "            "_id": "0ZMG5Tmb1nYowRnr"[\n]"
21:37:03.991 [main] DEBUG org.apache.http.wire -- http-outgoing-2 << "        },[\n]"
21:37:03.991 [main] DEBUG org.apache.http.wire -- http-outgoing-2 << "        {[\n]"
21:37:03.991 [main] DEBUG org.apache.http.wire -- http-outgoing-2 << "            "nome": "Hassie",[\n]"
21:37:03.991 [main] DEBUG org.apache.http.wire -- http-outgoing-2 << "            "email": "Casper_Gleichner92@teste.com",[\n]"
21:37:03.991 [main] DEBUG org.apache.http.wire -- http-outgoing-2 << "            "password": "test6g",[\n]"
21:37:03.991 [main] DEBUG org.apache.http.wire -- http-outgoing-2 << "            "administrador": "true",[\n]"
21:37:03.991 [main] DEBUG org.apache.http.wire -- http-outgoing-2 << "            "_id": "0hzBoeiCOduXuVs4"[\n]"
21:37:03.991 [main] DEBUG org.apache.http.wire -- http-outgoing-2 << "        },[\n]"
21:37:03.991 [main] DEBUG org.apache.http.wire -- http-outgoing-2 << "        {[\n]"
21:37:03.991 [main] DEBUG org.apache.http.wire -- http-outgoing-2 << "            "nome": "Fulano da Silva",[\n]"
21:37:03.991 [main] DEBUG org.apache.http.wire -- http-outgoing-2 << "            "email": "user_2025-07-15T213604867677@qa.com.br",[\n]"
21:37:03.991 [main] DEBUG org.apache.http.wire -- http-outgoing-2 << "            "password": "teste",[\n]"
21:37:03.991 [main] DEBUG org.apache.http.wire -- http-outgoing-2 << "            "administrador": "true",[\n]"
21:37:03.991 [main] DEBUG org.apache.http.wire -- http-outgoing-2 << "            "_id": "0uxuPY0cbmQhpEz1"[\n]"
21:37:03.991 [main] DEBUG org.apache.http.wire -- http-outgoing-2 << "        },[\n]"
21:37:03.992 [main] DEBUG org.apache.http.wire -- http-outgoing-2 << "        {[\n]"
21:37:03.992 [main] DEBUG org.apache.http.wire -- http-outgoing-2 << "            "nome": "Anthony Lima",[\n]"
21:37:03.992 [main] DEBUG org.apache.http.wire -- http-outgoing-2 << "            "email": "anthony_lima@xpto.com",[\n]"
21:37:03.992 [main] DEBUG org.apache.http.wire -- http-outgoing-2 << "            "password": "6*Q7XExP(R",[\n]"
21:37:03.992 [main] DEBUG org.apache.http.wire -- http-outgoing-2 << "            "administrador": "false",[\n]"
21:37:03.992 [main] DEBUG org.apache.http.wire -- http-outgoing-2 << "            "_id": "0xE35Ft4g74qP0tV"
21:37:03.992 [main] DEBUG org.apache.http.wire -- http-outgoing-2 << ""[\n]"
21:37:03.992 [main] DEBUG org.apache.http.wire -- http-outgoing-2 << "        },[\n]"
21:37:03.992 [main] DEBUG org.apache.http.wire -- http-outgoing-2 << "        {[\n]"
21:37:03.992 [main] DEBUG org.apache.http.wire -- http-outgoing-2 << "            "nome": "Everette",[\n]"
21:37:03.992 [main] DEBUG org.apache.http.wire -- http-outgoing-2 << "            "email": "Elbert9@teste.com",[\n]"
21:37:03.992 [main] DEBUG org.apache.http.wire -- http-outgoing-2 << "            "password": "testr3",[\n]"
21:37:03.992 [main] DEBUG org.apache.http.wire -- http-outgoing-2 << "            "administrador": "true",[\n]"
21:37:03.992 [main] DEBUG org.apache.http.wire -- http-outgoing-2 << "            "_id": "10mIprIIPgxVyrrT"[\n]"
21:37:03.992 [main] DEBUG org.apache.http.wire -- http-outgoing-2 << "        },[\n]"
21:37:03.992 [main] DEBUG org.apache.http.wire -- http-outgoing-2 << "        {[\n]"
21:37:03.992 [main] DEBUG org.apache.http.wire -- http-outgoing-2 << "            "nome": "Administrador Teste",[\n]"
21:37:03.992 [main] DEBUG org.apache.http.wire -- http-outgoing-2 << "            "email": "admin.teste.1752601484798@teste.com",[\n]"
21:37:03.992 [main] DEBUG org.apache.http.wire -- http-outgoing-2 << "            "password": "senha123",[\n]"
21:37:03.992 [main] DEBUG org.apache.http.wire -- http-outgoing-2 << "            "admin"
21:37:03.992 [main] DEBUG org.apache.http.wire -- http-outgoing-2 << "istrador": "true",[\n]"
21:37:03.992 [main] DEBUG org.apache.http.wire -- http-outgoing-2 << "            "_id": "11uh75oXJVSKs7q3"[\n]"
21:37:03.993 [main] DEBUG org.apache.http.wire -- http-outgoing-2 << "        },[\n]"
21:37:03.993 [main] DEBUG org.apache.http.wire -- http-outgoing-2 << "        {[\n]"
21:37:03.993 [main] DEBUG org.apache.http.wire -- http-outgoing-2 << "            "nome": "Fulano da Silva",[\n]"
21:37:03.993 [main] DEBUG org.apache.http.wire -- http-outgoing-2 << "            "email": "beltranoas_qa13_undefined@qa.com.br",[\n]"
21:37:03.993 [main] DEBUG org.apache.http.wire -- http-outgoing-2 << "            "password": "teste",[\n]"
21:37:03.993 [main] DEBUG org.apache.http.wire -- http-outgoing-2 << "            "administrador": "true",[\n]"
21:37:03.993 [main] DEBUG org.apache.http.wire -- http-outgoing-2 << "            "_id": "14M4y99jvpeUx7xS"[\n]"
21:37:03.993 [main] DEBUG org.apache.http.wire -- http-outgoing-2 << "        },[\n]"
21:37:03.993 [main] DEBUG org.apache.http.wire -- http-outgoing-2 << "        {[\n]"
21:37:03.993 [main] DEBUG org.apache.http.wire -- http-outgoing-2 << "            "nome": "Clementina",[\n]"
21:37:03.993 [main] DEBUG org.apache.http.wire -- http-outgoing-2 << "            "email": "Clementina75@hotmail.com",[\n]"
21:37:03.993 [main] DEBUG org.apache.http.wire -- http-outgoing-2 << "            "password": "teste",[\n]"
21:37:03.993 [main] DEBUG org.apache.http.wire -- http-outgoing-2 << "            "administrador": "true",[\n]"
21:37:03.993 [main] DEBUG org.apache.http.wire -- http-outgoing-2 << "            "_id": "1FuhUayoE7RYR7C7"[\n]"
21:37:03.993 [main] DEBUG org.apache.http.wire -- http-outgoing-2 << "        },[\n]"
21:37:03.993 [main] DEBUG org.apache.http.wire -- http-outgoing-2 << "        {[\n]"
21:37:03.993 [main] DEBUG org.apache.http.wire -- http-outgoing-2 << "            "nome": "Fulano da Silva",[\n]"
21:37:03.993 [main] DEBUG org.apache.http.wire -- http-outgoing-2 << "            "email": "beltranoas_qa12_#{karate.timestamp}@qa.com.br",[\n]"
21:37:03.993 [main] DEBUG org.apache.http.wire -- http-outgoing-2 << "            "password": "teste",[\n]"
21:37:03.993 [main] DEBUG org.apache.http.wire -- http-outgoing-2 << "            "administrador": "true",[\n]"
21:37:03.993 [main] DEBUG org.apache.http.wire -- http-outgoing-2 << "            "_id": "1JdOETbzN7UM2b2B"[\n]"
21:37:03.993 [main] DEBUG org.apache.http.wire -- http-outgoing-2 << "        },[\n]"
21:37:03.993 [main] DEBUG org.apache.http.wire -- http-outgoing-2 << "        {[\n]"
21:37:03.993 [main] DEBUG org.apache.http.wire -- http-outgoing-2 << "            "nome": "Novo Usuario",[\n]"
21:37:03.993 [main] DEBUG org.apache.http.wire -- http-outgoing-2 << "            "email": "novoemail@qa.com.br",[\n]"
21:37:03.993 [main] DEBUG org.apache.http.wire -- http-outgoing-2 << "            "password": "123456",[\n]"
21:37:03.993 [main] DEBUG org.apache.http.wire -- http-outgoing-2 << "            "administrador": "false",[\n]"
21:37:03.993 [main] DEBUG org.apache.http.wire -- http-outgoing-2 << "            "_id": "1L5uuWRQfG6c7zlP"[\n]"
21:37:03.993 [main] DEBUG org.apache.http.wire -- http-outgoing-2 << "        },[\n]"
21:37:03.993 [main] DEBUG org.apache.http.wire -- http-outgoing-2 << "        {[\n]"
21:37:03.993 [main] DEBUG org.apache.http.wire -- http-outgoing-2 << "            "nome": "Pat",[\n]"
21:37:03.993 [main] DEBUG org.apache.http.wire -- http-outgoing-2 << "            "email": "Dandre_P"
21:37:03.993 [main] DEBUG org.apache.http.wire -- http-outgoing-2 << "arker@teste.com",[\n]"
21:37:03.994 [main] DEBUG org.apache.http.wire -- http-outgoing-2 << "            "password": "testtF",[\n]"
21:37:03.994 [main] DEBUG org.apache.http.wire -- http-outgoing-2 << "            "administrador": "true",[\n]"
21:37:03.994 [main] DEBUG org.apache.http.wire -- http-outgoing-2 << "            "_id": "28oKijyEYLBbeImb"[\n]"
21:37:03.994 [main] DEBUG org.apache.http.wire -- http-outgoing-2 << "        },[\n]"
21:37:03.994 [main] DEBUG org.apache.http.wire -- http-outgoing-2 << "        {[\n]"
21:37:03.994 [main] DEBUG org.apache.http.wire -- http-outgoing-2 << "            "nome": "Ayla Abreu",[\n]"
21:37:03.994 [main] DEBUG org.apache.http.wire -- http-outgoing-2 << "            "email": "ayla_abreu@xpto.com",[\n]"
21:37:03.994 [main] DEBUG org.apache.http.wire -- http-outgoing-2 << "            "password": "2zpJTJjs!1",[\n]"
21:37:03.994 [main] DEBUG org.apache.http.wire -- http-outgoing-2 << "            "administrador": "false",[\n]"
21:37:03.994 [main] DEBUG org.apache.http.wire -- http-outgoing-2 << "            "_id": "2CiQvAakF5KxTbpl"[\n]"
21:37:03.994 [main] DEBUG org.apache.http.wire -- http-outgoing-2 << "        },[\n]"
21:37:03.994 [main] DEBUG org.apache.http.wire -- http-outgoing-2 << "        {[\n]"
21:37:03.994 [main] DEBUG org.apache.http.wire -- http-outgoing-2 << "            "nome": "Al"
21:37:03.994 [main] DEBUG org.apache.http.wire -- http-outgoing-2 << "fred1752592641850",[\n]"
21:37:03.994 [main] DEBUG org.apache.http.wire -- http-outgoing-2 << "            "email": "alfred_1752447355950@gmail.com",[\n]"
21:37:03.994 [main] DEBUG org.apache.http.wire -- http-outgoing-2 << "            "password": "123456",[\n]"
21:37:03.994 [main] DEBUG org.apache.http.wire -- http-outgoing-2 << "            "administrador": "false",[\n]"
21:37:03.994 [main] DEBUG org.apache.http.wire -- http-outgoing-2 << "            "_id": "2Du7JEk3UJ5bv1lL"[\n]"
21:37:03.994 [main] DEBUG org.apache.http.wire -- http-outgoing-2 << "        },[\n]"
21:37:03.994 [main] DEBUG org.apache.http.wire -- http-outgoing-2 << "        {[\n]"
21:37:03.994 [main] DEBUG org.apache.http.wire -- http-outgoing-2 << "            "nome": "L[0xc3][0xad]via Montenegro",[\n]"
21:37:03.994 [main] DEBUG org.apache.http.wire -- http-outgoing-2 << "            "email": "l[0xc3][0xad]via_montenegro@xpto.com",[\n]"
21:37:03.994 [main] DEBUG org.apache.http.wire -- http-outgoing-2 << "            "password": "!&Z_0"
21:37:03.995 [main] DEBUG org.apache.http.wire -- http-outgoing-2 << "M9tWr",[\n]"
21:37:03.995 [main] DEBUG org.apache.http.wire -- http-outgoing-2 << "            "administrador": "false",[\n]"
21:37:03.995 [main] DEBUG org.apache.http.wire -- http-outgoing-2 << "            "_id": "2PfpudB3RgvIXIGO"[\n]"
21:37:03.995 [main] DEBUG org.apache.http.wire -- http-outgoing-2 << "        },[\n]"
21:37:03.995 [main] DEBUG org.apache.http.wire -- http-outgoing-2 << "        {[\n]"
21:37:03.995 [main] DEBUG org.apache.http.wire -- http-outgoing-2 << "            "nome": "Calebe Vasconcelos",[\n]"
21:37:03.995 [main] DEBUG org.apache.http.wire -- http-outgoing-2 << "            "email": "calebe_vasconcelos@xpto.com",[\n]"
21:37:03.995 [main] DEBUG org.apache.http.wire -- http-outgoing-2 << "            "password": "(37m5XiyCv",[\n]"
21:37:03.995 [main] DEBUG org.apache.http.wire -- http-outgoing-2 << "            "administrador": "false",[\n]"
21:37:03.995 [main] DEBUG org.apache.http.wire -- http-outgoing-2 << "            "_id": "2bqtExftAGTqozLm"[\n]"
21:37:03.995 [main] DEBUG org.apache.http.wire -- http-outgoing-2 << "        },[\n]"
21:37:03.995 [main] DEBUG org.apache.http.wire -- http-outgoing-2 << "        {[\n]"
21:37:03.995 [main] DEBUG org.apache.http.wire -- http-outgoing-2 << "            "nome": "Maximilian",[\n]"
21:37:03.995 [main] DEBUG org.apache.http.wire -- http-outgoing-2 << "            "email": "Eriberto_Jacobs@teste.com",[\n]"
21:37:03.995 [main] DEBUG org.apache.http.wire -- http-outgoing-2 << "            "password": "testkp",[\n]"
21:37:03.995 [main] DEBUG org.apache.http.wire -- http-outgoing-2 << "            "administrador": "true",[\n]"
21:37:03.995 [main] DEBUG org.apache.http.wire -- http-outgoing-2 << "            "_id": "2j6eM9p2RVEaV4V5"[\n]"
21:37:03.995 [main] DEBUG org.apache.http.wire -- http-outgoing-2 << "        },[\n]"
21:37:03.995 [main] DEBUG org.apache.http.wire -- http-outgoing-2 << "        {[\n]"
21:37:03.995 [main] DEBUG org.apache.http.wire -- http-outgoing-2 << "            "nome": "Madelynn",[\n]"
21:37:03.995 [main] DEBUG org.apache.http.wire -- http-outgoing-2 << "            "email": "Madelynn51@gmail.com",[\n]"
21:37:03.995 [main] DEBUG org.apache.http.wire -- http-outgoing-2 << "            "password": "teste",[\n]"
21:37:03.995 [main] DEBUG org.apache.http.wire -- http-outgoing-2 << "            "administrador": "true",[\n]"
21:37:03.995 [main] DEBUG org.apache.http.wire -- http-outgoing-2 << "            "_id": "2tEjkfgKFl2zubfC"[\n]"
21:37:03.995 [main] DEBUG org.apache.http.wire -- http-outgoing-2 << "        },[\n]"
21:37:03.995 [main] DEBUG org.apache.http.wire -- http-outgoing-2 << "        {[\n]"
21:37:03.995 [main] DEBUG org.apache.http.wire -- http-outgoing-2 << "            "nome": "Mariane Novaes",[\n]"
21:37:03.995 [main] DEBUG org.apache.http.wire -- http-outgoing-2 << "            "email": "mariane_novaes@xpto.com",[\n]"
21:37:03.995 [main] DEBUG org.apache.http.wire -- http-outgoing-2 << "            "password": "^6JuWku3^%",[\n]"
21:37:03.995 [main] DEBUG org.apache.http.wire -- http-outgoing-2 << "            "administrador": "false",[\n]"
21:37:03.996 [main] DEBUG org.apache.http.wire -- http-outgoing-2 << "            "_id": "2tdCuajwSkecBCzs"[\n]"
21:37:03.996 [main] DEBUG org.apache.http.wire -- http-outgoing-2 << "        },[\n]"
21:37:03.996 [main] DEBUG org.apache.http.wire -- http-outgoing-2 << "        {[\n]"
21:37:03.996 [main] DEBUG org.apache.http.wire -- http-outgoing-2 << "            "administrador": "true",[\n]"
21:37:03.996 [main] DEBUG org.apache.http.wire -- http-outgoing-2 << "            "
21:37:03.996 [main] DEBUG org.apache.http.wire -- http-outgoing-2 << ""email": "shawnee.mcclure@yahoo.com",[\n]"
21:37:03.996 [main] DEBUG org.apache.http.wire -- http-outgoing-2 << "            "nome": "Arnette Deckow",[\n]"
21:37:03.996 [main] DEBUG org.apache.http.wire -- http-outgoing-2 << "            "password": "password",[\n]"
21:37:03.996 [main] DEBUG org.apache.http.wire -- http-outgoing-2 << "            "_id": "3BjniMJzp7uAz21L"[\n]"
21:37:03.996 [main] DEBUG org.apache.http.wire -- http-outgoing-2 << "        },[\n]"
21:37:03.996 [main] DEBUG org.apache.http.wire -- http-outgoing-2 << "        {[\n]"
21:37:03.996 [main] DEBUG org.apache.http.wire -- http-outgoing-2 << "            "nome": "pedro henrique",[\n]"
21:37:03.996 [main] DEBUG org.apache.http.wire -- http-outgoing-2 << "            "email": "Henriquesjorge@gmail.com",[\n]"
21:37:03.996 [main] DEBUG org.apache.http.wire -- http-outgoing-2 << "            "password": "123456",[\n]"
21:37:03.996 [main] DEBUG org.apache.http.wire -- http-outgoing-2 << "            "administrador": "true",[\n]"
21:37:03.996 [main] DEBUG org.apache.http.wire -- http-outgoing-2 << "            "_id": "3EcT3iOT26roDtKw"[\n]"
21:37:03.996 [main] DEBUG org.apache.http.wire -- http-outgoing-2 << "        },[\n]"
21:37:03.996 [main] DEBUG org.apache.http.wire -- http-outgoing-2 << "      "
21:37:03.996 [main] DEBUG org.apache.http.wire -- http-outgoing-2 << "  {[\n]"
21:37:03.996 [main] DEBUG org.apache.http.wire -- http-outgoing-2 << "            "nome": "Fulano da Silva",[\n]"
21:37:03.996 [main] DEBUG org.apache.http.wire -- http-outgoing-2 << "            "email": "mmw@gmail.com",[\n]"
21:37:03.996 [main] DEBUG org.apache.http.wire -- http-outgoing-2 << "            "password": "teste",[\n]"
21:37:03.996 [main] DEBUG org.apache.http.wire -- http-outgoing-2 << "            "administrador": "true",[\n]"
21:37:03.996 [main] DEBUG org.apache.http.wire -- http-outgoing-2 << "            "_id": "3PjbSifxXKrnlXlh"[\n]"
21:37:03.996 [main] DEBUG org.apache.http.wire -- http-outgoing-2 << "        },[\n]"
21:37:03.996 [main] DEBUG org.apache.http.wire -- http-outgoing-2 << "        {[\n]"
21:37:03.996 [main] DEBUG org.apache.http.wire -- http-outgoing-2 << "            "nome": "Fulano da Silva",[\n]"
21:37:03.996 [main] DEBUG org.apache.http.wire -- http-outgoing-2 << "            "email": "beltranoas_qa9_#{karate.timestamp}@qa.com.br",[\n]"
21:37:03.996 [main] DEBUG org.apache.http.wire -- http-outgoing-2 << "            "password": "teste",[\n]"
21:37:03.996 [main] DEBUG org.apache.http.wire -- http-outgoing-2 << "            "administrador": "true",[\n]"
21:37:03.997 [main] DEBUG org.apache.http.wire -- http-outgoing-2 << "            "_id": "3Y7R1r1iXilpZ67r"[\n]"
21:37:03.997 [main] DEBUG org.apache.http.wire -- http-outgoing-2 << "        },[\n]"
21:37:03.997 [main] DEBUG org.apache.http.wire -- http-outgoing-2 << "        {[\n]"
21:37:03.997 [main] DEBUG org.apache.http.wire -- http-outgoing-2 << "            "nome": "Alfred1752592756196",[\n]"
21:37:03.997 [main] DEBUG org.apache.http.wire -- http-outgoing-2 << "            "email": "alfred_1752592756196@gmail.com",[\n]"
21:37:03.997 [main] DEBUG org.apache.http.wire -- http-outgoing-2 << "            "password": "123456",[\n]"
21:37:03.997 [main] DEBUG org.apache.http.wire -- http-outgoing-2 << "            "administrador": "false",[\n]"
21:37:03.997 [main] DEBUG org.apache.http.wire -- http-outgoing-2 << "            "_id": "41DTn2hRQNQQlhW7"[\n]"
21:37:03.997 [main] DEBUG org.apache.http.wire -- http-outgoing-2 << "        },[\n]"
21:37:03.997 [main] DEBUG org.apache.http.wire -- http-outgoing-2 << "        {[\n]"
21:37:03.997 [main] DEBUG org.apache.http.wire -- http-outgoing-2 << "            "nome": "pedro henriqu",[\n]"
21:37:03.997 [main] DEBUG org.apache.http.wire -- http-outgoing-2 << "            "email": "er@gmail.com",[\n]"
21:37:03.997 [main] DEBUG org.apache.http.wire -- http-outgoing-2 << "            "password": "34567",[\n]"
21:37:03.997 [main] DEBUG org.apache.http.wire -- http-outgoing-2 << "            "administrador": "true",[\n]"
21:37:03.997 [main] DEBUG org.apache.http.wire -- http-outgoing-2 << "            "_id": "41HvKKRgf9lKRZyh"[\n]"
21:37:03.997 [main] DEBUG org.apache.http.wire -- http-outgoing-2 << "        },[\n]"
21:37:03.997 [main] DEBUG org.apache.http.wire -- http-outgoing-2 << "        {[\n]"
21:37:03.997 [main] DEBUG org.apache.http.wire -- http-outgoing-2 << "            "nome": "LeandroQA",[\n]"
21:37:03.997 [main] DEBUG org.apache.http.wire -- http-outgoing-2 << "            "email": "leandro@qa.com.br",[\n]"
21:37:03.997 [main] DEBUG org.apache.http.wire -- http-outgoing-2 << "            "password": "teste1234",[\n]"
21:37:03.997 [main] DEBUG org.apache.http.wire -- http-outgoing-2 << "            "administrador": "tru"
21:37:03.997 [main] DEBUG org.apache.http.wire -- http-outgoing-2 << "e",[\n]"
21:37:03.997 [main] DEBUG org.apache.http.wire -- http-outgoing-2 << "            "_id": "44HAeE9wqm2hz9gN"[\n]"
21:37:03.997 [main] DEBUG org.apache.http.wire -- http-outgoing-2 << "        },[\n]"
21:37:03.997 [main] DEBUG org.apache.http.wire -- http-outgoing-2 << "        {[\n]"
21:37:03.997 [main] DEBUG org.apache.http.wire -- http-outgoing-2 << "            "nome": "Usu[0xc3][0xa1]rio Teste API",[\n]"
21:37:03.997 [main] DEBUG org.apache.http.wire -- http-outgoing-2 << "            "password": "123456",[\n]"
21:37:03.997 [main] DEBUG org.apache.http.wire -- http-outgoing-2 << "            "administrador": "true",[\n]"
21:37:03.997 [main] DEBUG org.apache.http.wire -- http-outgoing-2 << "            "email": "login_1752600032000@mail.com",[\n]"
21:37:03.997 [main] DEBUG org.apache.http.wire -- http-outgoing-2 << "            "_id": "44VPTYzuaY9PKbla"[\n]"
21:37:03.997 [main] DEBUG org.apache.http.wire -- http-outgoing-2 << "        },[\n]"
21:37:03.997 [main] DEBUG org.apache.http.wire -- http-outgoing-2 << "        {[\n]"
21:37:03.997 [main] DEBUG org.apache.http.wire -- http-outgoing-2 << "            "nome": "Alexa",[\n]"
21:37:03.997 [main] DEBUG org.apache.http.wire -- http-outgoing-2 << "            "email": "Noah41@gmail.com",[\n]"
21:37:03.997 [main] DEBUG org.apache.http.wire -- http-outgoing-2 << "            "password": "I"
21:37:03.997 [main] DEBUG org.apache.http.wire -- http-outgoing-2 << "r9Ubpnj9w1D2pK",[\n]"
21:37:03.997 [main] DEBUG org.apache.http.wire -- http-outgoing-2 << "            "administrador": "false",[\n]"
21:37:03.997 [main] DEBUG org.apache.http.wire -- http-outgoing-2 << "            "_id": "4D4gVrvPqZTafM2K"[\n]"
21:37:03.998 [main] DEBUG org.apache.http.wire -- http-outgoing-2 << "        },[\n]"
21:37:03.998 [main] DEBUG org.apache.http.wire -- http-outgoing-2 << "        {[\n]"
21:37:03.998 [main] DEBUG org.apache.http.wire -- http-outgoing-2 << "            "nome": "Fulano da Silva",[\n]"
21:37:03.998 [main] DEBUG org.apache.http.wire -- http-outgoing-2 << "            "email": "beltranoas_qa_#{karate.timestamp}@qa.com.br",[\n]"
21:37:03.998 [main] DEBUG org.apache.http.wire -- http-outgoing-2 << "            "password": "teste",[\n]"
21:37:03.998 [main] DEBUG org.apache.http.wire -- http-outgoing-2 << "            "administrador": "true",[\n]"
21:37:03.998 [main] DEBUG org.apache.http.wire -- http-outgoing-2 << "            "_id": "4MSpSfhqJ56K7BDq"[\n]"
21:37:03.998 [main] DEBUG org.apache.http.wire -- http-outgoing-2 << "        },[\n]"
21:37:03.998 [main] DEBUG org.apache.http.wire -- http-outgoing-2 << "        {[\n]"
21:37:03.998 [main] DEBUG org.apache.http.wire -- http-outgoing-2 << "            "nome": "victor siq",[\n]"
21:37:03.998 [main] DEBUG org.apache.http.wire -- http-outgoing-2 << "            "email": "victor.1752632243489@teste.com",[\n]"
21:37:03.998 [main] DEBUG org.apache.http.wire -- http-outgoing-2 << "            "password": "victor1234",[\n]"
21:37:03.998 [main] DEBUG org.apache.http.wire -- http-outgoing-2 << "            "administrador": "false",[\n]"
21:37:03.998 [main] DEBUG org.apache.http.wire -- http-outgoing-2 << "            "_id": "4ReVuAfxPwgcGZu3"[\n]"
21:37:03.998 [main] DEBUG org.apache.http.wire -- http-outgoing-2 << "        },[\n]"
21:37:03.998 [main] DEBUG org.apache.http.wire -- http-outgoing-2 << "        {[\n]"
21:37:03.998 [main] DEBUG org.apache.http.wire -- http-outgoing-2 << "            "nome": "Adelbert",[\n]"
21:37:03.998 [main] DEBUG org.apache.http.wire -- http-outgoing-2 << "            "email": "Adelbert_Brakus@gmail.com",[\n]"
21:37:03.998 [main] DEBUG org.apache.http.wire -- http-outgoing-2 << "            "password": "teste",[\n]"
21:37:03.998 [main] DEBUG org.apache.http.wire -- http-outgoing-2 << "            "administrador": "true",[\n]"
21:37:03.998 [main] DEBUG org.apache.http.wire -- http-outgoing-2 << "            "_id": "4WjoMwB76iHi0vGr"[\n]"
21:37:03.998 [main] DEBUG org.apache.http.wire -- http-outgoing-2 << "        },[\n]"
21:37:03.998 [main] DEBUG org.apache.http.wire -- http-outgoing-2 << "        {[\n]"
21:37:03.998 [main] DEBUG org.apache.http.wire -- http-outgoing-2 << "            "nome": "Wyatt",[\n]"
21:37:03.998 [main] DEBUG org.apache.http.wire -- http-outgoing-2 << "            "email": "Wyatt_Willms@yahoo.com",[\n]"
21:37:03.998 [main] DEBUG org.apache.http.wire -- http-outgoing-2 << "            "password": "teste",[\n]"
21:37:03.998 [main] DEBUG org.apache.http.wire -- http-outgoing-2 << "            "administrador": "true",[\n]"
21:37:03.998 [main] DEBUG org.apache.http.wire -- http-outgoing-2 << "            "_id": "4zogaSTqX6RlmB4W"[\n]"
21:37:03.998 [main] DEBUG org.apache.http.wire -- http-outgoing-2 << "        },[\n]"
21:37:03.998 [main] DEBUG org.apache.http.wire -- http-outgoing-2 << "        {[\n]"
21:37:03.998 [main] DEBUG org.apache.http.wire -- http-outgoing-2 << "            "nome": "Matheus Vieir"
21:37:03.998 [main] DEBUG org.apache.http.wire -- http-outgoing-2 << "a",[\n]"
21:37:03.998 [main] DEBUG org.apache.http.wire -- http-outgoing-2 << "            "email": "matheus_vieira@xpto.com",[\n]"
21:37:03.998 [main] DEBUG org.apache.http.wire -- http-outgoing-2 << "            "password": ")w5oP$2l8w",[\n]"
21:37:03.998 [main] DEBUG org.apache.http.wire -- http-outgoing-2 << "            "administrador": "false",[\n]"
21:37:03.998 [main] DEBUG org.apache.http.wire -- http-outgoing-2 << "            "_id": "50u3eykDdQJyjjRU"[\n]"
21:37:03.998 [main] DEBUG org.apache.http.wire -- http-outgoing-2 << "        },[\n]"
21:37:03.998 [main] DEBUG org.apache.http.wire -- http-outgoing-2 << "        {[\n]"
21:37:03.998 [main] DEBUG org.apache.http.wire -- http-outgoing-2 << "            "nome": "Davi castro moreira",[\n]"
21:37:03.998 [main] DEBUG org.apache.http.wire -- http-outgoing-2 << "            "email": "henr"
21:37:03.999 [main] DEBUG org.apache.http.wire -- http-outgoing-2 << "iquesbruno@gmail.com",[\n]"
21:37:03.999 [main] DEBUG org.apache.http.wire -- http-outgoing-2 << "            "password": "01050200zdk.",[\n]"
21:37:03.999 [main] DEBUG org.apache.http.wire -- http-outgoing-2 << "            "administrador": "true",[\n]"
21:37:03.999 [main] DEBUG org.apache.http.wire -- http-outgoing-2 << "            "_id": "513Ta1TofSVc6g59"[\n]"
21:37:03.999 [main] DEBUG org.apache.http.wire -- http-outgoing-2 << "        },[\n]"
21:37:03.999 [main] DEBUG org.apache.http.wire -- http-outgoing-2 << "        {[\n]"
21:37:03.999 [main] DEBUG org.apache.http.wire -- http-outgoing-2 << "            "nome": "Bina",[\n]"
21:37:03.999 [main] DEBUG org.apache.http.wire -- http-outgoing-2 << "            "email": "Bina@gmail.com",[\n]"
21:37:03.999 [main] DEBUG org.apache.http.wire -- http-outgoing-2 << "            "password": "Uvapassa134",[\n]"
21:37:03.999 [main] DEBUG org.apache.http.wire -- http-outgoing-2 << "            "administrador": "true",[\n]"
21:37:03.999 [main] DEBUG org.apache.http.wire -- http-outgoing-2 << "            "_id": "5D7iPhvr58TdTrR8"[\n]"
21:37:03.999 [main] DEBUG org.apache.http.wire -- http-outgoing-2 << "        },[\n]"
21:37:03.999 [main] DEBUG org.apache.http.wire -- http-outgoing-2 << "        {[\n]"
21:37:03.999 [main] DEBUG org.apache.http.wire -- http-outgoing-2 << "            "nome": "Fulano da Silva",[\n]"
21:37:03.999 [main] DEBUG org.apache.http.wire -- http-outgoing-2 << "            "email": "cascas@qas.com.br",[\n]"
21:37:03.999 [main] DEBUG org.apache.http.wire -- http-outgoing-2 << "            "password": "teste",[\n]"
21:37:03.999 [main] DEBUG org.apache.http.wire -- http-outgoing-2 << "            "administrador": "true",[\n]"
21:37:03.999 [main] DEBUG org.apache.http.wire -- http-outgoing-2 << "            "_id": "5LhsyFUOrODPKcOu"[\n]"
21:37:03.999 [main] DEBUG org.apache.http.wire -- http-outgoing-2 << "        },[\n]"
21:37:03.999 [main] DEBUG org.apache.http.wire -- http-outgoing-2 << "        {[\n]"
21:37:03.999 [main] DEBUG org.apache.http.wire -- http-outgoing-2 << "            "administrador": "true",[\n]"
21:37:03.999 [main] DEBUG org.apache.http.wire -- http-outgoing-2 << "            "email": "kermit.dubuque@gmail.com",[\n]"
21:37:03.999 [main] DEBUG org.apache.http.wire -- http-outgoing-2 << "            "nome": "Dwight Connelly Sr.",[\n]"
21:37:03.999 [main] DEBUG org.apache.http.wire -- http-outgoing-2 << "            "password": "password",[\n]"
21:37:03.999 [main] DEBUG org.apache.http.wire -- http-outgoing-2 << "            "_id": "5Vugn8gsMUllr0Ct"[\n]"
21:37:03.999 [main] DEBUG org.apache.http.wire -- http-outgoing-2 << "        },[\n]"
21:37:03.999 [main] DEBUG org.apache.http.wire -- http-outgoing-2 << "        {[\n]"
21:37:04.000 [main] DEBUG org.apache.http.wire -- http-outgoing-2 << "            "nome": "Alfred1752593524547",[\n]"
21:37:04.000 [main] DEBUG org.apache.http.wire -- http-outgoing-2 << "            "email": "alfred_1752593524547@gmail.com",[\n]"
21:37:04.000 [main] DEBUG org.apache.http.wire -- http-outgoing-2 << "            "password": "123456",[\n]"
21:37:04.000 [main] DEBUG org.apache.http.wire -- http-outgoing-2 << "            "administrador": "false",[\n]"
21:37:04.000 [main] DEBUG org.apache.http.wire -- http-outgoing-2 << "            "_id": "5XTL3WhBaAK7kCDh"[\n]"
21:37:04.000 [main] DEBUG org.apache.http.wire -- http-outgoing-2 << "        },[\n]"
21:37:04.000 [main] DEBUG org.apache.http.wire -- http-outgoing-2 << "        {[\n]"
21:37:04.000 [main] DEBUG org.apache.http.wire -- http-outgoing-2 << "            "nome": "Usu[0xc3][0xa1]rio Teste API",[\n]"
21:37:04.000 [main] DEBUG org.apache.http.wire -- http-outgoing-2 << "            "password": "123456",[\n]"
21:37:04.000 [main] DEBUG org.apache.http.wire -- http-outgoing-2 << "            "administrador": "true",[\n]"
21:37:04.000 [main] DEBUG org.apache.http.wire -- http-outgoing-2 << "            "email": "senhaerrada_1752600125536@mail.com",[\n]"
21:37:04.000 [main] DEBUG org.apache.http.wire -- http-outgoing-2 << "            "_id": "5jlb3nELY78ULDi5"[\n]"
21:37:04.000 [main] DEBUG org.apache.http.wire -- http-outgoing-2 << "        },[\n]"
21:37:04.000 [main] DEBUG org.apache.http.wire -- http-outgoing-2 << "        {[\n]"
21:37:04.000 [main] DEBUG org.apache.http.wire -- http-outgoing-2 << "            "nome": "alexson",[\n]"
21:37:04.000 [main] DEBUG org.apache.http.wire -- http-outgoing-2 << "            "email": "alexson@gmail.com.br",[\n]"
21:37:04.000 [main] DEBUG org.apache.http.wire -- http-outgoing-2 << "            "password": "teste",[\n]"
21:37:04.000 [main] DEBUG org.apache.http.wire -- http-outgoing-2 << "            "administrador": "true",[\n]"
21:37:04.000 [main] DEBUG org.apache.http.wire -- http-outgoing-2 << "       "
21:37:04.070 [main] DEBUG org.apache.http.wire -- http-outgoing-2 << "     "_id": "5oeaVXgm6y0oojaq"[\n]"
21:37:04.070 [main] DEBUG org.apache.http.wire -- http-outgoing-2 << "        },[\n]"
21:37:04.070 [main] DEBUG org.apache.http.wire -- http-outgoing-2 << "        {[\n]"
21:37:04.070 [main] DEBUG org.apache.http.wire -- http-outgoing-2 << "            "nome": "Nicollas jos[0xc3][0xa9]",[\n]"
21:37:04.070 [main] DEBUG org.apache.http.wire -- http-outgoing-2 << "            "email": "eric@gmail.com",[\n]"
21:37:04.070 [main] DEBUG org.apache.http.wire -- http-outgoing-2 << "            "password": "34567",[\n]"
21:37:04.070 [main] DEBUG org.apache.http.wire -- http-outgoing-2 << "            "administrador": "true",[\n]"
21:37:04.070 [main] DEBUG org.apache.http.wire -- http-outgoing-2 << "            "_id": "60tsYd8NYkuMLENh"[\n]"
21:37:04.070 [main] DEBUG org.apache.http.wire -- http-outgoing-2 << "        },[\n]"
21:37:04.070 [main] DEBUG org.apache.http.wire -- http-outgoing-2 << "        {[\n]"
21:37:04.070 [main] DEBUG org.apache.http.wire -- http-outgoing-2 << "            "nome": "Fulano",[\n]"
21:37:04.070 [main] DEBUG org.apache.http.wire -- http-outgoing-2 << "            "email": "cachorrofake@gmail.com",[\n]"
21:37:04.070 [main] DEBUG org.apache.http.wire -- http-outgoing-2 << "            "password": "123456789",[\n]"
21:37:04.071 [main] DEBUG org.apache.http.wire -- http-outgoing-2 << "            "administrador": "true",[\n]"
21:37:04.071 [main] DEBUG org.apache.http.wire -- http-outgoing-2 << "            "_id": "63xD3XAfztN01ZkN"[\n]"
21:37:04.071 [main] DEBUG org.apache.http.wire -- http-outgoing-2 << "        },[\n]"
21:37:04.071 [main] DEBUG org.apache.http.wire -- http-outgoing-2 << "        {[\n]"
21:37:04.071 [main] DEBUG org.apache.http.wire -- http-outgoing-2 << "            "nome": "O Prof [0xc3][0xa9] demais da Silva",[\n]"
21:37:04.071 [main] DEBUG org.apache.http.wire -- http-outgoing-2 << "            "email": "gabrielconceicaonascimentoenzo@gmail.com",[\n]"
21:37:04.071 [main] DEBUG org.apache.http.wire -- http-outgoing-2 << "            "password": "123",[\n]"
21:37:04.071 [main] DEBUG org.apache.http.wire -- http-outgoing-2 << "            "administrador": "true",[\n]"
21:37:04.071 [main] DEBUG org.apache.http.wire -- http-outgoing-2 << "            "_id": "6ABwnStk6l8aBerl"[\n]"
21:37:04.071 [main] DEBUG org.apache.http.wire -- http-outgoing-2 << "        },[\n]"
21:37:04.071 [main] DEBUG org.apache.http.wire -- http-outgoing-2 << "        {[\n]"
21:37:04.071 [main] DEBUG org.apache.http.wire -- http-outgoing-2 << "            "nome": "Usu[0xc3][0xa1]rio Teste API",[\n]"
21:37:04.071 [main] DEBUG org.apache.http.wire -- http-outgoing-2 << "            "password": "123456",[\n]"
21:37:04.071 [main] DEBUG org.apache.http.wire -- http-outgoing-2 << "            "administrador": "true",[\n]"
21:37:04.071 [main] DEBUG org.apache.http.wire -- http-outgoing-2 << "            "email": "login_1752600370232@mail.com",[\n]"
21:37:04.071 [main] DEBUG org.apache.http.wire -- http-outgoing-2 << "            "_id": "6K2aABa1DUjbfzXv"[\n]"
21:37:04.071 [main] DEBUG org.apache.http.wire -- http-outgoing-2 << "        },[\n]"
21:37:04.071 [main] DEBUG org.apache.http.wire -- http-outgoing-2 << "        {[\n]"
21:37:04.071 [main] DEBUG org.apache.http.wire -- http-outgoing-2 << "            "nome": "Barney",[\n]"
21:37:04.071 [main] DEBUG org.apache.http.wire -- http-outgoing-2 << "            "email": "Isobel.Abbott2@teste.com",[\n]"
21:37:04.071 [main] DEBUG org.apache.http.wire -- http-outgoing-2 << "           "
21:37:04.071 [main] DEBUG org.apache.http.wire -- http-outgoing-2 << " "password": "testkR",[\n]"
21:37:04.071 [main] DEBUG org.apache.http.wire -- http-outgoing-2 << "            "administrador": "true",[\n]"
21:37:04.071 [main] DEBUG org.apache.http.wire -- http-outgoing-2 << "            "_id": "6Kiv87ArbPnbkB1S"[\n]"
21:37:04.071 [main] DEBUG org.apache.http.wire -- http-outgoing-2 << "        },[\n]"
21:37:04.071 [main] DEBUG org.apache.http.wire -- http-outgoing-2 << "        {[\n]"
21:37:04.071 [main] DEBUG org.apache.http.wire -- http-outgoing-2 << "            "nome": "Judge",[\n]"
21:37:04.071 [main] DEBUG org.apache.http.wire -- http-outgoing-2 << "            "email": "Angelo29@teste.com",[\n]"
21:37:04.071 [main] DEBUG org.apache.http.wire -- http-outgoing-2 << "            "password": "test2I",[\n]"
21:37:04.071 [main] DEBUG org.apache.http.wire -- http-outgoing-2 << "            "administrador": "true",[\n]"
21:37:04.071 [main] DEBUG org.apache.http.wire -- http-outgoing-2 << "            "_id": "6LccbyywlxIvRr0M"[\n]"
21:37:04.071 [main] DEBUG org.apache.http.wire -- http-outgoing-2 << "        },[\n]"
21:37:04.071 [main] DEBUG org.apache.http.wire -- http-outgoing-2 << "        {[\n]"
21:37:04.071 [main] DEBUG org.apache.http.wire -- http-outgoing-2 << "            "nome": "victor siq",[\n]"
21:37:04.071 [main] DEBUG org.apache.http.wire -- http-outgoing-2 << "            "email": "victor."
21:37:04.071 [main] DEBUG org.apache.http.wire -- http-outgoing-2 << "1752631772392@teste.com",[\n]"
21:37:04.071 [main] DEBUG org.apache.http.wire -- http-outgoing-2 << "            "password": "victor1234",[\n]"
21:37:04.071 [main] DEBUG org.apache.http.wire -- http-outgoing-2 << "            "administrador": "false",[\n]"
21:37:04.071 [main] DEBUG org.apache.http.wire -- http-outgoing-2 << "            "_id": "6NpTJPCEtvFBtj5o"[\n]"
21:37:04.072 [main] DEBUG org.apache.http.wire -- http-outgoing-2 << "        },[\n]"
21:37:04.072 [main] DEBUG org.apache.http.wire -- http-outgoing-2 << "        {[\n]"
21:37:04.072 [main] DEBUG org.apache.http.wire -- http-outgoing-2 << "            "nome": "Joana Silva",[\n]"
21:37:04.072 [main] DEBUG org.apache.http.wire -- http-outgoing-2 << "            "email": "sda@sda.com.br",[\n]"
21:37:04.072 [main] DEBUG org.apache.http.wire -- http-outgoing-2 << "            "password": "teste",[\n]"
21:37:04.072 [main] DEBUG org.apache.http.wire -- http-outgoing-2 << "            "administrador": "true",[\n]"
21:37:04.072 [main] DEBUG org.apache.http.wire -- http-outgoing-2 << "            "_id": "6UhFLgZtDHfSGLgi"[\n]"
21:37:04.072 [main] DEBUG org.apache.http.wire -- http-outgoing-2 << "        },[\n]"
21:37:04.072 [main] DEBUG org.apache.http.wire -- http-outgoing-2 << "        {[\n]"
21:37:04.072 [main] DEBUG org.apache.http.wire -- http-outgoing-2 << "            "nome": "victor siq",[\n]"
21:37:04.072 [main] DEBUG org.apache.http.wire -- http-outgoing-2 << "            "email": "victor.1752629308029@teste.com",[\n]"
21:37:04.072 [main] DEBUG org.apache.http.wire -- http-outgoing-2 << "            "password": "victor1234",[\n]"
21:37:04.072 [main] DEBUG org.apache.http.wire -- http-outgoing-2 << "            "administrador": "false",[\n]"
21:37:04.072 [main] DEBUG org.apache.http.wire -- http-outgoing-2 << "            "_id": "6lfBFI1uPBNoHdRo"[\n]"
21:37:04.072 [main] DEBUG org.apache.http.wire -- http-outgoing-2 << "        },[\n]"
21:37:04.072 [main] DEBUG org.apache.http.wire -- http-outgoing-2 << "        {[\n]"
21:37:04.072 [main] DEBUG org.apache.http.wire -- http-outgoing-2 << "            "nome": "matheus",[\n]"
21:37:04.072 [main] DEBUG org.apache.http.wire -- http-outgoing-2 << "            "email": "matheusdiasdroidap54@gmail.com",[\n]"
21:37:04.072 [main] DEBUG org.apache.http.wire -- http-outgoing-2 << "            "password": "Bolsonaro2026",[\n]"
21:37:04.072 [main] DEBUG org.apache.http.wire -- http-outgoing-2 << "            "administrador": "false",[\n]"
21:37:04.072 [main] DEBUG org.apache.http.wire -- http-outgoing-2 << "            "_id": "72q08HpRDxzw6GoI"[\n]"
21:37:04.072 [main] DEBUG org.apache.http.wire -- http-outgoing-2 << "        },[\n]"
21:37:04.072 [main] DEBUG org.apache.http.wire -- http-outgoing-2 << "        {[\n]"
21:37:04.072 [main] DEBUG org.apache.http.wire -- http-outgoing-2 << "            "nome": "Mateus Pastor",[\n]"
21:37:04.072 [main] DEBUG org.apache.http.wire -- http-outgoing-2 << "            "email": "mateus_pastor@xpto.com",[\n]"
21:37:04.072 [main] DEBUG org.apache.http.wire -- http-outgoing-2 << "            "password": "31dMLeoZ)c",[\n]"
21:37:04.072 [main] DEBUG org.apache.http.wire -- http-outgoing-2 << "            "administrador": "false",[\n]"
21:37:04.072 [main] DEBUG org.apache.http.wire -- http-outgoing-2 << "            "_id": "72y46UVUQVNaZObm"[\n]"
21:37:04.072 [main] DEBUG org.apache.http.wire -- http-outgoing-2 << "        },[\n]"
21:37:04.072 [main] DEBUG org.apache.http.wire -- http-outgoing-2 << "   "
21:37:04.072 [main] DEBUG org.apache.http.wire -- http-outgoing-2 << "     {[\n]"
21:37:04.072 [main] DEBUG org.apache.http.wire -- http-outgoing-2 << "            "nome": "Kenna_Considine54",[\n]"
21:37:04.072 [main] DEBUG org.apache.http.wire -- http-outgoing-2 << "            "email": "contato@registrado.com",[\n]"
21:37:04.072 [main] DEBUG org.apache.http.wire -- http-outgoing-2 << "            "password": "9Y1lTQVCheu46AN",[\n]"
21:37:04.072 [main] DEBUG org.apache.http.wire -- http-outgoing-2 << "            "administrador": "true",[\n]"
21:37:04.072 [main] DEBUG org.apache.http.wire -- http-outgoing-2 << "            "_id": "7735qLqOsZQC8uI7"[\n]"
21:37:04.072 [main] DEBUG org.apache.http.wire -- http-outgoing-2 << "        },[\n]"
21:37:04.072 [main] DEBUG org.apache.http.wire -- http-outgoing-2 << "        {[\n]"
21:37:04.072 [main] DEBUG org.apache.http.wire -- http-outgoing-2 << "            "nome": "A"
21:37:04.072 [main] DEBUG org.apache.http.wire -- http-outgoing-2 << "rvilla",[\n]"
21:37:04.073 [main] DEBUG org.apache.http.wire -- http-outgoing-2 << "            "email": "Joesph_Sauer80@teste.com",[\n]"
21:37:04.073 [main] DEBUG org.apache.http.wire -- http-outgoing-2 << "            "password": "testZB",[\n]"
21:37:04.073 [main] DEBUG org.apache.http.wire -- http-outgoing-2 << "            "administrador": "true",[\n]"
21:37:04.073 [main] DEBUG org.apache.http.wire -- http-outgoing-2 << "            "_id": "7F42iWoZ9DaiyROy"[\n]"
21:37:04.073 [main] DEBUG org.apache.http.wire -- http-outgoing-2 << "        },[\n]"
21:37:04.073 [main] DEBUG org.apache.http.wire -- http-outgoing-2 << "        {[\n]"
21:37:04.073 [main] DEBUG org.apache.http.wire -- http-outgoing-2 << "            "nome": "Guadalupe Batz",[\n]"
21:37:04.073 [main] DEBUG org.apache.http.wire -- http-outgoing-2 << "            "email": "guadalupebatz@test.com",[\n]"
21:37:04.073 [main] DEBUG org.apache.http.wire -- http-outgoing-2 << "            "password": "Test;123",[\n]"
21:37:04.073 [main] DEBUG org.apache.http.wire -- http-outgoing-2 << "            "administrador": "true",[\n]"
21:37:04.073 [main] DEBUG org.apache.http.wire -- http-outgoing-2 << "            "_id": "7a0ONcHtanAnBz7u"[\n]"
21:37:04.073 [main] DEBUG org.apache.http.wire -- http-outgoing-2 << "        },[\n]"
21:37:04.073 [main] DEBUG org.apache.http.wire -- http-outgoing-2 << "        {[\n]"
21:37:04.073 [main] DEBUG org.apache.http.wire -- http-outgoing-2 << "            "nome": "Catarina Barbosa",[\n]"
21:37:04.073 [main] DEBUG org.apache.http.wire -- http-outgoing-2 << "            "email": "catarina_barbosa@xpto.com",[\n]"
21:37:04.073 [main] DEBUG org.apache.http.wire -- http-outgoing-2 << "            "password": "x&1j7T4m)&",[\n]"
21:37:04.073 [main] DEBUG org.apache.http.wire -- http-outgoing-2 << "            "administrador": "false",[\n]"
21:37:04.073 [main] DEBUG org.apache.http.wire -- http-outgoing-2 << "            "_id": "7dZbkdsrvBP0NCr1"[\n]"
21:37:04.073 [main] DEBUG org.apache.http.wire -- http-outgoing-2 << "        },[\n]"
21:37:04.073 [main] DEBUG org.apache.http.wire -- http-outgoing-2 << "        {[\n]"
21:37:04.073 [main] DEBUG org.apache.http.wire -- http-outgoing-2 << "            "nome": "Clark",[\n]"
21:37:04.073 [main] DEBUG org.apache.http.wire -- http-outgoing-2 << "            "email": "eunaosouosuperman@gmail.com",[\n]"
21:37:04.073 [main] DEBUG org.apache.http.wire -- http-outgoing-2 << "            "password": "superhomem12345",[\n]"
21:37:04.073 [main] DEBUG org.apache.http.wire -- http-outgoing-2 << "            "administrador": "true",[\n]"
21:37:04.073 [main] DEBUG org.apache.http.wire -- http-outgoing-2 << "            "_id": "7jnHLUtroj8OaYoP"[\n]"
21:37:04.073 [main] DEBUG org.apache.http.wire -- http-outgoing-2 << "        },[\n]"
21:37:04.073 [main] DEBUG org.apache.http.wire -- http-outgoing-2 << "        {[\n]"
21:37:04.073 [main] DEBUG org.apache.http.wire -- http-outgoing-2 << "            "nome": "Eu QA Luan Martins",[\n]"
21:37:04.073 [main] DEBUG org.apache.http.wire -- http-outgoing-2 << "            "email": "eu-qa@eqa.com.br",[\n]"
21:37:04.073 [main] DEBUG org.apache.http.wire -- http-outgoing-2 << "            "password": "teste",[\n]"
21:37:04.073 [main] DEBUG org.apache.http.wire -- http-outgoing-2 << "            "administrador": "true",[\n]"
21:37:04.073 [main] DEBUG org.apache.http.wire -- http-outgoing-2 << "            "_id": "7"
21:37:04.073 [main] DEBUG org.apache.http.wire -- http-outgoing-2 << "uBKoCFLkEYREIlt"[\n]"
21:37:04.073 [main] DEBUG org.apache.http.wire -- http-outgoing-2 << "        },[\n]"
21:37:04.073 [main] DEBUG org.apache.http.wire -- http-outgoing-2 << "        {[\n]"
21:37:04.073 [main] DEBUG org.apache.http.wire -- http-outgoing-2 << "            "nome": "Fulano da Silva",[\n]"
21:37:04.073 [main] DEBUG org.apache.http.wire -- http-outgoing-2 << "            "email": "usere00044c6@gmail.com",[\n]"
21:37:04.073 [main] DEBUG org.apache.http.wire -- http-outgoing-2 << "            "password": "teste",[\n]"
21:37:04.073 [main] DEBUG org.apache.http.wire -- http-outgoing-2 << "            "administrador": "true",[\n]"
21:37:04.073 [main] DEBUG org.apache.http.wire -- http-outgoing-2 << "            "_id": "7waM9p8hhSaOpai4"[\n]"
21:37:04.073 [main] DEBUG org.apache.http.wire -- http-outgoing-2 << "        },[\n]"
21:37:04.073 [main] DEBUG org.apache.http.wire -- http-outgoing-2 << "        {[\n]"
21:37:04.073 [main] DEBUG org.apache.http.wire -- http-outgoing-2 << "            "nome": "Sydnee",[\n]"
21:37:04.073 [main] DEBUG org.apache.http.wire -- http-outgoing-2 << "            "email": "Hailey_Kunze@example.com",[\n]"
21:37:04.073 [main] DEBUG org.apache.http.wire -- http-outgoing-2 << "            "password": "testCc",[\n]"
21:37:04.073 [main] DEBUG org.apache.http.wire -- http-outgoing-2 << "            "admin"
21:37:04.073 [main] DEBUG org.apache.http.wire -- http-outgoing-2 << "istrador": "true",[\n]"
21:37:04.074 [main] DEBUG org.apache.http.wire -- http-outgoing-2 << "            "_id": "807kAYQ5gEzsXYN2"[\n]"
21:37:04.074 [main] DEBUG org.apache.http.wire -- http-outgoing-2 << "        },[\n]"
21:37:04.074 [main] DEBUG org.apache.http.wire -- http-outgoing-2 << "        {[\n]"
21:37:04.074 [main] DEBUG org.apache.http.wire -- http-outgoing-2 << "            "nome": "Novo Usuario",[\n]"
21:37:04.074 [main] DEBUG org.apache.http.wire -- http-outgoing-2 << "            "email": "user_2025-07-15T2131194211342@qa.com.br",[\n]"
21:37:04.074 [main] DEBUG org.apache.http.wire -- http-outgoing-2 << "            "password": "123456",[\n]"
21:37:04.074 [main] DEBUG org.apache.http.wire -- http-outgoing-2 << "            "administrador": "false",[\n]"
21:37:04.074 [main] DEBUG org.apache.http.wire -- http-outgoing-2 << "            "_id": "81IXZBFWyfdCGdhq"[\n]"
21:37:04.074 [main] DEBUG org.apache.http.wire -- http-outgoing-2 << "        },[\n]"
21:37:04.074 [main] DEBUG org.apache.http.wire -- http-outgoing-2 << "        {[\n]"
21:37:04.074 [main] DEBUG org.apache.http.wire -- http-outgoing-2 << "            "nome": "Alfred1752594098619",[\n]"
21:37:04.074 [main] DEBUG org.apache.http.wire -- http-outgoing-2 << "            "email": "alfred_1752594098619@gmail.com",[\n]"
21:37:04.074 [main] DEBUG org.apache.http.wire -- http-outgoing-2 << "            "password": "123456",[\n]"
21:37:04.074 [main] DEBUG org.apache.http.wire -- http-outgoing-2 << "            "administrador": "false",[\n]"
21:37:04.074 [main] DEBUG org.apache.http.wire -- http-outgoing-2 << "            "_id": "81MltAnU1I9GMKgz"[\n]"
21:37:04.074 [main] DEBUG org.apache.http.wire -- http-outgoing-2 << "        },[\n]"
21:37:04.074 [main] DEBUG org.apache.http.wire -- http-outgoing-2 << "        {[\n]"
21:37:04.074 [main] DEBUG org.apache.http.wire -- http-outgoing-2 << "            "nome": "Vergil",[\n]"
21:37:04.074 [main] DEBUG org.apache.http.wire -- http-outgoing-2 << "            "email": "Vergilconta@gmail.com",[\n]"
21:37:04.074 [main] DEBUG org.apache.http.wire -- http-outgoing-2 << "            "password": "123456789",[\n]"
21:37:04.074 [main] DEBUG org.apache.http.wire -- http-outgoing-2 << "            "administrador": "true",[\n]"
21:37:04.074 [main] DEBUG org.apache.http.wire -- http-outgoing-2 << "            "_id": "83BQczyRik1zTFYt"[\n]"
21:37:04.074 [main] DEBUG org.apache.http.wire -- http-outgoing-2 << "        },[\n]"
21:37:04.074 [main] DEBUG org.apache.http.wire -- http-outgoing-2 << "        {[\n]"
21:37:04.074 [main] DEBUG org.apache.http.wire -- http-outgoing-2 << "            "nome": "Matheus",[\n]"
21:37:04.074 [main] DEBUG org.apache.http.wire -- http-outgoing-2 << "            "email": "emailtestetestando@gmail.com",[\n]"
21:37:04.074 [main] DEBUG org.apache.http.wire -- http-outgoing-2 << "            "password": "{testemaneiro}",[\n]"
21:37:04.074 [main] DEBUG org.apache.http.wire -- http-outgoing-2 << "            "administrador": "true",[\n]"
21:37:04.074 [main] DEBUG org.apache.http.wire -- http-outgoing-2 << "            "_id": "8AtKfMFslsMCyNIN"[\n]"
21:37:04.074 [main] DEBUG org.apache.http.wire -- http-outgoing-2 << "        },[\n]"
21:37:04.074 [main] DEBUG org.apache.http.wire -- http-outgoing-2 << "        {[\n]"
21:37:04.074 [main] DEBUG org.apache.http.wire -- http-outgoing-2 << "            "nome": "Fulano",[\n]"
21:37:04.074 [main] DEBUG org.apache.http.wire -- http-outgoing-2 << "            "email": "EMA"
21:37:04.074 [main] DEBUG org.apache.http.wire -- http-outgoing-2 << "IL=ecdm@qa.com",[\n]"
21:37:04.074 [main] DEBUG org.apache.http.wire -- http-outgoing-2 << "            "password": "teste",[\n]"
21:37:04.074 [main] DEBUG org.apache.http.wire -- http-outgoing-2 << "            "administrador": "true",[\n]"
21:37:04.074 [main] DEBUG org.apache.http.wire -- http-outgoing-2 << "            "_id": "8Ft5xnttGpegFXnc"[\n]"
21:37:04.074 [main] DEBUG org.apache.http.wire -- http-outgoing-2 << "        },[\n]"
21:37:04.074 [main] DEBUG org.apache.http.wire -- http-outgoing-2 << "        {[\n]"
21:37:04.074 [main] DEBUG org.apache.http.wire -- http-outgoing-2 << "            "nome": "Dante Melo",[\n]"
21:37:04.074 [main] DEBUG org.apache.http.wire -- http-outgoing-2 << "            "email": "dante_melo@xpto.com",[\n]"
21:37:04.074 [main] DEBUG org.apache.http.wire -- http-outgoing-2 << "            "password": "$_ih0IMxOt",[\n]"
21:37:04.074 [main] DEBUG org.apache.http.wire -- http-outgoing-2 << "            "administrador": "false",[\n]"
21:37:04.074 [main] DEBUG org.apache.http.wire -- http-outgoing-2 << "            "_id": "8LCs59Jw6KhnIXSO"[\n]"
21:37:04.074 [main] DEBUG org.apache.http.wire -- http-outgoing-2 << "        },[\n]"
21:37:04.074 [main] DEBUG org.apache.http.wire -- http-outgoing-2 << "        {[\n]"
21:37:04.074 [main] DEBUG org.apache.http.wire -- http-outgoing-2 << "            "nome": "Luci"
21:37:04.074 [main] DEBUG org.apache.http.wire -- http-outgoing-2 << "ous68",[\n]"
21:37:04.074 [main] DEBUG org.apache.http.wire -- http-outgoing-2 << "            "email": "Lucy.Stehr43@yahoo.com",[\n]"
21:37:04.074 [main] DEBUG org.apache.http.wire -- http-outgoing-2 << "            "password": "U88rpDGijCWPqzx",[\n]"
21:37:04.074 [main] DEBUG org.apache.http.wire -- http-outgoing-2 << "            "administrador": "true",[\n]"
21:37:04.074 [main] DEBUG org.apache.http.wire -- http-outgoing-2 << "            "_id": "8ggs3kp3ne2pHR8U"[\n]"
21:37:04.074 [main] DEBUG org.apache.http.wire -- http-outgoing-2 << "        },[\n]"
21:37:04.074 [main] DEBUG org.apache.http.wire -- http-outgoing-2 << "        {[\n]"
21:37:04.074 [main] DEBUG org.apache.http.wire -- http-outgoing-2 << "            "nome": "Raquel Machado",[\n]"
21:37:04.074 [main] DEBUG org.apache.http.wire -- http-outgoing-2 << "            "email": "raquel_machado@xpto.com",[\n]"
21:37:04.074 [main] DEBUG org.apache.http.wire -- http-outgoing-2 << "            "password": "zyrN9FIu%L",[\n]"
21:37:04.074 [main] DEBUG org.apache.http.wire -- http-outgoing-2 << "            "administrador": "false",[\n]"
21:37:04.075 [main] DEBUG org.apache.http.wire -- http-outgoing-2 << "            "_id": "8jkRnCQfQpD4OhVW"[\n]"
21:37:04.075 [main] DEBUG org.apache.http.wire -- http-outgoing-2 << "        },[\n]"
21:37:04.075 [main] DEBUG org.apache.http.wire -- http-outgoing-2 << "        {[\n]"
21:37:04.075 [main] DEBUG org.apache.http.wire -- http-outgoing-2 << "            "nome": "Thiago Tavares_2",[\n]"
21:37:04.075 [main] DEBUG org.apache.http.wire -- http-outgoing-2 << "            "email": "thiagarauj021@gmail.com",[\n]"
21:37:04.075 [main] DEBUG org.apache.http.wire -- http-outgoing-2 << "            "password": "<oMeiaUm61>",[\n]"
21:37:04.075 [main] DEBUG org.apache.http.wire -- http-outgoing-2 << "            "administrador": "true",[\n]"
21:37:04.075 [main] DEBUG org.apache.http.wire -- http-outgoing-2 << "            "_id": "8uM71oHR3MDitwhS"[\n]"
21:37:04.075 [main] DEBUG org.apache.http.wire -- http-outgoing-2 << "        },[\n]"
21:37:04.075 [main] DEBUG org.apache.http.wire -- http-outgoing-2 << "        {[\n]"
21:37:04.075 [main] DEBUG org.apache.http.wire -- http-outgoing-2 << "            "nome": "Usu[0xc3][0xa1]rio Teste API",[\n]"
21:37:04.075 [main] DEBUG org.apache.http.wire -- http-outgoing-2 << "            "password": "123456",[\n]"
21:37:04.075 [main] DEBUG org.apache.http.wire -- http-outgoing-2 << "            "administrador": "true",[\n]"
21:37:04.075 [main] DEBUG org.apache.http.wire -- http-outgoing-2 << "            "email": "user_1752600225123@mail.com",[\n]"
21:37:04.075 [main] DEBUG org.apache.http.wire -- http-outgoing-2 << "            "_id": "94rYtoMRr2pKmh13"[\n]"
21:37:04.075 [main] DEBUG org.apache.http.wire -- http-outgoing-2 << "        },[\n]"
21:37:04.075 [main] DEBUG org.apache.http.wire -- http-outgoing-2 << "        {[\n]"
21:37:04.075 [main] DEBUG org.apache.http.wire -- http-outgoing-2 << "            "nome": "Fulano da Silva",[\n]"
21:37:04.075 [main] DEBUG org.apache.http.wire -- http-outgoing-2 << "            "email": "beltranoas_qa11_undefined@qa.com.br",[\n]"
21:37:04.075 [main] DEBUG org.apache.http.wire -- http-outgoing-2 << "            "password": "teste",[\n]"
21:37:04.075 [main] DEBUG org.apache.http.wire -- http-outgoing-2 << "            "administrador": ""
21:37:04.075 [main] DEBUG org.apache.http.wire -- http-outgoing-2 << "true",[\n]"
21:37:04.075 [main] DEBUG org.apache.http.wire -- http-outgoing-2 << "            "_id": "9NEQRSyJu5V7hEpd"[\n]"
21:37:04.075 [main] DEBUG org.apache.http.wire -- http-outgoing-2 << "        },[\n]"
21:37:04.075 [main] DEBUG org.apache.http.wire -- http-outgoing-2 << "        {[\n]"
21:37:04.075 [main] DEBUG org.apache.http.wire -- http-outgoing-2 << "            "nome": "User Number 7278",[\n]"
21:37:04.075 [main] DEBUG org.apache.http.wire -- http-outgoing-2 << "            "email": "name.7278@qa.com",[\n]"
21:37:04.075 [main] DEBUG org.apache.http.wire -- http-outgoing-2 << "            "password": "teste",[\n]"
21:37:04.075 [main] DEBUG org.apache.http.wire -- http-outgoing-2 << "            "administrador": "true",[\n]"
21:37:04.075 [main] DEBUG org.apache.http.wire -- http-outgoing-2 << "            "_id": "9T8WZmHONNCyi0ho"[\n]"
21:37:04.075 [main] DEBUG org.apache.http.wire -- http-outgoing-2 << " "
21:37:04.079 [main] DEBUG org.apache.http.wire -- http-outgoing-2 << "       },[\n]"
21:37:04.079 [main] DEBUG org.apache.http.wire -- http-outgoing-2 << "        {[\n]"
21:37:04.079 [main] DEBUG org.apache.http.wire -- http-outgoing-2 << "            "nome": "Nome[0xc2][0xa0]do[0xc2][0xa0]Usu[0xc3][0xa1]rio",[\n]"
21:37:04.079 [main] DEBUG org.apache.http.wire -- http-outgoing-2 << "            "email": "email4241@bol.com.br",[\n]"
21:37:04.079 [main] DEBUG org.apache.http.wire -- http-outgoing-2 << "            "password": "senha123",[\n]"
21:37:04.079 [main] DEBUG org.apache.http.wire -- http-outgoing-2 << "            "administrador": "false",[\n]"
21:37:04.079 [main] DEBUG org.apache.http.wire -- http-outgoing-2 << "            "_id": "9jZPoPDVNKQFptgP"[\n]"
21:37:04.079 [main] DEBUG org.apache.http.wire -- http-outgoing-2 << "        },[\n]"
21:37:04.079 [main] DEBUG org.apache.http.wire -- http-outgoing-2 << "        {[\n]"
21:37:04.079 [main] DEBUG org.apache.http.wire -- http-outgoing-2 << "            "nome": "Fulano da Silva mendes gon[0xc3][0xa7]alves",[\n]"
21:37:04.079 [main] DEBUG org.apache.http.wire -- http-outgoing-2 << "            "email": "beltrano12345@qa.com.br",[\n]"
21:37:04.079 [main] DEBUG org.apache.http.wire -- http-outgoing-2 << "            "password": "teste",[\n]"
21:37:04.079 [main] DEBUG org.apache.http.wire -- http-outgoing-2 << "            "administrador": "true",[\n]"
21:37:04.079 [main] DEBUG org.apache.http.wire -- http-outgoing-2 << "            "_id": "9rpSeY3lbKDfKLaT"[\n]"
21:37:04.079 [main] DEBUG org.apache.http.wire -- http-outgoing-2 << "        },[\n]"
21:37:04.079 [main] DEBUG org.apache.http.wire -- http-outgoing-2 << "        {[\n]"
21:37:04.079 [main] DEBUG org.apache.http.wire -- http-outgoing-2 << "            "nome": "Al[0xc3][0xad]cia Cavalcanti",[\n]"
21:37:04.079 [main] DEBUG org.apache.http.wire -- http-outgoing-2 << "            "email": "al[0xc3][0xad]cia_cavalcanti@xpto.com",[\n]"
21:37:04.079 [main] DEBUG org.apache.http.wire -- http-outgoing-2 << "            "password": "_yGuKue3)4",[\n]"
21:37:04.079 [main] DEBUG org.apache.http.wire -- http-outgoing-2 << "            "administrador": "false",[\n]"
21:37:04.079 [main] DEBUG org.apache.http.wire -- http-outgoing-2 << "            "_id": "9yhdlfxOZH6tBd2t"[\n]"
21:37:04.079 [main] DEBUG org.apache.http.wire -- http-outgoing-2 << "        },[\n]"
21:37:04.079 [main] DEBUG org.apache.http.wire -- http-outgoing-2 << "        {[\n]"
21:37:04.079 [main] DEBUG org.apache.http.wire -- http-outgoing-2 << "            "nome": "QA tester",[\n]"
21:37:04.079 [main] DEBUG org.apache.http.wire -- http-outgoing-2 << "            "email": "usuario35@qa.com.br",[\n]"
21:37:04.079 [main] DEBUG org.apache.http.wire -- http-outgoing-2 << "            "password": "teste",[\n]"
21:37:04.079 [main] DEBUG org.apache.http.wire -- http-outgoing-2 << "            "administrador": "false",[\n]"
21:37:04.079 [main] DEBUG org.apache.http.wire -- http-outgoing-2 << "            "_id": "A0Lenqlava9B7sR2"[\n]"
21:37:04.079 [main] DEBUG org.apache.http.wire -- http-outgoing-2 << "        },[\n]"
21:37:04.079 [main] DEBUG org.apache.http.wire -- http-outgoing-2 << "        {[\n]"
21:37:04.079 [main] DEBUG org.apache.http.wire -- http-outgoing-2 << "            "nome": "Usu[0xc3][0xa1]rio Teste API",[\n]"
21:37:04.079 [main] DEBUG org.apache.http.wire -- http-outgoing-2 << "            "password": "123456",[\n]"
21:37:04.079 [main] DEBUG org.apache.http.wire -- http-outgoing-2 << "            "administrador": "true",[\n]"
21:37:04.079 [main] DEBUG org.apache.http.wire -- http-outgoing-2 << " "
21:37:04.079 [main] DEBUG org.apache.http.wire -- http-outgoing-2 << "           "email": "user_1752600368549@mail.com",[\n]"
21:37:04.079 [main] DEBUG org.apache.http.wire -- http-outgoing-2 << "            "_id": "AFPddA5Ezt7pvXvF"[\n]"
21:37:04.079 [main] DEBUG org.apache.http.wire -- http-outgoing-2 << "        },[\n]"
21:37:04.079 [main] DEBUG org.apache.http.wire -- http-outgoing-2 << "        {[\n]"
21:37:04.079 [main] DEBUG org.apache.http.wire -- http-outgoing-2 << "            "nome": "Usu[0xc3][0xa1]rio Teste API",[\n]"
21:37:04.079 [main] DEBUG org.apache.http.wire -- http-outgoing-2 << "            "password": "123456",[\n]"
21:37:04.079 [main] DEBUG org.apache.http.wire -- http-outgoing-2 << "            "administrador": "true",[\n]"
21:37:04.079 [main] DEBUG org.apache.http.wire -- http-outgoing-2 << "            "email": "login_1752600174660@mail.com",[\n]"
21:37:04.079 [main] DEBUG org.apache.http.wire -- http-outgoing-2 << "            "_id": "B29ZK8MKualKykie"[\n]"
21:37:04.079 [main] DEBUG org.apache.http.wire -- http-outgoing-2 << "        },[\n]"
21:37:04.079 [main] DEBUG org.apache.http.wire -- http-outgoing-2 << "        {[\n]"
21:37:04.079 [main] DEBUG org.apache.http.wire -- http-outgoing-2 << "            "nome": "Fulano da Silva",[\n]"
21:37:04.079 [main] DEBUG org.apache.http.wire -- http-outgoing-2 << "          "
21:37:04.080 [main] DEBUG org.apache.http.wire -- http-outgoing-2 << "  "email": "beltrano@qaaaa.com.br",[\n]"
21:37:04.080 [main] DEBUG org.apache.http.wire -- http-outgoing-2 << "            "password": "teste1",[\n]"
21:37:04.080 [main] DEBUG org.apache.http.wire -- http-outgoing-2 << "            "administrador": "true",[\n]"
21:37:04.080 [main] DEBUG org.apache.http.wire -- http-outgoing-2 << "            "_id": "B5dXi8PoxYzsxGX3"[\n]"
21:37:04.080 [main] DEBUG org.apache.http.wire -- http-outgoing-2 << "        },[\n]"
21:37:04.080 [main] DEBUG org.apache.http.wire -- http-outgoing-2 << "        {[\n]"
21:37:04.080 [main] DEBUG org.apache.http.wire -- http-outgoing-2 << "            "nome": "Sabrina",[\n]"
21:37:04.080 [main] DEBUG org.apache.http.wire -- http-outgoing-2 << "            "email": "Sabrina@qa.com.br",[\n]"
21:37:04.080 [main] DEBUG org.apache.http.wire -- http-outgoing-2 << "            "password": "12345",[\n]"
21:37:04.080 [main] DEBUG org.apache.http.wire -- http-outgoing-2 << "            "administrador": "true",[\n]"
21:37:04.080 [main] DEBUG org.apache.http.wire -- http-outgoing-2 << "            "_id": "BGupKBbe7UUNU6wp"[\n]"
21:37:04.080 [main] DEBUG org.apache.http.wire -- http-outgoing-2 << "        },[\n]"
21:37:04.080 [main] DEBUG org.apache.http.wire -- http-outgoing-2 << "        {[\n]"
21:37:04.080 [main] DEBUG org.apache.http.wire -- http-outgoing-2 << "            "nome": "Bryan Costela",[\n]"
21:37:04.080 [main] DEBUG org.apache.http.wire -- http-outgoing-2 << "            "email": "bryan_costela@xpto.com",[\n]"
21:37:04.080 [main] DEBUG org.apache.http.wire -- http-outgoing-2 << "            "password": "g1dR3umj+q",[\n]"
21:37:04.080 [main] DEBUG org.apache.http.wire -- http-outgoing-2 << "            "administrador": "false",[\n]"
21:37:04.080 [main] DEBUG org.apache.http.wire -- http-outgoing-2 << "            "_id": "BWKarUpSr1uV1Rip"[\n]"
21:37:04.080 [main] DEBUG org.apache.http.wire -- http-outgoing-2 << "        },[\n]"
21:37:04.080 [main] DEBUG org.apache.http.wire -- http-outgoing-2 << "        {[\n]"
21:37:04.080 [main] DEBUG org.apache.http.wire -- http-outgoing-2 << "            "nome": "Usu[0xc3][0xa1]rio Teste API",[\n]"
21:37:04.080 [main] DEBUG org.apache.http.wire -- http-outgoing-2 << "            "password": "123456",[\n]"
21:37:04.080 [main] DEBUG org.apache.http.wire -- http-outgoing-2 << "            "administrador": "true",[\n]"
21:37:04.080 [main] DEBUG org.apache.http.wire -- http-outgoing-2 << "            "email": "user_1752600153698@mail.com",[\n]"
21:37:04.080 [main] DEBUG org.apache.http.wire -- http-outgoing-2 << "            "_id": "BrMMkKOPQFEB7I58"[\n]"
21:37:04.080 [main] DEBUG org.apache.http.wire -- http-outgoing-2 << "        },[\n]"
21:37:04.080 [main] DEBUG org.apache.http.wire -- http-outgoing-2 << "        {[\n]"
21:37:04.080 [main] DEBUG org.apache.http.wire -- http-outgoing-2 << "            "nome": " neymar ",[\n]"
21:37:04.080 [main] DEBUG org.apache.http.wire -- http-outgoing-2 << "            "email": "mathsudiasdroidap54@gmail.com.br",[\n]"
21:37:04.080 [main] DEBUG org.apache.http.wire -- http-outgoing-2 << "            "password": "Bolsonaro2026",[\n]"
21:37:04.080 [main] DEBUG org.apache.http.wire -- http-outgoing-2 << "            "administrador": "true",[\n]"
21:37:04.080 [main] DEBUG org.apache.http.wire -- http-outgoing-2 << "            "_id": "BrcyzbhzOMG77NMO"[\n]"
21:37:04.080 [main] DEBUG org.apache.http.wire -- http-outgoing-2 << "        "
21:37:04.080 [main] DEBUG org.apache.http.wire -- http-outgoing-2 << "},[\n]"
21:37:04.080 [main] DEBUG org.apache.http.wire -- http-outgoing-2 << "        {[\n]"
21:37:04.080 [main] DEBUG org.apache.http.wire -- http-outgoing-2 << "            "nome": "Usuario Teste",[\n]"
21:37:04.080 [main] DEBUG org.apache.http.wire -- http-outgoing-2 << "            "email": "Testeas123@bol.com.br",[\n]"
21:37:04.080 [main] DEBUG org.apache.http.wire -- http-outgoing-2 << "            "password": "senha123453123",[\n]"
21:37:04.080 [main] DEBUG org.apache.http.wire -- http-outgoing-2 << "            "administrador": "false",[\n]"
21:37:04.080 [main] DEBUG org.apache.http.wire -- http-outgoing-2 << "            "_id": "C1UWw232Y1mUtePt"[\n]"
21:37:04.080 [main] DEBUG org.apache.http.wire -- http-outgoing-2 << "        },[\n]"
21:37:04.080 [main] DEBUG org.apache.http.wire -- http-outgoing-2 << "        {[\n]"
21:37:04.080 [main] DEBUG org.apache.http.wire -- http-outgoing-2 << "            "nome": "matheus",[\n]"
21:37:04.080 [main] DEBUG org.apache.http.wire -- http-outgoing-2 << "            "email": "eversonloud@gmail.com.br",[\n]"
21:37:04.080 [main] DEBUG org.apache.http.wire -- http-outgoing-2 << "            "password": "12345",[\n]"
21:37:04.080 [main] DEBUG org.apache.http.wire -- http-outgoing-2 << "            "administrador": "true","
21:37:04.085 [main] DEBUG org.apache.http.wire -- http-outgoing-2 << "[\n]"
21:37:04.085 [main] DEBUG org.apache.http.wire -- http-outgoing-2 << "            "_id": "C20H0iHa0MImPEvB"[\n]"
21:37:04.085 [main] DEBUG org.apache.http.wire -- http-outgoing-2 << "        },[\n]"
21:37:04.085 [main] DEBUG org.apache.http.wire -- http-outgoing-2 << "        {[\n]"
21:37:04.085 [main] DEBUG org.apache.http.wire -- http-outgoing-2 << "            "nome": "pedro henrique",[\n]"
21:37:04.085 [main] DEBUG org.apache.http.wire -- http-outgoing-2 << "            "email": "eri@gmail.com",[\n]"
21:37:04.085 [main] DEBUG org.apache.http.wire -- http-outgoing-2 << "            "password": "34567",[\n]"
21:37:04.085 [main] DEBUG org.apache.http.wire -- http-outgoing-2 << "            "administrador": "true",[\n]"
21:37:04.085 [main] DEBUG org.apache.http.wire -- http-outgoing-2 << "            "_id": "CGwnK6A3D0n14Hx5"[\n]"
21:37:04.085 [main] DEBUG org.apache.http.wire -- http-outgoing-2 << "        },[\n]"
21:37:04.085 [main] DEBUG org.apache.http.wire -- http-outgoing-2 << "        {[\n]"
21:37:04.085 [main] DEBUG org.apache.http.wire -- http-outgoing-2 << "            "nome": "Usu[0xc3][0xa1]rio Teste API",[\n]"
21:37:04.085 [main] DEBUG org.apache.http.wire -- http-outgoing-2 << "            "password": "123456",[\n]"
21:37:04.085 [main] DEBUG org.apache.http.wire -- http-outgoing-2 << "            "administrador": "true",[\n]"
21:37:04.085 [main] DEBUG org.apache.http.wire -- http-outgoing-2 << "            "email": "login_1752600226728@mail.com",[\n]"
21:37:04.085 [main] DEBUG org.apache.http.wire -- http-outgoing-2 << "            "_id": "CWkmp8l9nHquLs4d"[\n]"
21:37:04.085 [main] DEBUG org.apache.http.wire -- http-outgoing-2 << "        },[\n]"
21:37:04.085 [main] DEBUG org.apache.http.wire -- http-outgoing-2 << "        {[\n]"
21:37:04.085 [main] DEBUG org.apache.http.wire -- http-outgoing-2 << "            "nome": "Usu[0xc3][0xa1]rio Teste API",[\n]"
21:37:04.085 [main] DEBUG org.apache.http.wire -- http-outgoing-2 << "            "password": "123456",[\n]"
21:37:04.085 [main] DEBUG org.apache.http.wire -- http-outgoing-2 << "            "administrador": "true",[\n]"
21:37:04.085 [main] DEBUG org.apache.http.wire -- http-outgoing-2 << "            "email": "user_1752600518025@mail.com",[\n]"
21:37:04.085 [main] DEBUG org.apache.http.wire -- http-outgoing-2 << "            "_id": "CYcCjCApXuw7yDLK"[\n]"
21:37:04.085 [main] DEBUG org.apache.http.wire -- http-outgoing-2 << "        },[\n]"
21:37:04.085 [main] DEBUG org.apache.http.wire -- http-outgoing-2 << "        {[\n]"
21:37:04.085 [main] DEBUG org.apache.http.wire -- http-outgoing-2 << "            "nome": "Blanche",[\n]"
21:37:04.085 [main] DEBUG org.apache.http.wire -- http-outgoing-2 << "            "email": "Blanche28@yahoo.com",[\n]"
21:37:04.085 [main] DEBUG org.apache.http.wire -- http-outgoing-2 << "            "password": "teste",[\n]"
21:37:04.085 [main] DEBUG org.apache.http.wire -- http-outgoing-2 << "            "administrador": "true",[\n]"
21:37:04.085 [main] DEBUG org.apache.http.wire -- http-outgoing-2 << "            "_id": "Co5lqtTZu5TViqT6"[\n]"
21:37:04.085 [main] DEBUG org.apache.http.wire -- http-outgoing-2 << "        },[\n]"
21:37:04.085 [main] DEBUG org.apache.http.wire -- http-outgoing-2 << "        {[\n]"
21:37:04.085 [main] DEBUG org.apache.http.wire -- http-outgoing-2 << "            "nome": "Fulano da Silva",[\n]"
21:37:04.085 [main] DEBUG org.apache.http.wire -- http-outgoing-2 << "            "email": "umkv@emailteste.com",[\n]"
21:37:04.085 [main] DEBUG org.apache.http.wire -- http-outgoing-2 << "            "password":"
21:37:04.085 [main] DEBUG org.apache.http.wire -- http-outgoing-2 << " "1234",[\n]"
21:37:04.085 [main] DEBUG org.apache.http.wire -- http-outgoing-2 << "            "administrador": "true",[\n]"
21:37:04.085 [main] DEBUG org.apache.http.wire -- http-outgoing-2 << "            "_id": "Cq87BpdHIdKw9GbX"[\n]"
21:37:04.085 [main] DEBUG org.apache.http.wire -- http-outgoing-2 << "        },[\n]"
21:37:04.085 [main] DEBUG org.apache.http.wire -- http-outgoing-2 << "        {[\n]"
21:37:04.085 [main] DEBUG org.apache.http.wire -- http-outgoing-2 << "            "nome": "Caio Fernandes",[\n]"
21:37:04.085 [main] DEBUG org.apache.http.wire -- http-outgoing-2 << "            "email": "caio_fernandes@xpto.com",[\n]"
21:37:04.085 [main] DEBUG org.apache.http.wire -- http-outgoing-2 << "            "password": "(cEw5^Hzf4",[\n]"
21:37:04.085 [main] DEBUG org.apache.http.wire -- http-outgoing-2 << "            "administrador""
21:37:04.086 [main] DEBUG org.apache.http.wire -- http-outgoing-2 << ": "false",[\n]"
21:37:04.086 [main] DEBUG org.apache.http.wire -- http-outgoing-2 << "            "_id": "DB2e5dJe4ddyBDMB"[\n]"
21:37:04.086 [main] DEBUG org.apache.http.wire -- http-outgoing-2 << "        },[\n]"
21:37:04.086 [main] DEBUG org.apache.http.wire -- http-outgoing-2 << "        {[\n]"
21:37:04.086 [main] DEBUG org.apache.http.wire -- http-outgoing-2 << "            "nome": "victor siq",[\n]"
21:37:04.086 [main] DEBUG org.apache.http.wire -- http-outgoing-2 << "            "email": "victor.1752631094175@teste.com",[\n]"
21:37:04.086 [main] DEBUG org.apache.http.wire -- http-outgoing-2 << "            "password": "victor1234",[\n]"
21:37:04.086 [main] DEBUG org.apache.http.wire -- http-outgoing-2 << "            "administrador": "false",[\n]"
21:37:04.086 [main] DEBUG org.apache.http.wire -- http-outgoing-2 << "            "_id": "DKvhXlcwmWom8U1v"[\n]"
21:37:04.086 [main] DEBUG org.apache.http.wire -- http-outgoing-2 << "        },[\n]"
21:37:04.086 [main] DEBUG org.apache.http.wire -- http-outgoing-2 << "        {[\n]"
21:37:04.086 [main] DEBUG org.apache.http.wire -- http-outgoing-2 << "            "nome": "Icie",[\n]"
21:37:04.086 [main] DEBUG org.apache.http.wire -- http-outgoing-2 << "            "email": "Madonna_McKenzie42@teste.com",[\n]"
21:37:04.086 [main] DEBUG org.apache.http.wire -- http-outgoing-2 << "            "password": "testYa",[\n]"
21:37:04.086 [main] DEBUG org.apache.http.wire -- http-outgoing-2 << "            "administrador": "true",[\n]"
21:37:04.086 [main] DEBUG org.apache.http.wire -- http-outgoing-2 << "            "_id": "DOpX486pVgg9UzM5"[\n]"
21:37:04.086 [main] DEBUG org.apache.http.wire -- http-outgoing-2 << "        },[\n]"
21:37:04.086 [main] DEBUG org.apache.http.wire -- http-outgoing-2 << "        {[\n]"
21:37:04.086 [main] DEBUG org.apache.http.wire -- http-outgoing-2 << "            "nome": "Fulano da Silva",[\n]"
21:37:04.086 [main] DEBUG org.apache.http.wire -- http-outgoing-2 << "            "email": "fulanodasilva1@qa.com.br",[\n]"
21:37:04.086 [main] DEBUG org.apache.http.wire -- http-outgoing-2 << "            "password": "teste",[\n]"
21:37:04.086 [main] DEBUG org.apache.http.wire -- http-outgoing-2 << "            "administrador": "true",[\n]"
21:37:04.086 [main] DEBUG org.apache.http.wire -- http-outgoing-2 << "            "_id": "DTwDlWFIFtDfhoYA"[\n]"
21:37:04.086 [main] DEBUG org.apache.http.wire -- http-outgoing-2 << "        },[\n]"
21:37:04.086 [main] DEBUG org.apache.http.wire -- http-outgoing-2 << "        {[\n]"
21:37:04.086 [main] DEBUG org.apache.http.wire -- http-outgoing-2 << "            "nome": "Isabela Montenegro",[\n]"
21:37:04.086 [main] DEBUG org.apache.http.wire -- http-outgoing-2 << "            "email": "isabela_montenegro@xpto.com",[\n]"
21:37:04.086 [main] DEBUG org.apache.http.wire -- http-outgoing-2 << "            "password": "l8u00IW#&v",[\n]"
21:37:04.086 [main] DEBUG org.apache.http.wire -- http-outgoing-2 << "            "administrador": "false",[\n]"
21:37:04.086 [main] DEBUG org.apache.http.wire -- http-outgoing-2 << "            "_id": "DanQC3eKS2ZAXlhv"[\n]"
21:37:04.086 [main] DEBUG org.apache.http.wire -- http-outgoing-2 << "        },[\n]"
21:37:04.086 [main] DEBUG org.apache.http.wire -- http-outgoing-2 << "        {[\n]"
21:37:04.086 [main] DEBUG org.apache.http.wire -- http-outgoing-2 << "            "nome": "Braeden",[\n]"
21:37:04.086 [main] DEBUG org.apache.http.wire -- http-outgoing-2 << "            "email": "Frederique88@teste.c"
21:37:04.086 [main] DEBUG org.apache.http.wire -- http-outgoing-2 << "om",[\n]"
21:37:04.086 [main] DEBUG org.apache.http.wire -- http-outgoing-2 << "            "password": "test1J",[\n]"
21:37:04.086 [main] DEBUG org.apache.http.wire -- http-outgoing-2 << "            "administrador": "true",[\n]"
21:37:04.086 [main] DEBUG org.apache.http.wire -- http-outgoing-2 << "            "_id": "Dbx3Ok3et9x0QpPX"[\n]"
21:37:04.086 [main] DEBUG org.apache.http.wire -- http-outgoing-2 << "        },[\n]"
21:37:04.086 [main] DEBUG org.apache.http.wire -- http-outgoing-2 << "        {[\n]"
21:37:04.086 [main] DEBUG org.apache.http.wire -- http-outgoing-2 << "            "nome": "Fulano da Silva",[\n]"
21:37:04.086 [main] DEBUG org.apache.http.wire -- http-outgoing-2 << "            "email": "nlyx@emailteste.com",[\n]"
21:37:04.086 [main] DEBUG org.apache.http.wire -- http-outgoing-2 << "            "password": "1234",[\n]"
21:37:04.086 [main] DEBUG org.apache.http.wire -- http-outgoing-2 << "            "administrador": "true",[\n]"
21:37:04.086 [main] DEBUG org.apache.http.wire -- http-outgoing-2 << "            "_id": "EBsXHPZ5KuHwZymJ"[\n]"
21:37:04.086 [main] DEBUG org.apache.http.wire -- http-outgoing-2 << "        },[\n]"
21:37:04.086 [main] DEBUG org.apache.http.wire -- http-outgoing-2 << "        {[\n]"
21:37:04.086 [main] DEBUG org.apache.http.wire -- http-outgoing-2 << "            "nome": "Usu[0xc3][0xa1]rio Teste AP"
21:37:04.091 [main] DEBUG org.apache.http.wire -- http-outgoing-2 << "I",[\n]"
21:37:04.092 [main] DEBUG org.apache.http.wire -- http-outgoing-2 << "            "password": "123456",[\n]"
21:37:04.092 [main] DEBUG org.apache.http.wire -- http-outgoing-2 << "            "administrador": "true",[\n]"
21:37:04.092 [main] DEBUG org.apache.http.wire -- http-outgoing-2 << "            "email": "login_1752600485979@mail.com",[\n]"
21:37:04.092 [main] DEBUG org.apache.http.wire -- http-outgoing-2 << "            "_id": "EDNEK8Yq1mUmUxJq"[\n]"
21:37:04.092 [main] DEBUG org.apache.http.wire -- http-outgoing-2 << "        },[\n]"
21:37:04.092 [main] DEBUG org.apache.http.wire -- http-outgoing-2 << "        {[\n]"
21:37:04.092 [main] DEBUG org.apache.http.wire -- http-outgoing-2 << "            "nome": "Vicente",[\n]"
21:37:04.092 [main] DEBUG org.apache.http.wire -- http-outgoing-2 << "            "email": "Vicente_Gleason66@hotmail.com",[\n]"
21:37:04.092 [main] DEBUG org.apache.http.wire -- http-outgoing-2 << "            "password": "teste",[\n]"
21:37:04.092 [main] DEBUG org.apache.http.wire -- http-outgoing-2 << "            "administrador": "true",[\n]"
21:37:04.092 [main] DEBUG org.apache.http.wire -- http-outgoing-2 << "            "_id": "EScfGVx8ODMDcqdp"[\n]"
21:37:04.092 [main] DEBUG org.apache.http.wire -- http-outgoing-2 << "        },[\n]"
21:37:04.092 [main] DEBUG org.apache.http.wire -- http-outgoing-2 << "        {[\n]"
21:37:04.092 [main] DEBUG org.apache.http.wire -- http-outgoing-2 << "            "nome": "Daniel Duarte",[\n]"
21:37:04.092 [main] DEBUG org.apache.http.wire -- http-outgoing-2 << "            "email": "daniel_duarte@xpto.com",[\n]"
21:37:04.092 [main] DEBUG org.apache.http.wire -- http-outgoing-2 << "            "password": "s!kMI*LB_3",[\n]"
21:37:04.092 [main] DEBUG org.apache.http.wire -- http-outgoing-2 << "            "administrador": "false",[\n]"
21:37:04.092 [main] DEBUG org.apache.http.wire -- http-outgoing-2 << "            "_id": "ETWOmYaZc78nEmPO"[\n]"
21:37:04.092 [main] DEBUG org.apache.http.wire -- http-outgoing-2 << "        },[\n]"
21:37:04.092 [main] DEBUG org.apache.http.wire -- http-outgoing-2 << "        {[\n]"
21:37:04.092 [main] DEBUG org.apache.http.wire -- http-outgoing-2 << "            "nome": "Wilbert",[\n]"
21:37:04.092 [main] DEBUG org.apache.http.wire -- http-outgoing-2 << "            "email": "micah.davis@hotmail.com",[\n]"
21:37:04.092 [main] DEBUG org.apache.http.wire -- http-outgoing-2 << "            "password": "2s2jvjexpd6zl37",[\n]"
21:37:04.092 [main] DEBUG org.apache.http.wire -- http-outgoing-2 << "            "administrador": "true",[\n]"
21:37:04.092 [main] DEBUG org.apache.http.wire -- http-outgoing-2 << "            "_id": "EWUe77rHQ0YbCj0U"[\n]"
21:37:04.092 [main] DEBUG org.apache.http.wire -- http-outgoing-2 << "        },[\n]"
21:37:04.092 [main] DEBUG org.apache.http.wire -- http-outgoing-2 << "        {[\n]"
21:37:04.092 [main] DEBUG org.apache.http.wire -- http-outgoing-2 << "            "nome": "victor siq",[\n]"
21:37:04.092 [main] DEBUG org.apache.http.wire -- http-outgoing-2 << "            "email": "victor.1752629045312@teste.com",[\n]"
21:37:04.092 [main] DEBUG org.apache.http.wire -- http-outgoing-2 << "            "password": "victor1234",[\n]"
21:37:04.092 [main] DEBUG org.apache.http.wire -- http-outgoing-2 << "            "administrador": "false",[\n]"
21:37:04.092 [main] DEBUG org.apache.http.wire -- http-outgoing-2 << "            "_id": "E"
21:37:04.092 [main] DEBUG org.apache.http.wire -- http-outgoing-2 << "u34M5eUJ2I42zXs"[\n]"
21:37:04.092 [main] DEBUG org.apache.http.wire -- http-outgoing-2 << "        },[\n]"
21:37:04.092 [main] DEBUG org.apache.http.wire -- http-outgoing-2 << "        {[\n]"
21:37:04.092 [main] DEBUG org.apache.http.wire -- http-outgoing-2 << "            "nome": "Fulano da Silva",[\n]"
21:37:04.092 [main] DEBUG org.apache.http.wire -- http-outgoing-2 << "            "email": "useree4d435f@gmail.com",[\n]"
21:37:04.092 [main] DEBUG org.apache.http.wire -- http-outgoing-2 << "            "password": "teste",[\n]"
21:37:04.092 [main] DEBUG org.apache.http.wire -- http-outgoing-2 << "            "administrador": "true",[\n]"
21:37:04.092 [main] DEBUG org.apache.http.wire -- http-outgoing-2 << "            "_id": "EuGW5dJZyb84RlYt"[\n]"
21:37:04.092 [main] DEBUG org.apache.http.wire -- http-outgoing-2 << "        },[\n]"
21:37:04.092 [main] DEBUG org.apache.http.wire -- http-outgoing-2 << "        {[\n]"
21:37:04.092 [main] DEBUG org.apache.http.wire -- http-outgoing-2 << "            "nome": "Naofumi",[\n]"
21:37:04.092 [main] DEBUG org.apache.http.wire -- http-outgoing-2 << "            "email": "Naofumiconta@gmail.com",[\n]"
21:37:04.092 [main] DEBUG org.apache.http.wire -- http-outgoing-2 << "            "password": "123456789",[\n]"
21:37:04.092 [main] DEBUG org.apache.http.wire -- http-outgoing-2 << "            "adm"
21:37:04.092 [main] DEBUG org.apache.http.wire -- http-outgoing-2 << "inistrador": "true",[\n]"
21:37:04.092 [main] DEBUG org.apache.http.wire -- http-outgoing-2 << "            "_id": "EuWtpF2qaNmeGN4l"[\n]"
21:37:04.092 [main] DEBUG org.apache.http.wire -- http-outgoing-2 << "        },[\n]"
21:37:04.092 [main] DEBUG org.apache.http.wire -- http-outgoing-2 << "        {[\n]"
21:37:04.092 [main] DEBUG org.apache.http.wire -- http-outgoing-2 << "            "nome": "Usu[0xc3][0xa1]rio Teste API",[\n]"
21:37:04.092 [main] DEBUG org.apache.http.wire -- http-outgoing-2 << "            "password": "123456",[\n]"
21:37:04.092 [main] DEBUG org.apache.http.wire -- http-outgoing-2 << "            "administrador": "true",[\n]"
21:37:04.092 [main] DEBUG org.apache.http.wire -- http-outgoing-2 << "            "email": "login_1752600124913@mail.com",[\n]"
21:37:04.092 [main] DEBUG org.apache.http.wire -- http-outgoing-2 << "            "_id": "FJgWKj3jYTbfnhTo"[\n]"
21:37:04.092 [main] DEBUG org.apache.http.wire -- http-outgoing-2 << "        },[\n]"
21:37:04.092 [main] DEBUG org.apache.http.wire -- http-outgoing-2 << "        {[\n]"
21:37:04.092 [main] DEBUG org.apache.http.wire -- http-outgoing-2 << "            "nome": "Devante",[\n]"
21:37:04.092 [main] DEBUG org.apache.http.wire -- http-outgoing-2 << "            "email": "Devante_OReilly29@yahoo.com",[\n]"
21:37:04.092 [main] DEBUG org.apache.http.wire -- http-outgoing-2 << "            "password": "teste",[\n]"
21:37:04.092 [main] DEBUG org.apache.http.wire -- http-outgoing-2 << "            "administrador": "true",[\n]"
21:37:04.092 [main] DEBUG org.apache.http.wire -- http-outgoing-2 << "            "_id": "FOcpSsPFkt8gGMSD"[\n]"
21:37:04.092 [main] DEBUG org.apache.http.wire -- http-outgoing-2 << "        },[\n]"
21:37:04.092 [main] DEBUG org.apache.http.wire -- http-outgoing-2 << "        {[\n]"
21:37:04.092 [main] DEBUG org.apache.http.wire -- http-outgoing-2 << "            "nome": " Helena Clara",[\n]"
21:37:04.092 [main] DEBUG org.apache.http.wire -- http-outgoing-2 << "            "email": "Helenaclara@gmail.com",[\n]"
21:37:04.092 [main] DEBUG org.apache.http.wire -- http-outgoing-2 << "            "password": "123456",[\n]"
21:37:04.092 [main] DEBUG org.apache.http.wire -- http-outgoing-2 << "            "administrador": "true",[\n]"
21:37:04.092 [main] DEBUG org.apache.http.wire -- http-outgoing-2 << "            "_id": "FU8o7sB1eKhu6CJa"[\n]"
21:37:04.092 [main] DEBUG org.apache.http.wire -- http-outgoing-2 << "        },[\n]"
21:37:04.092 [main] DEBUG org.apache.http.wire -- http-outgoing-2 << "        {[\n]"
21:37:04.092 [main] DEBUG org.apache.http.wire -- http-outgoing-2 << "            "nome": "Lyda",[\n]"
21:37:04.092 [main] DEBUG org.apache.http.wire -- http-outgoing-2 << "            "email": "Brittany_Metz@teste.com",[\n]"
21:37:04.092 [main] DEBUG org.apache.http.wire -- http-outgoing-2 << "            "password": "testmy",[\n]"
21:37:04.092 [main] DEBUG org.apache.http.wire -- http-outgoing-2 << "            "administrador": "true",[\n]"
21:37:04.092 [main] DEBUG org.apache.http.wire -- http-outgoing-2 << "            "_id": "GJwVbKoMfPKkHVR4"[\n]"
21:37:04.092 [main] DEBUG org.apache.http.wire -- http-outgoing-2 << "        },[\n]"
21:37:04.092 [main] DEBUG org.apache.http.wire -- http-outgoing-2 << "        {[\n]"
21:37:04.092 [main] DEBUG org.apache.http.wire -- http-outgoing-2 << "            "nome": "Felipe Moreira",[\n]"
21:37:04.092 [main] DEBUG org.apache.http.wire -- http-outgoing-2 << "            "email": "felipe_moreira@xpto.com",[\n]"
21:37:04.092 [main] DEBUG org.apache.http.wire -- http-outgoing-2 << "  "
21:37:04.092 [main] DEBUG org.apache.http.wire -- http-outgoing-2 << "          "password": "Pm0ImWh8F&",[\n]"
21:37:04.092 [main] DEBUG org.apache.http.wire -- http-outgoing-2 << "            "administrador": "false",[\n]"
21:37:04.092 [main] DEBUG org.apache.http.wire -- http-outgoing-2 << "            "_id": "GXLxGadeBJcIvLjg"[\n]"
21:37:04.092 [main] DEBUG org.apache.http.wire -- http-outgoing-2 << "        },[\n]"
21:37:04.092 [main] DEBUG org.apache.http.wire -- http-outgoing-2 << "        {[\n]"
21:37:04.092 [main] DEBUG org.apache.http.wire -- http-outgoing-2 << "            "nome": "Sabrina Fernandes",[\n]"
21:37:04.092 [main] DEBUG org.apache.http.wire -- http-outgoing-2 << "            "email": "Sabrina.F@gmail.com",[\n]"
21:37:04.092 [main] DEBUG org.apache.http.wire -- http-outgoing-2 << "            "password": "134340",[\n]"
21:37:04.092 [main] DEBUG org.apache.http.wire -- http-outgoing-2 << "    "
21:37:04.096 [main] DEBUG org.apache.http.wire -- http-outgoing-2 << "        "administrador": "true",[\n]"
21:37:04.096 [main] DEBUG org.apache.http.wire -- http-outgoing-2 << "            "_id": "GftakagfvEkr4gMa"[\n]"
21:37:04.096 [main] DEBUG org.apache.http.wire -- http-outgoing-2 << "        },[\n]"
21:37:04.096 [main] DEBUG org.apache.http.wire -- http-outgoing-2 << "        {[\n]"
21:37:04.096 [main] DEBUG org.apache.http.wire -- http-outgoing-2 << "            "nome": "Usuario Teste",[\n]"
21:37:04.096 [main] DEBUG org.apache.http.wire -- http-outgoing-2 << "            "email": "emailteste123@bol.com.br",[\n]"
21:37:04.096 [main] DEBUG org.apache.http.wire -- http-outgoing-2 << "            "password": "senha123453123",[\n]"
21:37:04.097 [main] DEBUG org.apache.http.wire -- http-outgoing-2 << "            "administrador": "false",[\n]"
21:37:04.097 [main] DEBUG org.apache.http.wire -- http-outgoing-2 << "            "_id": "Ghq8yRJGdJUBQzAv"[\n]"
21:37:04.097 [main] DEBUG org.apache.http.wire -- http-outgoing-2 << "        },[\n]"
21:37:04.097 [main] DEBUG org.apache.http.wire -- http-outgoing-2 << "        {[\n]"
21:37:04.097 [main] DEBUG org.apache.http.wire -- http-outgoing-2 << "            "nome": "Hadassa Monteiro",[\n]"
21:37:04.097 [main] DEBUG org.apache.http.wire -- http-outgoing-2 << "            "email": "hadassa_monteiro@xpto.com",[\n]"
21:37:04.097 [main] DEBUG org.apache.http.wire -- http-outgoing-2 << "            "password": "+6mFXyvnTY",[\n]"
21:37:04.097 [main] DEBUG org.apache.http.wire -- http-outgoing-2 << "            "administrador": "false",[\n]"
21:37:04.097 [main] DEBUG org.apache.http.wire -- http-outgoing-2 << "            "_id": "GvSc6jYR5sfziV9r"[\n]"
21:37:04.097 [main] DEBUG org.apache.http.wire -- http-outgoing-2 << "        },[\n]"
21:37:04.097 [main] DEBUG org.apache.http.wire -- http-outgoing-2 << "        {[\n]"
21:37:04.097 [main] DEBUG org.apache.http.wire -- http-outgoing-2 << "            "nome": "Giovanna Vieira",[\n]"
21:37:04.097 [main] DEBUG org.apache.http.wire -- http-outgoing-2 << "            "email": "giovanna_vieira@xpto.com",[\n]"
21:37:04.097 [main] DEBUG org.apache.http.wire -- http-outgoing-2 << "            "password": "Xa7B0WbD(s",[\n]"
21:37:04.097 [main] DEBUG org.apache.http.wire -- http-outgoing-2 << "            "administrador": "false",[\n]"
21:37:04.097 [main] DEBUG org.apache.http.wire -- http-outgoing-2 << "            "_id": "Gy9tdHyAkmiiV5Xv"[\n]"
21:37:04.097 [main] DEBUG org.apache.http.wire -- http-outgoing-2 << "        },[\n]"
21:37:04.097 [main] DEBUG org.apache.http.wire -- http-outgoing-2 << "        {[\n]"
21:37:04.097 [main] DEBUG org.apache.http.wire -- http-outgoing-2 << "            "nome": "Fulano da Silva",[\n]"
21:37:04.097 [main] DEBUG org.apache.http.wire -- http-outgoing-2 << "            "email": "qapp@emailteste.com",[\n]"
21:37:04.097 [main] DEBUG org.apache.http.wire -- http-outgoing-2 << "            "password": "1234",[\n]"
21:37:04.097 [main] DEBUG org.apache.http.wire -- http-outgoing-2 << "            "administrador": "true",[\n]"
21:37:04.097 [main] DEBUG org.apache.http.wire -- http-outgoing-2 << "            "_id": "H8FmB7EGWCfoZydv"[\n]"
21:37:04.097 [main] DEBUG org.apache.http.wire -- http-outgoing-2 << "        },[\n]"
21:37:04.097 [main] DEBUG org.apache.http.wire -- http-outgoing-2 << "        {[\n]"
21:37:04.097 [main] DEBUG org.apache.http.wire -- http-outgoing-2 << "            "nome": "Joana Silva",[\n]"
21:37:04.097 [main] DEBUG org.apache.http.wire -- http-outgoing-2 << "            ""
21:37:04.097 [main] DEBUG org.apache.http.wire -- http-outgoing-2 << "email": "sda@sdax.com.br",[\n]"
21:37:04.097 [main] DEBUG org.apache.http.wire -- http-outgoing-2 << "            "password": "teste",[\n]"
21:37:04.097 [main] DEBUG org.apache.http.wire -- http-outgoing-2 << "            "administrador": "true",[\n]"
21:37:04.097 [main] DEBUG org.apache.http.wire -- http-outgoing-2 << "            "_id": "HVJook4MarQvK8WW"[\n]"
21:37:04.097 [main] DEBUG org.apache.http.wire -- http-outgoing-2 << "        },[\n]"
21:37:04.097 [main] DEBUG org.apache.http.wire -- http-outgoing-2 << "        {[\n]"
21:37:04.097 [main] DEBUG org.apache.http.wire -- http-outgoing-2 << "            "nome": "Usu[0xc3][0xa1]rio Teste API",[\n]"
21:37:04.097 [main] DEBUG org.apache.http.wire -- http-outgoing-2 << "            "password": "123456",[\n]"
21:37:04.097 [main] DEBUG org.apache.http.wire -- http-outgoing-2 << "            "administrador": "true",[\n]"
21:37:04.097 [main] DEBUG org.apache.http.wire -- http-outgoing-2 << "            "email": "login_1752600519976@mail.com",[\n]"
21:37:04.097 [main] DEBUG org.apache.http.wire -- http-outgoing-2 << "            "_id": "HcuPYj8SuLKVOYOl"[\n]"
21:37:04.097 [main] DEBUG org.apache.http.wire -- http-outgoing-2 << "        },[\n]"
21:37:04.097 [main] DEBUG org.apache.http.wire -- http-outgoing-2 << "        {[\n]"
21:37:04.097 [main] DEBUG org.apache.http.wire -- http-outgoing-2 << "   "
21:37:04.097 [main] DEBUG org.apache.http.wire -- http-outgoing-2 << "         "nome": "User Number 5595",[\n]"
21:37:04.097 [main] DEBUG org.apache.http.wire -- http-outgoing-2 << "            "email": "name.5595@qa.com",[\n]"
21:37:04.097 [main] DEBUG org.apache.http.wire -- http-outgoing-2 << "            "password": "teste",[\n]"
21:37:04.097 [main] DEBUG org.apache.http.wire -- http-outgoing-2 << "            "administrador": "true",[\n]"
21:37:04.097 [main] DEBUG org.apache.http.wire -- http-outgoing-2 << "            "_id": "HgggUYwK4nlnXe36"[\n]"
21:37:04.097 [main] DEBUG org.apache.http.wire -- http-outgoing-2 << "        },[\n]"
21:37:04.097 [main] DEBUG org.apache.http.wire -- http-outgoing-2 << "        {[\n]"
21:37:04.097 [main] DEBUG org.apache.http.wire -- http-outgoing-2 << "            "nome": "Usu[0xc3][0xa1]rio Teste API",[\n]"
21:37:04.097 [main] DEBUG org.apache.http.wire -- http-outgoing-2 << "            "password": "123456",[\n]"
21:37:04.097 [main] DEBUG org.apache.http.wire -- http-outgoing-2 << "            "administrador": "true",[\n]"
21:37:04.097 [main] DEBUG org.apache.http.wire -- http-outgoing-2 << "            "email": "senhaerrada_1752600204183@mail.com",[\n]"
21:37:04.097 [main] DEBUG org.apache.http.wire -- http-outgoing-2 << "            "_id": "Hv8HZcmvaGhhSeiL"[\n]"
21:37:04.097 [main] DEBUG org.apache.http.wire -- http-outgoing-2 << "        },[\n]"
21:37:04.097 [main] DEBUG org.apache.http.wire -- http-outgoing-2 << "        {[\n]"
21:37:04.097 [main] DEBUG org.apache.http.wire -- http-outgoing-2 << "            "nome": "Merl",[\n]"
21:37:04.097 [main] DEBUG org.apache.http.wire -- http-outgoing-2 << "            "email": "Adelle.Legros@teste.com",[\n]"
21:37:04.097 [main] DEBUG org.apache.http.wire -- http-outgoing-2 << "            "password": "testcE",[\n]"
21:37:04.097 [main] DEBUG org.apache.http.wire -- http-outgoing-2 << "            "administrador": "true",[\n]"
21:37:04.097 [main] DEBUG org.apache.http.wire -- http-outgoing-2 << "            "_id": "IBEHNdj7RXL1WdVi"[\n]"
21:37:04.097 [main] DEBUG org.apache.http.wire -- http-outgoing-2 << "        },[\n]"
21:37:04.097 [main] DEBUG org.apache.http.wire -- http-outgoing-2 << "        {[\n]"
21:37:04.097 [main] DEBUG org.apache.http.wire -- http-outgoing-2 << "            "password": "seiyaSempreApanha123",[\n]"
21:37:04.097 [main] DEBUG org.apache.http.wire -- http-outgoing-2 << "            "administrador": "true",[\n]"
21:37:04.097 [main] DEBUG org.apache.http.wire -- http-outgoing-2 << "            "nome": "seiya sempre apanhando",[\n]"
21:37:04.097 [main] DEBUG org.apache.http.wire -- http-outgoing-2 << "            "email": "saint@seiya.com",[\n]"
21:37:04.097 [main] DEBUG org.apache.http.wire -- http-outgoing-2 << "            "_id": "J0TI64hhjTrZUc9i"[\n]"
21:37:04.097 [main] DEBUG org.apache.http.wire -- http-outgoing-2 << "        },[\n]"
21:37:04.097 [main] DEBUG org.apache.http.wire -- http-outgoing-2 << "        {[\n]"
21:37:04.097 [main] DEBUG org.apache.http.wire -- http-outgoing-2 << "            "nome": "ronaldo da Silva",[\n]"
21:37:04.097 [main] DEBUG org.apache.http.wire -- http-outgoing-2 << "            "email": "ronaldinho@qa.com.br",[\n]"
21:37:04.097 [main] DEBUG org.apache.http.wire -- http-outgoing-2 << "            "password": "teste",[\n]"
21:37:04.097 [main] DEBUG org.apache.http.wire -- http-outgoing-2 << "            "administrador": "tr"
21:37:04.097 [main] DEBUG org.apache.http.wire -- http-outgoing-2 << "ue",[\n]"
21:37:04.097 [main] DEBUG org.apache.http.wire -- http-outgoing-2 << "            "_id": "J247qF52zD6yXuir"[\n]"
21:37:04.097 [main] DEBUG org.apache.http.wire -- http-outgoing-2 << "        },[\n]"
21:37:04.097 [main] DEBUG org.apache.http.wire -- http-outgoing-2 << "        {[\n]"
21:37:04.097 [main] DEBUG org.apache.http.wire -- http-outgoing-2 << "            "nome": "LulaGameplay",[\n]"
21:37:04.097 [main] DEBUG org.apache.http.wire -- http-outgoing-2 << "            "email": "beltranoboqdga@gmail.com",[\n]"
21:37:04.097 [main] DEBUG org.apache.http.wire -- http-outgoing-2 << "            "password": "batata",[\n]"
21:37:04.097 [main] DEBUG org.apache.http.wire -- http-outgoing-2 << "            "administrador": "true",[\n]"
21:37:04.097 [main] DEBUG org.apache.http.wire -- http-outgoing-2 << "            "_id": "JHAMt8QraeGwRf2u"[\n]"
21:37:04.097 [main] DEBUG org.apache.http.wire -- http-outgoing-2 << "        },[\n]"
21:37:04.097 [main] DEBUG org.apache.http.wire -- http-outgoing-2 << "        {[\n]"
21:37:04.097 [main] DEBUG org.apache.http.wire -- http-outgoing-2 << "            "nome": "Thiago Barros",[\n]"
21:37:04.097 [main] DEBUG org.apache.http.wire -- http-outgoing-2 << "            "email": "thiago_barros@xpto.com",[\n]"
21:37:04.097 [main] DEBUG org.apache.http.wire -- http-outgoing-2 << "            "password"
21:37:04.101 [main] DEBUG org.apache.http.wire -- http-outgoing-2 << "": ")j8TOHVlu3",[\n]"
21:37:04.101 [main] DEBUG org.apache.http.wire -- http-outgoing-2 << "            "administrador": "false",[\n]"
21:37:04.101 [main] DEBUG org.apache.http.wire -- http-outgoing-2 << "            "_id": "JQQCkqQVkPTfRseA"[\n]"
21:37:04.101 [main] DEBUG org.apache.http.wire -- http-outgoing-2 << "        },[\n]"
21:37:04.101 [main] DEBUG org.apache.http.wire -- http-outgoing-2 << "        {[\n]"
21:37:04.101 [main] DEBUG org.apache.http.wire -- http-outgoing-2 << "            "nome": "Fulano da Silva",[\n]"
21:37:04.101 [main] DEBUG org.apache.http.wire -- http-outgoing-2 << "            "email": "emaixxl@email.com.br",[\n]"
21:37:04.101 [main] DEBUG org.apache.http.wire -- http-outgoing-2 << "            "password": "teste",[\n]"
21:37:04.101 [main] DEBUG org.apache.http.wire -- http-outgoing-2 << "            "administrador": "true",[\n]"
21:37:04.101 [main] DEBUG org.apache.http.wire -- http-outgoing-2 << "            "_id": "JlK4C38ZVE3l85oD"[\n]"
21:37:04.101 [main] DEBUG org.apache.http.wire -- http-outgoing-2 << "        },[\n]"
21:37:04.101 [main] DEBUG org.apache.http.wire -- http-outgoing-2 << "        {[\n]"
21:37:04.101 [main] DEBUG org.apache.http.wire -- http-outgoing-2 << "            "nome": "Sabrina",[\n]"
21:37:04.101 [main] DEBUG org.apache.http.wire -- http-outgoing-2 << "            "email": "Sabrina@gmail.com",[\n]"
21:37:04.101 [main] DEBUG org.apache.http.wire -- http-outgoing-2 << "            "password": "134340",[\n]"
21:37:04.101 [main] DEBUG org.apache.http.wire -- http-outgoing-2 << "            "administrador": "true",[\n]"
21:37:04.101 [main] DEBUG org.apache.http.wire -- http-outgoing-2 << "            "_id": "KBruI0ROy8ilnPGg"[\n]"
21:37:04.101 [main] DEBUG org.apache.http.wire -- http-outgoing-2 << "        },[\n]"
21:37:04.101 [main] DEBUG org.apache.http.wire -- http-outgoing-2 << "        {[\n]"
21:37:04.101 [main] DEBUG org.apache.http.wire -- http-outgoing-2 << "            "nome": "Usu[0xc3][0xa1]rio Teste API",[\n]"
21:37:04.101 [main] DEBUG org.apache.http.wire -- http-outgoing-2 << "            "password": "123456",[\n]"
21:37:04.101 [main] DEBUG org.apache.http.wire -- http-outgoing-2 << "            "administrador": "true",[\n]"
21:37:04.101 [main] DEBUG org.apache.http.wire -- http-outgoing-2 << "            "email": "user_1752600483940@mail.com",[\n]"
21:37:04.101 [main] DEBUG org.apache.http.wire -- http-outgoing-2 << "            "_id": "KHva4lBjijdjWs77"[\n]"
21:37:04.101 [main] DEBUG org.apache.http.wire -- http-outgoing-2 << "        },[\n]"
21:37:04.101 [main] DEBUG org.apache.http.wire -- http-outgoing-2 << "        {[\n]"
21:37:04.101 [main] DEBUG org.apache.http.wire -- http-outgoing-2 << "            "nome": "Usu[0xc3][0xa1]rio Teste API",[\n]"
21:37:04.101 [main] DEBUG org.apache.http.wire -- http-outgoing-2 << "            "password": "123456",[\n]"
21:37:04.101 [main] DEBUG org.apache.http.wire -- http-outgoing-2 << "            "administrador": "true",[\n]"
21:37:04.101 [main] DEBUG org.apache.http.wire -- http-outgoing-2 << "            "email": "user_1752600225564@mail.com",[\n]"
21:37:04.101 [main] DEBUG org.apache.http.wire -- http-outgoing-2 << "            "_id": "KSvsD5Wj0mpN4lWV"[\n]"
21:37:04.101 [main] DEBUG org.apache.http.wire -- http-outgoing-2 << "        },[\n]"
21:37:04.101 [main] DEBUG org.apache.http.wire -- http-outgoing-2 << "        {[\n]"
21:37:04.101 [main] DEBUG org.apache.http.wire -- http-outgoing-2 << "            "nome": "Mariane Almeida",[\n]"
21:37:04.101 [main] DEBUG org.apache.http.wire -- http-outgoing-2 << "       "
21:37:04.101 [main] DEBUG org.apache.http.wire -- http-outgoing-2 << "     "email": "mariane_almeida@xpto.com",[\n]"
21:37:04.101 [main] DEBUG org.apache.http.wire -- http-outgoing-2 << "            "password": "e5#7ZMVzys",[\n]"
21:37:04.101 [main] DEBUG org.apache.http.wire -- http-outgoing-2 << "            "administrador": "false",[\n]"
21:37:04.101 [main] DEBUG org.apache.http.wire -- http-outgoing-2 << "            "_id": "KZXGNwK2ewAiVHh3"[\n]"
21:37:04.101 [main] DEBUG org.apache.http.wire -- http-outgoing-2 << "        },[\n]"
21:37:04.101 [main] DEBUG org.apache.http.wire -- http-outgoing-2 << "        {[\n]"
21:37:04.101 [main] DEBUG org.apache.http.wire -- http-outgoing-2 << "            "nome": "Yasmin Sousa",[\n]"
21:37:04.101 [main] DEBUG org.apache.http.wire -- http-outgoing-2 << "            "email": "yasmin_sousa@xpto.com",[\n]"
21:37:04.101 [main] DEBUG org.apache.http.wire -- http-outgoing-2 << "            "password": ")7TJeU#ilK",[\n]"
21:37:04.101 [main] DEBUG org.apache.http.wire -- http-outgoing-2 << "            "administrador": "false",[\n]"
21:37:04.101 [main] DEBUG org.apache.http.wire -- http-outgoing-2 << "            "_id": "Kbrkr7GZUSjl70SQ"[\n]"
21:37:04.101 [main] DEBUG org.apache.http.wire -- http-outgoing-2 << "        },[\n]"
21:37:04.101 [main] DEBUG org.apache.http.wire -- http-outgoing-2 << "        {[\n]"
21:37:04.101 [main] DEBUG org.apache.http.wire -- http-outgoing-2 << "            "nome": "Usu[0xc3][0xa1]rio Teste API",[\n]"
21:37:04.101 [main] DEBUG org.apache.http.wire -- http-outgoing-2 << "            "password": "123456",[\n]"
21:37:04.101 [main] DEBUG org.apache.http.wire -- http-outgoing-2 << "            "administrador": "true",[\n]"
21:37:04.101 [main] DEBUG org.apache.http.wire -- http-outgoing-2 << "            "email": "senhaerrada_1752600227373@mail.com",[\n]"
21:37:04.101 [main] DEBUG org.apache.http.wire -- http-outgoing-2 << "            "_id": "L1B5ZmszWJy5CgJK"[\n]"
21:37:04.101 [main] DEBUG org.apache.http.wire -- http-outgoing-2 << "        },[\n]"
21:37:04.101 [main] DEBUG org.apache.http.wire -- http-outgoing-2 << "        {[\n]"
21:37:04.101 [main] DEBUG org.apache.http.wire -- http-outgoing-2 << "            "nome": "LulaGameplay",[\n]"
21:37:04.101 [main] DEBUG org.apache.http.wire -- http-outgoing-2 << "            "email": "beltranoboeoeoqdga@gmail.com",[\n]"
21:37:04.101 [main] DEBUG org.apache.http.wire -- http-outgoing-2 << "            "password": "batata",[\n]"
21:37:04.101 [main] DEBUG org.apache.http.wire -- http-outgoing-2 << "            "administrador": "true",[\n]"
21:37:04.101 [main] DEBUG org.apache.http.wire -- http-outgoing-2 << "            "_id": "L6qc1npXoZsKGbDt"[\n]"
21:37:04.102 [main] DEBUG org.apache.http.wire -- http-outgoing-2 << "        },[\n]"
21:37:04.102 [main] DEBUG org.apache.http.wire -- http-outgoing-2 << "        {[\n]"
21:37:04.102 [main] DEBUG org.apache.http.wire -- http-outgoing-2 << "            "nome": "testingON 10",[\n]"
21:37:04.102 [main] DEBUG org.apache.http.wire -- http-outgoing-2 << "            "email": "tON10@qa.com.br",[\n]"
21:37:04.102 [main] DEBUG org.apache.http.wire -- http-outgoing-2 << "            "password": "teste",[\n]"
21:37:04.102 [main] DEBUG org.apache.http.wire -- http-outgoing-2 << "            "administrador": "true",[\n]"
21:37:04.102 [main] DEBUG org.apache.http.wire -- http-outgoing-2 << "            "_id": "L8ZczU74EiT3NeEW"[\n]"
21:37:04.102 [main] DEBUG org.apache.http.wire -- http-outgoing-2 << "        },[\n]"
21:37:04.102 [main] DEBUG org.apache.http.wire -- http-outgoing-2 << "        {[\n]"
21:37:04.102 [main] DEBUG org.apache.http.wire -- http-outgoing-2 << "            "nome": "Usu[0xc3][0xa1]rio Teste API",[\n]"
21:37:04.102 [main] DEBUG org.apache.http.wire -- http-outgoing-2 << "            "password": "123456",[\n]"
21:37:04.102 [main] DEBUG org.apache.http.wire -- http-outgoing-2 << "            "administrador": "true",[\n]"
21:37:04.102 [main] DEBUG org.apache.http.wire -- http-outgoing-2 << "            "email": "user_1752600369036@mail.com",[\n]"
21:37:04.102 [main] DEBUG org.apache.http.wire -- http-outgoing-2 << "            "_id": "LDS8d5sZloP3mNuu"[\n]"
21:37:04.102 [main] DEBUG org.apache.http.wire -- http-outgoing-2 << "        },[\n]"
21:37:04.102 [main] DEBUG org.apache.http.wire -- http-outgoing-2 << "        {[\n]"
21:37:04.102 [main] DEBUG org.apache.http.wire -- http-outgoing-2 << "            "nome": "Alfred1752593187910",[\n]"
21:37:04.102 [main] DEBUG org.apache.http.wire -- http-outgoing-2 << "            "email": "alfred_1752593187910@gmail.com",[\n]"
21:37:04.102 [main] DEBUG org.apache.http.wire -- http-outgoing-2 << "            "password": "123456",[\n]"
21:37:04.102 [main] DEBUG org.apache.http.wire -- http-outgoing-2 << "   "
21:37:04.102 [main] DEBUG org.apache.http.wire -- http-outgoing-2 << "         "administrador": "false",[\n]"
21:37:04.102 [main] DEBUG org.apache.http.wire -- http-outgoing-2 << "            "_id": "LJd9gVCUKw2YR6OC"[\n]"
21:37:04.102 [main] DEBUG org.apache.http.wire -- http-outgoing-2 << "        },[\n]"
21:37:04.102 [main] DEBUG org.apache.http.wire -- http-outgoing-2 << "        {[\n]"
21:37:04.102 [main] DEBUG org.apache.http.wire -- http-outgoing-2 << "            "nome": "Usu[0xc3][0xa1]rio Teste API",[\n]"
21:37:04.102 [main] DEBUG org.apache.http.wire -- http-outgoing-2 << "            "password": "123456",[\n]"
21:37:04.102 [main] DEBUG org.apache.http.wire -- http-outgoing-2 << "            "administrador": "true",[\n]"
21:37:04.102 [main] DEBUG org.apache.http.wire -- http-outgoing-2 << "            "email": "user_1752600201590@mail.com",[\n]"
21:37:04.102 [main] DEBUG org.apache.http.wire -- http-outgoing-2 << "            "_id": "LZvngtcPfe06JHob"[\n]"
21:37:04.102 [main] DEBUG org.apache.http.wire -- http-outgoing-2 << "        },[\n]"
21:37:04.102 [main] DEBUG org.apache.http.wire -- http-outgoing-2 << "        {[\n]"
21:37:04.102 [main] DEBUG org.apache.http.wire -- http-outgoing-2 << "            "nome": "admin",[\n]"
21:37:04.102 [main] DEBUG org.apache.http.wire -- http-outgoing-2 << "            "email": "laisa.silva2644"
21:37:04.106 [main] DEBUG org.apache.http.wire -- http-outgoing-2 << "@gmail.com",[\n]"
21:37:04.106 [main] DEBUG org.apache.http.wire -- http-outgoing-2 << "            "password": "2202caio",[\n]"
21:37:04.106 [main] DEBUG org.apache.http.wire -- http-outgoing-2 << "            "administrador": "true",[\n]"
21:37:04.106 [main] DEBUG org.apache.http.wire -- http-outgoing-2 << "            "_id": "LebyMGjqDWzqrOrx"[\n]"
21:37:04.106 [main] DEBUG org.apache.http.wire -- http-outgoing-2 << "        },[\n]"
21:37:04.106 [main] DEBUG org.apache.http.wire -- http-outgoing-2 << "        {[\n]"
21:37:04.106 [main] DEBUG org.apache.http.wire -- http-outgoing-2 << "            "nome": "Novo Usuario",[\n]"
21:37:04.106 [main] DEBUG org.apache.http.wire -- http-outgoing-2 << "            "email": "user_2025-07-15T2118562057322@qa.com.br",[\n]"
21:37:04.106 [main] DEBUG org.apache.http.wire -- http-outgoing-2 << "            "password": "123456",[\n]"
21:37:04.106 [main] DEBUG org.apache.http.wire -- http-outgoing-2 << "            "administrador": "false",[\n]"
21:37:04.106 [main] DEBUG org.apache.http.wire -- http-outgoing-2 << "            "_id": "LtYrorP17mK5vWrM"[\n]"
21:37:04.106 [main] DEBUG org.apache.http.wire -- http-outgoing-2 << "        },[\n]"
21:37:04.106 [main] DEBUG org.apache.http.wire -- http-outgoing-2 << "        {[\n]"
21:37:04.106 [main] DEBUG org.apache.http.wire -- http-outgoing-2 << "            "nome": "Lunna Carvalho",[\n]"
21:37:04.106 [main] DEBUG org.apache.http.wire -- http-outgoing-2 << "            "email": "lunna_carvalho@xpto.com",[\n]"
21:37:04.106 [main] DEBUG org.apache.http.wire -- http-outgoing-2 << "            "password": "%bqO6LaSAF",[\n]"
21:37:04.106 [main] DEBUG org.apache.http.wire -- http-outgoing-2 << "            "administrador": "false",[\n]"
21:37:04.106 [main] DEBUG org.apache.http.wire -- http-outgoing-2 << "            "_id": "LujquXSPp8BT2g3i"[\n]"
21:37:04.106 [main] DEBUG org.apache.http.wire -- http-outgoing-2 << "        },[\n]"
21:37:04.106 [main] DEBUG org.apache.http.wire -- http-outgoing-2 << "        {[\n]"
21:37:04.106 [main] DEBUG org.apache.http.wire -- http-outgoing-2 << "            "nome": "Sara Melo",[\n]"
21:37:04.106 [main] DEBUG org.apache.http.wire -- http-outgoing-2 << "            "email": "sara_melo@xpto.com",[\n]"
21:37:04.106 [main] DEBUG org.apache.http.wire -- http-outgoing-2 << "            "password": "eWr2eTmh#j",[\n]"
21:37:04.106 [main] DEBUG org.apache.http.wire -- http-outgoing-2 << "            "administrador": "false",[\n]"
21:37:04.106 [main] DEBUG org.apache.http.wire -- http-outgoing-2 << "            "_id": "M3jst2dNeL3ndJ9Q"[\n]"
21:37:04.106 [main] DEBUG org.apache.http.wire -- http-outgoing-2 << "        },[\n]"
21:37:04.106 [main] DEBUG org.apache.http.wire -- http-outgoing-2 << "        {[\n]"
21:37:04.106 [main] DEBUG org.apache.http.wire -- http-outgoing-2 << "            "nome": "Usuario Existente",[\n]"
21:37:04.106 [main] DEBUG org.apache.http.wire -- http-outgoing-2 << "            "email": "emailexistentedeqa126@qa.com.br",[\n]"
21:37:04.106 [main] DEBUG org.apache.http.wire -- http-outgoing-2 << "            "password": "teste",[\n]"
21:37:04.106 [main] DEBUG org.apache.http.wire -- http-outgoing-2 << "            "administrador": "true",[\n]"
21:37:04.106 [main] DEBUG org.apache.http.wire -- http-outgoing-2 << "            "_id": "MWbexdU3hG6FwelI"[\n]"
21:37:04.106 [main] DEBUG org.apache.http.wire -- http-outgoing-2 << "        },[\n]"
21:37:04.106 [main] DEBUG org.apache.http.wire -- http-outgoing-2 << "        {[\n]"
21:37:04.106 [main] DEBUG org.apache.http.wire -- http-outgoing-2 << "            "administrador": "true",[\n]"
21:37:04.106 [main] DEBUG org.apache.http.wire -- http-outgoing-2 << "            "email": "reiload@gmail.com",[\n]"
21:37:04.106 [main] DEBUG org.apache.http.wire -- http-outgoing-2 << "            "nome": "full_name",[\n]"
21:37:04.106 [main] DEBUG org.apache.http.wire -- http-outgoing-2 << "            "password": "password",[\n]"
21:37:04.106 [main] DEBUG org.apache.http.wire -- http-outgoing-2 << "            "_id": "MjHvf2dninbRltwE"[\n]"
21:37:04.106 [main] DEBUG org.apache.http.wire -- http-outgoing-2 << "        },[\n]"
21:37:04.106 [main] DEBUG org.apache.http.wire -- http-outgoing-2 << "        {[\n]"
21:37:04.106 [main] DEBUG org.apache.http.wire -- http-outgoing-2 << "            "nome": "Usu[0xc3][0xa1]rio Teste API",[\n]"
21:37:04.106 [main] DEBUG org.apache.http.wire -- http-outgoing-2 << "            "password": "123456",[\n]"
21:37:04.106 [main] DEBUG org.apache.http.wire -- http-outgoing-2 << "            "administrador": "true",[\n]"
21:37:04.106 [main] DEBUG org.apache.http.wire -- http-outgoing-2 << "            "email": "user_1752600123811@mail.com",[\n]"
21:37:04.106 [main] DEBUG org.apache.http.wire -- http-outgoing-2 << "  "
21:37:04.107 [main] DEBUG org.apache.http.wire -- http-outgoing-2 << "          "_id": "N3tWINgEAadCpSEU"[\n]"
21:37:04.107 [main] DEBUG org.apache.http.wire -- http-outgoing-2 << "        },[\n]"
21:37:04.107 [main] DEBUG org.apache.http.wire -- http-outgoing-2 << "        {[\n]"
21:37:04.107 [main] DEBUG org.apache.http.wire -- http-outgoing-2 << "            "nome": "Usu[0xc3][0xa1]rio Teste API",[\n]"
21:37:04.107 [main] DEBUG org.apache.http.wire -- http-outgoing-2 << "            "password": "123456",[\n]"
21:37:04.107 [main] DEBUG org.apache.http.wire -- http-outgoing-2 << "            "administrador": "true",[\n]"
21:37:04.107 [main] DEBUG org.apache.http.wire -- http-outgoing-2 << "            "email": "senhaerrada_1752600520627@mail.com",[\n]"
21:37:04.107 [main] DEBUG org.apache.http.wire -- http-outgoing-2 << "            "_id": "N9Vav7y8xjbeOIP2"[\n]"
21:37:04.107 [main] DEBUG org.apache.http.wire -- http-outgoing-2 << "        },[\n]"
21:37:04.107 [main] DEBUG org.apache.http.wire -- http-outgoing-2 << "        {[\n]"
21:37:04.107 [main] DEBUG org.apache.http.wire -- http-outgoing-2 << "            "nome": "Elyse",[\n]"
21:37:04.107 [main] DEBUG org.apache.http.wire -- http-outgoing-2 << "            "email": "Clare.Mraz73@teste.com",[\n]"
21:37:04.107 [main] DEBUG org.apache.http.wire -- http-outgoing-2 << "            "password": "testNN",[\n]"
21:37:04.107 [main] DEBUG org.apache.http.wire -- http-outgoing-2 << "            "administrador": "true",[\n]"
21:37:04.107 [main] DEBUG org.apache.http.wire -- http-outgoing-2 << "            "_id": "NAIaiBsG4gAualO5"[\n]"
21:37:04.107 [main] DEBUG org.apache.http.wire -- http-outgoing-2 << "        },[\n]"
21:37:04.107 [main] DEBUG org.apache.http.wire -- http-outgoing-2 << "        {[\n]"
21:37:04.107 [main] DEBUG org.apache.http.wire -- http-outgoing-2 << "            "nome": "David castro moreira",[\n]"
21:37:04.107 [main] DEBUG org.apache.http.wire -- http-outgoing-2 << "            "email": "Pablodasilva@gamil.com",[\n]"
21:37:04.107 [main] DEBUG org.apache.http.wire -- http-outgoing-2 << "            "password": "56777",[\n]"
21:37:04.107 [main] DEBUG org.apache.http.wire -- http-outgoing-2 << "            "administrador": "true",[\n]"
21:37:04.107 [main] DEBUG org.apache.http.wire -- http-outgoing-2 << "            "_id": "NGa4E4DG75Mfjj6H"[\n]"
21:37:04.107 [main] DEBUG org.apache.http.wire -- http-outgoing-2 << "        },[\n]"
21:37:04.107 [main] DEBUG org.apache.http.wire -- http-outgoing-2 << "        {[\n]"
21:37:04.107 [main] DEBUG org.apache.http.wire -- http-outgoing-2 << "            "nome": "David castro moreira",[\n]"
21:37:04.107 [main] DEBUG org.apache.http.wire -- http-outgoing-2 << "            "email": "Pablodasila@gamil.com",[\n]"
21:37:04.107 [main] DEBUG org.apache.http.wire -- http-outgoing-2 << "            "password": "56777",[\n]"
21:37:04.107 [main] DEBUG org.apache.http.wire -- http-outgoing-2 << "            "administrador": "true",[\n]"
21:37:04.107 [main] DEBUG org.apache.http.wire -- http-outgoing-2 << "            "_id": "NJVjbbYiT7gL4jQJ"[\n]"
21:37:04.107 [main] DEBUG org.apache.http.wire -- http-outgoing-2 << "        },[\n]"
21:37:04.107 [main] DEBUG org.apache.http.wire -- http-outgoing-2 << "        {[\n]"
21:37:04.107 [main] DEBUG org.apache.http.wire -- http-outgoing-2 << "            "nome": "Raquel Arag[0xc3][0xa3]o",[\n]"
21:37:04.107 [main] DEBUG org.apache.http.wire -- http-outgoing-2 << "            "email": "raquel_arag[0xc3][0xa3]o@xpto.com",[\n]"
21:37:04.107 [main] DEBUG org.apache.http.wire -- http-outgoing-2 << "     "
21:37:04.107 [main] DEBUG org.apache.http.wire -- http-outgoing-2 << "       "password": "+Ncu2QYr+j",[\n]"
21:37:04.107 [main] DEBUG org.apache.http.wire -- http-outgoing-2 << "            "administrador": "false",[\n]"
21:37:04.107 [main] DEBUG org.apache.http.wire -- http-outgoing-2 << "            "_id": "NLDUEit6jOw8uaXY"[\n]"
21:37:04.107 [main] DEBUG org.apache.http.wire -- http-outgoing-2 << "        },[\n]"
21:37:04.107 [main] DEBUG org.apache.http.wire -- http-outgoing-2 << "        "
21:37:04.111 [main] DEBUG org.apache.http.wire -- http-outgoing-2 << "{[\n]"
21:37:04.112 [main] DEBUG org.apache.http.wire -- http-outgoing-2 << "            "nome": "Usu[0xc3][0xa1]rio Teste API",[\n]"
21:37:04.112 [main] DEBUG org.apache.http.wire -- http-outgoing-2 << "            "password": "123456",[\n]"
21:37:04.112 [main] DEBUG org.apache.http.wire -- http-outgoing-2 << "            "administrador": "true",[\n]"
21:37:04.112 [main] DEBUG org.apache.http.wire -- http-outgoing-2 << "            "email": "user_1752600030839@mail.com",[\n]"
21:37:04.112 [main] DEBUG org.apache.http.wire -- http-outgoing-2 << "            "_id": "NWF0qVon15L03OC4"[\n]"
21:37:04.112 [main] DEBUG org.apache.http.wire -- http-outgoing-2 << "        },[\n]"
21:37:04.112 [main] DEBUG org.apache.http.wire -- http-outgoing-2 << "        {[\n]"
21:37:04.112 [main] DEBUG org.apache.http.wire -- http-outgoing-2 << "            "nome": "bruno da",[\n]"
21:37:04.112 [main] DEBUG org.apache.http.wire -- http-outgoing-2 << "            "email": "beltrafhdfthno@gmail.com",[\n]"
21:37:04.112 [main] DEBUG org.apache.http.wire -- http-outgoing-2 << "            "password": "1234",[\n]"
21:37:04.112 [main] DEBUG org.apache.http.wire -- http-outgoing-2 << "            "administrador": "true",[\n]"
21:37:04.112 [main] DEBUG org.apache.http.wire -- http-outgoing-2 << "            "_id": "NfowJvv4lDBXujWP"[\n]"
21:37:04.112 [main] DEBUG org.apache.http.wire -- http-outgoing-2 << "        },[\n]"
21:37:04.112 [main] DEBUG org.apache.http.wire -- http-outgoing-2 << "        {[\n]"
21:37:04.112 [main] DEBUG org.apache.http.wire -- http-outgoing-2 << "            "nome": "Usu[0xc3][0xa1]rio Teste API",[\n]"
21:37:04.112 [main] DEBUG org.apache.http.wire -- http-outgoing-2 << "            "password": "123456",[\n]"
21:37:04.112 [main] DEBUG org.apache.http.wire -- http-outgoing-2 << "            "administrador": "true",[\n]"
21:37:04.112 [main] DEBUG org.apache.http.wire -- http-outgoing-2 << "            "email": "user_1752600593074@mail.com",[\n]"
21:37:04.112 [main] DEBUG org.apache.http.wire -- http-outgoing-2 << "            "_id": "NgzRSXVk5kGsoQRV"[\n]"
21:37:04.112 [main] DEBUG org.apache.http.wire -- http-outgoing-2 << "        },[\n]"
21:37:04.112 [main] DEBUG org.apache.http.wire -- http-outgoing-2 << "        {[\n]"
21:37:04.112 [main] DEBUG org.apache.http.wire -- http-outgoing-2 << "            "nome": "Theo Pastor",[\n]"
21:37:04.112 [main] DEBUG org.apache.http.wire -- http-outgoing-2 << "            "email": "theo_pastor@xpto.com",[\n]"
21:37:04.112 [main] DEBUG org.apache.http.wire -- http-outgoing-2 << "            "password": "Z5*6oDaaM6",[\n]"
21:37:04.112 [main] DEBUG org.apache.http.wire -- http-outgoing-2 << "            "administrador": "false",[\n]"
21:37:04.112 [main] DEBUG org.apache.http.wire -- http-outgoing-2 << "            "_id": "NyVRBKCCEJisxbjs"[\n]"
21:37:04.112 [main] DEBUG org.apache.http.wire -- http-outgoing-2 << "        },[\n]"
21:37:04.112 [main] DEBUG org.apache.http.wire -- http-outgoing-2 << "        {[\n]"
21:37:04.112 [main] DEBUG org.apache.http.wire -- http-outgoing-2 << "            "nome": "Emely.Kling7",[\n]"
21:37:04.112 [main] DEBUG org.apache.http.wire -- http-outgoing-2 << "            "email": "Nina.Quigley37@yahoo.com",[\n]"
21:37:04.112 [main] DEBUG org.apache.http.wire -- http-outgoing-2 << "            "password": "6ZQ36Q7fqHZJ2xx",[\n]"
21:37:04.112 [main] DEBUG org.apache.http.wire -- http-outgoing-2 << "            "administr"
21:37:04.112 [main] DEBUG org.apache.http.wire -- http-outgoing-2 << "ador": "true",[\n]"
21:37:04.112 [main] DEBUG org.apache.http.wire -- http-outgoing-2 << "            "_id": "O9hxFVKM6JvQZXzl"[\n]"
21:37:04.112 [main] DEBUG org.apache.http.wire -- http-outgoing-2 << "        },[\n]"
21:37:04.112 [main] DEBUG org.apache.http.wire -- http-outgoing-2 << "        {[\n]"
21:37:04.112 [main] DEBUG org.apache.http.wire -- http-outgoing-2 << "            "nome": "Ant[0xc3][0xb4]nio Cirino",[\n]"
21:37:04.112 [main] DEBUG org.apache.http.wire -- http-outgoing-2 << "            "email": "ant[0xc3][0xb4]nio_cirino@xpto.com",[\n]"
21:37:04.112 [main] DEBUG org.apache.http.wire -- http-outgoing-2 << "            "password": "!F291EOaJp",[\n]"
21:37:04.112 [main] DEBUG org.apache.http.wire -- http-outgoing-2 << "            "administrador": "false",[\n]"
21:37:04.112 [main] DEBUG org.apache.http.wire -- http-outgoing-2 << "            "_id": "OCIFHN9QYGo4znZz"[\n]"
21:37:04.112 [main] DEBUG org.apache.http.wire -- http-outgoing-2 << "        },[\n]"
21:37:04.112 [main] DEBUG org.apache.http.wire -- http-outgoing-2 << "        {[\n]"
21:37:04.112 [main] DEBUG org.apache.http.wire -- http-outgoing-2 << "            "nome": "Giovanna Moura",[\n]"
21:37:04.112 [main] DEBUG org.apache.http.wire -- http-outgoing-2 << "            "email": "giovanna_moura@xpto.com",[\n]"
21:37:04.112 [main] DEBUG org.apache.http.wire -- http-outgoing-2 << " "
21:37:04.112 [main] DEBUG org.apache.http.wire -- http-outgoing-2 << "           "password": "38hJ0aao$+",[\n]"
21:37:04.112 [main] DEBUG org.apache.http.wire -- http-outgoing-2 << "            "administrador": "false",[\n]"
21:37:04.112 [main] DEBUG org.apache.http.wire -- http-outgoing-2 << "            "_id": "OGPmMHWn9tpByOQR"[\n]"
21:37:04.112 [main] DEBUG org.apache.http.wire -- http-outgoing-2 << "        },[\n]"
21:37:04.112 [main] DEBUG org.apache.http.wire -- http-outgoing-2 << "        {[\n]"
21:37:04.112 [main] DEBUG org.apache.http.wire -- http-outgoing-2 << "            "nome": "Charles Hudson",[\n]"
21:37:04.112 [main] DEBUG org.apache.http.wire -- http-outgoing-2 << "            "email": "charleshudson@test.com",[\n]"
21:37:04.112 [main] DEBUG org.apache.http.wire -- http-outgoing-2 << "            "password": "Test;123",[\n]"
21:37:04.112 [main] DEBUG org.apache.http.wire -- http-outgoing-2 << "            "administrador": "false",[\n]"
21:37:04.112 [main] DEBUG org.apache.http.wire -- http-outgoing-2 << "            "_id": "OOq1dYnV7ufh5t2K"[\n]"
21:37:04.112 [main] DEBUG org.apache.http.wire -- http-outgoing-2 << "        },[\n]"
21:37:04.112 [main] DEBUG org.apache.http.wire -- http-outgoing-2 << "        {[\n]"
21:37:04.112 [main] DEBUG org.apache.http.wire -- http-outgoing-2 << "            "nome": "Armando",[\n]"
21:37:04.112 [main] DEBUG org.apache.http.wire -- http-outgoing-2 << "            "email": "emailteste@qa.com",[\n]"
21:37:04.112 [main] DEBUG org.apache.http.wire -- http-outgoing-2 << "            "password": "testHM",[\n]"
21:37:04.112 [main] DEBUG org.apache.http.wire -- http-outgoing-2 << "            "administrador": "true",[\n]"
21:37:04.112 [main] DEBUG org.apache.http.wire -- http-outgoing-2 << "            "_id": "Ob76DHMSkQJZqdhS"[\n]"
21:37:04.112 [main] DEBUG org.apache.http.wire -- http-outgoing-2 << "        },[\n]"
21:37:04.112 [main] DEBUG org.apache.http.wire -- http-outgoing-2 << "        {[\n]"
21:37:04.112 [main] DEBUG org.apache.http.wire -- http-outgoing-2 << "            "nome": "Gabriela Diane",[\n]"
21:37:04.112 [main] DEBUG org.apache.http.wire -- http-outgoing-2 << "            "email": "Gabriela@qa.com.br",[\n]"
21:37:04.112 [main] DEBUG org.apache.http.wire -- http-outgoing-2 << "            "password": "teste",[\n]"
21:37:04.112 [main] DEBUG org.apache.http.wire -- http-outgoing-2 << "            "administrador": "true",[\n]"
21:37:04.112 [main] DEBUG org.apache.http.wire -- http-outgoing-2 << "            "_id": "P9S53bQQAbIrxkKQ"[\n]"
21:37:04.112 [main] DEBUG org.apache.http.wire -- http-outgoing-2 << "        },[\n]"
21:37:04.112 [main] DEBUG org.apache.http.wire -- http-outgoing-2 << "        {[\n]"
21:37:04.112 [main] DEBUG org.apache.http.wire -- http-outgoing-2 << "            "nome": "Jaquan.Nader4",[\n]"
21:37:04.112 [main] DEBUG org.apache.http.wire -- http-outgoing-2 << "            "email": "River.Kuphal90@gmail.com",[\n]"
21:37:04.112 [main] DEBUG org.apache.http.wire -- http-outgoing-2 << "            "password": "581056844",[\n]"
21:37:04.112 [main] DEBUG org.apache.http.wire -- http-outgoing-2 << "            "administrador": "true",[\n]"
21:37:04.112 [main] DEBUG org.apache.http.wire -- http-outgoing-2 << "            "_id": "PNJPK2qQuNPNCubW"[\n]"
21:37:04.112 [main] DEBUG org.apache.http.wire -- http-outgoing-2 << "        },[\n]"
21:37:04.112 [main] DEBUG org.apache.http.wire -- http-outgoing-2 << "        {[\n]"
21:37:04.112 [main] DEBUG org.apache.http.wire -- http-outgoing-2 << "            "nome": "Seu nome",[\n]"
21:37:04.112 [main] DEBUG org.apache.http.wire -- http-outgoing-2 << "        "
21:37:04.112 [main] DEBUG org.apache.http.wire -- http-outgoing-2 << "    "email": "nome@bol.com.br",[\n]"
21:37:04.112 [main] DEBUG org.apache.http.wire -- http-outgoing-2 << "            "password": "PAssword@123",[\n]"
21:37:04.112 [main] DEBUG org.apache.http.wire -- http-outgoing-2 << "            "administrador": "false",[\n]"
21:37:04.112 [main] DEBUG org.apache.http.wire -- http-outgoing-2 << "            "_id": "PZubGKiYNyUHvn5g"[\n]"
21:37:04.112 [main] DEBUG org.apache.http.wire -- http-outgoing-2 << "        },[\n]"
21:37:04.112 [main] DEBUG org.apache.http.wire -- http-outgoing-2 << "        {[\n]"
21:37:04.112 [main] DEBUG org.apache.http.wire -- http-outgoing-2 << "            "nome": "Fulano da Silva",[\n]"
21:37:04.112 [main] DEBUG org.apache.http.wire -- http-outgoing-2 << "            "email": "user_2025-07-15T213311391024@qa.com.br",[\n]"
21:37:04.112 [main] DEBUG org.apache.http.wire -- http-outgoing-2 << "            "password": "teste",[\n]"
21:37:04.112 [main] DEBUG org.apache.http.wire -- http-outgoing-2 << "            "administrador": "true",[\n]"
21:37:04.112 [main] DEBUG org.apache.http.wire -- http-outgoing-2 << "            "_id": "PaMS7XtvmaAxstuQ"[\n]"
21:37:04.112 [main] DEBUG org.apache.http.wire -- http-outgoing-2 << "     "
21:37:04.116 [main] DEBUG org.apache.http.wire -- http-outgoing-2 << "   },[\n]"
21:37:04.117 [main] DEBUG org.apache.http.wire -- http-outgoing-2 << "        {[\n]"
21:37:04.117 [main] DEBUG org.apache.http.wire -- http-outgoing-2 << "            "nome": "Renan Silva",[\n]"
21:37:04.117 [main] DEBUG org.apache.http.wire -- http-outgoing-2 << "            "email": "renansilva@serverest.dev",[\n]"
21:37:04.117 [main] DEBUG org.apache.http.wire -- http-outgoing-2 << "            "password": "BA3B1b@A",[\n]"
21:37:04.117 [main] DEBUG org.apache.http.wire -- http-outgoing-2 << "            "administrador": "true",[\n]"
21:37:04.117 [main] DEBUG org.apache.http.wire -- http-outgoing-2 << "            "_id": "Pj3IiZSzoOjYnVMa"[\n]"
21:37:04.117 [main] DEBUG org.apache.http.wire -- http-outgoing-2 << "        },[\n]"
21:37:04.117 [main] DEBUG org.apache.http.wire -- http-outgoing-2 << "        {[\n]"
21:37:04.117 [main] DEBUG org.apache.http.wire -- http-outgoing-2 << "            "nome": "Martina",[\n]"
21:37:04.117 [main] DEBUG org.apache.http.wire -- http-outgoing-2 << "            "email": "Susan.Wehner7@teste.com",[\n]"
21:37:04.117 [main] DEBUG org.apache.http.wire -- http-outgoing-2 << "            "password": "testhB",[\n]"
21:37:04.117 [main] DEBUG org.apache.http.wire -- http-outgoing-2 << "            "administrador": "true",[\n]"
21:37:04.117 [main] DEBUG org.apache.http.wire -- http-outgoing-2 << "            "_id": "Pujt53CVTF2IIXL6"[\n]"
21:37:04.117 [main] DEBUG org.apache.http.wire -- http-outgoing-2 << "        },[\n]"
21:37:04.117 [main] DEBUG org.apache.http.wire -- http-outgoing-2 << "        {[\n]"
21:37:04.117 [main] DEBUG org.apache.http.wire -- http-outgoing-2 << "            "nome": "victor siq",[\n]"
21:37:04.117 [main] DEBUG org.apache.http.wire -- http-outgoing-2 << "            "email": "victor.1752632226012@teste.com",[\n]"
21:37:04.117 [main] DEBUG org.apache.http.wire -- http-outgoing-2 << "            "password": "victor1234",[\n]"
21:37:04.117 [main] DEBUG org.apache.http.wire -- http-outgoing-2 << "            "administrador": "false",[\n]"
21:37:04.117 [main] DEBUG org.apache.http.wire -- http-outgoing-2 << "            "_id": "Q2r8bjirYx7OxnJL"[\n]"
21:37:04.117 [main] DEBUG org.apache.http.wire -- http-outgoing-2 << "        },[\n]"
21:37:04.117 [main] DEBUG org.apache.http.wire -- http-outgoing-2 << "        {[\n]"
21:37:04.117 [main] DEBUG org.apache.http.wire -- http-outgoing-2 << "            "nome": "Reese",[\n]"
21:37:04.117 [main] DEBUG org.apache.http.wire -- http-outgoing-2 << "            "email": "Reese_Parker12@gmail.com",[\n]"
21:37:04.117 [main] DEBUG org.apache.http.wire -- http-outgoing-2 << "            "password": "teste",[\n]"
21:37:04.117 [main] DEBUG org.apache.http.wire -- http-outgoing-2 << "            "administrador": "true",[\n]"
21:37:04.117 [main] DEBUG org.apache.http.wire -- http-outgoing-2 << "            "_id": "QBHlKzDQ4SebXFPk"[\n]"
21:37:04.117 [main] DEBUG org.apache.http.wire -- http-outgoing-2 << "        },[\n]"
21:37:04.117 [main] DEBUG org.apache.http.wire -- http-outgoing-2 << "        {[\n]"
21:37:04.117 [main] DEBUG org.apache.http.wire -- http-outgoing-2 << "            "nome": "Fulano da Silva",[\n]"
21:37:04.117 [main] DEBUG org.apache.http.wire -- http-outgoing-2 << "            "email": "beltranoas_qa4_#{karate.timestamp}@qa.com.br",[\n]"
21:37:04.117 [main] DEBUG org.apache.http.wire -- http-outgoing-2 << "            "password": "teste",[\n]"
21:37:04.117 [main] DEBUG org.apache.http.wire -- http-outgoing-2 << "           "
21:37:04.117 [main] DEBUG org.apache.http.wire -- http-outgoing-2 << " "administrador": "true",[\n]"
21:37:04.117 [main] DEBUG org.apache.http.wire -- http-outgoing-2 << "            "_id": "QL4UW31Vc4XgUjr6"[\n]"
21:37:04.117 [main] DEBUG org.apache.http.wire -- http-outgoing-2 << "        },[\n]"
21:37:04.117 [main] DEBUG org.apache.http.wire -- http-outgoing-2 << "        {[\n]"
21:37:04.117 [main] DEBUG org.apache.http.wire -- http-outgoing-2 << "            "nome": "Destiney",[\n]"
21:37:04.117 [main] DEBUG org.apache.http.wire -- http-outgoing-2 << "            "email": "Pete.Runolfsdottir15@teste.com",[\n]"
21:37:04.117 [main] DEBUG org.apache.http.wire -- http-outgoing-2 << "            "password": "testlS",[\n]"
21:37:04.117 [main] DEBUG org.apache.http.wire -- http-outgoing-2 << "            "administrador": "true",[\n]"
21:37:04.117 [main] DEBUG org.apache.http.wire -- http-outgoing-2 << "            ""
21:37:04.117 [main] DEBUG org.apache.http.wire -- http-outgoing-2 << "_id": "QUpDXv5b1OAAuYf2"[\n]"
21:37:04.117 [main] DEBUG org.apache.http.wire -- http-outgoing-2 << "        },[\n]"
21:37:04.117 [main] DEBUG org.apache.http.wire -- http-outgoing-2 << "        {[\n]"
21:37:04.117 [main] DEBUG org.apache.http.wire -- http-outgoing-2 << "            "nome": "Edmund Kessler",[\n]"
21:37:04.117 [main] DEBUG org.apache.http.wire -- http-outgoing-2 << "            "email": "edmundkessler@test.com",[\n]"
21:37:04.117 [main] DEBUG org.apache.http.wire -- http-outgoing-2 << "            "password": "Test;123",[\n]"
21:37:04.117 [main] DEBUG org.apache.http.wire -- http-outgoing-2 << "            "administrador": "true",[\n]"
21:37:04.117 [main] DEBUG org.apache.http.wire -- http-outgoing-2 << "            "_id": "Qtd8BGHybWaR6AFA"[\n]"
21:37:04.117 [main] DEBUG org.apache.http.wire -- http-outgoing-2 << "        },[\n]"
21:37:04.117 [main] DEBUG org.apache.http.wire -- http-outgoing-2 << "        {[\n]"
21:37:04.117 [main] DEBUG org.apache.http.wire -- http-outgoing-2 << "            "nome": "STELLAKNIGHT",[\n]"
21:37:04.117 [main] DEBUG org.apache.http.wire -- http-outgoing-2 << "            "email": "tester@hotmail.com",[\n]"
21:37:04.117 [main] DEBUG org.apache.http.wire -- http-outgoing-2 << "            "password": "1q2w3e",[\n]"
21:37:04.117 [main] DEBUG org.apache.http.wire -- http-outgoing-2 << "            "administrador": "false",[\n]"
21:37:04.117 [main] DEBUG org.apache.http.wire -- http-outgoing-2 << "            "_id": "QzGWumbyNkE3R8dk"[\n]"
21:37:04.117 [main] DEBUG org.apache.http.wire -- http-outgoing-2 << "        },[\n]"
21:37:04.117 [main] DEBUG org.apache.http.wire -- http-outgoing-2 << "        {[\n]"
21:37:04.117 [main] DEBUG org.apache.http.wire -- http-outgoing-2 << "            "nome": "Usuario Teste",[\n]"
21:37:04.117 [main] DEBUG org.apache.http.wire -- http-outgoing-2 << "            "email": "Teste1as3@bol.com.br",[\n]"
21:37:04.117 [main] DEBUG org.apache.http.wire -- http-outgoing-2 << "            "password": "senha123453123",[\n]"
21:37:04.117 [main] DEBUG org.apache.http.wire -- http-outgoing-2 << "            "administrador": "false",[\n]"
21:37:04.117 [main] DEBUG org.apache.http.wire -- http-outgoing-2 << "            "_id": "QzzorZVualgbiZ5M"[\n]"
21:37:04.117 [main] DEBUG org.apache.http.wire -- http-outgoing-2 << "        },[\n]"
21:37:04.117 [main] DEBUG org.apache.http.wire -- http-outgoing-2 << "        {[\n]"
21:37:04.117 [main] DEBUG org.apache.http.wire -- http-outgoing-2 << "            "nome": "victor siq",[\n]"
21:37:04.117 [main] DEBUG org.apache.http.wire -- http-outgoing-2 << "            "email": "victor.1752631850288@teste.com",[\n]"
21:37:04.117 [main] DEBUG org.apache.http.wire -- http-outgoing-2 << "            "password": "victor1234",[\n]"
21:37:04.117 [main] DEBUG org.apache.http.wire -- http-outgoing-2 << "            "administrador": "false",[\n]"
21:37:04.117 [main] DEBUG org.apache.http.wire -- http-outgoing-2 << "            "_id": "R3Zo4HKXvpMpxq5i"[\n]"
21:37:04.117 [main] DEBUG org.apache.http.wire -- http-outgoing-2 << "        },[\n]"
21:37:04.117 [main] DEBUG org.apache.http.wire -- http-outgoing-2 << "        {[\n]"
21:37:04.117 [main] DEBUG org.apache.http.wire -- http-outgoing-2 << "            "nome": "Igor Cavalcante",[\n]"
21:37:04.117 [main] DEBUG org.apache.http.wire -- http-outgoing-2 << "            "email": "igor_cavalcante@xpto.com",[\n]"
21:37:04.117 [main] DEBUG org.apache.http.wire -- http-outgoing-2 << "            "passw"
21:37:04.117 [main] DEBUG org.apache.http.wire -- http-outgoing-2 << "ord": "%r8WetL3PG",[\n]"
21:37:04.117 [main] DEBUG org.apache.http.wire -- http-outgoing-2 << "            "administrador": "false",[\n]"
21:37:04.117 [main] DEBUG org.apache.http.wire -- http-outgoing-2 << "            "_id": "RH49HYmzBsQRTUWm"[\n]"
21:37:04.117 [main] DEBUG org.apache.http.wire -- http-outgoing-2 << "        },[\n]"
21:37:04.117 [main] DEBUG org.apache.http.wire -- http-outgoing-2 << "        {[\n]"
21:37:04.117 [main] DEBUG org.apache.http.wire -- http-outgoing-2 << "            "nome": "Naofumi",[\n]"
21:37:04.117 [main] DEBUG org.apache.http.wire -- http-outgoing-2 << "            "email": "Naofumicontafake@gmail.com",[\n]"
21:37:04.117 [main] DEBUG org.apache.http.wire -- http-outgoing-2 << "            "password": "123456789",[\n]"
21:37:04.117 [main] DEBUG org.apache.http.wire -- http-outgoing-2 << "            "administrador": "true",[\n]"
21:37:04.117 [main] DEBUG org.apache.http.wire -- http-outgoing-2 << "            "_id": "Rf1Xr9KDKw7fZkrJ"[\n]"
21:37:04.117 [main] DEBUG org.apache.http.wire -- http-outgoing-2 << "        },[\n]"
21:37:04.117 [main] DEBUG org.apache.http.wire -- http-outgoing-2 << "        {[\n]"
21:37:04.117 [main] DEBUG org.apache.http.wire -- http-outgoing-2 << "            "nome": "Eu QA Luan Martins - TESTE",[\n]"
21:37:04.117 [main] DEBUG org.apache.http.wire -- http-outgoing-2 << "  "
21:37:04.121 [main] DEBUG org.apache.http.wire -- http-outgoing-2 << "          "email": "eu-qa-teste@eu-qa.com.br",[\n]"
21:37:04.121 [main] DEBUG org.apache.http.wire -- http-outgoing-2 << "            "password": "teste2",[\n]"
21:37:04.121 [main] DEBUG org.apache.http.wire -- http-outgoing-2 << "            "administrador": "false",[\n]"
21:37:04.121 [main] DEBUG org.apache.http.wire -- http-outgoing-2 << "            "_id": "S5WaG8lRdLCbrURg"[\n]"
21:37:04.121 [main] DEBUG org.apache.http.wire -- http-outgoing-2 << "        },[\n]"
21:37:04.121 [main] DEBUG org.apache.http.wire -- http-outgoing-2 << "        {[\n]"
21:37:04.121 [main] DEBUG org.apache.http.wire -- http-outgoing-2 << "            "nome": "Usu[0xc3][0xa1]rio Teste API",[\n]"
21:37:04.122 [main] DEBUG org.apache.http.wire -- http-outgoing-2 << "            "password": "123456",[\n]"
21:37:04.122 [main] DEBUG org.apache.http.wire -- http-outgoing-2 << "            "administrador": "true",[\n]"
21:37:04.122 [main] DEBUG org.apache.http.wire -- http-outgoing-2 << "            "email": "login_1752600155435@mail.com",[\n]"
21:37:04.122 [main] DEBUG org.apache.http.wire -- http-outgoing-2 << "            "_id": "S7URZn3F78R8pm7p"[\n]"
21:37:04.122 [main] DEBUG org.apache.http.wire -- http-outgoing-2 << "        },[\n]"
21:37:04.122 [main] DEBUG org.apache.http.wire -- http-outgoing-2 << "        {[\n]"
21:37:04.122 [main] DEBUG org.apache.http.wire -- http-outgoing-2 << "            "nome": "bruno da Cost4",[\n]"
21:37:04.122 [main] DEBUG org.apache.http.wire -- http-outgoing-2 << "            "email": "beltrafhdfthn0oo@gmail.com",[\n]"
21:37:04.122 [main] DEBUG org.apache.http.wire -- http-outgoing-2 << "            "password": "1234",[\n]"
21:37:04.122 [main] DEBUG org.apache.http.wire -- http-outgoing-2 << "            "administrador": "true",[\n]"
21:37:04.122 [main] DEBUG org.apache.http.wire -- http-outgoing-2 << "            "_id": "S8SCPLqjQmaLpY2z"[\n]"
21:37:04.122 [main] DEBUG org.apache.http.wire -- http-outgoing-2 << "        },[\n]"
21:37:04.122 [main] DEBUG org.apache.http.wire -- http-outgoing-2 << "        {[\n]"
21:37:04.122 [main] DEBUG org.apache.http.wire -- http-outgoing-2 << "            "nome": "Usu[0xc3][0xa1]rio Teste API",[\n]"
21:37:04.122 [main] DEBUG org.apache.http.wire -- http-outgoing-2 << "            "password": "123456",[\n]"
21:37:04.122 [main] DEBUG org.apache.http.wire -- http-outgoing-2 << "            "administrador": "true",[\n]"
21:37:04.122 [main] DEBUG org.apache.http.wire -- http-outgoing-2 << "            "email": "user_1752600616406@mail.com",[\n]"
21:37:04.122 [main] DEBUG org.apache.http.wire -- http-outgoing-2 << "            "_id": "SDHiHc39f98GX9Wt"[\n]"
21:37:04.122 [main] DEBUG org.apache.http.wire -- http-outgoing-2 << "        },[\n]"
21:37:04.122 [main] DEBUG org.apache.http.wire -- http-outgoing-2 << "        {[\n]"
21:37:04.122 [main] DEBUG org.apache.http.wire -- http-outgoing-2 << "            "nome": "Nelson",[\n]"
21:37:04.122 [main] DEBUG org.apache.http.wire -- http-outgoing-2 << "            "email": "earline.yost@yahoo.com",[\n]"
21:37:04.122 [main] DEBUG org.apache.http.wire -- http-outgoing-2 << "            "password": "0b50xorbe3",[\n]"
21:37:04.122 [main] DEBUG org.apache.http.wire -- http-outgoing-2 << "            "administrador": "true",[\n]"
21:37:04.122 [main] DEBUG org.apache.http.wire -- http-outgoing-2 << "            "_id": "SNt8F0cD"
21:37:04.122 [main] DEBUG org.apache.http.wire -- http-outgoing-2 << "A0eHdyEN"[\n]"
21:37:04.122 [main] DEBUG org.apache.http.wire -- http-outgoing-2 << "        },[\n]"
21:37:04.122 [main] DEBUG org.apache.http.wire -- http-outgoing-2 << "        {[\n]"
21:37:04.122 [main] DEBUG org.apache.http.wire -- http-outgoing-2 << "            "nome": "Fulano da Silva",[\n]"
21:37:04.122 [main] DEBUG org.apache.http.wire -- http-outgoing-2 << "            "email": "gui939@gmail.com",[\n]"
21:37:04.122 [main] DEBUG org.apache.http.wire -- http-outgoing-2 << "            "password": "lalala",[\n]"
21:37:04.122 [main] DEBUG org.apache.http.wire -- http-outgoing-2 << "            "administrador": "true",[\n]"
21:37:04.122 [main] DEBUG org.apache.http.wire -- http-outgoing-2 << "            "_id": "SPW5DuksqLXNrURW"[\n]"
21:37:04.122 [main] DEBUG org.apache.http.wire -- http-outgoing-2 << "        },[\n]"
21:37:04.122 [main] DEBUG org.apache.http.wire -- http-outgoing-2 << "        {[\n]"
21:37:04.122 [main] DEBUG org.apache.http.wire -- http-outgoing-2 << "            "nome": "Dawid da Silva",[\n]"
21:37:04.122 [main] DEBUG org.apache.http.wire -- http-outgoing-2 << "            "email": "dawid@qa.com.br",[\n]"
21:37:04.122 [main] DEBUG org.apache.http.wire -- http-outgoing-2 << "            "password": "teste",[\n]"
21:37:04.122 [main] DEBUG org.apache.http.wire -- http-outgoing-2 << "            "administrador": "tr"
21:37:04.122 [main] DEBUG org.apache.http.wire -- http-outgoing-2 << "ue",[\n]"
21:37:04.122 [main] DEBUG org.apache.http.wire -- http-outgoing-2 << "            "_id": "SZ050Z20IQct6rsW"[\n]"
21:37:04.122 [main] DEBUG org.apache.http.wire -- http-outgoing-2 << "        },[\n]"
21:37:04.122 [main] DEBUG org.apache.http.wire -- http-outgoing-2 << "        {[\n]"
21:37:04.122 [main] DEBUG org.apache.http.wire -- http-outgoing-2 << "            "nome": "Teste Testador da Silva",[\n]"
21:37:04.122 [main] DEBUG org.apache.http.wire -- http-outgoing-2 << "            "email": "massa_testes@testar.com.br",[\n]"
21:37:04.122 [main] DEBUG org.apache.http.wire -- http-outgoing-2 << "            "password": "{{senha_teste}}",[\n]"
21:37:04.122 [main] DEBUG org.apache.http.wire -- http-outgoing-2 << "            "administrador": "true",[\n]"
21:37:04.122 [main] DEBUG org.apache.http.wire -- http-outgoing-2 << "            "_id": "SZqUUpc3uhKxcmkk"[\n]"
21:37:04.122 [main] DEBUG org.apache.http.wire -- http-outgoing-2 << "        },[\n]"
21:37:04.122 [main] DEBUG org.apache.http.wire -- http-outgoing-2 << "        {[\n]"
21:37:04.122 [main] DEBUG org.apache.http.wire -- http-outgoing-2 << "            "nome": "QA tester",[\n]"
21:37:04.122 [main] DEBUG org.apache.http.wire -- http-outgoing-2 << "            "email": "usuario329@qa.com.br",[\n]"
21:37:04.122 [main] DEBUG org.apache.http.wire -- http-outgoing-2 << "            "password": "teste",[\n]"
21:37:04.122 [main] DEBUG org.apache.http.wire -- http-outgoing-2 << "            "administrador": "false",[\n]"
21:37:04.122 [main] DEBUG org.apache.http.wire -- http-outgoing-2 << "            "_id": "SdRC8QK2UeLLey6U"[\n]"
21:37:04.122 [main] DEBUG org.apache.http.wire -- http-outgoing-2 << "        },[\n]"
21:37:04.122 [main] DEBUG org.apache.http.wire -- http-outgoing-2 << "        {[\n]"
21:37:04.122 [main] DEBUG org.apache.http.wire -- http-outgoing-2 << "            "nome": "Davi castro moreira",[\n]"
21:37:04.122 [main] DEBUG org.apache.http.wire -- http-outgoing-2 << "            "email": "henriquesbruno492@gmail.com",[\n]"
21:37:04.122 [main] DEBUG org.apache.http.wire -- http-outgoing-2 << "            "password": "01050200zdk.",[\n]"
21:37:04.122 [main] DEBUG org.apache.http.wire -- http-outgoing-2 << "            "administrador": "false",[\n]"
21:37:04.122 [main] DEBUG org.apache.http.wire -- http-outgoing-2 << "            "_id": "SgvTWpQeGghOyWk3"[\n]"
21:37:04.122 [main] DEBUG org.apache.http.wire -- http-outgoing-2 << "        },[\n]"
21:37:04.122 [main] DEBUG org.apache.http.wire -- http-outgoing-2 << "        {[\n]"
21:37:04.122 [main] DEBUG org.apache.http.wire -- http-outgoing-2 << "            "nome": "Luan Monteiro",[\n]"
21:37:04.122 [main] DEBUG org.apache.http.wire -- http-outgoing-2 << "            "email": "luan_monteiro@xpto.com",[\n]"
21:37:04.122 [main] DEBUG org.apache.http.wire -- http-outgoing-2 << "            "password": "Fub&MAPo(8",[\n]"
21:37:04.122 [main] DEBUG org.apache.http.wire -- http-outgoing-2 << "            "administrador": "false",[\n]"
21:37:04.122 [main] DEBUG org.apache.http.wire -- http-outgoing-2 << "            "_id": "Soj1XjbpgVfhy4wG"[\n]"
21:37:04.122 [main] DEBUG org.apache.http.wire -- http-outgoing-2 << "        },[\n]"
21:37:04.122 [main] DEBUG org.apache.http.wire -- http-outgoing-2 << "        {[\n]"
21:37:04.122 [main] DEBUG org.apache.http.wire -- http-outgoing-2 << "            "nome": "angelina",[\n]"
21:37:04.122 [main] DEBUG org.apache.http.wire -- http-outgoing-2 << "            "email": "angeliwww@"
21:37:04.122 [main] DEBUG org.apache.http.wire -- http-outgoing-2 << "gmail.com.br",[\n]"
21:37:04.122 [main] DEBUG org.apache.http.wire -- http-outgoing-2 << "            "password": "ratatule",[\n]"
21:37:04.122 [main] DEBUG org.apache.http.wire -- http-outgoing-2 << "            "administrador": "true",[\n]"
21:37:04.122 [main] DEBUG org.apache.http.wire -- http-outgoing-2 << "            "_id": "TGT34o2z8lyhUlHK"[\n]"
21:37:04.122 [main] DEBUG org.apache.http.wire -- http-outgoing-2 << "        },[\n]"
21:37:04.122 [main] DEBUG org.apache.http.wire -- http-outgoing-2 << "        {[\n]"
21:37:04.122 [main] DEBUG org.apache.http.wire -- http-outgoing-2 << "            "nome": "Usuario Teste",[\n]"
21:37:04.122 [main] DEBUG org.apache.http.wire -- http-outgoing-2 << "            "email": "testeASvai@bol.com.br",[\n]"
21:37:04.122 [main] DEBUG org.apache.http.wire -- http-outgoing-2 << "            "password": "senha123453123",[\n]"
21:37:04.122 [main] DEBUG org.apache.http.wire -- http-outgoing-2 << "            "administrador": "false",[\n]"
21:37:04.122 [main] DEBUG org.apache.http.wire -- http-outgoing-2 << "            "_id": "TUbUbrXwUAP2Kqsf"[\n]"
21:37:04.122 [main] DEBUG org.apache.http.wire -- http-outgoing-2 << "        },[\n]"
21:37:04.122 [main] DEBUG org.apache.http.wire -- http-outgoing-2 << "        {[\n]"
21:37:04.122 [main] DEBUG org.apache.http.wire -- http-outgoing-2 << "            "no"
21:37:04.127 [main] DEBUG org.apache.http.wire -- http-outgoing-2 << "me": "Davion.Wolff83",[\n]"
21:37:04.127 [main] DEBUG org.apache.http.wire -- http-outgoing-2 << "            "email": "Loren_Keebler@gmail.com",[\n]"
21:37:04.127 [main] DEBUG org.apache.http.wire -- http-outgoing-2 << "            "password": "548104402",[\n]"
21:37:04.127 [main] DEBUG org.apache.http.wire -- http-outgoing-2 << "            "administrador": "true",[\n]"
21:37:04.127 [main] DEBUG org.apache.http.wire -- http-outgoing-2 << "            "_id": "TYgcamCIVE7lPbN3"[\n]"
21:37:04.127 [main] DEBUG org.apache.http.wire -- http-outgoing-2 << "        },[\n]"
21:37:04.127 [main] DEBUG org.apache.http.wire -- http-outgoing-2 << "        {[\n]"
21:37:04.127 [main] DEBUG org.apache.http.wire -- http-outgoing-2 << "            "nome": "victor siq",[\n]"
21:37:04.127 [main] DEBUG org.apache.http.wire -- http-outgoing-2 << "            "email": "victor.1752628905595@teste.com",[\n]"
21:37:04.128 [main] DEBUG org.apache.http.wire -- http-outgoing-2 << "            "password": "victor1234",[\n]"
21:37:04.128 [main] DEBUG org.apache.http.wire -- http-outgoing-2 << "            "administrador": "false",[\n]"
21:37:04.128 [main] DEBUG org.apache.http.wire -- http-outgoing-2 << "            "_id": "TfpqzkV8HZ5Heoq2"[\n]"
21:37:04.128 [main] DEBUG org.apache.http.wire -- http-outgoing-2 << "        },[\n]"
21:37:04.128 [main] DEBUG org.apache.http.wire -- http-outgoing-2 << "        {[\n]"
21:37:04.128 [main] DEBUG org.apache.http.wire -- http-outgoing-2 << "            "nome": "Usuario Teste",[\n]"
21:37:04.128 [main] DEBUG org.apache.http.wire -- http-outgoing-2 << "            "email": "teste11234vai@bol.com.br",[\n]"
21:37:04.128 [main] DEBUG org.apache.http.wire -- http-outgoing-2 << "            "password": "senha123453123",[\n]"
21:37:04.128 [main] DEBUG org.apache.http.wire -- http-outgoing-2 << "            "administrador": "false",[\n]"
21:37:04.128 [main] DEBUG org.apache.http.wire -- http-outgoing-2 << "            "_id": "TiG9Yds3c7LlYxdk"[\n]"
21:37:04.128 [main] DEBUG org.apache.http.wire -- http-outgoing-2 << "        },[\n]"
21:37:04.128 [main] DEBUG org.apache.http.wire -- http-outgoing-2 << "        {[\n]"
21:37:04.128 [main] DEBUG org.apache.http.wire -- http-outgoing-2 << "            "nome": "LOLO_GAMES",[\n]"
21:37:04.128 [main] DEBUG org.apache.http.wire -- http-outgoing-2 << "            "email": "lolo@gmail.com",[\n]"
21:37:04.128 [main] DEBUG org.apache.http.wire -- http-outgoing-2 << "            "password": "lolo234",[\n]"
21:37:04.128 [main] DEBUG org.apache.http.wire -- http-outgoing-2 << "            "administrador": "true",[\n]"
21:37:04.128 [main] DEBUG org.apache.http.wire -- http-outgoing-2 << "            "_id": "TlsOPvR9L7iPJVXn"[\n]"
21:37:04.128 [main] DEBUG org.apache.http.wire -- http-outgoing-2 << "        },[\n]"
21:37:04.128 [main] DEBUG org.apache.http.wire -- http-outgoing-2 << "        {[\n]"
21:37:04.128 [main] DEBUG org.apache.http.wire -- http-outgoing-2 << "            "nome": "Usu[0xc3][0xa1]rio Teste API",[\n]"
21:37:04.128 [main] DEBUG org.apache.http.wire -- http-outgoing-2 << "            "password": "123456",[\n]"
21:37:04.128 [main] DEBUG org.apache.http.wire -- http-outgoing-2 << "            "administrador": "true",[\n]"
21:37:04.128 [main] DEBUG org.apache.http.wire -- http-outgoing-2 << "            "email": "user_1752600518770@mail.com",[\n]"
21:37:04.128 [main] DEBUG org.apache.http.wire -- http-outgoing-2 << "  "
21:37:04.128 [main] DEBUG org.apache.http.wire -- http-outgoing-2 << "          "_id": "U0ZoMyYI6z5rLVHz"[\n]"
21:37:04.128 [main] DEBUG org.apache.http.wire -- http-outgoing-2 << "        },[\n]"
21:37:04.128 [main] DEBUG org.apache.http.wire -- http-outgoing-2 << "        {[\n]"
21:37:04.128 [main] DEBUG org.apache.http.wire -- http-outgoing-2 << "            "nome": "Claude",[\n]"
21:37:04.128 [main] DEBUG org.apache.http.wire -- http-outgoing-2 << "            "email": "Claude_Olson-Connelly@gmail.com",[\n]"
21:37:04.128 [main] DEBUG org.apache.http.wire -- http-outgoing-2 << "            "password": "teste",[\n]"
21:37:04.128 [main] DEBUG org.apache.http.wire -- http-outgoing-2 << "            "administrador": "true",[\n]"
21:37:04.128 [main] DEBUG org.apache.http.wire -- http-outgoing-2 << "            "_id": "U1Zh1veOML7t3Kyf"[\n]"
21:37:04.128 [main] DEBUG org.apache.http.wire -- http-outgoing-2 << "        },[\n]"
21:37:04.128 [main] DEBUG org.apache.http.wire -- http-outgoing-2 << "        {[\n]"
21:37:04.128 [main] DEBUG org.apache.http.wire -- http-outgoing-2 << "            "nome": "Fulano da Silva",[\n]"
21:37:04.128 [main] DEBUG org.apache.http.wire -- http-outgoing-2 << "            "email": "vydw@emailteste.com",[\n]"
21:37:04.128 [main] DEBUG org.apache.http.wire -- http-outgoing-2 << "            "password": "1234"
21:37:04.128 [main] DEBUG org.apache.http.wire -- http-outgoing-2 << "",[\n]"
21:37:04.128 [main] DEBUG org.apache.http.wire -- http-outgoing-2 << "            "administrador": "true",[\n]"
21:37:04.128 [main] DEBUG org.apache.http.wire -- http-outgoing-2 << "            "_id": "U3akj6EHhwo4jcSd"[\n]"
21:37:04.128 [main] DEBUG org.apache.http.wire -- http-outgoing-2 << "        },[\n]"
21:37:04.128 [main] DEBUG org.apache.http.wire -- http-outgoing-2 << "        {[\n]"
21:37:04.128 [main] DEBUG org.apache.http.wire -- http-outgoing-2 << "            "nome": "Fulano da Silva",[\n]"
21:37:04.128 [main] DEBUG org.apache.http.wire -- http-outgoing-2 << "            "email": "marios@gmail.com",[\n]"
21:37:04.128 [main] DEBUG org.apache.http.wire -- http-outgoing-2 << "            "password": "teste",[\n]"
21:37:04.128 [main] DEBUG org.apache.http.wire -- http-outgoing-2 << "            "administrador": "true",[\n]"
21:37:04.128 [main] DEBUG org.apache.http.wire -- http-outgoing-2 << "            "_id": "U6oSmRlDCMBGLVzN"[\n]"
21:37:04.128 [main] DEBUG org.apache.http.wire -- http-outgoing-2 << "        },[\n]"
21:37:04.128 [main] DEBUG org.apache.http.wire -- http-outgoing-2 << "        {[\n]"
21:37:04.128 [main] DEBUG org.apache.http.wire -- http-outgoing-2 << "            "nome": "Cayla",[\n]"
21:37:04.128 [main] DEBUG org.apache.http.wire -- http-outgoing-2 << "            "email": "Cayla_Howe-Johnson77@yahoo.com",[\n]"
21:37:04.128 [main] DEBUG org.apache.http.wire -- http-outgoing-2 << "            "password": "teste",[\n]"
21:37:04.128 [main] DEBUG org.apache.http.wire -- http-outgoing-2 << "            "administrador": "true",[\n]"
21:37:04.128 [main] DEBUG org.apache.http.wire -- http-outgoing-2 << "            "_id": "UkfignKNJdTmiidb"[\n]"
21:37:04.128 [main] DEBUG org.apache.http.wire -- http-outgoing-2 << "        },[\n]"
21:37:04.128 [main] DEBUG org.apache.http.wire -- http-outgoing-2 << "        {[\n]"
21:37:04.128 [main] DEBUG org.apache.http.wire -- http-outgoing-2 << "            "nome": "Usu[0xc3][0xa1]rio Teste API",[\n]"
21:37:04.128 [main] DEBUG org.apache.http.wire -- http-outgoing-2 << "            "password": "123456",[\n]"
21:37:04.128 [main] DEBUG org.apache.http.wire -- http-outgoing-2 << "            "administrador": "true",[\n]"
21:37:04.128 [main] DEBUG org.apache.http.wire -- http-outgoing-2 << "            "email": "user_1752600202334@mail.com",[\n]"
21:37:04.128 [main] DEBUG org.apache.http.wire -- http-outgoing-2 << "            "_id": "UlFjx8kaaxcstqFh"[\n]"
21:37:04.128 [main] DEBUG org.apache.http.wire -- http-outgoing-2 << "        },[\n]"
21:37:04.128 [main] DEBUG org.apache.http.wire -- http-outgoing-2 << "        {[\n]"
21:37:04.128 [main] DEBUG org.apache.http.wire -- http-outgoing-2 << "            "nome": "Fulano da Silva",[\n]"
21:37:04.128 [main] DEBUG org.apache.http.wire -- http-outgoing-2 << "            "email": "beltranoas_qa2_#{karate.timestamp}@qa.com.br",[\n]"
21:37:04.128 [main] DEBUG org.apache.http.wire -- http-outgoing-2 << "            "password": "teste",[\n]"
21:37:04.128 [main] DEBUG org.apache.http.wire -- http-outgoing-2 << "            "administrador": "true",[\n]"
21:37:04.128 [main] DEBUG org.apache.http.wire -- http-outgoing-2 << "            "_id": "V4TdoCgGW2X9d0si"[\n]"
21:37:04.128 [main] DEBUG org.apache.http.wire -- http-outgoing-2 << "        },[\n]"
21:37:04.128 [main] DEBUG org.apache.http.wire -- http-outgoing-2 << "        {[\n]"
21:37:04.128 [main] DEBUG org.apache.http.wire -- http-outgoing-2 << "            "nome": "Novo Usuario",[\n]"
21:37:04.128 [main] DEBUG org.apache.http.wire -- http-outgoing-2 << "      "
21:37:04.128 [main] DEBUG org.apache.http.wire -- http-outgoing-2 << "      "email": "user_2025-07-15T2134354075402@qa.com.br",[\n]"
21:37:04.128 [main] DEBUG org.apache.http.wire -- http-outgoing-2 << "            "password": "123456",[\n]"
21:37:04.128 [main] DEBUG org.apache.http.wire -- http-outgoing-2 << "            "administrador": "false",[\n]"
21:37:04.128 [main] DEBUG org.apache.http.wire -- http-outgoing-2 << "            "_id": "V6sav5aRdyIZy0PF"[\n]"
21:37:04.128 [main] DEBUG org.apache.http.wire -- http-outgoing-2 << "        },[\n]"
21:37:04.128 [main] DEBUG org.apache.http.wire -- http-outgoing-2 << "        {[\n]"
21:37:04.128 [main] DEBUG org.apache.http.wire -- http-outgoing-2 << "            "nome": "Alfred1752592644409",[\n]"
21:37:04.128 [main] DEBUG org.apache.http.wire -- http-outgoing-2 << "            "email": "alfred_1752592644409@gmail.com",[\n]"
21:37:04.128 [main] DEBUG org.apache.http.wire -- http-outgoing-2 << "            "password": "123456",[\n]"
21:37:04.128 [main] DEBUG org.apache.http.wire -- http-outgoing-2 << "            "administrador": "false",[\n]"
21:37:04.128 [main] DEBUG org.apache.http.wire -- http-outgoing-2 << "            "_id": "VM6qC"
21:37:04.132 [main] DEBUG org.apache.http.wire -- http-outgoing-2 << "EpwzsnjPByj"[\n]"
21:37:04.132 [main] DEBUG org.apache.http.wire -- http-outgoing-2 << "        },[\n]"
21:37:04.132 [main] DEBUG org.apache.http.wire -- http-outgoing-2 << "        {[\n]"
21:37:04.132 [main] DEBUG org.apache.http.wire -- http-outgoing-2 << "            "nome": "Aiyana",[\n]"
21:37:04.132 [main] DEBUG org.apache.http.wire -- http-outgoing-2 << "            "email": "Jody.Rempel37@teste.com",[\n]"
21:37:04.132 [main] DEBUG org.apache.http.wire -- http-outgoing-2 << "            "password": "testF_",[\n]"
21:37:04.132 [main] DEBUG org.apache.http.wire -- http-outgoing-2 << "            "administrador": "true",[\n]"
21:37:04.132 [main] DEBUG org.apache.http.wire -- http-outgoing-2 << "            "_id": "VRtMHZeRxC4o5LP9"[\n]"
21:37:04.132 [main] DEBUG org.apache.http.wire -- http-outgoing-2 << "        },[\n]"
21:37:04.132 [main] DEBUG org.apache.http.wire -- http-outgoing-2 << "        {[\n]"
21:37:04.132 [main] DEBUG org.apache.http.wire -- http-outgoing-2 << "            "nome": "Alfred1752592758761",[\n]"
21:37:04.132 [main] DEBUG org.apache.http.wire -- http-outgoing-2 << "            "email": "alfred_1752592758761@gmail.com",[\n]"
21:37:04.132 [main] DEBUG org.apache.http.wire -- http-outgoing-2 << "            "password": "123456",[\n]"
21:37:04.132 [main] DEBUG org.apache.http.wire -- http-outgoing-2 << "            "administrador": "false",[\n]"
21:37:04.132 [main] DEBUG org.apache.http.wire -- http-outgoing-2 << "            "_id": "VetViFSfEXIcb2iR"[\n]"
21:37:04.132 [main] DEBUG org.apache.http.wire -- http-outgoing-2 << "        },[\n]"
21:37:04.132 [main] DEBUG org.apache.http.wire -- http-outgoing-2 << "        {[\n]"
21:37:04.132 [main] DEBUG org.apache.http.wire -- http-outgoing-2 << "            "nome": "Son Goku",[\n]"
21:37:04.132 [main] DEBUG org.apache.http.wire -- http-outgoing-2 << "            "email": "goku@qa.com.br",[\n]"
21:37:04.132 [main] DEBUG org.apache.http.wire -- http-outgoing-2 << "            "password": "teste",[\n]"
21:37:04.132 [main] DEBUG org.apache.http.wire -- http-outgoing-2 << "            "administrador": "true",[\n]"
21:37:04.132 [main] DEBUG org.apache.http.wire -- http-outgoing-2 << "            "_id": "ViS6aVeCu67ZXRkI"[\n]"
21:37:04.132 [main] DEBUG org.apache.http.wire -- http-outgoing-2 << "        },[\n]"
21:37:04.132 [main] DEBUG org.apache.http.wire -- http-outgoing-2 << "        {[\n]"
21:37:04.132 [main] DEBUG org.apache.http.wire -- http-outgoing-2 << "            "nome": "matheus dias",[\n]"
21:37:04.132 [main] DEBUG org.apache.http.wire -- http-outgoing-2 << "            "email": "matheusdiasdroidap54@gmail.com.br",[\n]"
21:37:04.132 [main] DEBUG org.apache.http.wire -- http-outgoing-2 << "            "password": "Bolsonaro2026",[\n]"
21:37:04.132 [main] DEBUG org.apache.http.wire -- http-outgoing-2 << "            "administrador": "true",[\n]"
21:37:04.132 [main] DEBUG org.apache.http.wire -- http-outgoing-2 << "            "_id": "VidA6lLUFoq4Tj1w"[\n]"
21:37:04.132 [main] DEBUG org.apache.http.wire -- http-outgoing-2 << "        },[\n]"
21:37:04.132 [main] DEBUG org.apache.http.wire -- http-outgoing-2 << "        {[\n]"
21:37:04.132 [main] DEBUG org.apache.http.wire -- http-outgoing-2 << "            "nome": "Rosalia",[\n]"
21:37:04.132 [main] DEBUG org.apache.http.wire -- http-outgoing-2 << "            "email": "Rosalia62@gmail.com",[\n]"
21:37:04.132 [main] DEBUG org.apache.http.wire -- http-outgoing-2 << "            "password": "teste",[\n]"
21:37:04.132 [main] DEBUG org.apache.http.wire -- http-outgoing-2 << "            "a"
21:37:04.132 [main] DEBUG org.apache.http.wire -- http-outgoing-2 << "dministrador": "true",[\n]"
21:37:04.132 [main] DEBUG org.apache.http.wire -- http-outgoing-2 << "            "_id": "VnyMhmTaSliTFWXH"[\n]"
21:37:04.132 [main] DEBUG org.apache.http.wire -- http-outgoing-2 << "        },[\n]"
21:37:04.132 [main] DEBUG org.apache.http.wire -- http-outgoing-2 << "        {[\n]"
21:37:04.132 [main] DEBUG org.apache.http.wire -- http-outgoing-2 << "            "nome": "ronaldo da Silva",[\n]"
21:37:04.132 [main] DEBUG org.apache.http.wire -- http-outgoing-2 << "      "
21:37:04.133 [main] DEBUG org.apache.http.wire -- http-outgoing-2 << "      "email": "ronaldofenomeno@qa.com.br",[\n]"
21:37:04.133 [main] DEBUG org.apache.http.wire -- http-outgoing-2 << "            "password": "teste",[\n]"
21:37:04.133 [main] DEBUG org.apache.http.wire -- http-outgoing-2 << "            "administrador": "true",[\n]"
21:37:04.133 [main] DEBUG org.apache.http.wire -- http-outgoing-2 << "            "_id": "WQ1B76xLBKQ3AWhf"[\n]"
21:37:04.133 [main] DEBUG org.apache.http.wire -- http-outgoing-2 << "        },[\n]"
21:37:04.133 [main] DEBUG org.apache.http.wire -- http-outgoing-2 << "        {[\n]"
21:37:04.133 [main] DEBUG org.apache.http.wire -- http-outgoing-2 << "            "nome": "Maria Almeida",[\n]"
21:37:04.133 [main] DEBUG org.apache.http.wire -- http-outgoing-2 << "            "email": "joana@serverest.dev",[\n]"
21:37:04.133 [main] DEBUG org.apache.http.wire -- http-outgoing-2 << "            "password": "NovaSenha123!",[\n]"
21:37:04.133 [main] DEBUG org.apache.http.wire -- http-outgoing-2 << "            "administrador": "true",[\n]"
21:37:04.133 [main] DEBUG org.apache.http.wire -- http-outgoing-2 << "            "_id": "WXdpXrptzp0oc0FQ"[\n]"
21:37:04.133 [main] DEBUG org.apache.http.wire -- http-outgoing-2 << "        },[\n]"
21:37:04.133 [main] DEBUG org.apache.http.wire -- http-outgoing-2 << "        {[\n]"
21:37:04.133 [main] DEBUG org.apache.http.wire -- http-outgoing-2 << "            "nome": "Fulano da Silva",[\n]"
21:37:04.133 [main] DEBUG org.apache.http.wire -- http-outgoing-2 << "            "email": "zkla@emailteste.com",[\n]"
21:37:04.133 [main] DEBUG org.apache.http.wire -- http-outgoing-2 << "            "password": "1234",[\n]"
21:37:04.133 [main] DEBUG org.apache.http.wire -- http-outgoing-2 << "            "administrador": "true",[\n]"
21:37:04.133 [main] DEBUG org.apache.http.wire -- http-outgoing-2 << "            "_id": "XBZ3moySFRTuceQ4"[\n]"
21:37:04.133 [main] DEBUG org.apache.http.wire -- http-outgoing-2 << "        },[\n]"
21:37:04.133 [main] DEBUG org.apache.http.wire -- http-outgoing-2 << "        {[\n]"
21:37:04.133 [main] DEBUG org.apache.http.wire -- http-outgoing-2 << "            "nome": "Jessica Marquardt",[\n]"
21:37:04.133 [main] DEBUG org.apache.http.wire -- http-outgoing-2 << "            "email": "jessicamarquardt@test.com",[\n]"
21:37:04.133 [main] DEBUG org.apache.http.wire -- http-outgoing-2 << "            "password": "Test;123",[\n]"
21:37:04.133 [main] DEBUG org.apache.http.wire -- http-outgoing-2 << "            "administrador": "false",[\n]"
21:37:04.133 [main] DEBUG org.apache.http.wire -- http-outgoing-2 << "            "_id": "XNc43SbtLuP4DMCH"[\n]"
21:37:04.133 [main] DEBUG org.apache.http.wire -- http-outgoing-2 << "        },[\n]"
21:37:04.133 [main] DEBUG org.apache.http.wire -- http-outgoing-2 << "        {[\n]"
21:37:04.133 [main] DEBUG org.apache.http.wire -- http-outgoing-2 << "            "nome": "Fulano da Silva",[\n]"
21:37:04.133 [main] DEBUG org.apache.http.wire -- http-outgoing-2 << "            "email": "beltrano@qa.com.br",[\n]"
21:37:04.133 [main] DEBUG org.apache.http.wire -- http-outgoing-2 << "            "password": "lalala",[\n]"
21:37:04.133 [main] DEBUG org.apache.http.wire -- http-outgoing-2 << "            "administrador": "true",[\n]"
21:37:04.133 [main] DEBUG org.apache.http.wire -- http-outgoing-2 << "            "_id": "XQzKRd1LFGjE3rgw"[\n]"
21:37:04.133 [main] DEBUG org.apache.http.wire -- http-outgoing-2 << "       "
21:37:04.133 [main] DEBUG org.apache.http.wire -- http-outgoing-2 << " },[\n]"
21:37:04.133 [main] DEBUG org.apache.http.wire -- http-outgoing-2 << "        {[\n]"
21:37:04.133 [main] DEBUG org.apache.http.wire -- http-outgoing-2 << "            "nome": "Emelie",[\n]"
21:37:04.133 [main] DEBUG org.apache.http.wire -- http-outgoing-2 << "            "email": "Emelie.Huels@yahoo.com",[\n]"
21:37:04.133 [main] DEBUG org.apache.http.wire -- http-outgoing-2 << "            "password": "teste",[\n]"
21:37:04.133 [main] DEBUG org.apache.http.wire -- http-outgoing-2 << "            "administrador": "true",[\n]"
21:37:04.133 [main] DEBUG org.apache.http.wire -- http-outgoing-2 << "            "_id": "XYIqriNFny6T7d8b"[\n]"
21:37:04.133 [main] DEBUG org.apache.http.wire -- http-outgoing-2 << "        },[\n]"
21:37:04.133 [main] DEBUG org.apache.http.wire -- http-outgoing-2 << "        {[\n]"
21:37:04.133 [main] DEBUG org.apache.http.wire -- http-outgoing-2 << "            "nome": "Eloy",[\n]"
21:37:04.133 [main] DEBUG org.apache.http.wire -- http-outgoing-2 << "            "email": "Eloy19@gmail.com",[\n]"
21:37:04.133 [main] DEBUG org.apache.http.wire -- http-outgoing-2 << "            "password": "teste",[\n]"
21:37:04.133 [main] DEBUG org.apache.http.wire -- http-outgoing-2 << "            "administrador": "true",[\n]"
21:37:04.133 [main] DEBUG org.apache.http.wire -- http-outgoing-2 << "            "_id": "Xago0"
21:37:04.137 [main] DEBUG org.apache.http.wire -- http-outgoing-2 << "QN1H3cuYHNU"[\n]"
21:37:04.137 [main] DEBUG org.apache.http.wire -- http-outgoing-2 << "        },[\n]"
21:37:04.137 [main] DEBUG org.apache.http.wire -- http-outgoing-2 << "        {[\n]"
21:37:04.137 [main] DEBUG org.apache.http.wire -- http-outgoing-2 << "            "nome": "Yasmim Mel",[\n]"
21:37:04.137 [main] DEBUG org.apache.http.wire -- http-outgoing-2 << "            "email": "yasmillopl@gmail.com",[\n]"
21:37:04.137 [main] DEBUG org.apache.http.wire -- http-outgoing-2 << "            "password": "12345",[\n]"
21:37:04.137 [main] DEBUG org.apache.http.wire -- http-outgoing-2 << "            "administrador": "true",[\n]"
21:37:04.137 [main] DEBUG org.apache.http.wire -- http-outgoing-2 << "            "_id": "Xy8MKTyF7gUEhrO1"[\n]"
21:37:04.137 [main] DEBUG org.apache.http.wire -- http-outgoing-2 << "        },[\n]"
21:37:04.137 [main] DEBUG org.apache.http.wire -- http-outgoing-2 << "        {[\n]"
21:37:04.137 [main] DEBUG org.apache.http.wire -- http-outgoing-2 << "            "nome": "Usu[0xc3][0xa1]rio Teste API",[\n]"
21:37:04.137 [main] DEBUG org.apache.http.wire -- http-outgoing-2 << "            "password": "123456",[\n]"
21:37:04.137 [main] DEBUG org.apache.http.wire -- http-outgoing-2 << "            "administrador": "true",[\n]"
21:37:04.137 [main] DEBUG org.apache.http.wire -- http-outgoing-2 << "            "email": "senhaerrada_1752600156084@mail.com",[\n]"
21:37:04.137 [main] DEBUG org.apache.http.wire -- http-outgoing-2 << "            "_id": "YC4L1fv55zM1ofEL"[\n]"
21:37:04.137 [main] DEBUG org.apache.http.wire -- http-outgoing-2 << "        },[\n]"
21:37:04.137 [main] DEBUG org.apache.http.wire -- http-outgoing-2 << "        {[\n]"
21:37:04.137 [main] DEBUG org.apache.http.wire -- http-outgoing-2 << "            "nome": "Alfred1752593521283",[\n]"
21:37:04.137 [main] DEBUG org.apache.http.wire -- http-outgoing-2 << "            "email": "alfred_1752593521283@gmail.com",[\n]"
21:37:04.137 [main] DEBUG org.apache.http.wire -- http-outgoing-2 << "            "password": "123456",[\n]"
21:37:04.137 [main] DEBUG org.apache.http.wire -- http-outgoing-2 << "            "administrador": "false",[\n]"
21:37:04.137 [main] DEBUG org.apache.http.wire -- http-outgoing-2 << "            "_id": "YNEXqiWNTPMhlZBj"[\n]"
21:37:04.137 [main] DEBUG org.apache.http.wire -- http-outgoing-2 << "        },[\n]"
21:37:04.137 [main] DEBUG org.apache.http.wire -- http-outgoing-2 << "        {[\n]"
21:37:04.137 [main] DEBUG org.apache.http.wire -- http-outgoing-2 << "            "nome": "Brady15",[\n]"
21:37:04.137 [main] DEBUG org.apache.http.wire -- http-outgoing-2 << "            "email": "Paul.Koss@gmail.com",[\n]"
21:37:04.137 [main] DEBUG org.apache.http.wire -- http-outgoing-2 << "            "password": "J5iecEAg7FeDH4T",[\n]"
21:37:04.137 [main] DEBUG org.apache.http.wire -- http-outgoing-2 << "            "administrador": "true",[\n]"
21:37:04.137 [main] DEBUG org.apache.http.wire -- http-outgoing-2 << "            "_id": "YZmPfEQF5ze8SVvy"[\n]"
21:37:04.137 [main] DEBUG org.apache.http.wire -- http-outgoing-2 << "        },[\n]"
21:37:04.137 [main] DEBUG org.apache.http.wire -- http-outgoing-2 << "        {[\n]"
21:37:04.137 [main] DEBUG org.apache.http.wire -- http-outgoing-2 << "            "nome": "victor siq",[\n]"
21:37:04.137 [main] DEBUG org.apache.http.wire -- http-outgoing-2 << "            "email": "victor.1752629056911@teste.com",[\n]"
21:37:04.137 [main] DEBUG org.apache.http.wire -- http-outgoing-2 << "            "passwo"
21:37:04.137 [main] DEBUG org.apache.http.wire -- http-outgoing-2 << "rd": "victor1234",[\n]"
21:37:04.137 [main] DEBUG org.apache.http.wire -- http-outgoing-2 << "            "administrador": "false",[\n]"
21:37:04.137 [main] DEBUG org.apache.http.wire -- http-outgoing-2 << "            "_id": "YdYqr8pup64jV098"[\n]"
21:37:04.137 [main] DEBUG org.apache.http.wire -- http-outgoing-2 << "        },[\n]"
21:37:04.137 [main] DEBUG org.apache.http.wire -- http-outgoing-2 << "        {[\n]"
21:37:04.137 [main] DEBUG org.apache.http.wire -- http-outgoing-2 << "            "nome": "Zorojuro",[\n]"
21:37:04.137 [main] DEBUG org.apache.http.wire -- http-outgoing-2 << "            "email": "zorojuro@qa.com.br",[\n]"
21:37:04.137 [main] DEBUG org.apache.http.wire -- http-outgoing-2 << "            "password": "teste",[\n]"
21:37:04.137 [main] DEBUG org.apache.http.wire -- http-outgoing-2 << "            "administrador": "true",[\n]"
21:37:04.137 [main] DEBUG org.apache.http.wire -- http-outgoing-2 << "            "_id": "Yto6cPcVSukiCfve"[\n]"
21:37:04.137 [main] DEBUG org.apache.http.wire -- http-outgoing-2 << "        },[\n]"
21:37:04.137 [main] DEBUG org.apache.http.wire -- http-outgoing-2 << "        {[\n]"
21:37:04.137 [main] DEBUG org.apache.http.wire -- http-outgoing-2 << "            "nome": "DANIEL",[\n]"
21:37:04.137 [main] DEBUG org.apache.http.wire -- http-outgoing-2 << "            "email": "daniel.lima3"
21:37:04.138 [main] DEBUG org.apache.http.wire -- http-outgoing-2 << "@gmail.com",[\n]"
21:37:04.138 [main] DEBUG org.apache.http.wire -- http-outgoing-2 << "            "password": "Tigre@2035",[\n]"
21:37:04.138 [main] DEBUG org.apache.http.wire -- http-outgoing-2 << "            "administrador": "false",[\n]"
21:37:04.138 [main] DEBUG org.apache.http.wire -- http-outgoing-2 << "            "_id": "YwMl8B4LEjwKWQgM"[\n]"
21:37:04.138 [main] DEBUG org.apache.http.wire -- http-outgoing-2 << "        },[\n]"
21:37:04.138 [main] DEBUG org.apache.http.wire -- http-outgoing-2 << "        {[\n]"
21:37:04.138 [main] DEBUG org.apache.http.wire -- http-outgoing-2 << "            "nome": "Lu[0xc3][0xad]sa Pimenta",[\n]"
21:37:04.138 [main] DEBUG org.apache.http.wire -- http-outgoing-2 << "            "email": "lu[0xc3][0xad]sa_pimenta@xpto.com",[\n]"
21:37:04.138 [main] DEBUG org.apache.http.wire -- http-outgoing-2 << "            "password": "sK2VZoi4d+",[\n]"
21:37:04.138 [main] DEBUG org.apache.http.wire -- http-outgoing-2 << "            "administrador": "false",[\n]"
21:37:04.138 [main] DEBUG org.apache.http.wire -- http-outgoing-2 << "            "_id": "Z2FAT0ErldwXhvgu"[\n]"
21:37:04.138 [main] DEBUG org.apache.http.wire -- http-outgoing-2 << "        },[\n]"
21:37:04.138 [main] DEBUG org.apache.http.wire -- http-outgoing-2 << "        {[\n]"
21:37:04.138 [main] DEBUG org.apache.http.wire -- http-outgoing-2 << "            "nome": "Kirstin",[\n]"
21:37:04.138 [main] DEBUG org.apache.http.wire -- http-outgoing-2 << "            "email": "Mireille95@teste.com",[\n]"
21:37:04.138 [main] DEBUG org.apache.http.wire -- http-outgoing-2 << "            "password": "testUE",[\n]"
21:37:04.138 [main] DEBUG org.apache.http.wire -- http-outgoing-2 << "            "administrador": "true",[\n]"
21:37:04.138 [main] DEBUG org.apache.http.wire -- http-outgoing-2 << "            "_id": "Z4C1s1Z5Cosk9eof"[\n]"
21:37:04.138 [main] DEBUG org.apache.http.wire -- http-outgoing-2 << "        },[\n]"
21:37:04.138 [main] DEBUG org.apache.http.wire -- http-outgoing-2 << "        {[\n]"
21:37:04.138 [main] DEBUG org.apache.http.wire -- http-outgoing-2 << "            "nome": "Usuario Teste",[\n]"
21:37:04.138 [main] DEBUG org.apache.http.wire -- http-outgoing-2 << "            "email": "1+testeASvai@bol.com.br",[\n]"
21:37:04.138 [main] DEBUG org.apache.http.wire -- http-outgoing-2 << "            "password": "senha123453123",[\n]"
21:37:04.138 [main] DEBUG org.apache.http.wire -- http-outgoing-2 << "            "administrador": "false",[\n]"
21:37:04.138 [main] DEBUG org.apache.http.wire -- http-outgoing-2 << "            "_id": "Z7diRBXZOnR73txc"[\n]"
21:37:04.138 [main] DEBUG org.apache.http.wire -- http-outgoing-2 << "        },[\n]"
21:37:04.138 [main] DEBUG org.apache.http.wire -- http-outgoing-2 << "        {[\n]"
21:37:04.138 [main] DEBUG org.apache.http.wire -- http-outgoing-2 << "            "nome": "Usu[0xc3][0xa1]rio Teste API",[\n]"
21:37:04.138 [main] DEBUG org.apache.http.wire -- http-outgoing-2 << "            "password": "123456",[\n]"
21:37:04.138 [main] DEBUG org.apache.http.wire -- http-outgoing-2 << "            "administrador": "true",[\n]"
21:37:04.138 [main] DEBUG org.apache.http.wire -- http-outgoing-2 << "            "email": "senhaerrada_1752600594968@mail.com",[\n]"
21:37:04.138 [main] DEBUG org.apache.http.wire -- http-outgoing-2 << "            "_id": "ZMVATf2ToxrKf4iC"[\n]"
21:37:04.138 [main] DEBUG org.apache.http.wire -- http-outgoing-2 << "        },[\n]"
21:37:04.138 [main] DEBUG org.apache.http.wire -- http-outgoing-2 << "    "
21:37:04.138 [main] DEBUG org.apache.http.wire -- http-outgoing-2 << "    {[\n]"
21:37:04.138 [main] DEBUG org.apache.http.wire -- http-outgoing-2 << "            "nome": "Henriette",[\n]"
21:37:04.138 [main] DEBUG org.apache.http.wire -- http-outgoing-2 << "            "email": "George3@teste.com",[\n]"
21:37:04.138 [main] DEBUG org.apache.http.wire -- http-outgoing-2 << "            "password": "testZd",[\n]"
21:37:04.138 [main] DEBUG org.apache.http.wire -- http-outgoing-2 << "            "administrador": "true",[\n]"
21:37:04.138 [main] DEBUG org.apache.http.wire -- http-outgoing-2 << "            "_id": "ZTDHCciNpMaFdsBS"[\n]"
21:37:04.138 [main] DEBUG org.apache.http.wire -- http-outgoing-2 << "        },[\n]"
21:37:04.138 [main] DEBUG org.apache.http.wire -- http-outgoing-2 << "        {[\n]"
21:37:04.138 [main] DEBUG org.apache.http.wire -- http-outgoing-2 << "            "nome": "Usu[0xc3][0xa1]rio Teste API",[\n]"
21:37:04.138 [main] DEBUG org.apache.http.wire -- http-outgoing-2 << "   "
21:37:04.154 [main] DEBUG org.apache.http.wire -- http-outgoing-2 << "         "password": "123456",[\n]"
21:37:04.154 [main] DEBUG org.apache.http.wire -- http-outgoing-2 << "            "administrador": "true",[\n]"
21:37:04.154 [main] DEBUG org.apache.http.wire -- http-outgoing-2 << "            "email": "login_1752600594304@mail.com",[\n]"
21:37:04.154 [main] DEBUG org.apache.http.wire -- http-outgoing-2 << "            "_id": "Zs8WQlRL2qkI6puE"[\n]"
21:37:04.154 [main] DEBUG org.apache.http.wire -- http-outgoing-2 << "        },[\n]"
21:37:04.154 [main] DEBUG org.apache.http.wire -- http-outgoing-2 << "        {[\n]"
21:37:04.154 [main] DEBUG org.apache.http.wire -- http-outgoing-2 << "            "nome": "Fulano da Silva",[\n]"
21:37:04.154 [main] DEBUG org.apache.http.wire -- http-outgoing-2 << "            "email": "timv@emailteste.com",[\n]"
21:37:04.154 [main] DEBUG org.apache.http.wire -- http-outgoing-2 << "            "password": "1234",[\n]"
21:37:04.154 [main] DEBUG org.apache.http.wire -- http-outgoing-2 << "            "administrador": "true",[\n]"
21:37:04.154 [main] DEBUG org.apache.http.wire -- http-outgoing-2 << "            "_id": "a3Qg8aTyGyKMi9p0"[\n]"
21:37:04.154 [main] DEBUG org.apache.http.wire -- http-outgoing-2 << "        },[\n]"
21:37:04.154 [main] DEBUG org.apache.http.wire -- http-outgoing-2 << "        {[\n]"
21:37:04.154 [main] DEBUG org.apache.http.wire -- http-outgoing-2 << "            "nome": "Usu[0xc3][0xa1]rio Teste API",[\n]"
21:37:04.154 [main] DEBUG org.apache.http.wire -- http-outgoing-2 << "            "password": "123456",[\n]"
21:37:04.154 [main] DEBUG org.apache.http.wire -- http-outgoing-2 << "            "administrador": "true",[\n]"
21:37:04.154 [main] DEBUG org.apache.http.wire -- http-outgoing-2 << "            "email": "senhaerrada_1752600370869@mail.com",[\n]"
21:37:04.154 [main] DEBUG org.apache.http.wire -- http-outgoing-2 << "            "_id": "a9JtkJdtAOIpcnqx"[\n]"
21:37:04.154 [main] DEBUG org.apache.http.wire -- http-outgoing-2 << "        },[\n]"
21:37:04.154 [main] DEBUG org.apache.http.wire -- http-outgoing-2 << "        {[\n]"
21:37:04.154 [main] DEBUG org.apache.http.wire -- http-outgoing-2 << "            "nome": "Fulano da Silva",[\n]"
21:37:04.154 [main] DEBUG org.apache.http.wire -- http-outgoing-2 << "            "email": "rodrigodoval@gmail.com",[\n]"
21:37:04.154 [main] DEBUG org.apache.http.wire -- http-outgoing-2 << "            "password": "Lasanha123",[\n]"
21:37:04.154 [main] DEBUG org.apache.http.wire -- http-outgoing-2 << "            "administrador": "true",[\n]"
21:37:04.154 [main] DEBUG org.apache.http.wire -- http-outgoing-2 << "            "_id": "aPrmGmDfWrcTNixJ"[\n]"
21:37:04.154 [main] DEBUG org.apache.http.wire -- http-outgoing-2 << "        },[\n]"
21:37:04.154 [main] DEBUG org.apache.http.wire -- http-outgoing-2 << "        {[\n]"
21:37:04.154 [main] DEBUG org.apache.http.wire -- http-outgoing-2 << "            "nome": "Lazaro",[\n]"
21:37:04.154 [main] DEBUG org.apache.http.wire -- http-outgoing-2 << "            "email": "Lazaro.Rogahn@gmail.com",[\n]"
21:37:04.154 [main] DEBUG org.apache.http.wire -- http-outgoing-2 << "            "password": "teste",[\n]"
21:37:04.154 [main] DEBUG org.apache.http.wire -- http-outgoing-2 << "            "administrador": "true",[\n]"
21:37:04.154 [main] DEBUG org.apache.http.wire -- http-outgoing-2 << "            "_id": "avdN4swRIpGqEX"
21:37:04.154 [main] DEBUG org.apache.http.wire -- http-outgoing-2 << "MX"[\n]"
21:37:04.154 [main] DEBUG org.apache.http.wire -- http-outgoing-2 << "        },[\n]"
21:37:04.154 [main] DEBUG org.apache.http.wire -- http-outgoing-2 << "        {[\n]"
21:37:04.154 [main] DEBUG org.apache.http.wire -- http-outgoing-2 << "            "nome": "Virginia",[\n]"
21:37:04.154 [main] DEBUG org.apache.http.wire -- http-outgoing-2 << "            "email": "Virginia.Baumbach77@gmail.com",[\n]"
21:37:04.154 [main] DEBUG org.apache.http.wire -- http-outgoing-2 << "            "password": "teste",[\n]"
21:37:04.154 [main] DEBUG org.apache.http.wire -- http-outgoing-2 << "            "administrador": "true",[\n]"
21:37:04.154 [main] DEBUG org.apache.http.wire -- http-outgoing-2 << "            "_id": "awnAVX1U9L01bJpX"[\n]"
21:37:04.154 [main] DEBUG org.apache.http.wire -- http-outgoing-2 << "        },[\n]"
21:37:04.154 [main] DEBUG org.apache.http.wire -- http-outgoing-2 << "        {[\n]"
21:37:04.154 [main] DEBUG org.apache.http.wire -- http-outgoing-2 << "            "nome": "Fulano da Silva",[\n]"
21:37:04.154 [main] DEBUG org.apache.http.wire -- http-outgoing-2 << "            "email": "user_2025-07-15T213311791643@qa.com.br",[\n]"
21:37:04.154 [main] DEBUG org.apache.http.wire -- http-outgoing-2 << "            "password": "teste",[\n]"
21:37:04.154 [main] DEBUG org.apache.http.wire -- http-outgoing-2 << "         "
21:37:04.154 [main] DEBUG org.apache.http.wire -- http-outgoing-2 << "   "administrador": "true",[\n]"
21:37:04.154 [main] DEBUG org.apache.http.wire -- http-outgoing-2 << "            "_id": "b3YdychE6KWomKpr"[\n]"
21:37:04.154 [main] DEBUG org.apache.http.wire -- http-outgoing-2 << "        },[\n]"
21:37:04.154 [main] DEBUG org.apache.http.wire -- http-outgoing-2 << "        {[\n]"
21:37:04.154 [main] DEBUG org.apache.http.wire -- http-outgoing-2 << "            "nome": "Gabrielly Cavalcanti",[\n]"
21:37:04.154 [main] DEBUG org.apache.http.wire -- http-outgoing-2 << "            "email": "gabrielly_cavalcanti@xpto.com",[\n]"
21:37:04.154 [main] DEBUG org.apache.http.wire -- http-outgoing-2 << "            "password": "(at^W7Ws)F",[\n]"
21:37:04.154 [main] DEBUG org.apache.http.wire -- http-outgoing-2 << "            "administrador": "false",[\n]"
21:37:04.154 [main] DEBUG org.apache.http.wire -- http-outgoing-2 << "            "_id": "bFphUB5HMJNeYvyG"[\n]"
21:37:04.154 [main] DEBUG org.apache.http.wire -- http-outgoing-2 << "        },[\n]"
21:37:04.154 [main] DEBUG org.apache.http.wire -- http-outgoing-2 << "        {[\n]"
21:37:04.154 [main] DEBUG org.apache.http.wire -- http-outgoing-2 << "            "nome": "Jackie Collier",[\n]"
21:37:04.154 [main] DEBUG org.apache.http.wire -- http-outgoing-2 << "            "email": "jackie-collier-teste@tuamaeaquelaursa.com",[\n]"
21:37:04.154 [main] DEBUG org.apache.http.wire -- http-outgoing-2 << "            "password": "teste",[\n]"
21:37:04.154 [main] DEBUG org.apache.http.wire -- http-outgoing-2 << "            "administrador": "false",[\n]"
21:37:04.154 [main] DEBUG org.apache.http.wire -- http-outgoing-2 << "            "_id": "bjGRFzvko19ltkbJ"[\n]"
21:37:04.154 [main] DEBUG org.apache.http.wire -- http-outgoing-2 << "        },[\n]"
21:37:04.154 [main] DEBUG org.apache.http.wire -- http-outgoing-2 << "        {[\n]"
21:37:04.154 [main] DEBUG org.apache.http.wire -- http-outgoing-2 << "            "nome": "Francisco Guerra",[\n]"
21:37:04.154 [main] DEBUG org.apache.http.wire -- http-outgoing-2 << "            "email": "francisco_guerra@xpto.com",[\n]"
21:37:04.154 [main] DEBUG org.apache.http.wire -- http-outgoing-2 << "            "password": "x!7*LnW8)y",[\n]"
21:37:04.154 [main] DEBUG org.apache.http.wire -- http-outgoing-2 << "            "administrador": "false",[\n]"
21:37:04.154 [main] DEBUG org.apache.http.wire -- http-outgoing-2 << "            "_id": "cZq2vMEwDY8rcVbX"[\n]"
21:37:04.154 [main] DEBUG org.apache.http.wire -- http-outgoing-2 << "        },[\n]"
21:37:04.154 [main] DEBUG org.apache.http.wire -- http-outgoing-2 << "        {[\n]"
21:37:04.154 [main] DEBUG org.apache.http.wire -- http-outgoing-2 << "            "nome": "Emilly Almeida",[\n]"
21:37:04.154 [main] DEBUG org.apache.http.wire -- http-outgoing-2 << "            "email": "emilly_almeida@xpto.com",[\n]"
21:37:04.154 [main] DEBUG org.apache.http.wire -- http-outgoing-2 << "            "password": "J$16U$pt)u",[\n]"
21:37:04.154 [main] DEBUG org.apache.http.wire -- http-outgoing-2 << "            "administrador": "false",[\n]"
21:37:04.154 [main] DEBUG org.apache.http.wire -- http-outgoing-2 << "            "_id": "cm37qfAgN797PqWo"[\n]"
21:37:04.154 [main] DEBUG org.apache.http.wire -- http-outgoing-2 << "        },[\n]"
21:37:04.154 [main] DEBUG org.apache.http.wire -- http-outgoing-2 << "        {[\n]"
21:37:04.154 [main] DEBUG org.apache.http.wire -- http-outgoing-2 << "            "nome": "Log"
21:37:04.154 [main] DEBUG org.apache.http.wire -- http-outgoing-2 << "an",[\n]"
21:37:04.154 [main] DEBUG org.apache.http.wire -- http-outgoing-2 << "            "email": "dean.jakubowski@gmail.com",[\n]"
21:37:04.154 [main] DEBUG org.apache.http.wire -- http-outgoing-2 << "            "password": "hq93stg4890bqs",[\n]"
21:37:04.154 [main] DEBUG org.apache.http.wire -- http-outgoing-2 << "            "administrador": "true",[\n]"
21:37:04.154 [main] DEBUG org.apache.http.wire -- http-outgoing-2 << "            "_id": "cqWbtFYzJv9LkUcr"[\n]"
21:37:04.154 [main] DEBUG org.apache.http.wire -- http-outgoing-2 << "        },[\n]"
21:37:04.154 [main] DEBUG org.apache.http.wire -- http-outgoing-2 << "        {[\n]"
21:37:04.154 [main] DEBUG org.apache.http.wire -- http-outgoing-2 << "            "nome": "Teste Testador da Silva !",[\n]"
21:37:04.154 [main] DEBUG org.apache.http.wire -- http-outgoing-2 << "            "email": "teste@testar.com.br",[\n]"
21:37:04.154 [main] DEBUG org.apache.http.wire -- http-outgoing-2 << "            "password": "teste",[\n]"
21:37:04.154 [main] DEBUG org.apache.http.wire -- http-outgoing-2 << "            "administrador": "true",[\n]"
21:37:04.154 [main] DEBUG org.apache.http.wire -- http-outgoing-2 << "            "_id": "cujPiV5b"
21:37:04.156 [main] DEBUG org.apache.http.wire -- http-outgoing-2 << "0Toqsjki"[\n]"
21:37:04.156 [main] DEBUG org.apache.http.wire -- http-outgoing-2 << "        },[\n]"
21:37:04.156 [main] DEBUG org.apache.http.wire -- http-outgoing-2 << "        {[\n]"
21:37:04.156 [main] DEBUG org.apache.http.wire -- http-outgoing-2 << "            "nome": "Fulano da Silva",[\n]"
21:37:04.156 [main] DEBUG org.apache.http.wire -- http-outgoing-2 << "            "email": "beltranoas@qa.com.br",[\n]"
21:37:04.156 [main] DEBUG org.apache.http.wire -- http-outgoing-2 << "            "password": "teste",[\n]"
21:37:04.156 [main] DEBUG org.apache.http.wire -- http-outgoing-2 << "            "administrador": "true",[\n]"
21:37:04.156 [main] DEBUG org.apache.http.wire -- http-outgoing-2 << "            "_id": "dU9PLscRFfz2Dk2n"[\n]"
21:37:04.156 [main] DEBUG org.apache.http.wire -- http-outgoing-2 << "        },[\n]"
21:37:04.156 [main] DEBUG org.apache.http.wire -- http-outgoing-2 << "        {[\n]"
21:37:04.156 [main] DEBUG org.apache.http.wire -- http-outgoing-2 << "            "nome": "Usu[0xc3][0xa1]rio Teste API",[\n]"
21:37:04.156 [main] DEBUG org.apache.http.wire -- http-outgoing-2 << "            "password": "123456",[\n]"
21:37:04.156 [main] DEBUG org.apache.http.wire -- http-outgoing-2 << "            "administrador": "true",[\n]"
21:37:04.156 [main] DEBUG org.apache.http.wire -- http-outgoing-2 << "            "email": "user_1752600173432@mail.com",[\n]"
21:37:04.156 [main] DEBUG org.apache.http.wire -- http-outgoing-2 << "            "_id": "dashksh20kA6sJep"[\n]"
21:37:04.156 [main] DEBUG org.apache.http.wire -- http-outgoing-2 << "        },[\n]"
21:37:04.156 [main] DEBUG org.apache.http.wire -- http-outgoing-2 << "        {[\n]"
21:37:04.156 [main] DEBUG org.apache.http.wire -- http-outgoing-2 << "            "nome": "bruno da",[\n]"
21:37:04.156 [main] DEBUG org.apache.http.wire -- http-outgoing-2 << "            "email": "beltrano@gmail.com",[\n]"
21:37:04.156 [main] DEBUG org.apache.http.wire -- http-outgoing-2 << "            "password": "1234",[\n]"
21:37:04.156 [main] DEBUG org.apache.http.wire -- http-outgoing-2 << "            "administrador": "true",[\n]"
21:37:04.156 [main] DEBUG org.apache.http.wire -- http-outgoing-2 << "            "_id": "ddQNWkMhTJxl4Iyt"[\n]"
21:37:04.156 [main] DEBUG org.apache.http.wire -- http-outgoing-2 << "        },[\n]"
21:37:04.156 [main] DEBUG org.apache.http.wire -- http-outgoing-2 << "        {[\n]"
21:37:04.156 [main] DEBUG org.apache.http.wire -- http-outgoing-2 << "            "nome": "Victor QA",[\n]"
21:37:04.156 [main] DEBUG org.apache.http.wire -- http-outgoing-2 << "            "email": "victor.1752605227838@teste.com",[\n]"
21:37:04.156 [main] DEBUG org.apache.http.wire -- http-outgoing-2 << "            "password": "SenhaForte12345",[\n]"
21:37:04.156 [main] DEBUG org.apache.http.wire -- http-outgoing-2 << "            "administrador": "false",[\n]"
21:37:04.156 [main] DEBUG org.apache.http.wire -- http-outgoing-2 << "            "_id": "e55krFgjFwjDZ6J6"[\n]"
21:37:04.156 [main] DEBUG org.apache.http.wire -- http-outgoing-2 << "        },[\n]"
21:37:04.156 [main] DEBUG org.apache.http.wire -- http-outgoing-2 << "        {[\n]"
21:37:04.156 [main] DEBUG org.apache.http.wire -- http-outgoing-2 << "            "nome": "Lafayette",[\n]"
21:37:04.156 [main] DEBUG org.apache.http.wire -- http-outgoing-2 << "            "email": "Lafayette.Goyette@yahoo.com",[\n]"
21:37:04.156 [main] DEBUG org.apache.http.wire -- http-outgoing-2 << "            "password": "teste",[\n]"
21:37:04.156 [main] DEBUG org.apache.http.wire -- http-outgoing-2 << "       "
21:37:04.156 [main] DEBUG org.apache.http.wire -- http-outgoing-2 << "     "administrador": "true",[\n]"
21:37:04.156 [main] DEBUG org.apache.http.wire -- http-outgoing-2 << "            "_id": "eMIP42gW6SrEPfKc"[\n]"
21:37:04.156 [main] DEBUG org.apache.http.wire -- http-outgoing-2 << "        },[\n]"
21:37:04.156 [main] DEBUG org.apache.http.wire -- http-outgoing-2 << "        {[\n]"
21:37:04.156 [main] DEBUG org.apache.http.wire -- http-outgoing-2 << "            "nome": "Fulano da Silva",[\n]"
21:37:04.156 [main] DEBUG org.apache.http.wire -- http-outgoing-2 << "            "email": "user7725b53e@gmail.com",[\n]"
21:37:04.156 [main] DEBUG org.apache.http.wire -- http-outgoing-2 << "            "password": "teste",[\n]"
21:37:04.156 [main] DEBUG org.apache.http.wire -- http-outgoing-2 << "            "administrador": "true",[\n]"
21:37:04.156 [main] DEBUG org.apache.http.wire -- http-outgoing-2 << "            "_id": "eRAGbT4GlBKn0MSn"[\n]"
21:37:04.156 [main] DEBUG org.apache.http.wire -- http-outgoing-2 << "        },[\n]"
21:37:04.156 [main] DEBUG org.apache.http.wire -- http-outgoing-2 << "        {[\n]"
21:37:04.156 [main] DEBUG org.apache.http.wire -- http-outgoing-2 << "            "nome": "Fulano da Silva",[\n]"
21:37:04.156 [main] DEBUG org.apache.http.wire -- http-outgoing-2 << "            "email": "beltrafghsfdgno@qa."
21:37:04.156 [main] DEBUG org.apache.http.wire -- http-outgoing-2 << "com.br",[\n]"
21:37:04.156 [main] DEBUG org.apache.http.wire -- http-outgoing-2 << "            "password": "teste",[\n]"
21:37:04.156 [main] DEBUG org.apache.http.wire -- http-outgoing-2 << "            "administrador": "true",[\n]"
21:37:04.156 [main] DEBUG org.apache.http.wire -- http-outgoing-2 << "            "_id": "eTQbjQlWl2sKTvrK"[\n]"
21:37:04.156 [main] DEBUG org.apache.http.wire -- http-outgoing-2 << "        },[\n]"
21:37:04.156 [main] DEBUG org.apache.http.wire -- http-outgoing-2 << "        {[\n]"
21:37:04.156 [main] DEBUG org.apache.http.wire -- http-outgoing-2 << "            "nome": "Antwon",[\n]"
21:37:04.156 [main] DEBUG org.apache.http.wire -- http-outgoing-2 << "            "email": "Buster.Nicolas44@teste.com",[\n]"
21:37:04.156 [main] DEBUG org.apache.http.wire -- http-outgoing-2 << "            "password": "testzS",[\n]"
21:37:04.156 [main] DEBUG org.apache.http.wire -- http-outgoing-2 << "            "administrador": "true",[\n]"
21:37:04.156 [main] DEBUG org.apache.http.wire -- http-outgoing-2 << "            "_id": "eXRw8bT698SVVNVk"[\n]"
21:37:04.156 [main] DEBUG org.apache.http.wire -- http-outgoing-2 << "        },[\n]"
21:37:04.156 [main] DEBUG org.apache.http.wire -- http-outgoing-2 << "        {[\n]"
21:37:04.156 [main] DEBUG org.apache.http.wire -- http-outgoing-2 << "            "nome": "robin",[\n]"
21:37:04.156 [main] DEBUG org.apache.http.wire -- http-outgoing-2 << "            "email": "dickgrayson@gmail.com",[\n]"
21:37:04.156 [main] DEBUG org.apache.http.wire -- http-outgoing-2 << "            "password": "lalala",[\n]"
21:37:04.156 [main] DEBUG org.apache.http.wire -- http-outgoing-2 << "            "administrador": "true",[\n]"
21:37:04.156 [main] DEBUG org.apache.http.wire -- http-outgoing-2 << "            "_id": "eZPEHuTgHKJh2Cdi"[\n]"
21:37:04.156 [main] DEBUG org.apache.http.wire -- http-outgoing-2 << "        },[\n]"
21:37:04.156 [main] DEBUG org.apache.http.wire -- http-outgoing-2 << "        {[\n]"
21:37:04.156 [main] DEBUG org.apache.http.wire -- http-outgoing-2 << "            "nome": "Evelyn",[\n]"
21:37:04.156 [main] DEBUG org.apache.http.wire -- http-outgoing-2 << "            "email": "Evelyn.Hartmann55@yahoo.com",[\n]"
21:37:04.156 [main] DEBUG org.apache.http.wire -- http-outgoing-2 << "            "password": "teste",[\n]"
21:37:04.156 [main] DEBUG org.apache.http.wire -- http-outgoing-2 << "            "administrador": "true",[\n]"
21:37:04.156 [main] DEBUG org.apache.http.wire -- http-outgoing-2 << "            "_id": "edHz6MkIYmFkRtME"[\n]"
21:37:04.156 [main] DEBUG org.apache.http.wire -- http-outgoing-2 << "        },[\n]"
21:37:04.156 [main] DEBUG org.apache.http.wire -- http-outgoing-2 << "        {[\n]"
21:37:04.156 [main] DEBUG org.apache.http.wire -- http-outgoing-2 << "            "nome": "Usu[0xc3][0xa1]rio Teste API",[\n]"
21:37:04.156 [main] DEBUG org.apache.http.wire -- http-outgoing-2 << "            "password": "123456",[\n]"
21:37:04.156 [main] DEBUG org.apache.http.wire -- http-outgoing-2 << "            "administrador": "true",[\n]"
21:37:04.156 [main] DEBUG org.apache.http.wire -- http-outgoing-2 << "            "email": "login_1752600203545@mail.com",[\n]"
21:37:04.156 [main] DEBUG org.apache.http.wire -- http-outgoing-2 << "            "_id": "erF7VzV4US8iPYBG"[\n]"
21:37:04.156 [main] DEBUG org.apache.http.wire -- http-outgoing-2 << "        },[\n]"
21:37:04.156 [main] DEBUG org.apache.http.wire -- http-outgoing-2 << "        {[\n]"
21:37:04.156 [main] DEBUG org.apache.http.wire -- http-outgoing-2 << "            "nome": "Usuario Teste"
21:37:04.156 [main] DEBUG org.apache.http.wire -- http-outgoing-2 << "",[\n]"
21:37:04.156 [main] DEBUG org.apache.http.wire -- http-outgoing-2 << "            "email": "jssgx@testeemail.com",[\n]"
21:37:04.156 [main] DEBUG org.apache.http.wire -- http-outgoing-2 << "            "password": "6789",[\n]"
21:37:04.156 [main] DEBUG org.apache.http.wire -- http-outgoing-2 << "            "administrador": "true",[\n]"
21:37:04.156 [main] DEBUG org.apache.http.wire -- http-outgoing-2 << "            "_id": "evEufbFxqX4QYcAr"[\n]"
21:37:04.156 [main] DEBUG org.apache.http.wire -- http-outgoing-2 << "        },[\n]"
21:37:04.156 [main] DEBUG org.apache.http.wire -- http-outgoing-2 << "        {[\n]"
21:37:04.156 [main] DEBUG org.apache.http.wire -- http-outgoing-2 << "            "nome": "victor",[\n]"
21:37:04.156 [main] DEBUG org.apache.http.wire -- http-outgoing-2 << "            "email": "siqueira@uol.com",[\n]"
21:37:04.156 [main] DEBUG org.apache.http.wire -- http-outgoing-2 << "            "password": "senha123",[\n]"
21:37:04.156 [main] DEBUG org.apache.http.wire -- http-outgoing-2 << "            "administrador": "false",[\n]"
21:37:04.156 [main] DEBUG org.apache.http.wire -- http-outgoing-2 << "            "_id": "f4Z7CSJzjdmmbzna"[\n]"
21:37:04.156 [main] DEBUG org.apache.http.wire -- http-outgoing-2 << "        },[\n]"
21:37:04.156 [main] DEBUG org.apache.http.wire -- http-outgoing-2 << "        {[\n]"
21:37:04.156 [main] DEBUG org.apache.http.wire -- http-outgoing-2 << "    "
21:37:04.161 [main] DEBUG org.apache.http.wire -- http-outgoing-2 << "        "nome": "Mario Figueiredo",[\n]"
21:37:04.161 [main] DEBUG org.apache.http.wire -- http-outgoing-2 << "            "email": "mariowsfigueiredo77@gmail.com",[\n]"
21:37:04.161 [main] DEBUG org.apache.http.wire -- http-outgoing-2 << "            "password": "123456",[\n]"
21:37:04.161 [main] DEBUG org.apache.http.wire -- http-outgoing-2 << "            "administrador": "true",[\n]"
21:37:04.161 [main] DEBUG org.apache.http.wire -- http-outgoing-2 << "            "_id": "f5Ds7c8EutcHl7f8"[\n]"
21:37:04.161 [main] DEBUG org.apache.http.wire -- http-outgoing-2 << "        },[\n]"
21:37:04.161 [main] DEBUG org.apache.http.wire -- http-outgoing-2 << "        {[\n]"
21:37:04.161 [main] DEBUG org.apache.http.wire -- http-outgoing-2 << "            "nome": "Helena Pinto",[\n]"
21:37:04.161 [main] DEBUG org.apache.http.wire -- http-outgoing-2 << "            "email": "helena_pinto@xpto.com",[\n]"
21:37:04.161 [main] DEBUG org.apache.http.wire -- http-outgoing-2 << "            "password": "WKR6gJ&k!1",[\n]"
21:37:04.161 [main] DEBUG org.apache.http.wire -- http-outgoing-2 << "            "administrador": "false",[\n]"
21:37:04.161 [main] DEBUG org.apache.http.wire -- http-outgoing-2 << "            "_id": "f5csd9kLzeRFhBru"[\n]"
21:37:04.161 [main] DEBUG org.apache.http.wire -- http-outgoing-2 << "        },[\n]"
21:37:04.161 [main] DEBUG org.apache.http.wire -- http-outgoing-2 << "        {[\n]"
21:37:04.161 [main] DEBUG org.apache.http.wire -- http-outgoing-2 << "            "nome": "Fulano da Silva",[\n]"
21:37:04.161 [main] DEBUG org.apache.http.wire -- http-outgoing-2 << "            "email": "mm@gmail.com",[\n]"
21:37:04.161 [main] DEBUG org.apache.http.wire -- http-outgoing-2 << "            "password": "teste",[\n]"
21:37:04.161 [main] DEBUG org.apache.http.wire -- http-outgoing-2 << "            "administrador": "true",[\n]"
21:37:04.161 [main] DEBUG org.apache.http.wire -- http-outgoing-2 << "            "_id": "fEt0XFeEymuQU0AF"[\n]"
21:37:04.161 [main] DEBUG org.apache.http.wire -- http-outgoing-2 << "        },[\n]"
21:37:04.161 [main] DEBUG org.apache.http.wire -- http-outgoing-2 << "        {[\n]"
21:37:04.161 [main] DEBUG org.apache.http.wire -- http-outgoing-2 << "            "nome": "Usu[0xc3][0xa1]rio Teste API",[\n]"
21:37:04.161 [main] DEBUG org.apache.http.wire -- http-outgoing-2 << "            "password": "123456",[\n]"
21:37:04.161 [main] DEBUG org.apache.http.wire -- http-outgoing-2 << "            "administrador": "true",[\n]"
21:37:04.161 [main] DEBUG org.apache.http.wire -- http-outgoing-2 << "            "email": "user_1752600615923@mail.com",[\n]"
21:37:04.161 [main] DEBUG org.apache.http.wire -- http-outgoing-2 << "            "_id": "fHuWbGYt802jKh3b"[\n]"
21:37:04.161 [main] DEBUG org.apache.http.wire -- http-outgoing-2 << "        },[\n]"
21:37:04.161 [main] DEBUG org.apache.http.wire -- http-outgoing-2 << "        {[\n]"
21:37:04.161 [main] DEBUG org.apache.http.wire -- http-outgoing-2 << "            "nome": "Fulano da Silva",[\n]"
21:37:04.161 [main] DEBUG org.apache.http.wire -- http-outgoing-2 << "            "email": "usere7b53ce8@gmail.com",[\n]"
21:37:04.161 [main] DEBUG org.apache.http.wire -- http-outgoing-2 << "            "password": "teste",[\n]"
21:37:04.161 [main] DEBUG org.apache.http.wire -- http-outgoing-2 << "            "administrador": "true",[\n]"
21:37:04.161 [main] DEBUG org.apache.http.wire -- http-outgoing-2 << "  "
21:37:04.161 [main] DEBUG org.apache.http.wire -- http-outgoing-2 << "          "_id": "fWJD6i7uNCXTaGmC"[\n]"
21:37:04.161 [main] DEBUG org.apache.http.wire -- http-outgoing-2 << "        },[\n]"
21:37:04.161 [main] DEBUG org.apache.http.wire -- http-outgoing-2 << "        {[\n]"
21:37:04.161 [main] DEBUG org.apache.http.wire -- http-outgoing-2 << "            "nome": "Rosella",[\n]"
21:37:04.161 [main] DEBUG org.apache.http.wire -- http-outgoing-2 << "            "email": "Dimitri36@teste.com",[\n]"
21:37:04.161 [main] DEBUG org.apache.http.wire -- http-outgoing-2 << "            "password": "test5b",[\n]"
21:37:04.161 [main] DEBUG org.apache.http.wire -- http-outgoing-2 << "            "administrador": "true",[\n]"
21:37:04.161 [main] DEBUG org.apache.http.wire -- http-outgoing-2 << "            "_id": "fcbOMEZoRjiLsmxg"[\n]"
21:37:04.161 [main] DEBUG org.apache.http.wire -- http-outgoing-2 << "        },[\n]"
21:37:04.161 [main] DEBUG org.apache.http.wire -- http-outgoing-2 << "        {[\n]"
21:37:04.161 [main] DEBUG org.apache.http.wire -- http-outgoing-2 << "            "nome": "Beaulah",[\n]"
21:37:04.161 [main] DEBUG org.apache.http.wire -- http-outgoing-2 << "            "email": "Sedrick_Schmidt@teste.com",[\n]"
21:37:04.161 [main] DEBUG org.apache.http.wire -- http-outgoing-2 << "            "password": "testbn",[\n]"
21:37:04.161 [main] DEBUG org.apache.http.wire -- http-outgoing-2 << "       "
21:37:04.161 [main] DEBUG org.apache.http.wire -- http-outgoing-2 << "     "administrador": "true",[\n]"
21:37:04.161 [main] DEBUG org.apache.http.wire -- http-outgoing-2 << "            "_id": "flYbbtRst6cCixVD"[\n]"
21:37:04.161 [main] DEBUG org.apache.http.wire -- http-outgoing-2 << "        },[\n]"
21:37:04.161 [main] DEBUG org.apache.http.wire -- http-outgoing-2 << "        {[\n]"
21:37:04.161 [main] DEBUG org.apache.http.wire -- http-outgoing-2 << "            "nome": "Victor Luiz",[\n]"
21:37:04.161 [main] DEBUG org.apache.http.wire -- http-outgoing-2 << "            "email": "victorluiz6174@gmail.com",[\n]"
21:37:04.161 [main] DEBUG org.apache.http.wire -- http-outgoing-2 << "            "password": "Vl23012007#",[\n]"
21:37:04.161 [main] DEBUG org.apache.http.wire -- http-outgoing-2 << "            "administrador": "false",[\n]"
21:37:04.161 [main] DEBUG org.apache.http.wire -- http-outgoing-2 << "            "_id": "fvMA9PGHS4E3bszO"[\n]"
21:37:04.161 [main] DEBUG org.apache.http.wire -- http-outgoing-2 << "        },[\n]"
21:37:04.161 [main] DEBUG org.apache.http.wire -- http-outgoing-2 << "        {[\n]"
21:37:04.161 [main] DEBUG org.apache.http.wire -- http-outgoing-2 << "            "nome": "Fulano da Silva",[\n]"
21:37:04.161 [main] DEBUG org.apache.http.wire -- http-outgoing-2 << "            "email": "fulano@gmail.com",[\n]"
21:37:04.161 [main] DEBUG org.apache.http.wire -- http-outgoing-2 << "            "password": "teste",[\n]"
21:37:04.161 [main] DEBUG org.apache.http.wire -- http-outgoing-2 << "            "administrador": "true",[\n]"
21:37:04.161 [main] DEBUG org.apache.http.wire -- http-outgoing-2 << "            "_id": "g3W8OBvfMmMtinuE"[\n]"
21:37:04.161 [main] DEBUG org.apache.http.wire -- http-outgoing-2 << "        },[\n]"
21:37:04.161 [main] DEBUG org.apache.http.wire -- http-outgoing-2 << "        {[\n]"
21:37:04.161 [main] DEBUG org.apache.http.wire -- http-outgoing-2 << "            "nome": "Fulano da Silva",[\n]"
21:37:04.161 [main] DEBUG org.apache.http.wire -- http-outgoing-2 << "            "email": "mario@gmail.com",[\n]"
21:37:04.161 [main] DEBUG org.apache.http.wire -- http-outgoing-2 << "            "password": "teste",[\n]"
21:37:04.161 [main] DEBUG org.apache.http.wire -- http-outgoing-2 << "            "administrador": "true",[\n]"
21:37:04.161 [main] DEBUG org.apache.http.wire -- http-outgoing-2 << "            "_id": "g5geTfK5KNbFBBhX"[\n]"
21:37:04.162 [main] DEBUG org.apache.http.wire -- http-outgoing-2 << "        },[\n]"
21:37:04.162 [main] DEBUG org.apache.http.wire -- http-outgoing-2 << "        {[\n]"
21:37:04.162 [main] DEBUG org.apache.http.wire -- http-outgoing-2 << "            "nome": "Fulano da Silva",[\n]"
21:37:04.162 [main] DEBUG org.apache.http.wire -- http-outgoing-2 << "            "email": "jdnn@emailteste.com",[\n]"
21:37:04.162 [main] DEBUG org.apache.http.wire -- http-outgoing-2 << "            "password": "1234",[\n]"
21:37:04.162 [main] DEBUG org.apache.http.wire -- http-outgoing-2 << "            "administrador": "true",[\n]"
21:37:04.162 [main] DEBUG org.apache.http.wire -- http-outgoing-2 << "            "_id": "g9hGDCTXlvuqmxP7"[\n]"
21:37:04.162 [main] DEBUG org.apache.http.wire -- http-outgoing-2 << "        },[\n]"
21:37:04.162 [main] DEBUG org.apache.http.wire -- http-outgoing-2 << "        {[\n]"
21:37:04.162 [main] DEBUG org.apache.http.wire -- http-outgoing-2 << "            "nome": "Dora",[\n]"
21:37:04.162 [main] DEBUG org.apache.http.wire -- http-outgoing-2 << "            "email": "Dora10@yahoo.com",[\n]"
21:37:04.162 [main] DEBUG org.apache.http.wire -- http-outgoing-2 << "            "passw"
21:37:04.162 [main] DEBUG org.apache.http.wire -- http-outgoing-2 << "ord": "teste",[\n]"
21:37:04.162 [main] DEBUG org.apache.http.wire -- http-outgoing-2 << "            "administrador": "true",[\n]"
21:37:04.162 [main] DEBUG org.apache.http.wire -- http-outgoing-2 << "            "_id": "gL1a9pLdQ3eXu3Ok"[\n]"
21:37:04.162 [main] DEBUG org.apache.http.wire -- http-outgoing-2 << "        },[\n]"
21:37:04.162 [main] DEBUG org.apache.http.wire -- http-outgoing-2 << "        {[\n]"
21:37:04.162 [main] DEBUG org.apache.http.wire -- http-outgoing-2 << "            "nome": "Mathias",[\n]"
21:37:04.162 [main] DEBUG org.apache.http.wire -- http-outgoing-2 << "            "email": "Mathias.Olson53@hotmail.com",[\n]"
21:37:04.162 [main] DEBUG org.apache.http.wire -- http-outgoing-2 << "            "password": "teste",[\n]"
21:37:04.162 [main] DEBUG org.apache.http.wire -- http-outgoing-2 << "            "administrador": "true",[\n]"
21:37:04.162 [main] DEBUG org.apache.http.wire -- http-outgoing-2 << "            "_id": "gPvMjR9iiPti4GpY"[\n]"
21:37:04.162 [main] DEBUG org.apache.http.wire -- http-outgoing-2 << "        },[\n]"
21:37:04.162 [main] DEBUG org.apache.http.wire -- http-outgoing-2 << "        {[\n]"
21:37:04.162 [main] DEBUG org.apache.http.wire -- http-outgoing-2 << "            "nome": "Alfred1752593190498",[\n]"
21:37:04.162 [main] DEBUG org.apache.http.wire -- http-outgoing-2 << "            "email"
21:37:04.166 [main] DEBUG org.apache.http.wire -- http-outgoing-2 << "": "alfred_1752593190498@gmail.com",[\n]"
21:37:04.166 [main] DEBUG org.apache.http.wire -- http-outgoing-2 << "            "password": "123456",[\n]"
21:37:04.166 [main] DEBUG org.apache.http.wire -- http-outgoing-2 << "            "administrador": "false",[\n]"
21:37:04.166 [main] DEBUG org.apache.http.wire -- http-outgoing-2 << "            "_id": "h1vyYpmRLYhiPUv6"[\n]"
21:37:04.166 [main] DEBUG org.apache.http.wire -- http-outgoing-2 << "        },[\n]"
21:37:04.166 [main] DEBUG org.apache.http.wire -- http-outgoing-2 << "        {[\n]"
21:37:04.166 [main] DEBUG org.apache.http.wire -- http-outgoing-2 << "            "nome": "Ozil",[\n]"
21:37:04.166 [main] DEBUG org.apache.http.wire -- http-outgoing-2 << "            "email": "ozilsouza@gmail.com",[\n]"
21:37:04.166 [main] DEBUG org.apache.http.wire -- http-outgoing-2 << "            "password": "27112011",[\n]"
21:37:04.166 [main] DEBUG org.apache.http.wire -- http-outgoing-2 << "            "administrador": "true",[\n]"
21:37:04.166 [main] DEBUG org.apache.http.wire -- http-outgoing-2 << "            "_id": "h6c5PguPrr41sAHm"[\n]"
21:37:04.166 [main] DEBUG org.apache.http.wire -- http-outgoing-2 << "        },[\n]"
21:37:04.166 [main] DEBUG org.apache.http.wire -- http-outgoing-2 << "        {[\n]"
21:37:04.166 [main] DEBUG org.apache.http.wire -- http-outgoing-2 << "            "nome": "pedro henrique",[\n]"
21:37:04.166 [main] DEBUG org.apache.http.wire -- http-outgoing-2 << "            "email": "Henriquesbruno@gmail.com",[\n]"
21:37:04.166 [main] DEBUG org.apache.http.wire -- http-outgoing-2 << "            "password": "01050200zdk.",[\n]"
21:37:04.166 [main] DEBUG org.apache.http.wire -- http-outgoing-2 << "            "administrador": "false",[\n]"
21:37:04.166 [main] DEBUG org.apache.http.wire -- http-outgoing-2 << "            "_id": "h7VBSPIVnFnoeR7z"[\n]"
21:37:04.166 [main] DEBUG org.apache.http.wire -- http-outgoing-2 << "        },[\n]"
21:37:04.166 [main] DEBUG org.apache.http.wire -- http-outgoing-2 << "        {[\n]"
21:37:04.166 [main] DEBUG org.apache.http.wire -- http-outgoing-2 << "            "nome": "Fulano da Silva",[\n]"
21:37:04.166 [main] DEBUG org.apache.http.wire -- http-outgoing-2 << "            "email": "beltrano1@qa.com.br",[\n]"
21:37:04.166 [main] DEBUG org.apache.http.wire -- http-outgoing-2 << "            "password": "teste",[\n]"
21:37:04.166 [main] DEBUG org.apache.http.wire -- http-outgoing-2 << "            "administrador": "true",[\n]"
21:37:04.166 [main] DEBUG org.apache.http.wire -- http-outgoing-2 << "            "_id": "hCG69Scwn3QcnkOT"[\n]"
21:37:04.166 [main] DEBUG org.apache.http.wire -- http-outgoing-2 << "        },[\n]"
21:37:04.166 [main] DEBUG org.apache.http.wire -- http-outgoing-2 << "        {[\n]"
21:37:04.166 [main] DEBUG org.apache.http.wire -- http-outgoing-2 << "            "nome": "Eu QA Luan Martins",[\n]"
21:37:04.166 [main] DEBUG org.apache.http.wire -- http-outgoing-2 << "            "email": "eu-qa@eu-qa.com.br",[\n]"
21:37:04.166 [main] DEBUG org.apache.http.wire -- http-outgoing-2 << "            "password": "teste",[\n]"
21:37:04.166 [main] DEBUG org.apache.http.wire -- http-outgoing-2 << "            "administrador": "true",[\n]"
21:37:04.166 [main] DEBUG org.apache.http.wire -- http-outgoing-2 << "            "_id": "hDJdA9clqLHvApiq"[\n]"
21:37:04.166 [main] DEBUG org.apache.http.wire -- http-outgoing-2 << "        },[\n]"
21:37:04.166 [main] DEBUG org.apache.http.wire -- http-outgoing-2 << "        {[\n]"
21:37:04.166 [main] DEBUG org.apache.http.wire -- http-outgoing-2 << "  "
21:37:04.166 [main] DEBUG org.apache.http.wire -- http-outgoing-2 << "          "nome": "Carleton",[\n]"
21:37:04.166 [main] DEBUG org.apache.http.wire -- http-outgoing-2 << "            "email": "Carleton_Volkman@yahoo.com",[\n]"
21:37:04.166 [main] DEBUG org.apache.http.wire -- http-outgoing-2 << "            "password": "teste",[\n]"
21:37:04.166 [main] DEBUG org.apache.http.wire -- http-outgoing-2 << "            "administrador": "true",[\n]"
21:37:04.166 [main] DEBUG org.apache.http.wire -- http-outgoing-2 << "            "_id": "hDeOwzdnWntsdtFW"[\n]"
21:37:04.166 [main] DEBUG org.apache.http.wire -- http-outgoing-2 << "        },[\n]"
21:37:04.166 [main] DEBUG org.apache.http.wire -- http-outgoing-2 << "        {[\n]"
21:37:04.166 [main] DEBUG org.apache.http.wire -- http-outgoing-2 << "            "nome": "Novo Usuario",[\n]"
21:37:04.166 [main] DEBUG org.apache.http.wire -- http-outgoing-2 << "            "email": "user_2025-07-15T2133125519502@qa.com.br",[\n]"
21:37:04.166 [main] DEBUG org.apache.http.wire -- http-outgoing-2 << "            "password": "123456",[\n]"
21:37:04.166 [main] DEBUG org.apache.http.wire -- http-outgoing-2 << "            "administrador": "false",[\n]"
21:37:04.166 [main] DEBUG org.apache.http.wire -- http-outgoing-2 << "  "
21:37:04.166 [main] DEBUG org.apache.http.wire -- http-outgoing-2 << "          "_id": "hP6PGAG2BvfDYfOa"[\n]"
21:37:04.166 [main] DEBUG org.apache.http.wire -- http-outgoing-2 << "        },[\n]"
21:37:04.166 [main] DEBUG org.apache.http.wire -- http-outgoing-2 << "        {[\n]"
21:37:04.166 [main] DEBUG org.apache.http.wire -- http-outgoing-2 << "            "nome": "Arlene",[\n]"
21:37:04.166 [main] DEBUG org.apache.http.wire -- http-outgoing-2 << "            "email": "Arlene.Wyman@gmail.com",[\n]"
21:37:04.166 [main] DEBUG org.apache.http.wire -- http-outgoing-2 << "            "password": "teste",[\n]"
21:37:04.166 [main] DEBUG org.apache.http.wire -- http-outgoing-2 << "            "administrador": "true",[\n]"
21:37:04.166 [main] DEBUG org.apache.http.wire -- http-outgoing-2 << "            "_id": "hiTh2rOHtLNgMc06"[\n]"
21:37:04.166 [main] DEBUG org.apache.http.wire -- http-outgoing-2 << "        },[\n]"
21:37:04.166 [main] DEBUG org.apache.http.wire -- http-outgoing-2 << "        {[\n]"
21:37:04.166 [main] DEBUG org.apache.http.wire -- http-outgoing-2 << "            "nome": "Ant[0xc3][0xb4]nio Castro",[\n]"
21:37:04.166 [main] DEBUG org.apache.http.wire -- http-outgoing-2 << "            "email": "ant[0xc3][0xb4]nio_castro@xpto.com",[\n]"
21:37:04.166 [main] DEBUG org.apache.http.wire -- http-outgoing-2 << "            "password": "+5Gql^ba(S",[\n]"
21:37:04.166 [main] DEBUG org.apache.http.wire -- http-outgoing-2 << "            "administrador": "false",[\n]"
21:37:04.166 [main] DEBUG org.apache.http.wire -- http-outgoing-2 << "            "_id": "hinYr2QpQDmnH3e6"[\n]"
21:37:04.166 [main] DEBUG org.apache.http.wire -- http-outgoing-2 << "        },[\n]"
21:37:04.166 [main] DEBUG org.apache.http.wire -- http-outgoing-2 << "        {[\n]"
21:37:04.166 [main] DEBUG org.apache.http.wire -- http-outgoing-2 << "            "nome": "Julius",[\n]"
21:37:04.166 [main] DEBUG org.apache.http.wire -- http-outgoing-2 << "            "email": "Julius.Terry42@hotmail.com",[\n]"
21:37:04.166 [main] DEBUG org.apache.http.wire -- http-outgoing-2 << "            "password": "teste",[\n]"
21:37:04.166 [main] DEBUG org.apache.http.wire -- http-outgoing-2 << "            "administrador": "true",[\n]"
21:37:04.166 [main] DEBUG org.apache.http.wire -- http-outgoing-2 << "            "_id": "hmIi06IPBNKHy1dM"[\n]"
21:37:04.166 [main] DEBUG org.apache.http.wire -- http-outgoing-2 << "        },[\n]"
21:37:04.166 [main] DEBUG org.apache.http.wire -- http-outgoing-2 << "        {[\n]"
21:37:04.166 [main] DEBUG org.apache.http.wire -- http-outgoing-2 << "            "nome": "Emanuel Duarte",[\n]"
21:37:04.166 [main] DEBUG org.apache.http.wire -- http-outgoing-2 << "            "email": "emanuel_duarte@xpto.com",[\n]"
21:37:04.166 [main] DEBUG org.apache.http.wire -- http-outgoing-2 << "            "password": "#BC)eSSB5Q",[\n]"
21:37:04.166 [main] DEBUG org.apache.http.wire -- http-outgoing-2 << "            "administrador": "false",[\n]"
21:37:04.166 [main] DEBUG org.apache.http.wire -- http-outgoing-2 << "            "_id": "hqZDl3thZ7E9mpLi"[\n]"
21:37:04.166 [main] DEBUG org.apache.http.wire -- http-outgoing-2 << "        },[\n]"
21:37:04.166 [main] DEBUG org.apache.http.wire -- http-outgoing-2 << "        {[\n]"
21:37:04.166 [main] DEBUG org.apache.http.wire -- http-outgoing-2 << "            "nome": "Rodrigo Oliveira",[\n]"
21:37:04.166 [main] DEBUG org.apache.http.wire -- http-outgoing-2 << "            "email": "ro@qmail.com.br",[\n]"
21:37:04.166 [main] DEBUG org.apache.http.wire -- http-outgoing-2 << "            "password": "La"
21:37:04.167 [main] DEBUG org.apache.http.wire -- http-outgoing-2 << "sanha123",[\n]"
21:37:04.167 [main] DEBUG org.apache.http.wire -- http-outgoing-2 << "            "administrador": "true",[\n]"
21:37:04.167 [main] DEBUG org.apache.http.wire -- http-outgoing-2 << "            "_id": "i0vryrGHq9BFV5T6"[\n]"
21:37:04.167 [main] DEBUG org.apache.http.wire -- http-outgoing-2 << "        },[\n]"
21:37:04.167 [main] DEBUG org.apache.http.wire -- http-outgoing-2 << "        {[\n]"
21:37:04.167 [main] DEBUG org.apache.http.wire -- http-outgoing-2 << "            "nome": "Tester",[\n]"
21:37:04.167 [main] DEBUG org.apache.http.wire -- http-outgoing-2 << "            "email": "QAtest@email.com",[\n]"
21:37:04.167 [main] DEBUG org.apache.http.wire -- http-outgoing-2 << "            "password": "Admin@123",[\n]"
21:37:04.167 [main] DEBUG org.apache.http.wire -- http-outgoing-2 << "            "administrador": "false",[\n]"
21:37:04.167 [main] DEBUG org.apache.http.wire -- http-outgoing-2 << "            "_id": "i3horIfOopBBzuAW"[\n]"
21:37:04.167 [main] DEBUG org.apache.http.wire -- http-outgoing-2 << "        },[\n]"
21:37:04.167 [main] DEBUG org.apache.http.wire -- http-outgoing-2 << "        {[\n]"
21:37:04.167 [main] DEBUG org.apache.http.wire -- http-outgoing-2 << "            "nome": "Usu[0xc3][0xa1]rio Teste API",[\n]"
21:37:04.167 [main] DEBUG org.apache.http.wire -- http-outgoing-2 << "            "password": "12345"
21:37:04.171 [main] DEBUG org.apache.http.wire -- http-outgoing-2 << "6",[\n]"
21:37:04.171 [main] DEBUG org.apache.http.wire -- http-outgoing-2 << "            "administrador": "true",[\n]"
21:37:04.171 [main] DEBUG org.apache.http.wire -- http-outgoing-2 << "            "email": "user_1752600592275@mail.com",[\n]"
21:37:04.171 [main] DEBUG org.apache.http.wire -- http-outgoing-2 << "            "_id": "i7PrMzWSmda3Z16Z"[\n]"
21:37:04.171 [main] DEBUG org.apache.http.wire -- http-outgoing-2 << "        },[\n]"
21:37:04.171 [main] DEBUG org.apache.http.wire -- http-outgoing-2 << "        {[\n]"
21:37:04.171 [main] DEBUG org.apache.http.wire -- http-outgoing-2 << "            "nome": "Fulano da Silva",[\n]"
21:37:04.171 [main] DEBUG org.apache.http.wire -- http-outgoing-2 << "            "email": "email=govz@emailteste.com",[\n]"
21:37:04.171 [main] DEBUG org.apache.http.wire -- http-outgoing-2 << "            "password": "1234",[\n]"
21:37:04.171 [main] DEBUG org.apache.http.wire -- http-outgoing-2 << "            "administrador": "true",[\n]"
21:37:04.171 [main] DEBUG org.apache.http.wire -- http-outgoing-2 << "            "_id": "iBZa71YUBKlIN8AE"[\n]"
21:37:04.171 [main] DEBUG org.apache.http.wire -- http-outgoing-2 << "        },[\n]"
21:37:04.171 [main] DEBUG org.apache.http.wire -- http-outgoing-2 << "        {[\n]"
21:37:04.171 [main] DEBUG org.apache.http.wire -- http-outgoing-2 << "            "nome": "Camila",[\n]"
21:37:04.171 [main] DEBUG org.apache.http.wire -- http-outgoing-2 << "            "email": "caamilatavares@hotmail.com",[\n]"
21:37:04.171 [main] DEBUG org.apache.http.wire -- http-outgoing-2 << "            "password": "teste123",[\n]"
21:37:04.171 [main] DEBUG org.apache.http.wire -- http-outgoing-2 << "            "administrador": "true",[\n]"
21:37:04.171 [main] DEBUG org.apache.http.wire -- http-outgoing-2 << "            "_id": "iGogS3VMikNaw22q"[\n]"
21:37:04.171 [main] DEBUG org.apache.http.wire -- http-outgoing-2 << "        },[\n]"
21:37:04.171 [main] DEBUG org.apache.http.wire -- http-outgoing-2 << "        {[\n]"
21:37:04.171 [main] DEBUG org.apache.http.wire -- http-outgoing-2 << "            "nome": "Fulano da Silva",[\n]"
21:37:04.171 [main] DEBUG org.apache.http.wire -- http-outgoing-2 << "            "email": "beltrano123@qa.com.br",[\n]"
21:37:04.171 [main] DEBUG org.apache.http.wire -- http-outgoing-2 << "            "password": "teste",[\n]"
21:37:04.171 [main] DEBUG org.apache.http.wire -- http-outgoing-2 << "            "administrador": "true",[\n]"
21:37:04.171 [main] DEBUG org.apache.http.wire -- http-outgoing-2 << "            "_id": "ihhoqHUEImZ9Xh2y"[\n]"
21:37:04.171 [main] DEBUG org.apache.http.wire -- http-outgoing-2 << "        },[\n]"
21:37:04.171 [main] DEBUG org.apache.http.wire -- http-outgoing-2 << "        {[\n]"
21:37:04.171 [main] DEBUG org.apache.http.wire -- http-outgoing-2 << "            "nome": "Harry",[\n]"
21:37:04.171 [main] DEBUG org.apache.http.wire -- http-outgoing-2 << "            "email": "Jefferey22@teste.com",[\n]"
21:37:04.171 [main] DEBUG org.apache.http.wire -- http-outgoing-2 << "            "password": "testd0",[\n]"
21:37:04.171 [main] DEBUG org.apache.http.wire -- http-outgoing-2 << "            "administrador": "true",[\n]"
21:37:04.171 [main] DEBUG org.apache.http.wire -- http-outgoing-2 << "            "_id": "iusq8ci4JaKfWVeE"[\n]"
21:37:04.171 [main] DEBUG org.apache.http.wire -- http-outgoing-2 << "        },[\n]"
21:37:04.171 [main] DEBUG org.apache.http.wire -- http-outgoing-2 << "        {[\n]"
21:37:04.171 [main] DEBUG org.apache.http.wire -- http-outgoing-2 << "            "nome": "Nov"
21:37:04.171 [main] DEBUG org.apache.http.wire -- http-outgoing-2 << "o Usuario",[\n]"
21:37:04.171 [main] DEBUG org.apache.http.wire -- http-outgoing-2 << "            "email": "user_2025-07-15T2126326785152@qa.com.br",[\n]"
21:37:04.171 [main] DEBUG org.apache.http.wire -- http-outgoing-2 << "            "password": "123456",[\n]"
21:37:04.171 [main] DEBUG org.apache.http.wire -- http-outgoing-2 << "            "administrador": "false",[\n]"
21:37:04.171 [main] DEBUG org.apache.http.wire -- http-outgoing-2 << "            "_id": "ixM4EKKMRDDhefe7"[\n]"
21:37:04.171 [main] DEBUG org.apache.http.wire -- http-outgoing-2 << "        },[\n]"
21:37:04.171 [main] DEBUG org.apache.http.wire -- http-outgoing-2 << "        {[\n]"
21:37:04.171 [main] DEBUG org.apache.http.wire -- http-outgoing-2 << "            "nome": "bruno da",[\n]"
21:37:04.171 [main] DEBUG org.apache.http.wire -- http-outgoing-2 << "            "email": "beltrafhdfthnoo@gmail.com",[\n]"
21:37:04.171 [main] DEBUG org.apache.http.wire -- http-outgoing-2 << "            "password": "1234",[\n]"
21:37:04.171 [main] DEBUG org.apache.http.wire -- http-outgoing-2 << "            "administrador": "true",[\n]"
21:37:04.171 [main] DEBUG org.apache.http.wire -- http-outgoing-2 << "            "_id": "jLhoS6fx7xSvMDYi"[\n]"
21:37:04.171 [main] DEBUG org.apache.http.wire -- http-outgoing-2 << "        },[\n]"
21:37:04.171 [main] DEBUG org.apache.http.wire -- http-outgoing-2 << "        {[\n]"
21:37:04.171 [main] DEBUG org.apache.http.wire -- http-outgoing-2 << "            "nome": "Oliver Novaes",[\n]"
21:37:04.171 [main] DEBUG org.apache.http.wire -- http-outgoing-2 << "            "email": "oliver_novaes@xpto.com",[\n]"
21:37:04.171 [main] DEBUG org.apache.http.wire -- http-outgoing-2 << "            "password": "4@7Wc4E9_X",[\n]"
21:37:04.171 [main] DEBUG org.apache.http.wire -- http-outgoing-2 << "            "administrador": "false",[\n]"
21:37:04.171 [main] DEBUG org.apache.http.wire -- http-outgoing-2 << "            "_id": "jMpQTtrQj9cjofst"[\n]"
21:37:04.171 [main] DEBUG org.apache.http.wire -- http-outgoing-2 << "        },[\n]"
21:37:04.171 [main] DEBUG org.apache.http.wire -- http-outgoing-2 << "        {[\n]"
21:37:04.171 [main] DEBUG org.apache.http.wire -- http-outgoing-2 << "            "nome": "Pietra Duarte",[\n]"
21:37:04.171 [main] DEBUG org.apache.http.wire -- http-outgoing-2 << "            "email": "pietra_duarte@xpto.com",[\n]"
21:37:04.171 [main] DEBUG org.apache.http.wire -- http-outgoing-2 << "            "password": "asrHbqFw!4",[\n]"
21:37:04.171 [main] DEBUG org.apache.http.wire -- http-outgoing-2 << "            "administrador": "false",[\n]"
21:37:04.171 [main] DEBUG org.apache.http.wire -- http-outgoing-2 << "            "_id": "jQgMshqRDc4YzroS"[\n]"
21:37:04.171 [main] DEBUG org.apache.http.wire -- http-outgoing-2 << "        },[\n]"
21:37:04.171 [main] DEBUG org.apache.http.wire -- http-outgoing-2 << "        {[\n]"
21:37:04.171 [main] DEBUG org.apache.http.wire -- http-outgoing-2 << "            "nome": "Fulano da Silva",[\n]"
21:37:04.171 [main] DEBUG org.apache.http.wire -- http-outgoing-2 << "            "email": "fulano@qa.com",[\n]"
21:37:04.171 [main] DEBUG org.apache.http.wire -- http-outgoing-2 << "            "password": "teste",[\n]"
21:37:04.171 [main] DEBUG org.apache.http.wire -- http-outgoing-2 << "            "administrador": "true",[\n]"
21:37:04.171 [main] DEBUG org.apache.http.wire -- http-outgoing-2 << "            "_id": "jh"
21:37:04.171 [main] DEBUG org.apache.http.wire -- http-outgoing-2 << "02cKEj6Y0xozeN"[\n]"
21:37:04.171 [main] DEBUG org.apache.http.wire -- http-outgoing-2 << "        },[\n]"
21:37:04.171 [main] DEBUG org.apache.http.wire -- http-outgoing-2 << "        {[\n]"
21:37:04.171 [main] DEBUG org.apache.http.wire -- http-outgoing-2 << "            "nome": "Pedro Rodrigues",[\n]"
21:37:04.171 [main] DEBUG org.apache.http.wire -- http-outgoing-2 << "            "email": "pedro_rodrigues@xpto.com",[\n]"
21:37:04.171 [main] DEBUG org.apache.http.wire -- http-outgoing-2 << "            "password": "!tXsN$ujt8",[\n]"
21:37:04.171 [main] DEBUG org.apache.http.wire -- http-outgoing-2 << "            "administrador": "false",[\n]"
21:37:04.171 [main] DEBUG org.apache.http.wire -- http-outgoing-2 << "            "_id": "jjXw6okJNRAojDml"[\n]"
21:37:04.171 [main] DEBUG org.apache.http.wire -- http-outgoing-2 << "        },[\n]"
21:37:04.171 [main] DEBUG org.apache.http.wire -- http-outgoing-2 << "        {[\n]"
21:37:04.171 [main] DEBUG org.apache.http.wire -- http-outgoing-2 << "            "nome": "Fulano da Silva",[\n]"
21:37:04.171 [main] DEBUG org.apache.http.wire -- http-outgoing-2 << "            "email": "mm@qa.com.br",[\n]"
21:37:04.171 [main] DEBUG org.apache.http.wire -- http-outgoing-2 << "            "password": "teste",[\n]"
21:37:04.171 [main] DEBUG org.apache.http.wire -- http-outgoing-2 << "            "ad"
21:37:04.176 [main] DEBUG org.apache.http.wire -- http-outgoing-2 << "ministrador": "true",[\n]"
21:37:04.176 [main] DEBUG org.apache.http.wire -- http-outgoing-2 << "            "_id": "jqqG73PNW7685crx"[\n]"
21:37:04.176 [main] DEBUG org.apache.http.wire -- http-outgoing-2 << "        },[\n]"
21:37:04.176 [main] DEBUG org.apache.http.wire -- http-outgoing-2 << "        {[\n]"
21:37:04.176 [main] DEBUG org.apache.http.wire -- http-outgoing-2 << "            "nome": "Teste",[\n]"
21:37:04.176 [main] DEBUG org.apache.http.wire -- http-outgoing-2 << "            "email": "teste@testecypress.com",[\n]"
21:37:04.176 [main] DEBUG org.apache.http.wire -- http-outgoing-2 << "            "password": "12345",[\n]"
21:37:04.176 [main] DEBUG org.apache.http.wire -- http-outgoing-2 << "            "administrador": "true",[\n]"
21:37:04.176 [main] DEBUG org.apache.http.wire -- http-outgoing-2 << "            "_id": "kExuDZaTEOj33OZk"[\n]"
21:37:04.176 [main] DEBUG org.apache.http.wire -- http-outgoing-2 << "        },[\n]"
21:37:04.176 [main] DEBUG org.apache.http.wire -- http-outgoing-2 << "        {[\n]"
21:37:04.176 [main] DEBUG org.apache.http.wire -- http-outgoing-2 << "            "nome": "River",[\n]"
21:37:04.176 [main] DEBUG org.apache.http.wire -- http-outgoing-2 << "            "email": "River_Quigley12@yahoo.com",[\n]"
21:37:04.176 [main] DEBUG org.apache.http.wire -- http-outgoing-2 << "            "password": "teste",[\n]"
21:37:04.176 [main] DEBUG org.apache.http.wire -- http-outgoing-2 << "            "administrador": "true",[\n]"
21:37:04.176 [main] DEBUG org.apache.http.wire -- http-outgoing-2 << "            "_id": "kHNraYPf0BTOK0si"[\n]"
21:37:04.176 [main] DEBUG org.apache.http.wire -- http-outgoing-2 << "        },[\n]"
21:37:04.176 [main] DEBUG org.apache.http.wire -- http-outgoing-2 << "        {[\n]"
21:37:04.176 [main] DEBUG org.apache.http.wire -- http-outgoing-2 << "            "nome": "Fulano da Silva",[\n]"
21:37:04.176 [main] DEBUG org.apache.http.wire -- http-outgoing-2 << "            "email": "email@email.com.br",[\n]"
21:37:04.176 [main] DEBUG org.apache.http.wire -- http-outgoing-2 << "            "pass"
21:37:04.176 [main] DEBUG org.apache.http.wire -- http-outgoing-2 << "word": "teste",[\n]"
21:37:04.176 [main] DEBUG org.apache.http.wire -- http-outgoing-2 << "            "administrador": "true",[\n]"
21:37:04.176 [main] DEBUG org.apache.http.wire -- http-outgoing-2 << "            "_id": "kLc0QpYdYvsuqU2E"[\n]"
21:37:04.176 [main] DEBUG org.apache.http.wire -- http-outgoing-2 << "        },[\n]"
21:37:04.176 [main] DEBUG org.apache.http.wire -- http-outgoing-2 << "        {[\n]"
21:37:04.176 [main] DEBUG org.apache.http.wire -- http-outgoing-2 << "            "nome": "Fulano da Silva",[\n]"
21:37:04.176 [main] DEBUG org.apache.http.wire -- http-outgoing-2 << "            "email": "wjye@emailteste.com",[\n]"
21:37:04.176 [main] DEBUG org.apache.http.wire -- http-outgoing-2 << "            "password": "1234",[\n]"
21:37:04.176 [main] DEBUG org.apache.http.wire -- http-outgoing-2 << "            "administrador": "true",[\n]"
21:37:04.176 [main] DEBUG org.apache.http.wire -- http-outgoing-2 << "            "_id": "kWxeDXYxO9g1Wb0s"[\n]"
21:37:04.176 [main] DEBUG org.apache.http.wire -- http-outgoing-2 << "        },[\n]"
21:37:04.176 [main] DEBUG org.apache.http.wire -- http-outgoing-2 << "        {[\n]"
21:37:04.176 [main] DEBUG org.apache.http.wire -- http-outgoing-2 << "            "nome": "Arno",[\n]"
21:37:04.176 [main] DEBUG org.apache.http.wire -- http-outgoing-2 << "            "email": "Maude.Bailey69@teste.com",[\n]"
21:37:04.176 [main] DEBUG org.apache.http.wire -- http-outgoing-2 << "            "password": "test5A",[\n]"
21:37:04.176 [main] DEBUG org.apache.http.wire -- http-outgoing-2 << "            "administrador": "true",[\n]"
21:37:04.176 [main] DEBUG org.apache.http.wire -- http-outgoing-2 << "            "_id": "kmnhPHRdKqc8Mfj4"[\n]"
21:37:04.176 [main] DEBUG org.apache.http.wire -- http-outgoing-2 << "        },[\n]"
21:37:04.176 [main] DEBUG org.apache.http.wire -- http-outgoing-2 << "        {[\n]"
21:37:04.176 [main] DEBUG org.apache.http.wire -- http-outgoing-2 << "            "nome": "Mitchel",[\n]"
21:37:04.176 [main] DEBUG org.apache.http.wire -- http-outgoing-2 << "            "email": "Mitchel_Runte34@yahoo.com",[\n]"
21:37:04.176 [main] DEBUG org.apache.http.wire -- http-outgoing-2 << "            "password": "teste",[\n]"
21:37:04.176 [main] DEBUG org.apache.http.wire -- http-outgoing-2 << "            "administrador": "true",[\n]"
21:37:04.176 [main] DEBUG org.apache.http.wire -- http-outgoing-2 << "            "_id": "ky4DlrDriGy3BMdH"[\n]"
21:37:04.176 [main] DEBUG org.apache.http.wire -- http-outgoing-2 << "        },[\n]"
21:37:04.176 [main] DEBUG org.apache.http.wire -- http-outgoing-2 << "        {[\n]"
21:37:04.176 [main] DEBUG org.apache.http.wire -- http-outgoing-2 << "            "nome": "Novo Usuario",[\n]"
21:37:04.176 [main] DEBUG org.apache.http.wire -- http-outgoing-2 << "            "email": "user_2025-07-15T2130371242182@qa.com.br",[\n]"
21:37:04.176 [main] DEBUG org.apache.http.wire -- http-outgoing-2 << "            "password": "123456",[\n]"
21:37:04.176 [main] DEBUG org.apache.http.wire -- http-outgoing-2 << "            "administrador": "false",[\n]"
21:37:04.176 [main] DEBUG org.apache.http.wire -- http-outgoing-2 << "            "_id": "lASmV67YoaSOyJbz"[\n]"
21:37:04.176 [main] DEBUG org.apache.http.wire -- http-outgoing-2 << "        },[\n]"
21:37:04.176 [main] DEBUG org.apache.http.wire -- http-outgoing-2 << "        {[\n]"
21:37:04.176 [main] DEBUG org.apache.http.wire -- http-outgoing-2 << "            "nome": "matheus",[\n]"
21:37:04.176 [main] DEBUG org.apache.http.wire -- http-outgoing-2 << "            "email": ""
21:37:04.176 [main] DEBUG org.apache.http.wire -- http-outgoing-2 << "ednaldopereira@gmail.com.br",[\n]"
21:37:04.176 [main] DEBUG org.apache.http.wire -- http-outgoing-2 << "            "password": "12345",[\n]"
21:37:04.176 [main] DEBUG org.apache.http.wire -- http-outgoing-2 << "            "administrador": "true",[\n]"
21:37:04.176 [main] DEBUG org.apache.http.wire -- http-outgoing-2 << "            "_id": "lPMdAnzSbVRnlmiZ"[\n]"
21:37:04.176 [main] DEBUG org.apache.http.wire -- http-outgoing-2 << "        },[\n]"
21:37:04.176 [main] DEBUG org.apache.http.wire -- http-outgoing-2 << "        {[\n]"
21:37:04.176 [main] DEBUG org.apache.http.wire -- http-outgoing-2 << "            "nome": "apiteste",[\n]"
21:37:04.176 [main] DEBUG org.apache.http.wire -- http-outgoing-2 << "            "email": "apiteste@qa.com.br",[\n]"
21:37:04.176 [main] DEBUG org.apache.http.wire -- http-outgoing-2 << "            "password": "teste123",[\n]"
21:37:04.176 [main] DEBUG org.apache.http.wire -- http-outgoing-2 << "            "administrador": "true",[\n]"
21:37:04.176 [main] DEBUG org.apache.http.wire -- http-outgoing-2 << "            "_id": "lnqxELD82o6uddOm"[\n]"
21:37:04.176 [main] DEBUG org.apache.http.wire -- http-outgoing-2 << "        },[\n]"
21:37:04.176 [main] DEBUG org.apache.http.wire -- http-outgoing-2 << "        {[\n]"
21:37:04.176 [main] DEBUG org.apache.http.wire -- http-outgoing-2 << "            "nome""
21:37:04.176 [main] DEBUG org.apache.http.wire -- http-outgoing-2 << ": "Jan Kuhlman",[\n]"
21:37:04.176 [main] DEBUG org.apache.http.wire -- http-outgoing-2 << "            "email": "misssonjaschmeler@test.com",[\n]"
21:37:04.176 [main] DEBUG org.apache.http.wire -- http-outgoing-2 << "            "password": "Test;123",[\n]"
21:37:04.176 [main] DEBUG org.apache.http.wire -- http-outgoing-2 << "            "administrador": "true",[\n]"
21:37:04.176 [main] DEBUG org.apache.http.wire -- http-outgoing-2 << "            "_id": "lvqPotm0xlsMqglr"[\n]"
21:37:04.176 [main] DEBUG org.apache.http.wire -- http-outgoing-2 << "        },[\n]"
21:37:04.176 [main] DEBUG org.apache.http.wire -- http-outgoing-2 << "        {[\n]"
21:37:04.176 [main] DEBUG org.apache.http.wire -- http-outgoing-2 << "            "nome": "Daniel Oliveira",[\n]"
21:37:04.176 [main] DEBUG org.apache.http.wire -- http-outgoing-2 << "            "email": "daniel_oliveira@xpto.com",[\n]"
21:37:04.176 [main] DEBUG org.apache.http.wire -- http-outgoing-2 << "            "password": "$&SShKdQr4",[\n]"
21:37:04.176 [main] DEBUG org.apache.http.wire -- http-outgoing-2 << "            "administrador": "false",[\n]"
21:37:04.176 [main] DEBUG org.apache.http.wire -- http-outgoing-2 << "            "_id": "lyA4hNDT6ju65uJ2"[\n]"
21:37:04.176 [main] DEBUG org.apache.http.wire -- http-outgoing-2 << "        },[\n]"
21:37:04.176 [main] DEBUG org.apache.http.wire -- http-outgoing-2 << "        {[\n]"
21:37:04.176 [main] DEBUG org.apache.http.wire -- http-outgoing-2 << "            "nome": "Emilio Connelly",[\n]"
21:37:04.176 [main] DEBUG org.apache.http.wire -- http-outgoing-2 << "            "email": "emilioconnelly@test.com",[\n]"
21:37:04.176 [main] DEBUG org.apache.http.wire -- http-outgoing-2 << "            "password": "Test;123",[\n]"
21:37:04.176 [main] DEBUG org.apache.http.wire -- http-outgoing-2 << "            "administrador": "true",[\n]"
21:37:04.176 [main] DEBUG org.apache.http.wire -- http-outgoing-2 << "            "_id": "mA46TD59KQFSLsbH"[\n]"
21:37:04.176 [main] DEBUG org.apache.http.wire -- http-outgoing-2 << "        },[\n]"
21:37:04.176 [main] DEBUG org.apache.http.wire -- http-outgoing-2 << "        {[\n]"
21:37:04.176 [main] DEBUG org.apache.http.wire -- http-outgoing-2 << "            "nome": "Fulano da Silva",[\n]"
21:37:04.176 [main] DEBUG org.apache.http.wire -- http-outgoing-2 << "      "
21:37:04.181 [main] DEBUG org.apache.http.wire -- http-outgoing-2 << "      "email": "kjyn@emailteste.com",[\n]"
21:37:04.182 [main] DEBUG org.apache.http.wire -- http-outgoing-2 << "            "password": "1234",[\n]"
21:37:04.182 [main] DEBUG org.apache.http.wire -- http-outgoing-2 << "            "administrador": "true",[\n]"
21:37:04.182 [main] DEBUG org.apache.http.wire -- http-outgoing-2 << "            "_id": "mDlC1vkQ2KKFBG1g"[\n]"
21:37:04.182 [main] DEBUG org.apache.http.wire -- http-outgoing-2 << "        },[\n]"
21:37:04.182 [main] DEBUG org.apache.http.wire -- http-outgoing-2 << "        {[\n]"
21:37:04.182 [main] DEBUG org.apache.http.wire -- http-outgoing-2 << "            "nome": "Victor QA",[\n]"
21:37:04.182 [main] DEBUG org.apache.http.wire -- http-outgoing-2 << "            "email": "victor.1752605044175@teste.com",[\n]"
21:37:04.182 [main] DEBUG org.apache.http.wire -- http-outgoing-2 << "            "password": "SenhaForte12345",[\n]"
21:37:04.182 [main] DEBUG org.apache.http.wire -- http-outgoing-2 << "            "administrador": "false",[\n]"
21:37:04.182 [main] DEBUG org.apache.http.wire -- http-outgoing-2 << "            "_id": "mVJbYrMpDDx6Yyoo"[\n]"
21:37:04.182 [main] DEBUG org.apache.http.wire -- http-outgoing-2 << "        },[\n]"
21:37:04.182 [main] DEBUG org.apache.http.wire -- http-outgoing-2 << "        {[\n]"
21:37:04.182 [main] DEBUG org.apache.http.wire -- http-outgoing-2 << "            "nome": "Vicente Nunes",[\n]"
21:37:04.182 [main] DEBUG org.apache.http.wire -- http-outgoing-2 << "            "email": "vicente_nunes@xpto.com",[\n]"
21:37:04.182 [main] DEBUG org.apache.http.wire -- http-outgoing-2 << "            "password": "jw7hI)(oe^",[\n]"
21:37:04.182 [main] DEBUG org.apache.http.wire -- http-outgoing-2 << "            "administrador": "false",[\n]"
21:37:04.182 [main] DEBUG org.apache.http.wire -- http-outgoing-2 << "            "_id": "maNf5PzaC1wGn3pw"[\n]"
21:37:04.182 [main] DEBUG org.apache.http.wire -- http-outgoing-2 << "        },[\n]"
21:37:04.182 [main] DEBUG org.apache.http.wire -- http-outgoing-2 << "        {[\n]"
21:37:04.182 [main] DEBUG org.apache.http.wire -- http-outgoing-2 << "            "nome": "Fulano da Silva",[\n]"
21:37:04.182 [main] DEBUG org.apache.http.wire -- http-outgoing-2 << "            "email": "beltrano@qa.co.br",[\n]"
21:37:04.182 [main] DEBUG org.apache.http.wire -- http-outgoing-2 << "            "password": "teste",[\n]"
21:37:04.182 [main] DEBUG org.apache.http.wire -- http-outgoing-2 << "            "administrador": "true",[\n]"
21:37:04.182 [main] DEBUG org.apache.http.wire -- http-outgoing-2 << "            "_id": "ms5op0Yq1mZQDtTB"[\n]"
21:37:04.182 [main] DEBUG org.apache.http.wire -- http-outgoing-2 << "        },[\n]"
21:37:04.182 [main] DEBUG org.apache.http.wire -- http-outgoing-2 << "        {[\n]"
21:37:04.182 [main] DEBUG org.apache.http.wire -- http-outgoing-2 << "            "nome": "Alfred1752592641414",[\n]"
21:37:04.182 [main] DEBUG org.apache.http.wire -- http-outgoing-2 << "            "email": "alfred_1752592641414@gmail.com",[\n]"
21:37:04.182 [main] DEBUG org.apache.http.wire -- http-outgoing-2 << "            "password": "123456",[\n]"
21:37:04.182 [main] DEBUG org.apache.http.wire -- http-outgoing-2 << "            "administrador": "false",[\n]"
21:37:04.182 [main] DEBUG org.apache.http.wire -- http-outgoing-2 << "            "_id": "mz7Jw5BvnKn"
21:37:04.182 [main] DEBUG org.apache.http.wire -- http-outgoing-2 << "5RWiR"[\n]"
21:37:04.182 [main] DEBUG org.apache.http.wire -- http-outgoing-2 << "        },[\n]"
21:37:04.182 [main] DEBUG org.apache.http.wire -- http-outgoing-2 << "        {[\n]"
21:37:04.182 [main] DEBUG org.apache.http.wire -- http-outgoing-2 << "            "nome": "Ole",[\n]"
21:37:04.182 [main] DEBUG org.apache.http.wire -- http-outgoing-2 << "            "email": "Ole61@yahoo.com",[\n]"
21:37:04.182 [main] DEBUG org.apache.http.wire -- http-outgoing-2 << "            "password": "teste",[\n]"
21:37:04.182 [main] DEBUG org.apache.http.wire -- http-outgoing-2 << "            "administrador": "true",[\n]"
21:37:04.182 [main] DEBUG org.apache.http.wire -- http-outgoing-2 << "            "_id": "mzNRbZcDnImopoxM"[\n]"
21:37:04.182 [main] DEBUG org.apache.http.wire -- http-outgoing-2 << "        },[\n]"
21:37:04.182 [main] DEBUG org.apache.http.wire -- http-outgoing-2 << "        {[\n]"
21:37:04.182 [main] DEBUG org.apache.http.wire -- http-outgoing-2 << "            "nome": "Novo Usuario",[\n]"
21:37:04.182 [main] DEBUG org.apache.http.wire -- http-outgoing-2 << "            "email": "user_2025-07-15T2127381833492@qa.com.br",[\n]"
21:37:04.182 [main] DEBUG org.apache.http.wire -- http-outgoing-2 << "            "password": "123456",[\n]"
21:37:04.182 [main] DEBUG org.apache.http.wire -- http-outgoing-2 << "            "administrador"
21:37:04.182 [main] DEBUG org.apache.http.wire -- http-outgoing-2 << "": "false",[\n]"
21:37:04.182 [main] DEBUG org.apache.http.wire -- http-outgoing-2 << "            "_id": "nBYTrjIboCFPF0w2"[\n]"
21:37:04.182 [main] DEBUG org.apache.http.wire -- http-outgoing-2 << "        },[\n]"
21:37:04.182 [main] DEBUG org.apache.http.wire -- http-outgoing-2 << "        {[\n]"
21:37:04.182 [main] DEBUG org.apache.http.wire -- http-outgoing-2 << "            "nome": "Fulano da Silva",[\n]"
21:37:04.182 [main] DEBUG org.apache.http.wire -- http-outgoing-2 << "            "email": "dhgs@emailteste.com",[\n]"
21:37:04.182 [main] DEBUG org.apache.http.wire -- http-outgoing-2 << "            "password": "1234",[\n]"
21:37:04.182 [main] DEBUG org.apache.http.wire -- http-outgoing-2 << "            "administrador": "true",[\n]"
21:37:04.182 [main] DEBUG org.apache.http.wire -- http-outgoing-2 << "            "_id": "nIlO27Oe2CXcuTnm"[\n]"
21:37:04.182 [main] DEBUG org.apache.http.wire -- http-outgoing-2 << "        },[\n]"
21:37:04.182 [main] DEBUG org.apache.http.wire -- http-outgoing-2 << "        {[\n]"
21:37:04.182 [main] DEBUG org.apache.http.wire -- http-outgoing-2 << "            "nome": "Usu[0xc3][0xa1]rio Teste API",[\n]"
21:37:04.182 [main] DEBUG org.apache.http.wire -- http-outgoing-2 << "            "password": "123456",[\n]"
21:37:04.182 [main] DEBUG org.apache.http.wire -- http-outgoing-2 << "            "administrador": "true",[\n]"
21:37:04.182 [main] DEBUG org.apache.http.wire -- http-outgoing-2 << "            "email": "senhaerrada_1752600032625@mail.com",[\n]"
21:37:04.182 [main] DEBUG org.apache.http.wire -- http-outgoing-2 << "            "_id": "nSVfzwl09tOucrIZ"[\n]"
21:37:04.182 [main] DEBUG org.apache.http.wire -- http-outgoing-2 << "        },[\n]"
21:37:04.182 [main] DEBUG org.apache.http.wire -- http-outgoing-2 << "        {[\n]"
21:37:04.182 [main] DEBUG org.apache.http.wire -- http-outgoing-2 << "            "nome": "Ana Clara",[\n]"
21:37:04.182 [main] DEBUG org.apache.http.wire -- http-outgoing-2 << "            "email": "anaclara@gmail.com",[\n]"
21:37:04.182 [main] DEBUG org.apache.http.wire -- http-outgoing-2 << "            "password": "Alana",[\n]"
21:37:04.182 [main] DEBUG org.apache.http.wire -- http-outgoing-2 << "            "administrador": "true",[\n]"
21:37:04.182 [main] DEBUG org.apache.http.wire -- http-outgoing-2 << "            "_id": "nT5lHVVSQiRrUraI"[\n]"
21:37:04.182 [main] DEBUG org.apache.http.wire -- http-outgoing-2 << "        },[\n]"
21:37:04.182 [main] DEBUG org.apache.http.wire -- http-outgoing-2 << "        {[\n]"
21:37:04.182 [main] DEBUG org.apache.http.wire -- http-outgoing-2 << "            "nome": "Leandro Mazzuchello",[\n]"
21:37:04.182 [main] DEBUG org.apache.http.wire -- http-outgoing-2 << "            "email": "leandromaz1988@gmail.com",[\n]"
21:37:04.182 [main] DEBUG org.apache.http.wire -- http-outgoing-2 << "            "password": "leo123",[\n]"
21:37:04.182 [main] DEBUG org.apache.http.wire -- http-outgoing-2 << "            "administrador": "true",[\n]"
21:37:04.182 [main] DEBUG org.apache.http.wire -- http-outgoing-2 << "            "_id": "nVN4OHSPW7Lbi9Nj"[\n]"
21:37:04.182 [main] DEBUG org.apache.http.wire -- http-outgoing-2 << "        },[\n]"
21:37:04.182 [main] DEBUG org.apache.http.wire -- http-outgoing-2 << "        {[\n]"
21:37:04.182 [main] DEBUG org.apache.http.wire -- http-outgoing-2 << "            "nome": "Usu[0xc3][0xa1]rio Teste API",[\n]"
21:37:04.182 [main] DEBUG org.apache.http.wire -- http-outgoing-2 << "            "password": "123456",[\n]"
21:37:04.182 [main] DEBUG org.apache.http.wire -- http-outgoing-2 << "        "
21:37:04.182 [main] DEBUG org.apache.http.wire -- http-outgoing-2 << "    "administrador": "true",[\n]"
21:37:04.182 [main] DEBUG org.apache.http.wire -- http-outgoing-2 << "            "email": "user_1752600123372@mail.com",[\n]"
21:37:04.182 [main] DEBUG org.apache.http.wire -- http-outgoing-2 << "            "_id": "nf0a1i9Ia2ISIS5R"[\n]"
21:37:04.182 [main] DEBUG org.apache.http.wire -- http-outgoing-2 << "        },[\n]"
21:37:04.182 [main] DEBUG org.apache.http.wire -- http-outgoing-2 << "        {[\n]"
21:37:04.182 [main] DEBUG org.apache.http.wire -- http-outgoing-2 << "            "nome": "Vitor Carrasco",[\n]"
21:37:04.182 [main] DEBUG org.apache.http.wire -- http-outgoing-2 << "            "email": "vitorfcarrasco@gmail.com",[\n]"
21:37:04.182 [main] DEBUG org.apache.http.wire -- http-outgoing-2 << "            "password": "123456",[\n]"
21:37:04.182 [main] DEBUG org.apache.http.wire -- http-outgoing-2 << "            "administrador": "true",[\n]"
21:37:04.182 [main] DEBUG org.apache.http.wire -- http-outgoing-2 << "            "_id": "nih6NTtCkbmYyXtx"[\n]"
21:37:04.182 [main] DEBUG org.apache.http.wire -- http-outgoing-2 << "        },[\n]"
21:37:04.182 [main] DEBUG org.apache.http.wire -- http-outgoing-2 << "        {[\n]"
21:37:04.182 [main] DEBUG org.apache.http.wire -- http-outgoing-2 << "            "nome": "Jos[0xc3][0xa9] "
21:37:04.186 [main] DEBUG org.apache.http.wire -- http-outgoing-2 << "Bezerra",[\n]"
21:37:04.186 [main] DEBUG org.apache.http.wire -- http-outgoing-2 << "            "email": "bezerra@qa.com.br",[\n]"
21:37:04.186 [main] DEBUG org.apache.http.wire -- http-outgoing-2 << "            "password": "12345",[\n]"
21:37:04.186 [main] DEBUG org.apache.http.wire -- http-outgoing-2 << "            "administrador": "true",[\n]"
21:37:04.186 [main] DEBUG org.apache.http.wire -- http-outgoing-2 << "            "_id": "nmZ1nG7hDk3gzkGb"[\n]"
21:37:04.186 [main] DEBUG org.apache.http.wire -- http-outgoing-2 << "        },[\n]"
21:37:04.186 [main] DEBUG org.apache.http.wire -- http-outgoing-2 << "        {[\n]"
21:37:04.186 [main] DEBUG org.apache.http.wire -- http-outgoing-2 << "            "nome": "Diana",[\n]"
21:37:04.186 [main] DEBUG org.apache.http.wire -- http-outgoing-2 << "            "email": "diana@qa.com.br",[\n]"
21:37:04.186 [main] DEBUG org.apache.http.wire -- http-outgoing-2 << "            "password": "Loopinfinito",[\n]"
21:37:04.186 [main] DEBUG org.apache.http.wire -- http-outgoing-2 << "            "administrador": "true",[\n]"
21:37:04.186 [main] DEBUG org.apache.http.wire -- http-outgoing-2 << "            "_id": "nq2bkGldJxu7yOcZ"[\n]"
21:37:04.186 [main] DEBUG org.apache.http.wire -- http-outgoing-2 << "        },[\n]"
21:37:04.186 [main] DEBUG org.apache.http.wire -- http-outgoing-2 << "        {[\n]"
21:37:04.186 [main] DEBUG org.apache.http.wire -- http-outgoing-2 << "            "nome": "thyago castro",[\n]"
21:37:04.186 [main] DEBUG org.apache.http.wire -- http-outgoing-2 << "            "email": "thyagopopopo@qa.com.br",[\n]"
21:37:04.186 [main] DEBUG org.apache.http.wire -- http-outgoing-2 << "            "password": "77722333",[\n]"
21:37:04.186 [main] DEBUG org.apache.http.wire -- http-outgoing-2 << "            "administrador": "true",[\n]"
21:37:04.186 [main] DEBUG org.apache.http.wire -- http-outgoing-2 << "            "_id": "nxV0BUPqR54VmCs0"[\n]"
21:37:04.186 [main] DEBUG org.apache.http.wire -- http-outgoing-2 << "        },[\n]"
21:37:04.186 [main] DEBUG org.apache.http.wire -- http-outgoing-2 << "        {[\n]"
21:37:04.186 [main] DEBUG org.apache.http.wire -- http-outgoing-2 << "            "nome": "cachorro",[\n]"
21:37:04.186 [main] DEBUG org.apache.http.wire -- http-outgoing-2 << "            "email": "cachorroconta@gmail.com",[\n]"
21:37:04.186 [main] DEBUG org.apache.http.wire -- http-outgoing-2 << "            "password": "123456789",[\n]"
21:37:04.186 [main] DEBUG org.apache.http.wire -- http-outgoing-2 << "            "administrador": "true",[\n]"
21:37:04.186 [main] DEBUG org.apache.http.wire -- http-outgoing-2 << "            "_id": "oAtkSZVMC0ev0Ip9"[\n]"
21:37:04.186 [main] DEBUG org.apache.http.wire -- http-outgoing-2 << "        },[\n]"
21:37:04.186 [main] DEBUG org.apache.http.wire -- http-outgoing-2 << "        {[\n]"
21:37:04.186 [main] DEBUG org.apache.http.wire -- http-outgoing-2 << "            "nome": "Fulano da Silva",[\n]"
21:37:04.186 [main] DEBUG org.apache.http.wire -- http-outgoing-2 << "            "email": "beltranoas_qa6_#{karate.timestamp}@qa.com.br",[\n]"
21:37:04.186 [main] DEBUG org.apache.http.wire -- http-outgoing-2 << "            "password": "teste",[\n]"
21:37:04.186 [main] DEBUG org.apache.http.wire -- http-outgoing-2 << "            "administrador": "true",[\n]"
21:37:04.186 [main] DEBUG org.apache.http.wire -- http-outgoing-2 << "            "_id": "oGEcTOlrqCd"
21:37:04.186 [main] DEBUG org.apache.http.wire -- http-outgoing-2 << "Gd1sm"[\n]"
21:37:04.186 [main] DEBUG org.apache.http.wire -- http-outgoing-2 << "        },[\n]"
21:37:04.186 [main] DEBUG org.apache.http.wire -- http-outgoing-2 << "        {[\n]"
21:37:04.186 [main] DEBUG org.apache.http.wire -- http-outgoing-2 << "            "nome": "Usuario Existente",[\n]"
21:37:04.186 [main] DEBUG org.apache.http.wire -- http-outgoing-2 << "            "email": "emailexistentedeqa12@qa.com.br",[\n]"
21:37:04.186 [main] DEBUG org.apache.http.wire -- http-outgoing-2 << "            "password": "teste",[\n]"
21:37:04.186 [main] DEBUG org.apache.http.wire -- http-outgoing-2 << "            "administrador": "true",[\n]"
21:37:04.186 [main] DEBUG org.apache.http.wire -- http-outgoing-2 << "            "_id": "oQeQxloQ2iO6l70I"[\n]"
21:37:04.186 [main] DEBUG org.apache.http.wire -- http-outgoing-2 << "        },[\n]"
21:37:04.186 [main] DEBUG org.apache.http.wire -- http-outgoing-2 << "        {[\n]"
21:37:04.186 [main] DEBUG org.apache.http.wire -- http-outgoing-2 << "   "
21:37:04.186 [main] DEBUG org.apache.http.wire -- http-outgoing-2 << "         "nome": "Usu[0xc3][0xa1]rio Teste API",[\n]"
21:37:04.186 [main] DEBUG org.apache.http.wire -- http-outgoing-2 << "            "password": "123456",[\n]"
21:37:04.186 [main] DEBUG org.apache.http.wire -- http-outgoing-2 << "            "administrador": "true",[\n]"
21:37:04.186 [main] DEBUG org.apache.http.wire -- http-outgoing-2 << "            "email": "user_1752600484773@mail.com",[\n]"
21:37:04.186 [main] DEBUG org.apache.http.wire -- http-outgoing-2 << "            "_id": "oVfEBFbL4BxBcgTS"[\n]"
21:37:04.186 [main] DEBUG org.apache.http.wire -- http-outgoing-2 << "        },[\n]"
21:37:04.186 [main] DEBUG org.apache.http.wire -- http-outgoing-2 << "        {[\n]"
21:37:04.186 [main] DEBUG org.apache.http.wire -- http-outgoing-2 << "            "nome": "Alfred1752594101711",[\n]"
21:37:04.186 [main] DEBUG org.apache.http.wire -- http-outgoing-2 << "            "email": "alfred_1752594101711@gmail.com",[\n]"
21:37:04.186 [main] DEBUG org.apache.http.wire -- http-outgoing-2 << "            "password": "123456",[\n]"
21:37:04.186 [main] DEBUG org.apache.http.wire -- http-outgoing-2 << "            "administrador": "false",[\n]"
21:37:04.186 [main] DEBUG org.apache.http.wire -- http-outgoing-2 << "            "_id": "oZeuxlKf12sFgXWz"[\n]"
21:37:04.186 [main] DEBUG org.apache.http.wire -- http-outgoing-2 << "        },[\n]"
21:37:04.186 [main] DEBUG org.apache.http.wire -- http-outgoing-2 << "        {[\n]"
21:37:04.186 [main] DEBUG org.apache.http.wire -- http-outgoing-2 << "            "nome": "Fulano da Silva",[\n]"
21:37:04.186 [main] DEBUG org.apache.http.wire -- http-outgoing-2 << "            "email": "beltranoboqa@gmaol.com",[\n]"
21:37:04.186 [main] DEBUG org.apache.http.wire -- http-outgoing-2 << "            "password": "batata",[\n]"
21:37:04.186 [main] DEBUG org.apache.http.wire -- http-outgoing-2 << "            "administrador": "true",[\n]"
21:37:04.186 [main] DEBUG org.apache.http.wire -- http-outgoing-2 << "            "_id": "pQnPNEgcMtuyE7Zt"[\n]"
21:37:04.186 [main] DEBUG org.apache.http.wire -- http-outgoing-2 << "        },[\n]"
21:37:04.186 [main] DEBUG org.apache.http.wire -- http-outgoing-2 << "        {[\n]"
21:37:04.186 [main] DEBUG org.apache.http.wire -- http-outgoing-2 << "            "nome": "Usuario Teste",[\n]"
21:37:04.186 [main] DEBUG org.apache.http.wire -- http-outgoing-2 << "            "email": "yrqgt@testeemail.com",[\n]"
21:37:04.186 [main] DEBUG org.apache.http.wire -- http-outgoing-2 << "            "password": "6789",[\n]"
21:37:04.186 [main] DEBUG org.apache.http.wire -- http-outgoing-2 << "            "administrador": "true",[\n]"
21:37:04.186 [main] DEBUG org.apache.http.wire -- http-outgoing-2 << "            "_id": "pd3V4csCU4aNAGFB"[\n]"
21:37:04.186 [main] DEBUG org.apache.http.wire -- http-outgoing-2 << "        },[\n]"
21:37:04.186 [main] DEBUG org.apache.http.wire -- http-outgoing-2 << "        {[\n]"
21:37:04.186 [main] DEBUG org.apache.http.wire -- http-outgoing-2 << "            "nome": "Vit[0xc3][0xb3]ria Pastor",[\n]"
21:37:04.186 [main] DEBUG org.apache.http.wire -- http-outgoing-2 << "            "email": "vit[0xc3][0xb3]ria_pastor@xpto.com",[\n]"
21:37:04.186 [main] DEBUG org.apache.http.wire -- http-outgoing-2 << "            "password": "8r5LYzt*3+",[\n]"
21:37:04.186 [main] DEBUG org.apache.http.wire -- http-outgoing-2 << "            "administr"
21:37:04.186 [main] DEBUG org.apache.http.wire -- http-outgoing-2 << "ador": "false",[\n]"
21:37:04.186 [main] DEBUG org.apache.http.wire -- http-outgoing-2 << "            "_id": "pk188dMvZGsohcm0"[\n]"
21:37:04.186 [main] DEBUG org.apache.http.wire -- http-outgoing-2 << "        },[\n]"
21:37:04.186 [main] DEBUG org.apache.http.wire -- http-outgoing-2 << "        {[\n]"
21:37:04.186 [main] DEBUG org.apache.http.wire -- http-outgoing-2 << "            "nome": "Luan Viana",[\n]"
21:37:04.186 [main] DEBUG org.apache.http.wire -- http-outgoing-2 << "            "email": "luan_viana@xpto.com",[\n]"
21:37:04.186 [main] DEBUG org.apache.http.wire -- http-outgoing-2 << "            "password": "mnWQ3h%w_9",[\n]"
21:37:04.186 [main] DEBUG org.apache.http.wire -- http-outgoing-2 << "            "administrador": "false",[\n]"
21:37:04.186 [main] DEBUG org.apache.http.wire -- http-outgoing-2 << "            "_id": "pn8ViUhgMPfBjU3x"[\n]"
21:37:04.186 [main] DEBUG org.apache.http.wire -- http-outgoing-2 << "        },[\n]"
21:37:04.186 [main] DEBUG org.apache.http.wire -- http-outgoing-2 << "        {[\n]"
21:37:04.186 [main] DEBUG org.apache.http.wire -- http-outgoing-2 << "            "nome": "Teste Testador da Silva",[\n]"
21:37:04.186 [main] DEBUG org.apache.http.wire -- http-outgoing-2 << "            "email": "massa_testes1@testar.com.br"
21:37:04.192 [main] DEBUG org.apache.http.wire -- http-outgoing-2 << "",[\n]"
21:37:04.192 [main] DEBUG org.apache.http.wire -- http-outgoing-2 << "            "password": "{{senha_teste}}",[\n]"
21:37:04.192 [main] DEBUG org.apache.http.wire -- http-outgoing-2 << "            "administrador": "true",[\n]"
21:37:04.192 [main] DEBUG org.apache.http.wire -- http-outgoing-2 << "            "_id": "q4jJpDWycDjr8iPl"[\n]"
21:37:04.192 [main] DEBUG org.apache.http.wire -- http-outgoing-2 << "        },[\n]"
21:37:04.192 [main] DEBUG org.apache.http.wire -- http-outgoing-2 << "        {[\n]"
21:37:04.192 [main] DEBUG org.apache.http.wire -- http-outgoing-2 << "            "nome": "Gordon_Volkman15",[\n]"
21:37:04.192 [main] DEBUG org.apache.http.wire -- http-outgoing-2 << "            "email": "Buddy49@gmail.com",[\n]"
21:37:04.192 [main] DEBUG org.apache.http.wire -- http-outgoing-2 << "            "password": "Kh6KcW7p_mPIC2i",[\n]"
21:37:04.192 [main] DEBUG org.apache.http.wire -- http-outgoing-2 << "            "administrador": "true",[\n]"
21:37:04.192 [main] DEBUG org.apache.http.wire -- http-outgoing-2 << "            "_id": "qATo2xO8I6xRWTj7"[\n]"
21:37:04.192 [main] DEBUG org.apache.http.wire -- http-outgoing-2 << "        },[\n]"
21:37:04.192 [main] DEBUG org.apache.http.wire -- http-outgoing-2 << "        {[\n]"
21:37:04.192 [main] DEBUG org.apache.http.wire -- http-outgoing-2 << "            "nome": "Neil",[\n]"
21:37:04.192 [main] DEBUG org.apache.http.wire -- http-outgoing-2 << "            "email": "Buster44@teste.com",[\n]"
21:37:04.192 [main] DEBUG org.apache.http.wire -- http-outgoing-2 << "            "password": "testLk",[\n]"
21:37:04.192 [main] DEBUG org.apache.http.wire -- http-outgoing-2 << "            "administrador": "true",[\n]"
21:37:04.192 [main] DEBUG org.apache.http.wire -- http-outgoing-2 << "            "_id": "qLVpnZTfSdmuZON1"[\n]"
21:37:04.192 [main] DEBUG org.apache.http.wire -- http-outgoing-2 << "        },[\n]"
21:37:04.192 [main] DEBUG org.apache.http.wire -- http-outgoing-2 << "        {[\n]"
21:37:04.192 [main] DEBUG org.apache.http.wire -- http-outgoing-2 << "            "nome": "Lavern",[\n]"
21:37:04.192 [main] DEBUG org.apache.http.wire -- http-outgoing-2 << "            "email": "regine.klein@hotmail.com",[\n]"
21:37:04.192 [main] DEBUG org.apache.http.wire -- http-outgoing-2 << "            "password": "rixqi17y",[\n]"
21:37:04.192 [main] DEBUG org.apache.http.wire -- http-outgoing-2 << "            "administrador": "true",[\n]"
21:37:04.192 [main] DEBUG org.apache.http.wire -- http-outgoing-2 << "            "_id": "qYNVc4AvtP4m47vq"[\n]"
21:37:04.192 [main] DEBUG org.apache.http.wire -- http-outgoing-2 << "        },[\n]"
21:37:04.192 [main] DEBUG org.apache.http.wire -- http-outgoing-2 << "        {[\n]"
21:37:04.192 [main] DEBUG org.apache.http.wire -- http-outgoing-2 << "            "nome": "teste",[\n]"
21:37:04.192 [main] DEBUG org.apache.http.wire -- http-outgoing-2 << "            "email": "teste@teste.com",[\n]"
21:37:04.192 [main] DEBUG org.apache.http.wire -- http-outgoing-2 << "            "password": "1234",[\n]"
21:37:04.192 [main] DEBUG org.apache.http.wire -- http-outgoing-2 << "            "administrador": "false",[\n]"
21:37:04.192 [main] DEBUG org.apache.http.wire -- http-outgoing-2 << "            "_id": "qec4rxdmKfiVhxgM"[\n]"
21:37:04.192 [main] DEBUG org.apache.http.wire -- http-outgoing-2 << "        },[\n]"
21:37:04.192 [main] DEBUG org.apache.http.wire -- http-outgoing-2 << "        {[\n]"
21:37:04.192 [main] DEBUG org.apache.http.wire -- http-outgoing-2 << "            "nome": "Ozil",[\n]"
21:37:04.192 [main] DEBUG org.apache.http.wire -- http-outgoing-2 << "            "email": "o"
21:37:04.192 [main] DEBUG org.apache.http.wire -- http-outgoing-2 << "zilcontafake@gmail.com",[\n]"
21:37:04.192 [main] DEBUG org.apache.http.wire -- http-outgoing-2 << "            "password": "123456789",[\n]"
21:37:04.192 [main] DEBUG org.apache.http.wire -- http-outgoing-2 << "            "administrador": "true",[\n]"
21:37:04.192 [main] DEBUG org.apache.http.wire -- http-outgoing-2 << "            "_id": "riClc9XukQwuwTQT"[\n]"
21:37:04.192 [main] DEBUG org.apache.http.wire -- http-outgoing-2 << "        },[\n]"
21:37:04.192 [main] DEBUG org.apache.http.wire -- http-outgoing-2 << "        {[\n]"
21:37:04.192 [main] DEBUG org.apache.http.wire -- http-outgoing-2 << "            "nome": "Novo Usuario",[\n]"
21:37:04.192 [main] DEBUG org.apache.http.wire -- http-outgoing-2 << "            "email": "user_2025-07-15T2129409992482@qa.com.br",[\n]"
21:37:04.192 [main] DEBUG org.apache.http.wire -- http-outgoing-2 << "            "password": "123456",[\n]"
21:37:04.192 [main] DEBUG org.apache.http.wire -- http-outgoing-2 << "            "administrador": "false",[\n]"
21:37:04.192 [main] DEBUG org.apache.http.wire -- http-outgoing-2 << "            "_id": "rpYKwgZLySY2a6tV"[\n]"
21:37:04.192 [main] DEBUG org.apache.http.wire -- http-outgoing-2 << "        },[\n]"
21:37:04.192 [main] DEBUG org.apache.http.wire -- http-outgoing-2 << "     "
21:37:04.192 [main] DEBUG org.apache.http.wire -- http-outgoing-2 << "   {[\n]"
21:37:04.192 [main] DEBUG org.apache.http.wire -- http-outgoing-2 << "            "nome": "Mable",[\n]"
21:37:04.192 [main] DEBUG org.apache.http.wire -- http-outgoing-2 << "            "email": "Simone.Weimann@teste.com",[\n]"
21:37:04.192 [main] DEBUG org.apache.http.wire -- http-outgoing-2 << "            "password": "testfx",[\n]"
21:37:04.192 [main] DEBUG org.apache.http.wire -- http-outgoing-2 << "            "administrador": "true",[\n]"
21:37:04.192 [main] DEBUG org.apache.http.wire -- http-outgoing-2 << "            "_id": "rqLNEz96NsI9cLpS"[\n]"
21:37:04.192 [main] DEBUG org.apache.http.wire -- http-outgoing-2 << "        },[\n]"
21:37:04.192 [main] DEBUG org.apache.http.wire -- http-outgoing-2 << "        {[\n]"
21:37:04.192 [main] DEBUG org.apache.http.wire -- http-outgoing-2 << "            "nome": "Lucca Freitas",[\n]"
21:37:04.192 [main] DEBUG org.apache.http.wire -- http-outgoing-2 << "            "email": "lucca_freitas@xpto.com",[\n]"
21:37:04.192 [main] DEBUG org.apache.http.wire -- http-outgoing-2 << "            "password": "qk673WuV^T",[\n]"
21:37:04.192 [main] DEBUG org.apache.http.wire -- http-outgoing-2 << "            "administrador": "false",[\n]"
21:37:04.192 [main] DEBUG org.apache.http.wire -- http-outgoing-2 << "            "_id": "rxhVGLiGFx6fudGp"[\n]"
21:37:04.192 [main] DEBUG org.apache.http.wire -- http-outgoing-2 << "        },[\n]"
21:37:04.192 [main] DEBUG org.apache.http.wire -- http-outgoing-2 << "        {[\n]"
21:37:04.192 [main] DEBUG org.apache.http.wire -- http-outgoing-2 << "            "nome": "Alana",[\n]"
21:37:04.192 [main] DEBUG org.apache.http.wire -- http-outgoing-2 << "            "email": "Alananery@gmail.com",[\n]"
21:37:04.192 [main] DEBUG org.apache.http.wire -- http-outgoing-2 << "            "password": "Alana",[\n]"
21:37:04.192 [main] DEBUG org.apache.http.wire -- http-outgoing-2 << "            "administrador": "true",[\n]"
21:37:04.192 [main] DEBUG org.apache.http.wire -- http-outgoing-2 << "            "_id": "s0uUmRtN3oTYqKqt"[\n]"
21:37:04.192 [main] DEBUG org.apache.http.wire -- http-outgoing-2 << "        },[\n]"
21:37:04.192 [main] DEBUG org.apache.http.wire -- http-outgoing-2 << "        {[\n]"
21:37:04.192 [main] DEBUG org.apache.http.wire -- http-outgoing-2 << "            "nome": "pcarvalhaes",[\n]"
21:37:04.192 [main] DEBUG org.apache.http.wire -- http-outgoing-2 << "            "email": "pedrotcarvalhaes@gmail.com",[\n]"
21:37:04.192 [main] DEBUG org.apache.http.wire -- http-outgoing-2 << "            "password": "P@lm3iras1914",[\n]"
21:37:04.192 [main] DEBUG org.apache.http.wire -- http-outgoing-2 << "            "administrador": "false",[\n]"
21:37:04.192 [main] DEBUG org.apache.http.wire -- http-outgoing-2 << "            "_id": "s8KDf1rZaalDvUhR"[\n]"
21:37:04.192 [main] DEBUG org.apache.http.wire -- http-outgoing-2 << "        },[\n]"
21:37:04.192 [main] DEBUG org.apache.http.wire -- http-outgoing-2 << "        {[\n]"
21:37:04.192 [main] DEBUG org.apache.http.wire -- http-outgoing-2 << "            "nome": "Administrador Teste",[\n]"
21:37:04.192 [main] DEBUG org.apache.http.wire -- http-outgoing-2 << "            "email": "admin.teste.1752601149983@teste.com",[\n]"
21:37:04.192 [main] DEBUG org.apache.http.wire -- http-outgoing-2 << "            "password": "senha123",[\n]"
21:37:04.192 [main] DEBUG org.apache.http.wire -- http-outgoing-2 << "            "administrador""
21:37:04.192 [main] DEBUG org.apache.http.wire -- http-outgoing-2 << ": "true",[\n]"
21:37:04.192 [main] DEBUG org.apache.http.wire -- http-outgoing-2 << "            "_id": "sLd0hvhy4Ua61Cow"[\n]"
21:37:04.192 [main] DEBUG org.apache.http.wire -- http-outgoing-2 << "        },[\n]"
21:37:04.192 [main] DEBUG org.apache.http.wire -- http-outgoing-2 << "        {[\n]"
21:37:04.192 [main] DEBUG org.apache.http.wire -- http-outgoing-2 << "            "nome": "Chanel",[\n]"
21:37:04.192 [main] DEBUG org.apache.http.wire -- http-outgoing-2 << "            "email": "Chanel_Schinner72@hotmail.com",[\n]"
21:37:04.192 [main] DEBUG org.apache.http.wire -- http-outgoing-2 << "            "password": "teste",[\n]"
21:37:04.192 [main] DEBUG org.apache.http.wire -- http-outgoing-2 << "            "administrador": "true",[\n]"
21:37:04.192 [main] DEBUG org.apache.http.wire -- http-outgoing-2 << "            "_id": "sbnufSF0VGLcS"
21:37:04.196 [main] DEBUG org.apache.http.wire -- http-outgoing-2 << "4Hz"[\n]"
21:37:04.196 [main] DEBUG org.apache.http.wire -- http-outgoing-2 << "        },[\n]"
21:37:04.196 [main] DEBUG org.apache.http.wire -- http-outgoing-2 << "        {[\n]"
21:37:04.196 [main] DEBUG org.apache.http.wire -- http-outgoing-2 << "            "nome": "Fulano da Silva",[\n]"
21:37:04.196 [main] DEBUG org.apache.http.wire -- http-outgoing-2 << "            "email": "beltranoas_qa145_undefined@qa.com.br",[\n]"
21:37:04.196 [main] DEBUG org.apache.http.wire -- http-outgoing-2 << "            "password": "teste",[\n]"
21:37:04.196 [main] DEBUG org.apache.http.wire -- http-outgoing-2 << "            "administrador": "true",[\n]"
21:37:04.196 [main] DEBUG org.apache.http.wire -- http-outgoing-2 << "            "_id": "ssRESm8LeOQiSGyG"[\n]"
21:37:04.196 [main] DEBUG org.apache.http.wire -- http-outgoing-2 << "        },[\n]"
21:37:04.196 [main] DEBUG org.apache.http.wire -- http-outgoing-2 << "        {[\n]"
21:37:04.196 [main] DEBUG org.apache.http.wire -- http-outgoing-2 << "            "nome": "Hora do QA",[\n]"
21:37:04.196 [main] DEBUG org.apache.http.wire -- http-outgoing-2 << "            "email": "horadoqa@exemplo.com",[\n]"
21:37:04.196 [main] DEBUG org.apache.http.wire -- http-outgoing-2 << "            "password": "1q2w3e",[\n]"
21:37:04.196 [main] DEBUG org.apache.http.wire -- http-outgoing-2 << "            "administrador": "false",[\n]"
21:37:04.196 [main] DEBUG org.apache.http.wire -- http-outgoing-2 << "            "_id": "t6vC38NWcFO3Sime"[\n]"
21:37:04.196 [main] DEBUG org.apache.http.wire -- http-outgoing-2 << "        },[\n]"
21:37:04.196 [main] DEBUG org.apache.http.wire -- http-outgoing-2 << "        {[\n]"
21:37:04.196 [main] DEBUG org.apache.http.wire -- http-outgoing-2 << "            "nome": "Thiago Tavares",[\n]"
21:37:04.196 [main] DEBUG org.apache.http.wire -- http-outgoing-2 << "            "email": "thiagarauj21@gmail.com",[\n]"
21:37:04.196 [main] DEBUG org.apache.http.wire -- http-outgoing-2 << "            "password": "<oMeiaUm61>",[\n]"
21:37:04.196 [main] DEBUG org.apache.http.wire -- http-outgoing-2 << "            "administrador": "true",[\n]"
21:37:04.196 [main] DEBUG org.apache.http.wire -- http-outgoing-2 << "            "_id": "t9DIvoriEsLDl910"[\n]"
21:37:04.196 [main] DEBUG org.apache.http.wire -- http-outgoing-2 << "        },[\n]"
21:37:04.196 [main] DEBUG org.apache.http.wire -- http-outgoing-2 << "        {[\n]"
21:37:04.196 [main] DEBUG org.apache.http.wire -- http-outgoing-2 << "            "nome": "Tracey Leuschke",[\n]"
21:37:04.196 [main] DEBUG org.apache.http.wire -- http-outgoing-2 << "            "email": "traceyleuschke@test.com",[\n]"
21:37:04.196 [main] DEBUG org.apache.http.wire -- http-outgoing-2 << "            "password": "Test;123",[\n]"
21:37:04.196 [main] DEBUG org.apache.http.wire -- http-outgoing-2 << "            "administrador": "true",[\n]"
21:37:04.196 [main] DEBUG org.apache.http.wire -- http-outgoing-2 << "            "_id": "tDRohTdcCSwffZj3"[\n]"
21:37:04.196 [main] DEBUG org.apache.http.wire -- http-outgoing-2 << "        },[\n]"
21:37:04.196 [main] DEBUG org.apache.http.wire -- http-outgoing-2 << "        {[\n]"
21:37:04.196 [main] DEBUG org.apache.http.wire -- http-outgoing-2 << "            "nome": "Clara",[\n]"
21:37:04.196 [main] DEBUG org.apache.http.wire -- http-outgoing-2 << "            "email": "clara@gmail.com",[\n]"
21:37:04.196 [main] DEBUG org.apache.http.wire -- http-outgoing-2 << "            "password": "123456",[\n]"
21:37:04.196 [main] DEBUG org.apache.http.wire -- http-outgoing-2 << "            "admi"
21:37:04.196 [main] DEBUG org.apache.http.wire -- http-outgoing-2 << "nistrador": "true",[\n]"
21:37:04.196 [main] DEBUG org.apache.http.wire -- http-outgoing-2 << "            "_id": "tIMpftM0XS1gRTOs"[\n]"
21:37:04.196 [main] DEBUG org.apache.http.wire -- http-outgoing-2 << "        },[\n]"
21:37:04.196 [main] DEBUG org.apache.http.wire -- http-outgoing-2 << "        {[\n]"
21:37:04.196 [main] DEBUG org.apache.http.wire -- http-outgoing-2 << "            "nome": "Catarina Sampaio",[\n]"
21:37:04.196 [main] DEBUG org.apache.http.wire -- http-outgoing-2 << "            "email": "catarina_sampaio@xpto.com",[\n]"
21:37:04.196 [main] DEBUG org.apache.http.wire -- http-outgoing-2 << "            "password": "EylGqJko$2",[\n]"
21:37:04.196 [main] DEBUG org.apache.http.wire -- http-outgoing-2 << "            "administrador": "false",[\n]"
21:37:04.196 [main] DEBUG org.apache.http.wire -- http-outgoing-2 << "            "_id": "tL9jcIZ1DWb8QNId"[\n]"
21:37:04.196 [main] DEBUG org.apache.http.wire -- http-outgoing-2 << "        },[\n]"
21:37:04.196 [main] DEBUG org.apache.http.wire -- http-outgoing-2 << "        {[\n]"
21:37:04.196 [main] DEBUG org.apache.http.wire -- http-outgoing-2 << "            "nome": "User Name 2640",[\n]"
21:37:04.196 [main] DEBUG org.apache.http.wire -- http-outgoing-2 << "            "email": "name.2640@qa.com",[\n]"
21:37:04.196 [main] DEBUG org.apache.http.wire -- http-outgoing-2 << " "
21:37:04.197 [main] DEBUG org.apache.http.wire -- http-outgoing-2 << "           "password": "teste",[\n]"
21:37:04.197 [main] DEBUG org.apache.http.wire -- http-outgoing-2 << "            "administrador": "true",[\n]"
21:37:04.197 [main] DEBUG org.apache.http.wire -- http-outgoing-2 << "            "_id": "tjY19LBvYvBj1Gdm"[\n]"
21:37:04.197 [main] DEBUG org.apache.http.wire -- http-outgoing-2 << "        },[\n]"
21:37:04.197 [main] DEBUG org.apache.http.wire -- http-outgoing-2 << "        {[\n]"
21:37:04.197 [main] DEBUG org.apache.http.wire -- http-outgoing-2 << "            "administrador": "true",[\n]"
21:37:04.197 [main] DEBUG org.apache.http.wire -- http-outgoing-2 << "            "email": "abel.heller@gmail.com",[\n]"
21:37:04.197 [main] DEBUG org.apache.http.wire -- http-outgoing-2 << "            "nome": "Erica Dare V",[\n]"
21:37:04.197 [main] DEBUG org.apache.http.wire -- http-outgoing-2 << "            "password": "password",[\n]"
21:37:04.197 [main] DEBUG org.apache.http.wire -- http-outgoing-2 << "            "_id": "udsevi6XdocvV0OC"[\n]"
21:37:04.197 [main] DEBUG org.apache.http.wire -- http-outgoing-2 << "        },[\n]"
21:37:04.197 [main] DEBUG org.apache.http.wire -- http-outgoing-2 << "        {[\n]"
21:37:04.197 [main] DEBUG org.apache.http.wire -- http-outgoing-2 << "            "nome": "Dolly",[\n]"
21:37:04.197 [main] DEBUG org.apache.http.wire -- http-outgoing-2 << "            "email": "Armani90@teste.com",[\n]"
21:37:04.197 [main] DEBUG org.apache.http.wire -- http-outgoing-2 << "            "password": "test1J",[\n]"
21:37:04.197 [main] DEBUG org.apache.http.wire -- http-outgoing-2 << "            "administrador": "true",[\n]"
21:37:04.197 [main] DEBUG org.apache.http.wire -- http-outgoing-2 << "            "_id": "ujt3fi9ggDgbMS55"[\n]"
21:37:04.197 [main] DEBUG org.apache.http.wire -- http-outgoing-2 << "        },[\n]"
21:37:04.197 [main] DEBUG org.apache.http.wire -- http-outgoing-2 << "        {[\n]"
21:37:04.197 [main] DEBUG org.apache.http.wire -- http-outgoing-2 << "            "nome": "Dante",[\n]"
21:37:04.197 [main] DEBUG org.apache.http.wire -- http-outgoing-2 << "            "email": "danteconta@gmail.com",[\n]"
21:37:04.197 [main] DEBUG org.apache.http.wire -- http-outgoing-2 << "            "password": "123456789",[\n]"
21:37:04.197 [main] DEBUG org.apache.http.wire -- http-outgoing-2 << "            "administrador": "true",[\n]"
21:37:04.197 [main] DEBUG org.apache.http.wire -- http-outgoing-2 << "            "_id": "uwOlXAvA8swqpoBh"[\n]"
21:37:04.197 [main] DEBUG org.apache.http.wire -- http-outgoing-2 << "        },[\n]"
21:37:04.197 [main] DEBUG org.apache.http.wire -- http-outgoing-2 << "        {[\n]"
21:37:04.197 [main] DEBUG org.apache.http.wire -- http-outgoing-2 << "            "nome": "gustavo cruz",[\n]"
21:37:04.197 [main] DEBUG org.apache.http.wire -- http-outgoing-2 << "            "email": "santos@gmail.com",[\n]"
21:37:04.197 [main] DEBUG org.apache.http.wire -- http-outgoing-2 << "            "password": "070727",[\n]"
21:37:04.197 [main] DEBUG org.apache.http.wire -- http-outgoing-2 << "            "administrador": "true",[\n]"
21:37:04.197 [main] DEBUG org.apache.http.wire -- http-outgoing-2 << "            "_id": "v4YgaWy7KI6lXaFH"[\n]"
21:37:04.197 [main] DEBUG org.apache.http.wire -- http-outgoing-2 << "        },[\n]"
21:37:04.197 [main] DEBUG org.apache.http.wire -- http-outgoing-2 << "        {[\n]"
21:37:04.197 [main] DEBUG org.apache.http.wire -- http-outgoing-2 << "            "nome": "Jayden",[\n]"
21:37:04.197 [main] DEBUG org.apache.http.wire -- http-outgoing-2 << "            "email": "Tanner_Wilkins"
21:37:04.197 [main] DEBUG org.apache.http.wire -- http-outgoing-2 << "on88@teste.com",[\n]"
21:37:04.197 [main] DEBUG org.apache.http.wire -- http-outgoing-2 << "            "password": "testt4",[\n]"
21:37:04.197 [main] DEBUG org.apache.http.wire -- http-outgoing-2 << "            "administrador": "true",[\n]"
21:37:04.197 [main] DEBUG org.apache.http.wire -- http-outgoing-2 << "            "_id": "vCS9gZyWJKn6B0tE"[\n]"
21:37:04.197 [main] DEBUG org.apache.http.wire -- http-outgoing-2 << "        },[\n]"
21:37:04.197 [main] DEBUG org.apache.http.wire -- http-outgoing-2 << "        {[\n]"
21:37:04.197 [main] DEBUG org.apache.http.wire -- http-outgoing-2 << "            "nome": "catia ribez",[\n]"
21:37:04.197 [main] DEBUG org.apache.http.wire -- http-outgoing-2 << "            "email": "beltrarrkyo@gmail.com",[\n]"
21:37:04.197 [main] DEBUG org.apache.http.wire -- http-outgoing-2 << "            "password": "teste1234",[\n]"
21:37:04.197 [main] DEBUG org.apache.http.wire -- http-outgoing-2 << "            "administrador": "true",[\n]"
21:37:04.197 [main] DEBUG org.apache.http.wire -- http-outgoing-2 << "            "_id": "vFjr4nXO554MQhYO"[\n]"
21:37:04.197 [main] DEBUG org.apache.http.wire -- http-outgoing-2 << "        },[\n]"
21:37:04.197 [main] DEBUG org.apache.http.wire -- http-outgoing-2 << "        {[\n]"
21:37:04.197 [main] DEBUG org.apache.http.wire -- http-outgoing-2 << "            "nome": "Ky"
21:37:04.202 [main] DEBUG org.apache.http.wire -- http-outgoing-2 << "ler",[\n]"
21:37:04.202 [main] DEBUG org.apache.http.wire -- http-outgoing-2 << "            "email": "Marian75@teste.com",[\n]"
21:37:04.202 [main] DEBUG org.apache.http.wire -- http-outgoing-2 << "            "password": "testTZ",[\n]"
21:37:04.202 [main] DEBUG org.apache.http.wire -- http-outgoing-2 << "            "administrador": "true",[\n]"
21:37:04.202 [main] DEBUG org.apache.http.wire -- http-outgoing-2 << "            "_id": "vSBCDKrnPsceiNjC"[\n]"
21:37:04.202 [main] DEBUG org.apache.http.wire -- http-outgoing-2 << "        },[\n]"
21:37:04.202 [main] DEBUG org.apache.http.wire -- http-outgoing-2 << "        {[\n]"
21:37:04.202 [main] DEBUG org.apache.http.wire -- http-outgoing-2 << "            "nome": "Fulano da Silva",[\n]"
21:37:04.202 [main] DEBUG org.apache.http.wire -- http-outgoing-2 << "            "email": "emaixxx@email.com.br",[\n]"
21:37:04.202 [main] DEBUG org.apache.http.wire -- http-outgoing-2 << "            "password": "teste",[\n]"
21:37:04.202 [main] DEBUG org.apache.http.wire -- http-outgoing-2 << "            "administrador": "true",[\n]"
21:37:04.202 [main] DEBUG org.apache.http.wire -- http-outgoing-2 << "            "_id": "vSEfhQoEywMENsLv"[\n]"
21:37:04.202 [main] DEBUG org.apache.http.wire -- http-outgoing-2 << "        },[\n]"
21:37:04.202 [main] DEBUG org.apache.http.wire -- http-outgoing-2 << "        {[\n]"
21:37:04.202 [main] DEBUG org.apache.http.wire -- http-outgoing-2 << "            "nome": "Ramon_Langosh",[\n]"
21:37:04.202 [main] DEBUG org.apache.http.wire -- http-outgoing-2 << "            "email": "Caitlyn57@yahoo.com",[\n]"
21:37:04.202 [main] DEBUG org.apache.http.wire -- http-outgoing-2 << "            "password": "kj002a9a5r3oor3",[\n]"
21:37:04.202 [main] DEBUG org.apache.http.wire -- http-outgoing-2 << "            "administrador": "true",[\n]"
21:37:04.202 [main] DEBUG org.apache.http.wire -- http-outgoing-2 << "            "_id": "vWPJGPkzTSmPoM7Z"[\n]"
21:37:04.202 [main] DEBUG org.apache.http.wire -- http-outgoing-2 << "        },[\n]"
21:37:04.202 [main] DEBUG org.apache.http.wire -- http-outgoing-2 << "        {[\n]"
21:37:04.202 [main] DEBUG org.apache.http.wire -- http-outgoing-2 << "            "nome": "Laney",[\n]"
21:37:04.202 [main] DEBUG org.apache.http.wire -- http-outgoing-2 << "            "email": "Laney77@yahoo.com",[\n]"
21:37:04.202 [main] DEBUG org.apache.http.wire -- http-outgoing-2 << "            "password": "teste",[\n]"
21:37:04.202 [main] DEBUG org.apache.http.wire -- http-outgoing-2 << "            "administrador": "true",[\n]"
21:37:04.202 [main] DEBUG org.apache.http.wire -- http-outgoing-2 << "            "_id": "vXpy1GGx3ym6Axuw"[\n]"
21:37:04.202 [main] DEBUG org.apache.http.wire -- http-outgoing-2 << "        },[\n]"
21:37:04.202 [main] DEBUG org.apache.http.wire -- http-outgoing-2 << "        {[\n]"
21:37:04.202 [main] DEBUG org.apache.http.wire -- http-outgoing-2 << "            "nome": "Novo Usuario",[\n]"
21:37:04.202 [main] DEBUG org.apache.http.wire -- http-outgoing-2 << "            "email": "user_2025-07-15T2136052581652@qa.com.br",[\n]"
21:37:04.202 [main] DEBUG org.apache.http.wire -- http-outgoing-2 << "            "password": "123456",[\n]"
21:37:04.202 [main] DEBUG org.apache.http.wire -- http-outgoing-2 << "            "administrador": "false",[\n]"
21:37:04.202 [main] DEBUG org.apache.http.wire -- http-outgoing-2 << "            "_id": "vbPziFagaDBIgUI1"[\n]"
21:37:04.202 [main] DEBUG org.apache.http.wire -- http-outgoing-2 << "  "
21:37:04.202 [main] DEBUG org.apache.http.wire -- http-outgoing-2 << "      },[\n]"
21:37:04.202 [main] DEBUG org.apache.http.wire -- http-outgoing-2 << "        {[\n]"
21:37:04.202 [main] DEBUG org.apache.http.wire -- http-outgoing-2 << "            "nome": "rayssa",[\n]"
21:37:04.202 [main] DEBUG org.apache.http.wire -- http-outgoing-2 << "            "email": "oliveira@gmail.com",[\n]"
21:37:04.202 [main] DEBUG org.apache.http.wire -- http-outgoing-2 << "            "password": "1706",[\n]"
21:37:04.202 [main] DEBUG org.apache.http.wire -- http-outgoing-2 << "            "administrador": "true",[\n]"
21:37:04.202 [main] DEBUG org.apache.http.wire -- http-outgoing-2 << "            "_id": "vpV8UMzi4xRNNwr6"[\n]"
21:37:04.202 [main] DEBUG org.apache.http.wire -- http-outgoing-2 << "        },[\n]"
21:37:04.202 [main] DEBUG org.apache.http.wire -- http-outgoing-2 << "        {[\n]"
21:37:04.202 [main] DEBUG org.apache.http.wire -- http-outgoing-2 << "            "nome": "Gustavo Caldeir"
21:37:04.202 [main] DEBUG org.apache.http.wire -- http-outgoing-2 << "a",[\n]"
21:37:04.202 [main] DEBUG org.apache.http.wire -- http-outgoing-2 << "            "email": "gustavo_caldeira@xpto.com",[\n]"
21:37:04.202 [main] DEBUG org.apache.http.wire -- http-outgoing-2 << "            "password": "&85klQDjeS",[\n]"
21:37:04.202 [main] DEBUG org.apache.http.wire -- http-outgoing-2 << "            "administrador": "false",[\n]"
21:37:04.202 [main] DEBUG org.apache.http.wire -- http-outgoing-2 << "            "_id": "w0XFA9GvGqpEmBF3"[\n]"
21:37:04.202 [main] DEBUG org.apache.http.wire -- http-outgoing-2 << "        },[\n]"
21:37:04.202 [main] DEBUG org.apache.http.wire -- http-outgoing-2 << "        {[\n]"
21:37:04.202 [main] DEBUG org.apache.http.wire -- http-outgoing-2 << "            "nome": "Barcos da silva",[\n]"
21:37:04.202 [main] DEBUG org.apache.http.wire -- http-outgoing-2 << "            "email": "beltrano@qmail.com",[\n]"
21:37:04.202 [main] DEBUG org.apache.http.wire -- http-outgoing-2 << "            "password": "1234",[\n]"
21:37:04.202 [main] DEBUG org.apache.http.wire -- http-outgoing-2 << "            "administrador": "true",[\n]"
21:37:04.202 [main] DEBUG org.apache.http.wire -- http-outgoing-2 << "            "_id": "w1FwpDUZzVyfwCaI"[\n]"
21:37:04.202 [main] DEBUG org.apache.http.wire -- http-outgoing-2 << "        },[\n]"
21:37:04.202 [main] DEBUG org.apache.http.wire -- http-outgoing-2 << "        {[\n]"
21:37:04.202 [main] DEBUG org.apache.http.wire -- http-outgoing-2 << "            "nome": "Fulano da Silva",[\n]"
21:37:04.202 [main] DEBUG org.apache.http.wire -- http-outgoing-2 << "            "email": "znel@emailteste.com",[\n]"
21:37:04.202 [main] DEBUG org.apache.http.wire -- http-outgoing-2 << "            "password": "1234",[\n]"
21:37:04.202 [main] DEBUG org.apache.http.wire -- http-outgoing-2 << "            "administrador": "true",[\n]"
21:37:04.202 [main] DEBUG org.apache.http.wire -- http-outgoing-2 << "            "_id": "w67Apl8IWLYw1kQG"[\n]"
21:37:04.202 [main] DEBUG org.apache.http.wire -- http-outgoing-2 << "        },[\n]"
21:37:04.202 [main] DEBUG org.apache.http.wire -- http-outgoing-2 << "        {[\n]"
21:37:04.202 [main] DEBUG org.apache.http.wire -- http-outgoing-2 << "            "nome": "Isabelly Pacheco",[\n]"
21:37:04.202 [main] DEBUG org.apache.http.wire -- http-outgoing-2 << "            "email": "isabelly_pacheco@xpto.com",[\n]"
21:37:04.202 [main] DEBUG org.apache.http.wire -- http-outgoing-2 << "            "password": "!dYZ0bls!6",[\n]"
21:37:04.202 [main] DEBUG org.apache.http.wire -- http-outgoing-2 << "            "administrador": "false",[\n]"
21:37:04.202 [main] DEBUG org.apache.http.wire -- http-outgoing-2 << "            "_id": "w9uGgHcNv0485B4c"[\n]"
21:37:04.202 [main] DEBUG org.apache.http.wire -- http-outgoing-2 << "        },[\n]"
21:37:04.202 [main] DEBUG org.apache.http.wire -- http-outgoing-2 << "        {[\n]"
21:37:04.202 [main] DEBUG org.apache.http.wire -- http-outgoing-2 << "            "nome": "Fulano da Silva",[\n]"
21:37:04.202 [main] DEBUG org.apache.http.wire -- http-outgoing-2 << "            "email": "beltranoas_qame_undefined@qa.com.br",[\n]"
21:37:04.202 [main] DEBUG org.apache.http.wire -- http-outgoing-2 << "            "password": "teste",[\n]"
21:37:04.202 [main] DEBUG org.apache.http.wire -- http-outgoing-2 << "            "administrador": "true",[\n]"
21:37:04.202 [main] DEBUG org.apache.http.wire -- http-outgoing-2 << "            "_id": ""
21:37:04.202 [main] DEBUG org.apache.http.wire -- http-outgoing-2 << "wgYVODu76oAirqmh"[\n]"
21:37:04.202 [main] DEBUG org.apache.http.wire -- http-outgoing-2 << "        },[\n]"
21:37:04.202 [main] DEBUG org.apache.http.wire -- http-outgoing-2 << "        {[\n]"
21:37:04.202 [main] DEBUG org.apache.http.wire -- http-outgoing-2 << "            "nome": "Joana da Silva",[\n]"
21:37:04.202 [main] DEBUG org.apache.http.wire -- http-outgoing-2 << "            "email": "jsilvia@qa.com.br",[\n]"
21:37:04.202 [main] DEBUG org.apache.http.wire -- http-outgoing-2 << "            "password": "Bolonesa",[\n]"
21:37:04.202 [main] DEBUG org.apache.http.wire -- http-outgoing-2 << "            "administrador": "true",[\n]"
21:37:04.202 [main] DEBUG org.apache.http.wire -- http-outgoing-2 << "            "_id": "wnKUdx5PoZLdfGBj"[\n]"
21:37:04.202 [main] DEBUG org.apache.http.wire -- http-outgoing-2 << "        },[\n]"
21:37:04.202 [main] DEBUG org.apache.http.wire -- http-outgoing-2 << "        {[\n]"
21:37:04.202 [main] DEBUG org.apache.http.wire -- http-outgoing-2 << "            "nome": "Fulano da Silva",[\n]"
21:37:04.202 [main] DEBUG org.apache.http.wire -- http-outgoing-2 << "            "email": "beltranoas_qa142_undefined@qa.com.br",[\n]"
21:37:04.202 [main] DEBUG org.apache.http.wire -- http-outgoing-2 << "            "password": "teste",[\n]"
21:37:04.206 [main] DEBUG org.apache.http.wire -- http-outgoing-2 << "            "administrador": "true",[\n]"
21:37:04.206 [main] DEBUG org.apache.http.wire -- http-outgoing-2 << "            "_id": "woWdyeCIwFZfc3Ok"[\n]"
21:37:04.206 [main] DEBUG org.apache.http.wire -- http-outgoing-2 << "        },[\n]"
21:37:04.206 [main] DEBUG org.apache.http.wire -- http-outgoing-2 << "        {[\n]"
21:37:04.206 [main] DEBUG org.apache.http.wire -- http-outgoing-2 << "            "nome": "Laury",[\n]"
21:37:04.206 [main] DEBUG org.apache.http.wire -- http-outgoing-2 << "            "email": "Eldon.Koelpin@teste.com",[\n]"
21:37:04.206 [main] DEBUG org.apache.http.wire -- http-outgoing-2 << "            "password": "test7F",[\n]"
21:37:04.206 [main] DEBUG org.apache.http.wire -- http-outgoing-2 << "            "administrador": "true",[\n]"
21:37:04.206 [main] DEBUG org.apache.http.wire -- http-outgoing-2 << "            "_id": "x4r5MrnzHbRCEU63"[\n]"
21:37:04.206 [main] DEBUG org.apache.http.wire -- http-outgoing-2 << "        },[\n]"
21:37:04.206 [main] DEBUG org.apache.http.wire -- http-outgoing-2 << "        {[\n]"
21:37:04.206 [main] DEBUG org.apache.http.wire -- http-outgoing-2 << "            "nome": "Clara Moura",[\n]"
21:37:04.206 [main] DEBUG org.apache.http.wire -- http-outgoing-2 << "            "email": "clara_moura@xpto.com",[\n]"
21:37:04.206 [main] DEBUG org.apache.http.wire -- http-outgoing-2 << "            "password": "%DZ4LofA)Z",[\n]"
21:37:04.206 [main] DEBUG org.apache.http.wire -- http-outgoing-2 << "            "administrador": "false",[\n]"
21:37:04.206 [main] DEBUG org.apache.http.wire -- http-outgoing-2 << "            "_id": "xD2Mdz5lOISinL88"[\n]"
21:37:04.206 [main] DEBUG org.apache.http.wire -- http-outgoing-2 << "        },[\n]"
21:37:04.206 [main] DEBUG org.apache.http.wire -- http-outgoing-2 << "        {[\n]"
21:37:04.206 [main] DEBUG org.apache.http.wire -- http-outgoing-2 << "            "nome": "Armand",[\n]"
21:37:04.206 [main] DEBUG org.apache.http.wire -- http-outgoing-2 << "            "email": "Armand_Braun@gmail.com",[\n]"
21:37:04.206 [main] DEBUG org.apache.http.wire -- http-outgoing-2 << "            "password": "teste",[\n]"
21:37:04.206 [main] DEBUG org.apache.http.wire -- http-outgoing-2 << "            "administrador": "true",[\n]"
21:37:04.206 [main] DEBUG org.apache.http.wire -- http-outgoing-2 << "            "_id": "xKY42Du2LQQqi8w1"[\n]"
21:37:04.206 [main] DEBUG org.apache.http.wire -- http-outgoing-2 << "        },[\n]"
21:37:04.206 [main] DEBUG org.apache.http.wire -- http-outgoing-2 << "        {[\n]"
21:37:04.206 [main] DEBUG org.apache.http.wire -- http-outgoing-2 << "            "nome": "Fulano da Silva",[\n]"
21:37:04.206 [main] DEBUG org.apache.http.wire -- http-outgoing-2 << "            "email": "ccfh@emailteste.com",[\n]"
21:37:04.206 [main] DEBUG org.apache.http.wire -- http-outgoing-2 << "            "password": "1234",[\n]"
21:37:04.206 [main] DEBUG org.apache.http.wire -- http-outgoing-2 << "            "administrador": "true",[\n]"
21:37:04.206 [main] DEBUG org.apache.http.wire -- http-outgoing-2 << "            "_id": "xQZVVipzxagmsi6T"[\n]"
21:37:04.207 [main] DEBUG org.apache.http.wire -- http-outgoing-2 << "        },[\n]"
21:37:04.207 [main] DEBUG org.apache.http.wire -- http-outgoing-2 << "        {[\n]"
21:37:04.207 [main] DEBUG org.apache.http.wire -- http-outgoing-2 << "            "nome": "mateus souza",[\n]"
21:37:04.207 [main] DEBUG org.apache.http.wire -- http-outgoing-2 << "            "email": "mateussouza@gmail.com",[\n]"
21:37:04.207 [main] DEBUG org.apache.http.wire -- http-outgoing-2 << "       "
21:37:04.207 [main] DEBUG org.apache.http.wire -- http-outgoing-2 << "     "password": "teste",[\n]"
21:37:04.207 [main] DEBUG org.apache.http.wire -- http-outgoing-2 << "            "administrador": "true",[\n]"
21:37:04.207 [main] DEBUG org.apache.http.wire -- http-outgoing-2 << "            "_id": "xjZegdHkzgnq6i5F"[\n]"
21:37:04.207 [main] DEBUG org.apache.http.wire -- http-outgoing-2 << "        },[\n]"
21:37:04.207 [main] DEBUG org.apache.http.wire -- http-outgoing-2 << "        {[\n]"
21:37:04.207 [main] DEBUG org.apache.http.wire -- http-outgoing-2 << "            "nome": "Theodoro Almeida",[\n]"
21:37:04.207 [main] DEBUG org.apache.http.wire -- http-outgoing-2 << "            "email": "theodoro_almeida@xpto.com",[\n]"
21:37:04.207 [main] DEBUG org.apache.http.wire -- http-outgoing-2 << "            "password": "U^%8K#Sq+h",[\n]"
21:37:04.207 [main] DEBUG org.apache.http.wire -- http-outgoing-2 << "            "administrador": "false",[\n]"
21:37:04.207 [main] DEBUG org.apache.http.wire -- http-outgoing-2 << "            "_id": "y4WhzJD01hDuMGrh"[\n]"
21:37:04.207 [main] DEBUG org.apache.http.wire -- http-outgoing-2 << "        },[\n]"
21:37:04.207 [main] DEBUG org.apache.http.wire -- http-outgoing-2 << "        {[\n]"
21:37:04.207 [main] DEBUG org.apache.http.wire -- http-outgoing-2 << "            "nome": "User Number 8467"
21:37:04.207 [main] DEBUG org.apache.http.wire -- http-outgoing-2 << "",[\n]"
21:37:04.207 [main] DEBUG org.apache.http.wire -- http-outgoing-2 << "            "email": "name.8467@qa.com",[\n]"
21:37:04.207 [main] DEBUG org.apache.http.wire -- http-outgoing-2 << "            "password": "teste",[\n]"
21:37:04.207 [main] DEBUG org.apache.http.wire -- http-outgoing-2 << "            "administrador": "true",[\n]"
21:37:04.207 [main] DEBUG org.apache.http.wire -- http-outgoing-2 << "            "_id": "y5r5GO4IfOgdaRtC"[\n]"
21:37:04.207 [main] DEBUG org.apache.http.wire -- http-outgoing-2 << "        },[\n]"
21:37:04.207 [main] DEBUG org.apache.http.wire -- http-outgoing-2 << "        {[\n]"
21:37:04.207 [main] DEBUG org.apache.http.wire -- http-outgoing-2 << "            "nome": "Cassidy.Powlowski7",[\n]"
21:37:04.207 [main] DEBUG org.apache.http.wire -- http-outgoing-2 << "            "email": "Nolan.Terry@gmail.com",[\n]"
21:37:04.207 [main] DEBUG org.apache.http.wire -- http-outgoing-2 << "            "password": "tkcFx9vHlXN1wCF",[\n]"
21:37:04.207 [main] DEBUG org.apache.http.wire -- http-outgoing-2 << "            "administrador": "true",[\n]"
21:37:04.207 [main] DEBUG org.apache.http.wire -- http-outgoing-2 << "            "_id": "yThQ1AtcOFDZNMUa"[\n]"
21:37:04.207 [main] DEBUG org.apache.http.wire -- http-outgoing-2 << "        },[\n]"
21:37:04.207 [main] DEBUG org.apache.http.wire -- http-outgoing-2 << "        {[\n]"
21:37:04.207 [main] DEBUG org.apache.http.wire -- http-outgoing-2 << "            "nome": "Manuella Aparecida",[\n]"
21:37:04.207 [main] DEBUG org.apache.http.wire -- http-outgoing-2 << "            "email": "manuella_aparecida@xpto.com",[\n]"
21:37:04.207 [main] DEBUG org.apache.http.wire -- http-outgoing-2 << "            "password": "_5DgvmC0+d",[\n]"
21:37:04.207 [main] DEBUG org.apache.http.wire -- http-outgoing-2 << "            "administrador": "false",[\n]"
21:37:04.207 [main] DEBUG org.apache.http.wire -- http-outgoing-2 << "            "_id": "yXgw2hZKBVWKr2zy"[\n]"
21:37:04.207 [main] DEBUG org.apache.http.wire -- http-outgoing-2 << "        },[\n]"
21:37:04.207 [main] DEBUG org.apache.http.wire -- http-outgoing-2 << "        {[\n]"
21:37:04.207 [main] DEBUG org.apache.http.wire -- http-outgoing-2 << "            "nome": "Marcelino",[\n]"
21:37:04.207 [main] DEBUG org.apache.http.wire -- http-outgoing-2 << "            "email": "Marcelino31@hotmail.com",[\n]"
21:37:04.207 [main] DEBUG org.apache.http.wire -- http-outgoing-2 << "            "password": "teste",[\n]"
21:37:04.207 [main] DEBUG org.apache.http.wire -- http-outgoing-2 << "            "administrador": "true",[\n]"
21:37:04.207 [main] DEBUG org.apache.http.wire -- http-outgoing-2 << "            "_id": "ybfk2uc3N5v9o19G"[\n]"
21:37:04.207 [main] DEBUG org.apache.http.wire -- http-outgoing-2 << "        },[\n]"
21:37:04.207 [main] DEBUG org.apache.http.wire -- http-outgoing-2 << "        {[\n]"
21:37:04.207 [main] DEBUG org.apache.http.wire -- http-outgoing-2 << "            "nome": "Victor",[\n]"
21:37:04.207 [main] DEBUG org.apache.http.wire -- http-outgoing-2 << "            "email": "Victor_Reichert93@gmail.com",[\n]"
21:37:04.207 [main] DEBUG org.apache.http.wire -- http-outgoing-2 << "            "password": "teste",[\n]"
21:37:04.207 [main] DEBUG org.apache.http.wire -- http-outgoing-2 << "            "administrador": "true",[\n]"
21:37:04.207 [main] DEBUG org.apache.http.wire -- http-outgoing-2 << "            "_id": "yhgxk2ykfSpms"
21:37:04.207 [main] DEBUG org.apache.http.wire -- http-outgoing-2 << "Llv"[\n]"
21:37:04.207 [main] DEBUG org.apache.http.wire -- http-outgoing-2 << "        },[\n]"
21:37:04.207 [main] DEBUG org.apache.http.wire -- http-outgoing-2 << "        {[\n]"
21:37:04.207 [main] DEBUG org.apache.http.wire -- http-outgoing-2 << "            "nome": "Barcos da silva",[\n]"
21:37:04.207 [main] DEBUG org.apache.http.wire -- http-outgoing-2 << "            "email": "beetrano@qmail.com",[\n]"
21:37:04.207 [main] DEBUG org.apache.http.wire -- http-outgoing-2 << "            "password": "1234",[\n]"
21:37:04.207 [main] DEBUG org.apache.http.wire -- http-outgoing-2 << "            "administrador": "true",[\n]"
21:37:04.207 [main] DEBUG org.apache.http.wire -- http-outgoing-2 << "            "_id": "z5Oa94bQmry14QJy"[\n]"
21:37:04.207 [main] DEBUG org.apache.http.wire -- http-outgoing-2 << "        },[\n]"
21:37:04.207 [main] DEBUG org.apache.http.wire -- http-outgoing-2 << "        {[\n]"
21:37:04.207 [main] DEBUG org.apache.http.wire -- http-outgoing-2 << "            "nome": "
21:37:04.210 [main] DEBUG org.apache.http.wire -- http-outgoing-2 << ""Unique",[\n]"
21:37:04.210 [main] DEBUG org.apache.http.wire -- http-outgoing-2 << "            "email": "Mercedes_Kihn80@teste.com",[\n]"
21:37:04.210 [main] DEBUG org.apache.http.wire -- http-outgoing-2 << "            "password": "testSN",[\n]"
21:37:04.210 [main] DEBUG org.apache.http.wire -- http-outgoing-2 << "            "administrador": "true",[\n]"
21:37:04.210 [main] DEBUG org.apache.http.wire -- http-outgoing-2 << "            "_id": "zCaLi5vuGEpEY3yu"[\n]"
21:37:04.210 [main] DEBUG org.apache.http.wire -- http-outgoing-2 << "        },[\n]"
21:37:04.210 [main] DEBUG org.apache.http.wire -- http-outgoing-2 << "        {[\n]"
21:37:04.210 [main] DEBUG org.apache.http.wire -- http-outgoing-2 << "            "nome": "Usu[0xc3][0xa1]rio Teste API",[\n]"
21:37:04.210 [main] DEBUG org.apache.http.wire -- http-outgoing-2 << "            "password": "123456",[\n]"
21:37:04.210 [main] DEBUG org.apache.http.wire -- http-outgoing-2 << "            "administrador": "true",[\n]"
21:37:04.210 [main] DEBUG org.apache.http.wire -- http-outgoing-2 << "            "email": "user_1752600029955@mail.com",[\n]"
21:37:04.210 [main] DEBUG org.apache.http.wire -- http-outgoing-2 << "            "_id": "zEE2fP6EUUc6MzGr"[\n]"
21:37:04.210 [main] DEBUG org.apache.http.wire -- http-outgoing-2 << "        },[\n]"
21:37:04.210 [main] DEBUG org.apache.http.wire -- http-outgoing-2 << "        {[\n]"
21:37:04.210 [main] DEBUG org.apache.http.wire -- http-outgoing-2 << "            "nome": "Usuario Teste",[\n]"
21:37:04.210 [main] DEBUG org.apache.http.wire -- http-outgoing-2 << "            "email": "testevai@bol.com.br",[\n]"
21:37:04.210 [main] DEBUG org.apache.http.wire -- http-outgoing-2 << "            "password": "senha123453123",[\n]"
21:37:04.210 [main] DEBUG org.apache.http.wire -- http-outgoing-2 << "            "administrador": "false",[\n]"
21:37:04.210 [main] DEBUG org.apache.http.wire -- http-outgoing-2 << "            "_id": "zNsyBqmN9Yhpgnus"[\n]"
21:37:04.210 [main] DEBUG org.apache.http.wire -- http-outgoing-2 << "        },[\n]"
21:37:04.210 [main] DEBUG org.apache.http.wire -- http-outgoing-2 << "        {[\n]"
21:37:04.210 [main] DEBUG org.apache.http.wire -- http-outgoing-2 << "            "nome": "Manoel da Silva",[\n]"
21:37:04.210 [main] DEBUG org.apache.http.wire -- http-outgoing-2 << "            "email": "ms@gmail.com",[\n]"
21:37:04.210 [main] DEBUG org.apache.http.wire -- http-outgoing-2 << "            "password": "teste",[\n]"
21:37:04.210 [main] DEBUG org.apache.http.wire -- http-outgoing-2 << "            "administrador": "true",[\n]"
21:37:04.210 [main] DEBUG org.apache.http.wire -- http-outgoing-2 << "            "_id": "zQIZCeoqeYvmAkjx"[\n]"
21:37:04.210 [main] DEBUG org.apache.http.wire -- http-outgoing-2 << "        },[\n]"
21:37:04.210 [main] DEBUG org.apache.http.wire -- http-outgoing-2 << "        {[\n]"
21:37:04.210 [main] DEBUG org.apache.http.wire -- http-outgoing-2 << "            "nome": "Samuel Aparecida",[\n]"
21:37:04.210 [main] DEBUG org.apache.http.wire -- http-outgoing-2 << "            "email": "samuel_aparecida@xpto.com",[\n]"
21:37:04.210 [main] DEBUG org.apache.http.wire -- http-outgoing-2 << "            "password": "@V*66B%fDb",[\n]"
21:37:04.210 [main] DEBUG org.apache.http.wire -- http-outgoing-2 << "            "administrador": "false",[\n]"
21:37:04.210 [main] DEBUG org.apache.http.wire -- http-outgoing-2 << "            "_id": "
21:37:04.210 [main] DEBUG org.apache.http.wire -- http-outgoing-2 << ""zhg4fIMHe3nwP2IS"[\n]"
21:37:04.210 [main] DEBUG org.apache.http.wire -- http-outgoing-2 << "        },[\n]"
21:37:04.210 [main] DEBUG org.apache.http.wire -- http-outgoing-2 << "        {[\n]"
21:37:04.210 [main] DEBUG org.apache.http.wire -- http-outgoing-2 << "            "nome": "Usu[0xc3][0xa1]rio Teste API",[\n]"
21:37:04.210 [main] DEBUG org.apache.http.wire -- http-outgoing-2 << "            "password": "123456",[\n]"
21:37:04.210 [main] DEBUG org.apache.http.wire -- http-outgoing-2 << "            "administrador": "true",[\n]"
21:37:04.210 [main] DEBUG org.apache.http.wire -- http-outgoing-2 << "            "email": "user_1752600172723@mail.com",[\n]"
21:37:04.210 [main] DEBUG org.apache.http.wire -- http-outgoing-2 << "            "_id": "zog4S1O8bITm85hg"[\n]"
21:37:04.210 [main] DEBUG org.apache.http.wire -- http-outgoing-2 << "        }[\n]"
21:37:04.210 [main] DEBUG org.apache.http.wire -- http-outgoing-2 << "    ][\n]"
21:37:04.210 [main] DEBUG org.apache.http.wire -- http-outgoing-2 << "}"
21:37:04.211 [main] DEBUG org.apache.http.impl.conn.PoolingHttpClientConnectionManager -- Connection [id: 2][route: {s}->https://serverest.dev:443] can be kept alive indefinitely
21:37:04.211 [main] DEBUG org.apache.http.impl.conn.DefaultManagedHttpClientConnection -- http-outgoing-2: set socket timeout to 0
21:37:04.211 [main] DEBUG org.apache.http.impl.conn.PoolingHttpClientConnectionManager -- Connection released: [id: 2][route: {s}->https://serverest.dev:443][total available: 1; route allocated: 1 of 5; total allocated: 1 of 10]
21:37:04.211 [main] DEBUG org.apache.http.impl.conn.PoolingHttpClientConnectionManager -- Connection manager is shutting down
21:37:04.211 [main] DEBUG org.apache.http.impl.conn.DefaultManagedHttpClientConnection -- http-outgoing-2: Close connection
21:37:04.211 [main] DEBUG org.apache.http.impl.conn.PoolingHttpClientConnectionManager -- Connection manager shut down
21:37:04.211 [main] DEBUG com.intuit.karate -- response time in milliseconds: 578
1 < 200
1 < access-control-allow-origin: *
1 < x-dns-prefetch-control: off
1 < x-frame-options: SAMEORIGIN
1 < strict-transport-security: max-age=15552000; includeSubDomains
1 < x-download-options: noopen
1 < x-content-type-options: nosniff
1 < x-xss-protection: 1; mode=block
1 < content-type: application/json; charset=utf-8
1 < x-cloud-trace-context: 5f1d7c76d03b3295a6556120031c6c1b
1 < date: Wed, 16 Jul 2025 02:37:04 GMT
1 < server: Google Frontend
1 < Content-Length: 83204
{
    "quantidade": 383,
    "usuarios": [
        {
            "nome": "Loma",
            "email": "Sabrina.Skiles44@teste.com",
            "password": "testZm",
            "administrador": "true",
            "_id": "07xlVXcvfTz3LftP"
        },
        {
            "nome": "Jeromy",
            "email": "Tod.Gorczany89@example.com",
            "password": "testC8",
            "administrador": "true",
            "_id": "0CDIacy23THRsOL6"
        },
        {
            "nome": "victor siq",
            "email": "victor.1752629283076@teste.com",
            "password": "victor1234",
            "administrador": "false",
            "_id": "0UrFEDA8bpNb23g1"
        },
        {
            "nome": "Jailyn",
            "email": "Erika.Herzog14@teste.com",
            "password": "testrL",
            "administrador": "true",
            "_id": "0VU0IfNDipbGlH6M"
        },
        {
            "nome": "Usuário Teste API",
            "password": "123456",
            "administrador": "true",
            "email": "user_1752600154231@mail.com",
            "_id": "0X0BWWObWzieAN1G"
        },
        {
            "nome": "Biel",
            "email": "enzogabriel11003@gmail.com",
            "password": "teste",
            "administrador": "true",
            "_id": "0ZMG5Tmb1nYowRnr"
        },
        {
            "nome": "Hassie",
            "email": "Casper_Gleichner92@teste.com",
            "password": "test6g",
            "administrador": "true",
            "_id": "0hzBoeiCOduXuVs4"
        },
        {
            "nome": "Fulano da Silva",
            "email": "user_2025-07-15T213604867677@qa.com.br",
            "password": "teste",
            "administrador": "true",
            "_id": "0uxuPY0cbmQhpEz1"
        },
        {
            "nome": "Anthony Lima",
            "email": "anthony_lima@xpto.com",
            "password": "6*Q7XExP(R",
            "administrador": "false",
            "_id": "0xE35Ft4g74qP0tV"
        },
        {
            "nome": "Everette",
            "email": "Elbert9@teste.com",
            "password": "testr3",
            "administrador": "true",
            "_id": "10mIprIIPgxVyrrT"
        },
        {
            "nome": "Administrador Teste",
            "email": "admin.teste.1752601484798@teste.com",
            "password": "senha123",
            "administrador": "true",
            "_id": "11uh75oXJVSKs7q3"
        },
        {
            "nome": "Fulano da Silva",
            "email": "beltranoas_qa13_undefined@qa.com.br",
            "password": "teste",
            "administrador": "true",
            "_id": "14M4y99jvpeUx7xS"
        },
        {
            "nome": "Clementina",
            "email": "Clementina75@hotmail.com",
            "password": "teste",
            "administrador": "true",
            "_id": "1FuhUayoE7RYR7C7"
        },
        {
            "nome": "Fulano da Silva",
            "email": "beltranoas_qa12_#{karate.timestamp}@qa.com.br",
            "password": "teste",
            "administrador": "true",
            "_id": "1JdOETbzN7UM2b2B"
        },
        {
            "nome": "Novo Usuario",
            "email": "novoemail@qa.com.br",
            "password": "123456",
            "administrador": "false",
            "_id": "1L5uuWRQfG6c7zlP"
        },
        {
            "nome": "Pat",
            "email": "Dandre_Parker@teste.com",
            "password": "testtF",
            "administrador": "true",
            "_id": "28oKijyEYLBbeImb"
        },
        {
            "nome": "Ayla Abreu",
            "email": "ayla_abreu@xpto.com",
            "password": "2zpJTJjs!1",
            "administrador": "false",
            "_id": "2CiQvAakF5KxTbpl"
        },
        {
            "nome": "Alfred1752592641850",
            "email": "alfred_1752447355950@gmail.com",
            "password": "123456",
            "administrador": "false",
            "_id": "2Du7JEk3UJ5bv1lL"
        },
        {
            "nome": "Lívia Montenegro",
            "email": "lívia_montenegro@xpto.com",
            "password": "!&Z_0M9tWr",
            "administrador": "false",
            "_id": "2PfpudB3RgvIXIGO"
        },
        {
            "nome": "Calebe Vasconcelos",
            "email": "calebe_vasconcelos@xpto.com",
            "password": "(37m5XiyCv",
            "administrador": "false",
            "_id": "2bqtExftAGTqozLm"
        },
        {
            "nome": "Maximilian",
            "email": "Eriberto_Jacobs@teste.com",
            "password": "testkp",
            "administrador": "true",
            "_id": "2j6eM9p2RVEaV4V5"
        },
        {
            "nome": "Madelynn",
            "email": "Madelynn51@gmail.com",
            "password": "teste",
            "administrador": "true",
            "_id": "2tEjkfgKFl2zubfC"
        },
        {
            "nome": "Mariane Novaes",
            "email": "mariane_novaes@xpto.com",
            "password": "^6JuWku3^%",
            "administrador": "false",
            "_id": "2tdCuajwSkecBCzs"
        },
        {
            "administrador": "true",
            "email": "shawnee.mcclure@yahoo.com",
            "nome": "Arnette Deckow",
            "password": "password",
            "_id": "3BjniMJzp7uAz21L"
        },
        {
            "nome": "pedro henrique",
            "email": "Henriquesjorge@gmail.com",
            "password": "123456",
            "administrador": "true",
            "_id": "3EcT3iOT26roDtKw"
        },
        {
            "nome": "Fulano da Silva",
            "email": "mmw@gmail.com",
            "password": "teste",
            "administrador": "true",
            "_id": "3PjbSifxXKrnlXlh"
        },
        {
            "nome": "Fulano da Silva",
            "email": "beltranoas_qa9_#{karate.timestamp}@qa.com.br",
            "password": "teste",
            "administrador": "true",
            "_id": "3Y7R1r1iXilpZ67r"
        },
        {
            "nome": "Alfred1752592756196",
            "email": "alfred_1752592756196@gmail.com",
            "password": "123456",
            "administrador": "false",
            "_id": "41DTn2hRQNQQlhW7"
        },
        {
            "nome": "pedro henriqu",
            "email": "er@gmail.com",
            "password": "34567",
            "administrador": "true",
            "_id": "41HvKKRgf9lKRZyh"
        },
        {
            "nome": "LeandroQA",
            "email": "leandro@qa.com.br",
            "password": "teste1234",
            "administrador": "true",
            "_id": "44HAeE9wqm2hz9gN"
        },
        {
            "nome": "Usuário Teste API",
            "password": "123456",
            "administrador": "true",
            "email": "login_1752600032000@mail.com",
            "_id": "44VPTYzuaY9PKbla"
        },
        {
            "nome": "Alexa",
            "email": "Noah41@gmail.com",
            "password": "Ir9Ubpnj9w1D2pK",
            "administrador": "false",
            "_id": "4D4gVrvPqZTafM2K"
        },
        {
            "nome": "Fulano da Silva",
            "email": "beltranoas_qa_#{karate.timestamp}@qa.com.br",
            "password": "teste",
            "administrador": "true",
            "_id": "4MSpSfhqJ56K7BDq"
        },
        {
            "nome": "victor siq",
            "email": "victor.1752632243489@teste.com",
            "password": "victor1234",
            "administrador": "false",
            "_id": "4ReVuAfxPwgcGZu3"
        },
        {
            "nome": "Adelbert",
            "email": "Adelbert_Brakus@gmail.com",
            "password": "teste",
            "administrador": "true",
            "_id": "4WjoMwB76iHi0vGr"
        },
        {
            "nome": "Wyatt",
            "email": "Wyatt_Willms@yahoo.com",
            "password": "teste",
            "administrador": "true",
            "_id": "4zogaSTqX6RlmB4W"
        },
        {
            "nome": "Matheus Vieira",
            "email": "matheus_vieira@xpto.com",
            "password": ")w5oP$2l8w",
            "administrador": "false",
            "_id": "50u3eykDdQJyjjRU"
        },
        {
            "nome": "Davi castro moreira",
            "email": "henriquesbruno@gmail.com",
            "password": "01050200zdk.",
            "administrador": "true",
            "_id": "513Ta1TofSVc6g59"
        },
        {
            "nome": "Bina",
            "email": "Bina@gmail.com",
            "password": "Uvapassa134",
            "administrador": "true",
            "_id": "5D7iPhvr58TdTrR8"
        },
        {
            "nome": "Fulano da Silva",
            "email": "cascas@qas.com.br",
            "password": "teste",
            "administrador": "true",
            "_id": "5LhsyFUOrODPKcOu"
        },
        {
            "administrador": "true",
            "email": "kermit.dubuque@gmail.com",
            "nome": "Dwight Connelly Sr.",
            "password": "password",
            "_id": "5Vugn8gsMUllr0Ct"
        },
        {
            "nome": "Alfred1752593524547",
            "email": "alfred_1752593524547@gmail.com",
            "password": "123456",
            "administrador": "false",
            "_id": "5XTL3WhBaAK7kCDh"
        },
        {
            "nome": "Usuário Teste API",
            "password": "123456",
            "administrador": "true",
            "email": "senhaerrada_1752600125536@mail.com",
            "_id": "5jlb3nELY78ULDi5"
        },
        {
            "nome": "alexson",
            "email": "alexson@gmail.com.br",
            "password": "teste",
            "administrador": "true",
            "_id": "5oeaVXgm6y0oojaq"
        },
        {
            "nome": "Nicollas josé",
            "email": "eric@gmail.com",
            "password": "34567",
            "administrador": "true",
            "_id": "60tsYd8NYkuMLENh"
        },
        {
            "nome": "Fulano",
            "email": "cachorrofake@gmail.com",
            "password": "123456789",
            "administrador": "true",
            "_id": "63xD3XAfztN01ZkN"
        },
        {
            "nome": "O Prof é demais da Silva",
            "email": "gabrielconceicaonascimentoenzo@gmail.com",
            "password": "123",
            "administrador": "true",
            "_id": "6ABwnStk6l8aBerl"
        },
        {
            "nome": "Usuário Teste API",
            "password": "123456",
            "administrador": "true",
            "email": "login_1752600370232@mail.com",
            "_id": "6K2aABa1DUjbfzXv"
        },
        {
            "nome": "Barney",
            "email": "Isobel.Abbott2@teste.com",
            "password": "testkR",
            "administrador": "true",
            "_id": "6Kiv87ArbPnbkB1S"
        },
        {
            "nome": "Judge",
            "email": "Angelo29@teste.com",
            "password": "test2I",
            "administrador": "true",
            "_id": "6LccbyywlxIvRr0M"
        },
        {
            "nome": "victor siq",
            "email": "victor.1752631772392@teste.com",
            "password": "victor1234",
            "administrador": "false",
            "_id": "6NpTJPCEtvFBtj5o"
        },
        {
            "nome": "Joana Silva",
            "email": "sda@sda.com.br",
            "password": "teste",
            "administrador": "true",
            "_id": "6UhFLgZtDHfSGLgi"
        },
        {
            "nome": "victor siq",
            "email": "victor.1752629308029@teste.com",
            "password": "victor1234",
            "administrador": "false",
            "_id": "6lfBFI1uPBNoHdRo"
        },
        {
            "nome": "matheus",
            "email": "matheusdiasdroidap54@gmail.com",
            "password": "Bolsonaro2026",
            "administrador": "false",
            "_id": "72q08HpRDxzw6GoI"
        },
        {
            "nome": "Mateus Pastor",
            "email": "mateus_pastor@xpto.com",
            "password": "31dMLeoZ)c",
            "administrador": "false",
            "_id": "72y46UVUQVNaZObm"
        },
        {
            "nome": "Kenna_Considine54",
            "email": "contato@registrado.com",
            "password": "9Y1lTQVCheu46AN",
            "administrador": "true",
            "_id": "7735qLqOsZQC8uI7"
        },
        {
            "nome": "Arvilla",
            "email": "Joesph_Sauer80@teste.com",
            "password": "testZB",
            "administrador": "true",
            "_id": "7F42iWoZ9DaiyROy"
        },
        {
            "nome": "Guadalupe Batz",
            "email": "guadalupebatz@test.com",
            "password": "Test;123",
            "administrador": "true",
            "_id": "7a0ONcHtanAnBz7u"
        },
        {
            "nome": "Catarina Barbosa",
            "email": "catarina_barbosa@xpto.com",
            "password": "x&1j7T4m)&",
            "administrador": "false",
            "_id": "7dZbkdsrvBP0NCr1"
        },
        {
            "nome": "Clark",
            "email": "eunaosouosuperman@gmail.com",
            "password": "superhomem12345",
            "administrador": "true",
            "_id": "7jnHLUtroj8OaYoP"
        },
        {
            "nome": "Eu QA Luan Martins",
            "email": "eu-qa@eqa.com.br",
            "password": "teste",
            "administrador": "true",
            "_id": "7uBKoCFLkEYREIlt"
        },
        {
            "nome": "Fulano da Silva",
            "email": "usere00044c6@gmail.com",
            "password": "teste",
            "administrador": "true",
            "_id": "7waM9p8hhSaOpai4"
        },
        {
            "nome": "Sydnee",
            "email": "Hailey_Kunze@example.com",
            "password": "testCc",
            "administrador": "true",
            "_id": "807kAYQ5gEzsXYN2"
        },
        {
            "nome": "Novo Usuario",
            "email": "user_2025-07-15T2131194211342@qa.com.br",
            "password": "123456",
            "administrador": "false",
            "_id": "81IXZBFWyfdCGdhq"
        },
        {
            "nome": "Alfred1752594098619",
            "email": "alfred_1752594098619@gmail.com",
            "password": "123456",
            "administrador": "false",
            "_id": "81MltAnU1I9GMKgz"
        },
        {
            "nome": "Vergil",
            "email": "Vergilconta@gmail.com",
            "password": "123456789",
            "administrador": "true",
            "_id": "83BQczyRik1zTFYt"
        },
        {
            "nome": "Matheus",
            "email": "emailtestetestando@gmail.com",
            "password": "{testemaneiro}",
            "administrador": "true",
            "_id": "8AtKfMFslsMCyNIN"
        },
        {
            "nome": "Fulano",
            "email": "EMAIL=ecdm@qa.com",
            "password": "teste",
            "administrador": "true",
            "_id": "8Ft5xnttGpegFXnc"
        },
        {
            "nome": "Dante Melo",
            "email": "dante_melo@xpto.com",
            "password": "$_ih0IMxOt",
            "administrador": "false",
            "_id": "8LCs59Jw6KhnIXSO"
        },
        {
            "nome": "Lucious68",
            "email": "Lucy.Stehr43@yahoo.com",
            "password": "U88rpDGijCWPqzx",
            "administrador": "true",
            "_id": "8ggs3kp3ne2pHR8U"
        },
        {
            "nome": "Raquel Machado",
            "email": "raquel_machado@xpto.com",
            "password": "zyrN9FIu%L",
            "administrador": "false",
            "_id": "8jkRnCQfQpD4OhVW"
        },
        {
            "nome": "Thiago Tavares_2",
            "email": "thiagarauj021@gmail.com",
            "password": "<oMeiaUm61>",
            "administrador": "true",
            "_id": "8uM71oHR3MDitwhS"
        },
        {
            "nome": "Usuário Teste API",
            "password": "123456",
            "administrador": "true",
            "email": "user_1752600225123@mail.com",
            "_id": "94rYtoMRr2pKmh13"
        },
        {
            "nome": "Fulano da Silva",
            "email": "beltranoas_qa11_undefined@qa.com.br",
            "password": "teste",
            "administrador": "true",
            "_id": "9NEQRSyJu5V7hEpd"
        },
        {
            "nome": "User Number 7278",
            "email": "name.7278@qa.com",
            "password": "teste",
            "administrador": "true",
            "_id": "9T8WZmHONNCyi0ho"
        },
        {
            "nome": "Nome do Usuário",
            "email": "email4241@bol.com.br",
            "password": "senha123",
            "administrador": "false",
            "_id": "9jZPoPDVNKQFptgP"
        },
        {
            "nome": "Fulano da Silva mendes gonçalves",
            "email": "beltrano12345@qa.com.br",
            "password": "teste",
            "administrador": "true",
            "_id": "9rpSeY3lbKDfKLaT"
        },
        {
            "nome": "Alícia Cavalcanti",
            "email": "alícia_cavalcanti@xpto.com",
            "password": "_yGuKue3)4",
            "administrador": "false",
            "_id": "9yhdlfxOZH6tBd2t"
        },
        {
            "nome": "QA tester",
            "email": "usuario35@qa.com.br",
            "password": "teste",
            "administrador": "false",
            "_id": "A0Lenqlava9B7sR2"
        },
        {
            "nome": "Usuário Teste API",
            "password": "123456",
            "administrador": "true",
            "email": "user_1752600368549@mail.com",
            "_id": "AFPddA5Ezt7pvXvF"
        },
        {
            "nome": "Usuário Teste API",
            "password": "123456",
            "administrador": "true",
            "email": "login_1752600174660@mail.com",
            "_id": "B29ZK8MKualKykie"
        },
        {
            "nome": "Fulano da Silva",
            "email": "beltrano@qaaaa.com.br",
            "password": "teste1",
            "administrador": "true",
            "_id": "B5dXi8PoxYzsxGX3"
        },
        {
            "nome": "Sabrina",
            "email": "Sabrina@qa.com.br",
            "password": "12345",
            "administrador": "true",
            "_id": "BGupKBbe7UUNU6wp"
        },
        {
            "nome": "Bryan Costela",
            "email": "bryan_costela@xpto.com",
            "password": "g1dR3umj+q",
            "administrador": "false",
            "_id": "BWKarUpSr1uV1Rip"
        },
        {
            "nome": "Usuário Teste API",
            "password": "123456",
            "administrador": "true",
            "email": "user_1752600153698@mail.com",
            "_id": "BrMMkKOPQFEB7I58"
        },
        {
            "nome": " neymar ",
            "email": "mathsudiasdroidap54@gmail.com.br",
            "password": "Bolsonaro2026",
            "administrador": "true",
            "_id": "BrcyzbhzOMG77NMO"
        },
        {
            "nome": "Usuario Teste",
            "email": "Testeas123@bol.com.br",
            "password": "senha123453123",
            "administrador": "false",
            "_id": "C1UWw232Y1mUtePt"
        },
        {
            "nome": "matheus",
            "email": "eversonloud@gmail.com.br",
            "password": "12345",
            "administrador": "true",
            "_id": "C20H0iHa0MImPEvB"
        },
        {
            "nome": "pedro henrique",
            "email": "eri@gmail.com",
            "password": "34567",
            "administrador": "true",
            "_id": "CGwnK6A3D0n14Hx5"
        },
        {
            "nome": "Usuário Teste API",
            "password": "123456",
            "administrador": "true",
            "email": "login_1752600226728@mail.com",
            "_id": "CWkmp8l9nHquLs4d"
        },
        {
            "nome": "Usuário Teste API",
            "password": "123456",
            "administrador": "true",
            "email": "user_1752600518025@mail.com",
            "_id": "CYcCjCApXuw7yDLK"
        },
        {
            "nome": "Blanche",
            "email": "Blanche28@yahoo.com",
            "password": "teste",
            "administrador": "true",
            "_id": "Co5lqtTZu5TViqT6"
        },
        {
            "nome": "Fulano da Silva",
            "email": "umkv@emailteste.com",
            "password": "1234",
            "administrador": "true",
            "_id": "Cq87BpdHIdKw9GbX"
        },
        {
            "nome": "Caio Fernandes",
            "email": "caio_fernandes@xpto.com",
            "password": "(cEw5^Hzf4",
            "administrador": "false",
            "_id": "DB2e5dJe4ddyBDMB"
        },
        {
            "nome": "victor siq",
            "email": "victor.1752631094175@teste.com",
            "password": "victor1234",
            "administrador": "false",
            "_id": "DKvhXlcwmWom8U1v"
        },
        {
            "nome": "Icie",
            "email": "Madonna_McKenzie42@teste.com",
            "password": "testYa",
            "administrador": "true",
            "_id": "DOpX486pVgg9UzM5"
        },
        {
            "nome": "Fulano da Silva",
            "email": "fulanodasilva1@qa.com.br",
            "password": "teste",
            "administrador": "true",
            "_id": "DTwDlWFIFtDfhoYA"
        },
        {
            "nome": "Isabela Montenegro",
            "email": "isabela_montenegro@xpto.com",
            "password": "l8u00IW#&v",
            "administrador": "false",
            "_id": "DanQC3eKS2ZAXlhv"
        },
        {
            "nome": "Braeden",
            "email": "Frederique88@teste.com",
            "password": "test1J",
            "administrador": "true",
            "_id": "Dbx3Ok3et9x0QpPX"
        },
        {
            "nome": "Fulano da Silva",
            "email": "nlyx@emailteste.com",
            "password": "1234",
            "administrador": "true",
            "_id": "EBsXHPZ5KuHwZymJ"
        },
        {
            "nome": "Usuário Teste API",
            "password": "123456",
            "administrador": "true",
            "email": "login_1752600485979@mail.com",
            "_id": "EDNEK8Yq1mUmUxJq"
        },
        {
            "nome": "Vicente",
            "email": "Vicente_Gleason66@hotmail.com",
            "password": "teste",
            "administrador": "true",
            "_id": "EScfGVx8ODMDcqdp"
        },
        {
            "nome": "Daniel Duarte",
            "email": "daniel_duarte@xpto.com",
            "password": "s!kMI*LB_3",
            "administrador": "false",
            "_id": "ETWOmYaZc78nEmPO"
        },
        {
            "nome": "Wilbert",
            "email": "micah.davis@hotmail.com",
            "password": "2s2jvjexpd6zl37",
            "administrador": "true",
            "_id": "EWUe77rHQ0YbCj0U"
        },
        {
            "nome": "victor siq",
            "email": "victor.1752629045312@teste.com",
            "password": "victor1234",
            "administrador": "false",
            "_id": "Eu34M5eUJ2I42zXs"
        },
        {
            "nome": "Fulano da Silva",
            "email": "useree4d435f@gmail.com",
            "password": "teste",
            "administrador": "true",
            "_id": "EuGW5dJZyb84RlYt"
        },
        {
            "nome": "Naofumi",
            "email": "Naofumiconta@gmail.com",
            "password": "123456789",
            "administrador": "true",
            "_id": "EuWtpF2qaNmeGN4l"
        },
        {
            "nome": "Usuário Teste API",
            "password": "123456",
            "administrador": "true",
            "email": "login_1752600124913@mail.com",
            "_id": "FJgWKj3jYTbfnhTo"
        },
        {
            "nome": "Devante",
            "email": "Devante_OReilly29@yahoo.com",
            "password": "teste",
            "administrador": "true",
            "_id": "FOcpSsPFkt8gGMSD"
        },
        {
            "nome": " Helena Clara",
            "email": "Helenaclara@gmail.com",
            "password": "123456",
            "administrador": "true",
            "_id": "FU8o7sB1eKhu6CJa"
        },
        {
            "nome": "Lyda",
            "email": "Brittany_Metz@teste.com",
            "password": "testmy",
            "administrador": "true",
            "_id": "GJwVbKoMfPKkHVR4"
        },
        {
            "nome": "Felipe Moreira",
            "email": "felipe_moreira@xpto.com",
            "password": "Pm0ImWh8F&",
            "administrador": "false",
            "_id": "GXLxGadeBJcIvLjg"
        },
        {
            "nome": "Sabrina Fernandes",
            "email": "Sabrina.F@gmail.com",
            "password": "134340",
            "administrador": "true",
            "_id": "GftakagfvEkr4gMa"
        },
        {
            "nome": "Usuario Teste",
            "email": "emailteste123@bol.com.br",
            "password": "senha123453123",
            "administrador": "false",
            "_id": "Ghq8yRJGdJUBQzAv"
        },
        {
            "nome": "Hadassa Monteiro",
            "email": "hadassa_monteiro@xpto.com",
            "password": "+6mFXyvnTY",
            "administrador": "false",
            "_id": "GvSc6jYR5sfziV9r"
        },
        {
            "nome": "Giovanna Vieira",
            "email": "giovanna_vieira@xpto.com",
            "password": "Xa7B0WbD(s",
            "administrador": "false",
            "_id": "Gy9tdHyAkmiiV5Xv"
        },
        {
            "nome": "Fulano da Silva",
            "email": "qapp@emailteste.com",
            "password": "1234",
            "administrador": "true",
            "_id": "H8FmB7EGWCfoZydv"
        },
        {
            "nome": "Joana Silva",
            "email": "sda@sdax.com.br",
            "password": "teste",
            "administrador": "true",
            "_id": "HVJook4MarQvK8WW"
        },
        {
            "nome": "Usuário Teste API",
            "password": "123456",
            "administrador": "true",
            "email": "login_1752600519976@mail.com",
            "_id": "HcuPYj8SuLKVOYOl"
        },
        {
            "nome": "User Number 5595",
            "email": "name.5595@qa.com",
            "password": "teste",
            "administrador": "true",
            "_id": "HgggUYwK4nlnXe36"
        },
        {
            "nome": "Usuário Teste API",
            "password": "123456",
            "administrador": "true",
            "email": "senhaerrada_1752600204183@mail.com",
            "_id": "Hv8HZcmvaGhhSeiL"
        },
        {
            "nome": "Merl",
            "email": "Adelle.Legros@teste.com",
            "password": "testcE",
            "administrador": "true",
            "_id": "IBEHNdj7RXL1WdVi"
        },
        {
            "password": "seiyaSempreApanha123",
            "administrador": "true",
            "nome": "seiya sempre apanhando",
            "email": "saint@seiya.com",
            "_id": "J0TI64hhjTrZUc9i"
        },
        {
            "nome": "ronaldo da Silva",
            "email": "ronaldinho@qa.com.br",
            "password": "teste",
            "administrador": "true",
            "_id": "J247qF52zD6yXuir"
        },
        {
            "nome": "LulaGameplay",
            "email": "beltranoboqdga@gmail.com",
            "password": "batata",
            "administrador": "true",
            "_id": "JHAMt8QraeGwRf2u"
        },
        {
            "nome": "Thiago Barros",
            "email": "thiago_barros@xpto.com",
            "password": ")j8TOHVlu3",
            "administrador": "false",
            "_id": "JQQCkqQVkPTfRseA"
        },
        {
            "nome": "Fulano da Silva",
            "email": "emaixxl@email.com.br",
            "password": "teste",
            "administrador": "true",
            "_id": "JlK4C38ZVE3l85oD"
        },
        {
            "nome": "Sabrina",
            "email": "Sabrina@gmail.com",
            "password": "134340",
            "administrador": "true",
            "_id": "KBruI0ROy8ilnPGg"
        },
        {
            "nome": "Usuário Teste API",
            "password": "123456",
            "administrador": "true",
            "email": "user_1752600483940@mail.com",
            "_id": "KHva4lBjijdjWs77"
        },
        {
            "nome": "Usuário Teste API",
            "password": "123456",
            "administrador": "true",
            "email": "user_1752600225564@mail.com",
            "_id": "KSvsD5Wj0mpN4lWV"
        },
        {
            "nome": "Mariane Almeida",
            "email": "mariane_almeida@xpto.com",
            "password": "e5#7ZMVzys",
            "administrador": "false",
            "_id": "KZXGNwK2ewAiVHh3"
        },
        {
            "nome": "Yasmin Sousa",
            "email": "yasmin_sousa@xpto.com",
            "password": ")7TJeU#ilK",
            "administrador": "false",
            "_id": "Kbrkr7GZUSjl70SQ"
        },
        {
            "nome": "Usuário Teste API",
            "password": "123456",
            "administrador": "true",
            "email": "senhaerrada_1752600227373@mail.com",
            "_id": "L1B5ZmszWJy5CgJK"
        },
        {
            "nome": "LulaGameplay",
            "email": "beltranoboeoeoqdga@gmail.com",
            "password": "batata",
            "administrador": "true",
            "_id": "L6qc1npXoZsKGbDt"
        },
        {
            "nome": "testingON 10",
            "email": "tON10@qa.com.br",
            "password": "teste",
            "administrador": "true",
            "_id": "L8ZczU74EiT3NeEW"
        },
        {
            "nome": "Usuário Teste API",
            "password": "123456",
            "administrador": "true",
            "email": "user_1752600369036@mail.com",
            "_id": "LDS8d5sZloP3mNuu"
        },
        {
            "nome": "Alfred1752593187910",
            "email": "alfred_1752593187910@gmail.com",
            "password": "123456",
            "administrador": "false",
            "_id": "LJd9gVCUKw2YR6OC"
        },
        {
            "nome": "Usuário Teste API",
            "password": "123456",
            "administrador": "true",
            "email": "user_1752600201590@mail.com",
            "_id": "LZvngtcPfe06JHob"
        },
        {
            "nome": "admin",
            "email": "laisa.silva2644@gmail.com",
            "password": "2202caio",
            "administrador": "true",
            "_id": "LebyMGjqDWzqrOrx"
        },
        {
            "nome": "Novo Usuario",
            "email": "user_2025-07-15T2118562057322@qa.com.br",
            "password": "123456",
            "administrador": "false",
            "_id": "LtYrorP17mK5vWrM"
        },
        {
            "nome": "Lunna Carvalho",
            "email": "lunna_carvalho@xpto.com",
            "password": "%bqO6LaSAF",
            "administrador": "false",
            "_id": "LujquXSPp8BT2g3i"
        },
        {
            "nome": "Sara Melo",
            "email": "sara_melo@xpto.com",
            "password": "eWr2eTmh#j",
            "administrador": "false",
            "_id": "M3jst2dNeL3ndJ9Q"
        },
        {
            "nome": "Usuario Existente",
            "email": "emailexistentedeqa126@qa.com.br",
            "password": "teste",
            "administrador": "true",
            "_id": "MWbexdU3hG6FwelI"
        },
        {
            "administrador": "true",
            "email": "reiload@gmail.com",
            "nome": "full_name",
            "password": "password",
            "_id": "MjHvf2dninbRltwE"
        },
        {
            "nome": "Usuário Teste API",
            "password": "123456",
            "administrador": "true",
            "email": "user_1752600123811@mail.com",
            "_id": "N3tWINgEAadCpSEU"
        },
        {
            "nome": "Usuário Teste API",
            "password": "123456",
            "administrador": "true",
            "email": "senhaerrada_1752600520627@mail.com",
            "_id": "N9Vav7y8xjbeOIP2"
        },
        {
            "nome": "Elyse",
            "email": "Clare.Mraz73@teste.com",
            "password": "testNN",
            "administrador": "true",
            "_id": "NAIaiBsG4gAualO5"
        },
        {
            "nome": "David castro moreira",
            "email": "Pablodasilva@gamil.com",
            "password": "56777",
            "administrador": "true",
            "_id": "NGa4E4DG75Mfjj6H"
        },
        {
            "nome": "David castro moreira",
            "email": "Pablodasila@gamil.com",
            "password": "56777",
            "administrador": "true",
            "_id": "NJVjbbYiT7gL4jQJ"
        },
        {
            "nome": "Raquel Aragão",
            "email": "raquel_aragão@xpto.com",
            "password": "+Ncu2QYr+j",
            "administrador": "false",
            "_id": "NLDUEit6jOw8uaXY"
        },
        {
            "nome": "Usuário Teste API",
            "password": "123456",
            "administrador": "true",
            "email": "user_1752600030839@mail.com",
            "_id": "NWF0qVon15L03OC4"
        },
        {
            "nome": "bruno da",
            "email": "beltrafhdfthno@gmail.com",
            "password": "1234",
            "administrador": "true",
            "_id": "NfowJvv4lDBXujWP"
        },
        {
            "nome": "Usuário Teste API",
            "password": "123456",
            "administrador": "true",
            "email": "user_1752600593074@mail.com",
            "_id": "NgzRSXVk5kGsoQRV"
        },
        {
            "nome": "Theo Pastor",
            "email": "theo_pastor@xpto.com",
            "password": "Z5*6oDaaM6",
            "administrador": "false",
            "_id": "NyVRBKCCEJisxbjs"
        },
        {
            "nome": "Emely.Kling7",
            "email": "Nina.Quigley37@yahoo.com",
            "password": "6ZQ36Q7fqHZJ2xx",
            "administrador": "true",
            "_id": "O9hxFVKM6JvQZXzl"
        },
        {
            "nome": "Antônio Cirino",
            "email": "antônio_cirino@xpto.com",
            "password": "!F291EOaJp",
            "administrador": "false",
            "_id": "OCIFHN9QYGo4znZz"
        },
        {
            "nome": "Giovanna Moura",
            "email": "giovanna_moura@xpto.com",
            "password": "38hJ0aao$+",
            "administrador": "false",
            "_id": "OGPmMHWn9tpByOQR"
        },
        {
            "nome": "Charles Hudson",
            "email": "charleshudson@test.com",
            "password": "Test;123",
            "administrador": "false",
            "_id": "OOq1dYnV7ufh5t2K"
        },
        {
            "nome": "Armando",
            "email": "emailteste@qa.com",
            "password": "testHM",
            "administrador": "true",
            "_id": "Ob76DHMSkQJZqdhS"
        },
        {
            "nome": "Gabriela Diane",
            "email": "Gabriela@qa.com.br",
            "password": "teste",
            "administrador": "true",
            "_id": "P9S53bQQAbIrxkKQ"
        },
        {
            "nome": "Jaquan.Nader4",
            "email": "River.Kuphal90@gmail.com",
            "password": "581056844",
            "administrador": "true",
            "_id": "PNJPK2qQuNPNCubW"
        },
        {
            "nome": "Seu nome",
            "email": "nome@bol.com.br",
            "password": "PAssword@123",
            "administrador": "false",
            "_id": "PZubGKiYNyUHvn5g"
        },
        {
            "nome": "Fulano da Silva",
            "email": "user_2025-07-15T213311391024@qa.com.br",
            "password": "teste",
            "administrador": "true",
            "_id": "PaMS7XtvmaAxstuQ"
        },
        {
            "nome": "Renan Silva",
            "email": "renansilva@serverest.dev",
            "password": "BA3B1b@A",
            "administrador": "true",
            "_id": "Pj3IiZSzoOjYnVMa"
        },
        {
            "nome": "Martina",
            "email": "Susan.Wehner7@teste.com",
            "password": "testhB",
            "administrador": "true",
            "_id": "Pujt53CVTF2IIXL6"
        },
        {
            "nome": "victor siq",
            "email": "victor.1752632226012@teste.com",
            "password": "victor1234",
            "administrador": "false",
            "_id": "Q2r8bjirYx7OxnJL"
        },
        {
            "nome": "Reese",
            "email": "Reese_Parker12@gmail.com",
            "password": "teste",
            "administrador": "true",
            "_id": "QBHlKzDQ4SebXFPk"
        },
        {
            "nome": "Fulano da Silva",
            "email": "beltranoas_qa4_#{karate.timestamp}@qa.com.br",
            "password": "teste",
            "administrador": "true",
            "_id": "QL4UW31Vc4XgUjr6"
        },
        {
            "nome": "Destiney",
            "email": "Pete.Runolfsdottir15@teste.com",
            "password": "testlS",
            "administrador": "true",
            "_id": "QUpDXv5b1OAAuYf2"
        },
        {
            "nome": "Edmund Kessler",
            "email": "edmundkessler@test.com",
            "password": "Test;123",
            "administrador": "true",
            "_id": "Qtd8BGHybWaR6AFA"
        },
        {
            "nome": "STELLAKNIGHT",
            "email": "tester@hotmail.com",
            "password": "1q2w3e",
            "administrador": "false",
            "_id": "QzGWumbyNkE3R8dk"
        },
        {
            "nome": "Usuario Teste",
            "email": "Teste1as3@bol.com.br",
            "password": "senha123453123",
            "administrador": "false",
            "_id": "QzzorZVualgbiZ5M"
        },
        {
            "nome": "victor siq",
            "email": "victor.1752631850288@teste.com",
            "password": "victor1234",
            "administrador": "false",
            "_id": "R3Zo4HKXvpMpxq5i"
        },
        {
            "nome": "Igor Cavalcante",
            "email": "igor_cavalcante@xpto.com",
            "password": "%r8WetL3PG",
            "administrador": "false",
            "_id": "RH49HYmzBsQRTUWm"
        },
        {
            "nome": "Naofumi",
            "email": "Naofumicontafake@gmail.com",
            "password": "123456789",
            "administrador": "true",
            "_id": "Rf1Xr9KDKw7fZkrJ"
        },
        {
            "nome": "Eu QA Luan Martins - TESTE",
            "email": "eu-qa-teste@eu-qa.com.br",
            "password": "teste2",
            "administrador": "false",
            "_id": "S5WaG8lRdLCbrURg"
        },
        {
            "nome": "Usuário Teste API",
            "password": "123456",
            "administrador": "true",
            "email": "login_1752600155435@mail.com",
            "_id": "S7URZn3F78R8pm7p"
        },
        {
            "nome": "bruno da Cost4",
            "email": "beltrafhdfthn0oo@gmail.com",
            "password": "1234",
            "administrador": "true",
            "_id": "S8SCPLqjQmaLpY2z"
        },
        {
            "nome": "Usuário Teste API",
            "password": "123456",
            "administrador": "true",
            "email": "user_1752600616406@mail.com",
            "_id": "SDHiHc39f98GX9Wt"
        },
        {
            "nome": "Nelson",
            "email": "earline.yost@yahoo.com",
            "password": "0b50xorbe3",
            "administrador": "true",
            "_id": "SNt8F0cDA0eHdyEN"
        },
        {
            "nome": "Fulano da Silva",
            "email": "gui939@gmail.com",
            "password": "lalala",
            "administrador": "true",
            "_id": "SPW5DuksqLXNrURW"
        },
        {
            "nome": "Dawid da Silva",
            "email": "dawid@qa.com.br",
            "password": "teste",
            "administrador": "true",
            "_id": "SZ050Z20IQct6rsW"
        },
        {
            "nome": "Teste Testador da Silva",
            "email": "massa_testes@testar.com.br",
            "password": "{{senha_teste}}",
            "administrador": "true",
            "_id": "SZqUUpc3uhKxcmkk"
        },
        {
            "nome": "QA tester",
            "email": "usuario329@qa.com.br",
            "password": "teste",
            "administrador": "false",
            "_id": "SdRC8QK2UeLLey6U"
        },
        {
            "nome": "Davi castro moreira",
            "email": "henriquesbruno492@gmail.com",
            "password": "01050200zdk.",
            "administrador": "false",
            "_id": "SgvTWpQeGghOyWk3"
        },
        {
            "nome": "Luan Monteiro",
            "email": "luan_monteiro@xpto.com",
            "password": "Fub&MAPo(8",
            "administrador": "false",
            "_id": "Soj1XjbpgVfhy4wG"
        },
        {
            "nome": "angelina",
            "email": "angeliwww@gmail.com.br",
            "password": "ratatule",
            "administrador": "true",
            "_id": "TGT34o2z8lyhUlHK"
        },
        {
            "nome": "Usuario Teste",
            "email": "testeASvai@bol.com.br",
            "password": "senha123453123",
            "administrador": "false",
            "_id": "TUbUbrXwUAP2Kqsf"
        },
        {
            "nome": "Davion.Wolff83",
            "email": "Loren_Keebler@gmail.com",
            "password": "548104402",
            "administrador": "true",
            "_id": "TYgcamCIVE7lPbN3"
        },
        {
            "nome": "victor siq",
            "email": "victor.1752628905595@teste.com",
            "password": "victor1234",
            "administrador": "false",
            "_id": "TfpqzkV8HZ5Heoq2"
        },
        {
            "nome": "Usuario Teste",
            "email": "teste11234vai@bol.com.br",
            "password": "senha123453123",
            "administrador": "false",
            "_id": "TiG9Yds3c7LlYxdk"
        },
        {
            "nome": "LOLO_GAMES",
            "email": "lolo@gmail.com",
            "password": "lolo234",
            "administrador": "true",
            "_id": "TlsOPvR9L7iPJVXn"
        },
        {
            "nome": "Usuário Teste API",
            "password": "123456",
            "administrador": "true",
            "email": "user_1752600518770@mail.com",
            "_id": "U0ZoMyYI6z5rLVHz"
        },
        {
            "nome": "Claude",
            "email": "Claude_Olson-Connelly@gmail.com",
            "password": "teste",
            "administrador": "true",
            "_id": "U1Zh1veOML7t3Kyf"
        },
        {
            "nome": "Fulano da Silva",
            "email": "vydw@emailteste.com",
            "password": "1234",
            "administrador": "true",
            "_id": "U3akj6EHhwo4jcSd"
        },
        {
            "nome": "Fulano da Silva",
            "email": "marios@gmail.com",
            "password": "teste",
            "administrador": "true",
            "_id": "U6oSmRlDCMBGLVzN"
        },
        {
            "nome": "Cayla",
            "email": "Cayla_Howe-Johnson77@yahoo.com",
            "password": "teste",
            "administrador": "true",
            "_id": "UkfignKNJdTmiidb"
        },
        {
            "nome": "Usuário Teste API",
            "password": "123456",
            "administrador": "true",
            "email": "user_1752600202334@mail.com",
            "_id": "UlFjx8kaaxcstqFh"
        },
        {
            "nome": "Fulano da Silva",
            "email": "beltranoas_qa2_#{karate.timestamp}@qa.com.br",
            "password": "teste",
            "administrador": "true",
            "_id": "V4TdoCgGW2X9d0si"
        },
        {
            "nome": "Novo Usuario",
            "email": "user_2025-07-15T2134354075402@qa.com.br",
            "password": "123456",
            "administrador": "false",
            "_id": "V6sav5aRdyIZy0PF"
        },
        {
            "nome": "Alfred1752592644409",
            "email": "alfred_1752592644409@gmail.com",
            "password": "123456",
            "administrador": "false",
            "_id": "VM6qCEpwzsnjPByj"
        },
        {
            "nome": "Aiyana",
            "email": "Jody.Rempel37@teste.com",
            "password": "testF_",
            "administrador": "true",
            "_id": "VRtMHZeRxC4o5LP9"
        },
        {
            "nome": "Alfred1752592758761",
            "email": "alfred_1752592758761@gmail.com",
            "password": "123456",
            "administrador": "false",
            "_id": "VetViFSfEXIcb2iR"
        },
        {
            "nome": "Son Goku",
            "email": "goku@qa.com.br",
            "password": "teste",
            "administrador": "true",
            "_id": "ViS6aVeCu67ZXRkI"
        },
        {
            "nome": "matheus dias",
            "email": "matheusdiasdroidap54@gmail.com.br",
            "password": "Bolsonaro2026",
            "administrador": "true",
            "_id": "VidA6lLUFoq4Tj1w"
        },
        {
            "nome": "Rosalia",
            "email": "Rosalia62@gmail.com",
            "password": "teste",
            "administrador": "true",
            "_id": "VnyMhmTaSliTFWXH"
        },
        {
            "nome": "ronaldo da Silva",
            "email": "ronaldofenomeno@qa.com.br",
            "password": "teste",
            "administrador": "true",
            "_id": "WQ1B76xLBKQ3AWhf"
        },
        {
            "nome": "Maria Almeida",
            "email": "joana@serverest.dev",
            "password": "NovaSenha123!",
            "administrador": "true",
            "_id": "WXdpXrptzp0oc0FQ"
        },
        {
            "nome": "Fulano da Silva",
            "email": "zkla@emailteste.com",
            "password": "1234",
            "administrador": "true",
            "_id": "XBZ3moySFRTuceQ4"
        },
        {
            "nome": "Jessica Marquardt",
            "email": "jessicamarquardt@test.com",
            "password": "Test;123",
            "administrador": "false",
            "_id": "XNc43SbtLuP4DMCH"
        },
        {
            "nome": "Fulano da Silva",
            "email": "beltrano@qa.com.br",
            "password": "lalala",
            "administrador": "true",
            "_id": "XQzKRd1LFGjE3rgw"
        },
        {
            "nome": "Emelie",
            "email": "Emelie.Huels@yahoo.com",
            "password": "teste",
            "administrador": "true",
            "_id": "XYIqriNFny6T7d8b"
        },
        {
            "nome": "Eloy",
            "email": "Eloy19@gmail.com",
            "password": "teste",
            "administrador": "true",
            "_id": "Xago0QN1H3cuYHNU"
        },
        {
            "nome": "Yasmim Mel",
            "email": "yasmillopl@gmail.com",
            "password": "12345",
            "administrador": "true",
            "_id": "Xy8MKTyF7gUEhrO1"
        },
        {
            "nome": "Usuário Teste API",
            "password": "123456",
            "administrador": "true",
            "email": "senhaerrada_1752600156084@mail.com",
            "_id": "YC4L1fv55zM1ofEL"
        },
        {
            "nome": "Alfred1752593521283",
            "email": "alfred_1752593521283@gmail.com",
            "password": "123456",
            "administrador": "false",
            "_id": "YNEXqiWNTPMhlZBj"
        },
        {
            "nome": "Brady15",
            "email": "Paul.Koss@gmail.com",
            "password": "J5iecEAg7FeDH4T",
            "administrador": "true",
            "_id": "YZmPfEQF5ze8SVvy"
        },
        {
            "nome": "victor siq",
            "email": "victor.1752629056911@teste.com",
            "password": "victor1234",
            "administrador": "false",
            "_id": "YdYqr8pup64jV098"
        },
        {
            "nome": "Zorojuro",
            "email": "zorojuro@qa.com.br",
            "password": "teste",
            "administrador": "true",
            "_id": "Yto6cPcVSukiCfve"
        },
        {
            "nome": "DANIEL",
            "email": "daniel.lima3@gmail.com",
            "password": "Tigre@2035",
            "administrador": "false",
            "_id": "YwMl8B4LEjwKWQgM"
        },
        {
            "nome": "Luísa Pimenta",
            "email": "luísa_pimenta@xpto.com",
            "password": "sK2VZoi4d+",
            "administrador": "false",
            "_id": "Z2FAT0ErldwXhvgu"
        },
        {
            "nome": "Kirstin",
            "email": "Mireille95@teste.com",
            "password": "testUE",
            "administrador": "true",
            "_id": "Z4C1s1Z5Cosk9eof"
        },
        {
            "nome": "Usuario Teste",
            "email": "1+testeASvai@bol.com.br",
            "password": "senha123453123",
            "administrador": "false",
            "_id": "Z7diRBXZOnR73txc"
        },
        {
            "nome": "Usuário Teste API",
            "password": "123456",
            "administrador": "true",
            "email": "senhaerrada_1752600594968@mail.com",
            "_id": "ZMVATf2ToxrKf4iC"
        },
        {
            "nome": "Henriette",
            "email": "George3@teste.com",
            "password": "testZd",
            "administrador": "true",
            "_id": "ZTDHCciNpMaFdsBS"
        },
        {
            "nome": "Usuário Teste API",
            "password": "123456",
            "administrador": "true",
            "email": "login_1752600594304@mail.com",
            "_id": "Zs8WQlRL2qkI6puE"
        },
        {
            "nome": "Fulano da Silva",
            "email": "timv@emailteste.com",
            "password": "1234",
            "administrador": "true",
            "_id": "a3Qg8aTyGyKMi9p0"
        },
        {
            "nome": "Usuário Teste API",
            "password": "123456",
            "administrador": "true",
            "email": "senhaerrada_1752600370869@mail.com",
            "_id": "a9JtkJdtAOIpcnqx"
        },
        {
            "nome": "Fulano da Silva",
            "email": "rodrigodoval@gmail.com",
            "password": "Lasanha123",
            "administrador": "true",
            "_id": "aPrmGmDfWrcTNixJ"
        },
        {
            "nome": "Lazaro",
            "email": "Lazaro.Rogahn@gmail.com",
            "password": "teste",
            "administrador": "true",
            "_id": "avdN4swRIpGqEXMX"
        },
        {
            "nome": "Virginia",
            "email": "Virginia.Baumbach77@gmail.com",
            "password": "teste",
            "administrador": "true",
            "_id": "awnAVX1U9L01bJpX"
        },
        {
            "nome": "Fulano da Silva",
            "email": "user_2025-07-15T213311791643@qa.com.br",
            "password": "teste",
            "administrador": "true",
            "_id": "b3YdychE6KWomKpr"
        },
        {
            "nome": "Gabrielly Cavalcanti",
            "email": "gabrielly_cavalcanti@xpto.com",
            "password": "(at^W7Ws)F",
            "administrador": "false",
            "_id": "bFphUB5HMJNeYvyG"
        },
        {
            "nome": "Jackie Collier",
            "email": "jackie-collier-teste@tuamaeaquelaursa.com",
            "password": "teste",
            "administrador": "false",
            "_id": "bjGRFzvko19ltkbJ"
        },
        {
            "nome": "Francisco Guerra",
            "email": "francisco_guerra@xpto.com",
            "password": "x!7*LnW8)y",
            "administrador": "false",
            "_id": "cZq2vMEwDY8rcVbX"
        },
        {
            "nome": "Emilly Almeida",
            "email": "emilly_almeida@xpto.com",
            "password": "J$16U$pt)u",
            "administrador": "false",
            "_id": "cm37qfAgN797PqWo"
        },
        {
            "nome": "Logan",
            "email": "dean.jakubowski@gmail.com",
            "password": "hq93stg4890bqs",
            "administrador": "true",
            "_id": "cqWbtFYzJv9LkUcr"
        },
        {
            "nome": "Teste Testador da Silva !",
            "email": "teste@testar.com.br",
            "password": "teste",
            "administrador": "true",
            "_id": "cujPiV5b0Toqsjki"
        },
        {
            "nome": "Fulano da Silva",
            "email": "beltranoas@qa.com.br",
            "password": "teste",
            "administrador": "true",
            "_id": "dU9PLscRFfz2Dk2n"
        },
        {
            "nome": "Usuário Teste API",
            "password": "123456",
            "administrador": "true",
            "email": "user_1752600173432@mail.com",
            "_id": "dashksh20kA6sJep"
        },
        {
            "nome": "bruno da",
            "email": "beltrano@gmail.com",
            "password": "1234",
            "administrador": "true",
            "_id": "ddQNWkMhTJxl4Iyt"
        },
        {
            "nome": "Victor QA",
            "email": "victor.1752605227838@teste.com",
            "password": "SenhaForte12345",
            "administrador": "false",
            "_id": "e55krFgjFwjDZ6J6"
        },
        {
            "nome": "Lafayette",
            "email": "Lafayette.Goyette@yahoo.com",
            "password": "teste",
            "administrador": "true",
            "_id": "eMIP42gW6SrEPfKc"
        },
        {
            "nome": "Fulano da Silva",
            "email": "user7725b53e@gmail.com",
            "password": "teste",
            "administrador": "true",
            "_id": "eRAGbT4GlBKn0MSn"
        },
        {
            "nome": "Fulano da Silva",
            "email": "beltrafghsfdgno@qa.com.br",
            "password": "teste",
            "administrador": "true",
            "_id": "eTQbjQlWl2sKTvrK"
        },
        {
            "nome": "Antwon",
            "email": "Buster.Nicolas44@teste.com",
            "password": "testzS",
            "administrador": "true",
            "_id": "eXRw8bT698SVVNVk"
        },
        {
            "nome": "robin",
            "email": "dickgrayson@gmail.com",
            "password": "lalala",
            "administrador": "true",
            "_id": "eZPEHuTgHKJh2Cdi"
        },
        {
            "nome": "Evelyn",
            "email": "Evelyn.Hartmann55@yahoo.com",
            "password": "teste",
            "administrador": "true",
            "_id": "edHz6MkIYmFkRtME"
        },
        {
            "nome": "Usuário Teste API",
            "password": "123456",
            "administrador": "true",
            "email": "login_1752600203545@mail.com",
            "_id": "erF7VzV4US8iPYBG"
        },
        {
            "nome": "Usuario Teste",
            "email": "jssgx@testeemail.com",
            "password": "6789",
            "administrador": "true",
            "_id": "evEufbFxqX4QYcAr"
        },
        {
            "nome": "victor",
            "email": "siqueira@uol.com",
            "password": "senha123",
            "administrador": "false",
            "_id": "f4Z7CSJzjdmmbzna"
        },
        {
            "nome": "Mario Figueiredo",
            "email": "mariowsfigueiredo77@gmail.com",
            "password": "123456",
            "administrador": "true",
            "_id": "f5Ds7c8EutcHl7f8"
        },
        {
            "nome": "Helena Pinto",
            "email": "helena_pinto@xpto.com",
            "password": "WKR6gJ&k!1",
            "administrador": "false",
            "_id": "f5csd9kLzeRFhBru"
        },
        {
            "nome": "Fulano da Silva",
            "email": "mm@gmail.com",
            "password": "teste",
            "administrador": "true",
            "_id": "fEt0XFeEymuQU0AF"
        },
        {
            "nome": "Usuário Teste API",
            "password": "123456",
            "administrador": "true",
            "email": "user_1752600615923@mail.com",
            "_id": "fHuWbGYt802jKh3b"
        },
        {
            "nome": "Fulano da Silva",
            "email": "usere7b53ce8@gmail.com",
            "password": "teste",
            "administrador": "true",
            "_id": "fWJD6i7uNCXTaGmC"
        },
        {
            "nome": "Rosella",
            "email": "Dimitri36@teste.com",
            "password": "test5b",
            "administrador": "true",
            "_id": "fcbOMEZoRjiLsmxg"
        },
        {
            "nome": "Beaulah",
            "email": "Sedrick_Schmidt@teste.com",
            "password": "testbn",
            "administrador": "true",
            "_id": "flYbbtRst6cCixVD"
        },
        {
            "nome": "Victor Luiz",
            "email": "victorluiz6174@gmail.com",
            "password": "Vl23012007#",
            "administrador": "false",
            "_id": "fvMA9PGHS4E3bszO"
        },
        {
            "nome": "Fulano da Silva",
            "email": "fulano@gmail.com",
            "password": "teste",
            "administrador": "true",
            "_id": "g3W8OBvfMmMtinuE"
        },
        {
            "nome": "Fulano da Silva",
            "email": "mario@gmail.com",
            "password": "teste",
            "administrador": "true",
            "_id": "g5geTfK5KNbFBBhX"
        },
        {
            "nome": "Fulano da Silva",
            "email": "jdnn@emailteste.com",
            "password": "1234",
            "administrador": "true",
            "_id": "g9hGDCTXlvuqmxP7"
        },
        {
            "nome": "Dora",
            "email": "Dora10@yahoo.com",
            "password": "teste",
            "administrador": "true",
            "_id": "gL1a9pLdQ3eXu3Ok"
        },
        {
            "nome": "Mathias",
            "email": "Mathias.Olson53@hotmail.com",
            "password": "teste",
            "administrador": "true",
            "_id": "gPvMjR9iiPti4GpY"
        },
        {
            "nome": "Alfred1752593190498",
            "email": "alfred_1752593190498@gmail.com",
            "password": "123456",
            "administrador": "false",
            "_id": "h1vyYpmRLYhiPUv6"
        },
        {
            "nome": "Ozil",
            "email": "ozilsouza@gmail.com",
            "password": "27112011",
            "administrador": "true",
            "_id": "h6c5PguPrr41sAHm"
        },
        {
            "nome": "pedro henrique",
            "email": "Henriquesbruno@gmail.com",
            "password": "01050200zdk.",
            "administrador": "false",
            "_id": "h7VBSPIVnFnoeR7z"
        },
        {
            "nome": "Fulano da Silva",
            "email": "beltrano1@qa.com.br",
            "password": "teste",
            "administrador": "true",
            "_id": "hCG69Scwn3QcnkOT"
        },
        {
            "nome": "Eu QA Luan Martins",
            "email": "eu-qa@eu-qa.com.br",
            "password": "teste",
            "administrador": "true",
            "_id": "hDJdA9clqLHvApiq"
        },
        {
            "nome": "Carleton",
            "email": "Carleton_Volkman@yahoo.com",
            "password": "teste",
            "administrador": "true",
            "_id": "hDeOwzdnWntsdtFW"
        },
        {
            "nome": "Novo Usuario",
            "email": "user_2025-07-15T2133125519502@qa.com.br",
            "password": "123456",
            "administrador": "false",
            "_id": "hP6PGAG2BvfDYfOa"
        },
        {
            "nome": "Arlene",
            "email": "Arlene.Wyman@gmail.com",
            "password": "teste",
            "administrador": "true",
            "_id": "hiTh2rOHtLNgMc06"
        },
        {
            "nome": "Antônio Castro",
            "email": "antônio_castro@xpto.com",
            "password": "+5Gql^ba(S",
            "administrador": "false",
            "_id": "hinYr2QpQDmnH3e6"
        },
        {
            "nome": "Julius",
            "email": "Julius.Terry42@hotmail.com",
            "password": "teste",
            "administrador": "true",
            "_id": "hmIi06IPBNKHy1dM"
        },
        {
            "nome": "Emanuel Duarte",
            "email": "emanuel_duarte@xpto.com",
            "password": "#BC)eSSB5Q",
            "administrador": "false",
            "_id": "hqZDl3thZ7E9mpLi"
        },
        {
            "nome": "Rodrigo Oliveira",
            "email": "ro@qmail.com.br",
            "password": "Lasanha123",
            "administrador": "true",
            "_id": "i0vryrGHq9BFV5T6"
        },
        {
            "nome": "Tester",
            "email": "QAtest@email.com",
            "password": "Admin@123",
            "administrador": "false",
            "_id": "i3horIfOopBBzuAW"
        },
        {
            "nome": "Usuário Teste API",
            "password": "123456",
            "administrador": "true",
            "email": "user_1752600592275@mail.com",
            "_id": "i7PrMzWSmda3Z16Z"
        },
        {
            "nome": "Fulano da Silva",
            "email": "email=govz@emailteste.com",
            "password": "1234",
            "administrador": "true",
            "_id": "iBZa71YUBKlIN8AE"
        },
        {
            "nome": "Camila",
            "email": "caamilatavares@hotmail.com",
            "password": "teste123",
            "administrador": "true",
            "_id": "iGogS3VMikNaw22q"
        },
        {
            "nome": "Fulano da Silva",
            "email": "beltrano123@qa.com.br",
            "password": "teste",
            "administrador": "true",
            "_id": "ihhoqHUEImZ9Xh2y"
        },
        {
            "nome": "Harry",
            "email": "Jefferey22@teste.com",
            "password": "testd0",
            "administrador": "true",
            "_id": "iusq8ci4JaKfWVeE"
        },
        {
            "nome": "Novo Usuario",
            "email": "user_2025-07-15T2126326785152@qa.com.br",
            "password": "123456",
            "administrador": "false",
            "_id": "ixM4EKKMRDDhefe7"
        },
        {
            "nome": "bruno da",
            "email": "beltrafhdfthnoo@gmail.com",
            "password": "1234",
            "administrador": "true",
            "_id": "jLhoS6fx7xSvMDYi"
        },
        {
            "nome": "Oliver Novaes",
            "email": "oliver_novaes@xpto.com",
            "password": "4@7Wc4E9_X",
            "administrador": "false",
            "_id": "jMpQTtrQj9cjofst"
        },
        {
            "nome": "Pietra Duarte",
            "email": "pietra_duarte@xpto.com",
            "password": "asrHbqFw!4",
            "administrador": "false",
            "_id": "jQgMshqRDc4YzroS"
        },
        {
            "nome": "Fulano da Silva",
            "email": "fulano@qa.com",
            "password": "teste",
            "administrador": "true",
            "_id": "jh02cKEj6Y0xozeN"
        },
        {
            "nome": "Pedro Rodrigues",
            "email": "pedro_rodrigues@xpto.com",
            "password": "!tXsN$ujt8",
            "administrador": "false",
            "_id": "jjXw6okJNRAojDml"
        },
        {
            "nome": "Fulano da Silva",
            "email": "mm@qa.com.br",
            "password": "teste",
            "administrador": "true",
            "_id": "jqqG73PNW7685crx"
        },
        {
            "nome": "Teste",
            "email": "teste@testecypress.com",
            "password": "12345",
            "administrador": "true",
            "_id": "kExuDZaTEOj33OZk"
        },
        {
            "nome": "River",
            "email": "River_Quigley12@yahoo.com",
            "password": "teste",
            "administrador": "true",
            "_id": "kHNraYPf0BTOK0si"
        },
        {
            "nome": "Fulano da Silva",
            "email": "email@email.com.br",
            "password": "teste",
            "administrador": "true",
            "_id": "kLc0QpYdYvsuqU2E"
        },
        {
            "nome": "Fulano da Silva",
            "email": "wjye@emailteste.com",
            "password": "1234",
            "administrador": "true",
            "_id": "kWxeDXYxO9g1Wb0s"
        },
        {
            "nome": "Arno",
            "email": "Maude.Bailey69@teste.com",
            "password": "test5A",
            "administrador": "true",
            "_id": "kmnhPHRdKqc8Mfj4"
        },
        {
            "nome": "Mitchel",
            "email": "Mitchel_Runte34@yahoo.com",
            "password": "teste",
            "administrador": "true",
            "_id": "ky4DlrDriGy3BMdH"
        },
        {
            "nome": "Novo Usuario",
            "email": "user_2025-07-15T2130371242182@qa.com.br",
            "password": "123456",
            "administrador": "false",
            "_id": "lASmV67YoaSOyJbz"
        },
        {
            "nome": "matheus",
            "email": "ednaldopereira@gmail.com.br",
            "password": "12345",
            "administrador": "true",
            "_id": "lPMdAnzSbVRnlmiZ"
        },
        {
            "nome": "apiteste",
            "email": "apiteste@qa.com.br",
            "password": "teste123",
            "administrador": "true",
            "_id": "lnqxELD82o6uddOm"
        },
        {
            "nome": "Jan Kuhlman",
            "email": "misssonjaschmeler@test.com",
            "password": "Test;123",
            "administrador": "true",
            "_id": "lvqPotm0xlsMqglr"
        },
        {
            "nome": "Daniel Oliveira",
            "email": "daniel_oliveira@xpto.com",
            "password": "$&SShKdQr4",
            "administrador": "false",
            "_id": "lyA4hNDT6ju65uJ2"
        },
        {
            "nome": "Emilio Connelly",
            "email": "emilioconnelly@test.com",
            "password": "Test;123",
            "administrador": "true",
            "_id": "mA46TD59KQFSLsbH"
        },
        {
            "nome": "Fulano da Silva",
            "email": "kjyn@emailteste.com",
            "password": "1234",
            "administrador": "true",
            "_id": "mDlC1vkQ2KKFBG1g"
        },
        {
            "nome": "Victor QA",
            "email": "victor.1752605044175@teste.com",
            "password": "SenhaForte12345",
            "administrador": "false",
            "_id": "mVJbYrMpDDx6Yyoo"
        },
        {
            "nome": "Vicente Nunes",
            "email": "vicente_nunes@xpto.com",
            "password": "jw7hI)(oe^",
            "administrador": "false",
            "_id": "maNf5PzaC1wGn3pw"
        },
        {
            "nome": "Fulano da Silva",
            "email": "beltrano@qa.co.br",
            "password": "teste",
            "administrador": "true",
            "_id": "ms5op0Yq1mZQDtTB"
        },
        {
            "nome": "Alfred1752592641414",
            "email": "alfred_1752592641414@gmail.com",
            "password": "123456",
            "administrador": "false",
            "_id": "mz7Jw5BvnKn5RWiR"
        },
        {
            "nome": "Ole",
            "email": "Ole61@yahoo.com",
            "password": "teste",
            "administrador": "true",
            "_id": "mzNRbZcDnImopoxM"
        },
        {
            "nome": "Novo Usuario",
            "email": "user_2025-07-15T2127381833492@qa.com.br",
            "password": "123456",
            "administrador": "false",
            "_id": "nBYTrjIboCFPF0w2"
        },
        {
            "nome": "Fulano da Silva",
            "email": "dhgs@emailteste.com",
            "password": "1234",
            "administrador": "true",
            "_id": "nIlO27Oe2CXcuTnm"
        },
        {
            "nome": "Usuário Teste API",
            "password": "123456",
            "administrador": "true",
            "email": "senhaerrada_1752600032625@mail.com",
            "_id": "nSVfzwl09tOucrIZ"
        },
        {
            "nome": "Ana Clara",
            "email": "anaclara@gmail.com",
            "password": "Alana",
            "administrador": "true",
            "_id": "nT5lHVVSQiRrUraI"
        },
        {
            "nome": "Leandro Mazzuchello",
            "email": "leandromaz1988@gmail.com",
            "password": "leo123",
            "administrador": "true",
            "_id": "nVN4OHSPW7Lbi9Nj"
        },
        {
            "nome": "Usuário Teste API",
            "password": "123456",
            "administrador": "true",
            "email": "user_1752600123372@mail.com",
            "_id": "nf0a1i9Ia2ISIS5R"
        },
        {
            "nome": "Vitor Carrasco",
            "email": "vitorfcarrasco@gmail.com",
            "password": "123456",
            "administrador": "true",
            "_id": "nih6NTtCkbmYyXtx"
        },
        {
            "nome": "José Bezerra",
            "email": "bezerra@qa.com.br",
            "password": "12345",
            "administrador": "true",
            "_id": "nmZ1nG7hDk3gzkGb"
        },
        {
            "nome": "Diana",
            "email": "diana@qa.com.br",
            "password": "Loopinfinito",
            "administrador": "true",
            "_id": "nq2bkGldJxu7yOcZ"
        },
        {
            "nome": "thyago castro",
            "email": "thyagopopopo@qa.com.br",
            "password": "77722333",
            "administrador": "true",
            "_id": "nxV0BUPqR54VmCs0"
        },
        {
            "nome": "cachorro",
            "email": "cachorroconta@gmail.com",
            "password": "123456789",
            "administrador": "true",
            "_id": "oAtkSZVMC0ev0Ip9"
        },
        {
            "nome": "Fulano da Silva",
            "email": "beltranoas_qa6_#{karate.timestamp}@qa.com.br",
            "password": "teste",
            "administrador": "true",
            "_id": "oGEcTOlrqCdGd1sm"
        },
        {
            "nome": "Usuario Existente",
            "email": "emailexistentedeqa12@qa.com.br",
            "password": "teste",
            "administrador": "true",
            "_id": "oQeQxloQ2iO6l70I"
        },
        {
            "nome": "Usuário Teste API",
            "password": "123456",
            "administrador": "true",
            "email": "user_1752600484773@mail.com",
            "_id": "oVfEBFbL4BxBcgTS"
        },
        {
            "nome": "Alfred1752594101711",
            "email": "alfred_1752594101711@gmail.com",
            "password": "123456",
            "administrador": "false",
            "_id": "oZeuxlKf12sFgXWz"
        },
        {
            "nome": "Fulano da Silva",
            "email": "beltranoboqa@gmaol.com",
            "password": "batata",
            "administrador": "true",
            "_id": "pQnPNEgcMtuyE7Zt"
        },
        {
            "nome": "Usuario Teste",
            "email": "yrqgt@testeemail.com",
            "password": "6789",
            "administrador": "true",
            "_id": "pd3V4csCU4aNAGFB"
        },
        {
            "nome": "Vitória Pastor",
            "email": "vitória_pastor@xpto.com",
            "password": "8r5LYzt*3+",
            "administrador": "false",
            "_id": "pk188dMvZGsohcm0"
        },
        {
            "nome": "Luan Viana",
            "email": "luan_viana@xpto.com",
            "password": "mnWQ3h%w_9",
            "administrador": "false",
            "_id": "pn8ViUhgMPfBjU3x"
        },
        {
            "nome": "Teste Testador da Silva",
            "email": "massa_testes1@testar.com.br",
            "password": "{{senha_teste}}",
            "administrador": "true",
            "_id": "q4jJpDWycDjr8iPl"
        },
        {
            "nome": "Gordon_Volkman15",
            "email": "Buddy49@gmail.com",
            "password": "Kh6KcW7p_mPIC2i",
            "administrador": "true",
            "_id": "qATo2xO8I6xRWTj7"
        },
        {
            "nome": "Neil",
            "email": "Buster44@teste.com",
            "password": "testLk",
            "administrador": "true",
            "_id": "qLVpnZTfSdmuZON1"
        },
        {
            "nome": "Lavern",
            "email": "regine.klein@hotmail.com",
            "password": "rixqi17y",
            "administrador": "true",
            "_id": "qYNVc4AvtP4m47vq"
        },
        {
            "nome": "teste",
            "email": "teste@teste.com",
            "password": "1234",
            "administrador": "false",
            "_id": "qec4rxdmKfiVhxgM"
        },
        {
            "nome": "Ozil",
            "email": "ozilcontafake@gmail.com",
            "password": "123456789",
            "administrador": "true",
            "_id": "riClc9XukQwuwTQT"
        },
        {
            "nome": "Novo Usuario",
            "email": "user_2025-07-15T2129409992482@qa.com.br",
            "password": "123456",
            "administrador": "false",
            "_id": "rpYKwgZLySY2a6tV"
        },
        {
            "nome": "Mable",
            "email": "Simone.Weimann@teste.com",
            "password": "testfx",
            "administrador": "true",
            "_id": "rqLNEz96NsI9cLpS"
        },
        {
            "nome": "Lucca Freitas",
            "email": "lucca_freitas@xpto.com",
            "password": "qk673WuV^T",
            "administrador": "false",
            "_id": "rxhVGLiGFx6fudGp"
        },
        {
            "nome": "Alana",
            "email": "Alananery@gmail.com",
            "password": "Alana",
            "administrador": "true",
            "_id": "s0uUmRtN3oTYqKqt"
        },
        {
            "nome": "pcarvalhaes",
            "email": "pedrotcarvalhaes@gmail.com",
            "password": "P@lm3iras1914",
            "administrador": "false",
            "_id": "s8KDf1rZaalDvUhR"
        },
        {
            "nome": "Administrador Teste",
            "email": "admin.teste.1752601149983@teste.com",
            "password": "senha123",
            "administrador": "true",
            "_id": "sLd0hvhy4Ua61Cow"
        },
        {
            "nome": "Chanel",
            "email": "Chanel_Schinner72@hotmail.com",
            "password": "teste",
            "administrador": "true",
            "_id": "sbnufSF0VGLcS4Hz"
        },
        {
            "nome": "Fulano da Silva",
            "email": "beltranoas_qa145_undefined@qa.com.br",
            "password": "teste",
            "administrador": "true",
            "_id": "ssRESm8LeOQiSGyG"
        },
        {
            "nome": "Hora do QA",
            "email": "horadoqa@exemplo.com",
            "password": "1q2w3e",
            "administrador": "false",
            "_id": "t6vC38NWcFO3Sime"
        },
        {
            "nome": "Thiago Tavares",
            "email": "thiagarauj21@gmail.com",
            "password": "<oMeiaUm61>",
            "administrador": "true",
            "_id": "t9DIvoriEsLDl910"
        },
        {
            "nome": "Tracey Leuschke",
            "email": "traceyleuschke@test.com",
            "password": "Test;123",
            "administrador": "true",
            "_id": "tDRohTdcCSwffZj3"
        },
        {
            "nome": "Clara",
            "email": "clara@gmail.com",
            "password": "123456",
            "administrador": "true",
            "_id": "tIMpftM0XS1gRTOs"
        },
        {
            "nome": "Catarina Sampaio",
            "email": "catarina_sampaio@xpto.com",
            "password": "EylGqJko$2",
            "administrador": "false",
            "_id": "tL9jcIZ1DWb8QNId"
        },
        {
            "nome": "User Name 2640",
            "email": "name.2640@qa.com",
            "password": "teste",
            "administrador": "true",
            "_id": "tjY19LBvYvBj1Gdm"
        },
        {
            "administrador": "true",
            "email": "abel.heller@gmail.com",
            "nome": "Erica Dare V",
            "password": "password",
            "_id": "udsevi6XdocvV0OC"
        },
        {
            "nome": "Dolly",
            "email": "Armani90@teste.com",
            "password": "test1J",
            "administrador": "true",
            "_id": "ujt3fi9ggDgbMS55"
        },
        {
            "nome": "Dante",
            "email": "danteconta@gmail.com",
            "password": "123456789",
            "administrador": "true",
            "_id": "uwOlXAvA8swqpoBh"
        },
        {
            "nome": "gustavo cruz",
            "email": "santos@gmail.com",
            "password": "070727",
            "administrador": "true",
            "_id": "v4YgaWy7KI6lXaFH"
        },
        {
            "nome": "Jayden",
            "email": "Tanner_Wilkinson88@teste.com",
            "password": "testt4",
            "administrador": "true",
            "_id": "vCS9gZyWJKn6B0tE"
        },
        {
            "nome": "catia ribez",
            "email": "beltrarrkyo@gmail.com",
            "password": "teste1234",
            "administrador": "true",
            "_id": "vFjr4nXO554MQhYO"
        },
        {
            "nome": "Kyler",
            "email": "Marian75@teste.com",
            "password": "testTZ",
            "administrador": "true",
            "_id": "vSBCDKrnPsceiNjC"
        },
        {
            "nome": "Fulano da Silva",
            "email": "emaixxx@email.com.br",
            "password": "teste",
            "administrador": "true",
            "_id": "vSEfhQoEywMENsLv"
        },
        {
            "nome": "Ramon_Langosh",
            "email": "Caitlyn57@yahoo.com",
            "password": "kj002a9a5r3oor3",
            "administrador": "true",
            "_id": "vWPJGPkzTSmPoM7Z"
        },
        {
            "nome": "Laney",
            "email": "Laney77@yahoo.com",
            "password": "teste",
            "administrador": "true",
            "_id": "vXpy1GGx3ym6Axuw"
        },
        {
            "nome": "Novo Usuario",
            "email": "user_2025-07-15T2136052581652@qa.com.br",
            "password": "123456",
            "administrador": "false",
            "_id": "vbPziFagaDBIgUI1"
        },
        {
            "nome": "rayssa",
            "email": "oliveira@gmail.com",
            "password": "1706",
            "administrador": "true",
            "_id": "vpV8UMzi4xRNNwr6"
        },
        {
            "nome": "Gustavo Caldeira",
            "email": "gustavo_caldeira@xpto.com",
            "password": "&85klQDjeS",
            "administrador": "false",
            "_id": "w0XFA9GvGqpEmBF3"
        },
        {
            "nome": "Barcos da silva",
            "email": "beltrano@qmail.com",
            "password": "1234",
            "administrador": "true",
            "_id": "w1FwpDUZzVyfwCaI"
        },
        {
            "nome": "Fulano da Silva",
            "email": "znel@emailteste.com",
            "password": "1234",
            "administrador": "true",
            "_id": "w67Apl8IWLYw1kQG"
        },
        {
            "nome": "Isabelly Pacheco",
            "email": "isabelly_pacheco@xpto.com",
            "password": "!dYZ0bls!6",
            "administrador": "false",
            "_id": "w9uGgHcNv0485B4c"
        },
        {
            "nome": "Fulano da Silva",
            "email": "beltranoas_qame_undefined@qa.com.br",
            "password": "teste",
            "administrador": "true",
            "_id": "wgYVODu76oAirqmh"
        },
        {
            "nome": "Joana da Silva",
            "email": "jsilvia@qa.com.br",
            "password": "Bolonesa",
            "administrador": "true",
            "_id": "wnKUdx5PoZLdfGBj"
        },
        {
            "nome": "Fulano da Silva",
            "email": "beltranoas_qa142_undefined@qa.com.br",
            "password": "teste",
            "administrador": "true",
            "_id": "woWdyeCIwFZfc3Ok"
        },
        {
            "nome": "Laury",
            "email": "Eldon.Koelpin@teste.com",
            "password": "test7F",
            "administrador": "true",
            "_id": "x4r5MrnzHbRCEU63"
        },
        {
            "nome": "Clara Moura",
            "email": "clara_moura@xpto.com",
            "password": "%DZ4LofA)Z",
            "administrador": "false",
            "_id": "xD2Mdz5lOISinL88"
        },
        {
            "nome": "Armand",
            "email": "Armand_Braun@gmail.com",
            "password": "teste",
            "administrador": "true",
            "_id": "xKY42Du2LQQqi8w1"
        },
        {
            "nome": "Fulano da Silva",
            "email": "ccfh@emailteste.com",
            "password": "1234",
            "administrador": "true",
            "_id": "xQZVVipzxagmsi6T"
        },
        {
            "nome": "mateus souza",
            "email": "mateussouza@gmail.com",
            "password": "teste",
            "administrador": "true",
            "_id": "xjZegdHkzgnq6i5F"
        },
        {
            "nome": "Theodoro Almeida",
            "email": "theodoro_almeida@xpto.com",
            "password": "U^%8K#Sq+h",
            "administrador": "false",
            "_id": "y4WhzJD01hDuMGrh"
        },
        {
            "nome": "User Number 8467",
            "email": "name.8467@qa.com",
            "password": "teste",
            "administrador": "true",
            "_id": "y5r5GO4IfOgdaRtC"
        },
        {
            "nome": "Cassidy.Powlowski7",
            "email": "Nolan.Terry@gmail.com",
            "password": "tkcFx9vHlXN1wCF",
            "administrador": "true",
            "_id": "yThQ1AtcOFDZNMUa"
        },
        {
            "nome": "Manuella Aparecida",
            "email": "manuella_aparecida@xpto.com",
            "password": "_5DgvmC0+d",
            "administrador": "false",
            "_id": "yXgw2hZKBVWKr2zy"
        },
        {
            "nome": "Marcelino",
            "email": "Marcelino31@hotmail.com",
            "password": "teste",
            "administrador": "true",
            "_id": "ybfk2uc3N5v9o19G"
        },
        {
            "nome": "Victor",
            "email": "Victor_Reichert93@gmail.com",
            "password": "teste",
            "administrador": "true",
            "_id": "yhgxk2ykfSpmsLlv"
        },
        {
            "nome": "Barcos da silva",
            "email": "beetrano@qmail.com",
            "password": "1234",
            "administrador": "true",
            "_id": "z5Oa94bQmry14QJy"
        },
        {
            "nome": "Unique",
            "email": "Mercedes_Kihn80@teste.com",
            "password": "testSN",
            "administrador": "true",
            "_id": "zCaLi5vuGEpEY3yu"
        },
        {
            "nome": "Usuário Teste API",
            "password": "123456",
            "administrador": "true",
            "email": "user_1752600029955@mail.com",
            "_id": "zEE2fP6EUUc6MzGr"
        },
        {
            "nome": "Usuario Teste",
            "email": "testevai@bol.com.br",
            "password": "senha123453123",
            "administrador": "false",
            "_id": "zNsyBqmN9Yhpgnus"
        },
        {
            "nome": "Manoel da Silva",
            "email": "ms@gmail.com",
            "password": "teste",
            "administrador": "true",
            "_id": "zQIZCeoqeYvmAkjx"
        },
        {
            "nome": "Samuel Aparecida",
            "email": "samuel_aparecida@xpto.com",
            "password": "@V*66B%fDb",
            "administrador": "false",
            "_id": "zhg4fIMHe3nwP2IS"
        },
        {
            "nome": "Usuário Teste API",
            "password": "123456",
            "administrador": "true",
            "email": "user_1752600172723@mail.com",
            "_id": "zog4S1O8bITm85hg"
        }
    ]
}

21:37:04.218 [main] DEBUG com.jayway.jsonpath.internal.path.CompiledPath -- Evaluating path: $['usuarios']
21:37:04.218 [main] DEBUG com.jayway.jsonpath.internal.path.CompiledPath -- Evaluating path: $
21:37:04.220 [main] INFO com.intuit.karate -- [print] ✅ Usuarios obtenidos: 383 [
  {
    "nome": "Loma",
    "email": "Sabrina.Skiles44@teste.com",
    "password": "testZm",
    "administrador": "true",
    "_id": "07xlVXcvfTz3LftP"
  },
  {
    "nome": "Jeromy",
    "email": "Tod.Gorczany89@example.com",
    "password": "testC8",
    "administrador": "true",
    "_id": "0CDIacy23THRsOL6"
  },
  {
    "nome": "victor siq",
    "email": "victor.1752629283076@teste.com",
    "password": "victor1234",
    "administrador": "false",
    "_id": "0UrFEDA8bpNb23g1"
  },
  {
    "nome": "Jailyn",
    "email": "Erika.Herzog14@teste.com",
    "password": "testrL",
    "administrador": "true",
    "_id": "0VU0IfNDipbGlH6M"
  },
  {
    "nome": "Usuário Teste API",
    "password": "123456",
    "administrador": "true",
    "email": "user_1752600154231@mail.com",
    "_id": "0X0BWWObWzieAN1G"
  },
  {
    "nome": "Biel",
    "email": "enzogabriel11003@gmail.com",
    "password": "teste",
    "administrador": "true",
    "_id": "0ZMG5Tmb1nYowRnr"
  },
  {
    "nome": "Hassie",
    "email": "Casper_Gleichner92@teste.com",
    "password": "test6g",
    "administrador": "true",
    "_id": "0hzBoeiCOduXuVs4"
  },
  {
    "nome": "Fulano da Silva",
    "email": "user_2025-07-15T213604867677@qa.com.br",
    "password": "teste",
    "administrador": "true",
    "_id": "0uxuPY0cbmQhpEz1"
  },
  {
    "nome": "Anthony Lima",
    "email": "anthony_lima@xpto.com",
    "password": "6*Q7XExP(R",
    "administrador": "false",
    "_id": "0xE35Ft4g74qP0tV"
  },
  {
    "nome": "Everette",
    "email": "Elbert9@teste.com",
    "password": "testr3",
    "administrador": "true",
    "_id": "10mIprIIPgxVyrrT"
  },
  {
    "nome": "Administrador Teste",
    "email": "admin.teste.1752601484798@teste.com",
    "password": "senha123",
    "administrador": "true",
    "_id": "11uh75oXJVSKs7q3"
  },
  {
    "nome": "Fulano da Silva",
    "email": "beltranoas_qa13_undefined@qa.com.br",
    "password": "teste",
    "administrador": "true",
    "_id": "14M4y99jvpeUx7xS"
  },
  {
    "nome": "Clementina",
    "email": "Clementina75@hotmail.com",
    "password": "teste",
    "administrador": "true",
    "_id": "1FuhUayoE7RYR7C7"
  },
  {
    "nome": "Fulano da Silva",
    "email": "beltranoas_qa12_#{karate.timestamp}@qa.com.br",
    "password": "teste",
    "administrador": "true",
    "_id": "1JdOETbzN7UM2b2B"
  },
  {
    "nome": "Novo Usuario",
    "email": "novoemail@qa.com.br",
    "password": "123456",
    "administrador": "false",
    "_id": "1L5uuWRQfG6c7zlP"
  },
  {
    "nome": "Pat",
    "email": "Dandre_Parker@teste.com",
    "password": "testtF",
    "administrador": "true",
    "_id": "28oKijyEYLBbeImb"
  },
  {
    "nome": "Ayla Abreu",
    "email": "ayla_abreu@xpto.com",
    "password": "2zpJTJjs!1",
    "administrador": "false",
    "_id": "2CiQvAakF5KxTbpl"
  },
  {
    "nome": "Alfred1752592641850",
    "email": "alfred_1752447355950@gmail.com",
    "password": "123456",
    "administrador": "false",
    "_id": "2Du7JEk3UJ5bv1lL"
  },
  {
    "nome": "Lívia Montenegro",
    "email": "lívia_montenegro@xpto.com",
    "password": "!&Z_0M9tWr",
    "administrador": "false",
    "_id": "2PfpudB3RgvIXIGO"
  },
  {
    "nome": "Calebe Vasconcelos",
    "email": "calebe_vasconcelos@xpto.com",
    "password": "(37m5XiyCv",
    "administrador": "false",
    "_id": "2bqtExftAGTqozLm"
  },
  {
    "nome": "Maximilian",
    "email": "Eriberto_Jacobs@teste.com",
    "password": "testkp",
    "administrador": "true",
    "_id": "2j6eM9p2RVEaV4V5"
  },
  {
    "nome": "Madelynn",
    "email": "Madelynn51@gmail.com",
    "password": "teste",
    "administrador": "true",
    "_id": "2tEjkfgKFl2zubfC"
  },
  {
    "nome": "Mariane Novaes",
    "email": "mariane_novaes@xpto.com",
    "password": "^6JuWku3^%",
    "administrador": "false",
    "_id": "2tdCuajwSkecBCzs"
  },
  {
    "administrador": "true",
    "email": "shawnee.mcclure@yahoo.com",
    "nome": "Arnette Deckow",
    "password": "password",
    "_id": "3BjniMJzp7uAz21L"
  },
  {
    "nome": "pedro henrique",
    "email": "Henriquesjorge@gmail.com",
    "password": "123456",
    "administrador": "true",
    "_id": "3EcT3iOT26roDtKw"
  },
  {
    "nome": "Fulano da Silva",
    "email": "mmw@gmail.com",
    "password": "teste",
    "administrador": "true",
    "_id": "3PjbSifxXKrnlXlh"
  },
  {
    "nome": "Fulano da Silva",
    "email": "beltranoas_qa9_#{karate.timestamp}@qa.com.br",
    "password": "teste",
    "administrador": "true",
    "_id": "3Y7R1r1iXilpZ67r"
  },
  {
    "nome": "Alfred1752592756196",
    "email": "alfred_1752592756196@gmail.com",
    "password": "123456",
    "administrador": "false",
    "_id": "41DTn2hRQNQQlhW7"
  },
  {
    "nome": "pedro henriqu",
    "email": "er@gmail.com",
    "password": "34567",
    "administrador": "true",
    "_id": "41HvKKRgf9lKRZyh"
  },
  {
    "nome": "LeandroQA",
    "email": "leandro@qa.com.br",
    "password": "teste1234",
    "administrador": "true",
    "_id": "44HAeE9wqm2hz9gN"
  },
  {
    "nome": "Usuário Teste API",
    "password": "123456",
    "administrador": "true",
    "email": "login_1752600032000@mail.com",
    "_id": "44VPTYzuaY9PKbla"
  },
  {
    "nome": "Alexa",
    "email": "Noah41@gmail.com",
    "password": "Ir9Ubpnj9w1D2pK",
    "administrador": "false",
    "_id": "4D4gVrvPqZTafM2K"
  },
  {
    "nome": "Fulano da Silva",
    "email": "beltranoas_qa_#{karate.timestamp}@qa.com.br",
    "password": "teste",
    "administrador": "true",
    "_id": "4MSpSfhqJ56K7BDq"
  },
  {
    "nome": "victor siq",
    "email": "victor.1752632243489@teste.com",
    "password": "victor1234",
    "administrador": "false",
    "_id": "4ReVuAfxPwgcGZu3"
  },
  {
    "nome": "Adelbert",
    "email": "Adelbert_Brakus@gmail.com",
    "password": "teste",
    "administrador": "true",
    "_id": "4WjoMwB76iHi0vGr"
  },
  {
    "nome": "Wyatt",
    "email": "Wyatt_Willms@yahoo.com",
    "password": "teste",
    "administrador": "true",
    "_id": "4zogaSTqX6RlmB4W"
  },
  {
    "nome": "Matheus Vieira",
    "email": "matheus_vieira@xpto.com",
    "password": ")w5oP$2l8w",
    "administrador": "false",
    "_id": "50u3eykDdQJyjjRU"
  },
  {
    "nome": "Davi castro moreira",
    "email": "henriquesbruno@gmail.com",
    "password": "01050200zdk.",
    "administrador": "true",
    "_id": "513Ta1TofSVc6g59"
  },
  {
    "nome": "Bina",
    "email": "Bina@gmail.com",
    "password": "Uvapassa134",
    "administrador": "true",
    "_id": "5D7iPhvr58TdTrR8"
  },
  {
    "nome": "Fulano da Silva",
    "email": "cascas@qas.com.br",
    "password": "teste",
    "administrador": "true",
    "_id": "5LhsyFUOrODPKcOu"
  },
  {
    "administrador": "true",
    "email": "kermit.dubuque@gmail.com",
    "nome": "Dwight Connelly Sr.",
    "password": "password",
    "_id": "5Vugn8gsMUllr0Ct"
  },
  {
    "nome": "Alfred1752593524547",
    "email": "alfred_1752593524547@gmail.com",
    "password": "123456",
    "administrador": "false",
    "_id": "5XTL3WhBaAK7kCDh"
  },
  {
    "nome": "Usuário Teste API",
    "password": "123456",
    "administrador": "true",
    "email": "senhaerrada_1752600125536@mail.com",
    "_id": "5jlb3nELY78ULDi5"
  },
  {
    "nome": "alexson",
    "email": "alexson@gmail.com.br",
    "password": "teste",
    "administrador": "true",
    "_id": "5oeaVXgm6y0oojaq"
  },
  {
    "nome": "Nicollas josé",
    "email": "eric@gmail.com",
    "password": "34567",
    "administrador": "true",
    "_id": "60tsYd8NYkuMLENh"
  },
  {
    "nome": "Fulano",
    "email": "cachorrofake@gmail.com",
    "password": "123456789",
    "administrador": "true",
    "_id": "63xD3XAfztN01ZkN"
  },
  {
    "nome": "O Prof é demais da Silva",
    "email": "gabrielconceicaonascimentoenzo@gmail.com",
    "password": "123",
    "administrador": "true",
    "_id": "6ABwnStk6l8aBerl"
  },
  {
    "nome": "Usuário Teste API",
    "password": "123456",
    "administrador": "true",
    "email": "login_1752600370232@mail.com",
    "_id": "6K2aABa1DUjbfzXv"
  },
  {
    "nome": "Barney",
    "email": "Isobel.Abbott2@teste.com",
    "password": "testkR",
    "administrador": "true",
    "_id": "6Kiv87ArbPnbkB1S"
  },
  {
    "nome": "Judge",
    "email": "Angelo29@teste.com",
    "password": "test2I",
    "administrador": "true",
    "_id": "6LccbyywlxIvRr0M"
  },
  {
    "nome": "victor siq",
    "email": "victor.1752631772392@teste.com",
    "password": "victor1234",
    "administrador": "false",
    "_id": "6NpTJPCEtvFBtj5o"
  },
  {
    "nome": "Joana Silva",
    "email": "sda@sda.com.br",
    "password": "teste",
    "administrador": "true",
    "_id": "6UhFLgZtDHfSGLgi"
  },
  {
    "nome": "victor siq",
    "email": "victor.1752629308029@teste.com",
    "password": "victor1234",
    "administrador": "false",
    "_id": "6lfBFI1uPBNoHdRo"
  },
  {
    "nome": "matheus",
    "email": "matheusdiasdroidap54@gmail.com",
    "password": "Bolsonaro2026",
    "administrador": "false",
    "_id": "72q08HpRDxzw6GoI"
  },
  {
    "nome": "Mateus Pastor",
    "email": "mateus_pastor@xpto.com",
    "password": "31dMLeoZ)c",
    "administrador": "false",
    "_id": "72y46UVUQVNaZObm"
  },
  {
    "nome": "Kenna_Considine54",
    "email": "contato@registrado.com",
    "password": "9Y1lTQVCheu46AN",
    "administrador": "true",
    "_id": "7735qLqOsZQC8uI7"
  },
  {
    "nome": "Arvilla",
    "email": "Joesph_Sauer80@teste.com",
    "password": "testZB",
    "administrador": "true",
    "_id": "7F42iWoZ9DaiyROy"
  },
  {
    "nome": "Guadalupe Batz",
    "email": "guadalupebatz@test.com",
    "password": "Test;123",
    "administrador": "true",
    "_id": "7a0ONcHtanAnBz7u"
  },
  {
    "nome": "Catarina Barbosa",
    "email": "catarina_barbosa@xpto.com",
    "password": "x&1j7T4m)&",
    "administrador": "false",
    "_id": "7dZbkdsrvBP0NCr1"
  },
  {
    "nome": "Clark",
    "email": "eunaosouosuperman@gmail.com",
    "password": "superhomem12345",
    "administrador": "true",
    "_id": "7jnHLUtroj8OaYoP"
  },
  {
    "nome": "Eu QA Luan Martins",
    "email": "eu-qa@eqa.com.br",
    "password": "teste",
    "administrador": "true",
    "_id": "7uBKoCFLkEYREIlt"
  },
  {
    "nome": "Fulano da Silva",
    "email": "usere00044c6@gmail.com",
    "password": "teste",
    "administrador": "true",
    "_id": "7waM9p8hhSaOpai4"
  },
  {
    "nome": "Sydnee",
    "email": "Hailey_Kunze@example.com",
    "password": "testCc",
    "administrador": "true",
    "_id": "807kAYQ5gEzsXYN2"
  },
  {
    "nome": "Novo Usuario",
    "email": "user_2025-07-15T2131194211342@qa.com.br",
    "password": "123456",
    "administrador": "false",
    "_id": "81IXZBFWyfdCGdhq"
  },
  {
    "nome": "Alfred1752594098619",
    "email": "alfred_1752594098619@gmail.com",
    "password": "123456",
    "administrador": "false",
    "_id": "81MltAnU1I9GMKgz"
  },
  {
    "nome": "Vergil",
    "email": "Vergilconta@gmail.com",
    "password": "123456789",
    "administrador": "true",
    "_id": "83BQczyRik1zTFYt"
  },
  {
    "nome": "Matheus",
    "email": "emailtestetestando@gmail.com",
    "password": "{testemaneiro}",
    "administrador": "true",
    "_id": "8AtKfMFslsMCyNIN"
  },
  {
    "nome": "Fulano",
    "email": "EMAIL=ecdm@qa.com",
    "password": "teste",
    "administrador": "true",
    "_id": "8Ft5xnttGpegFXnc"
  },
  {
    "nome": "Dante Melo",
    "email": "dante_melo@xpto.com",
    "password": "$_ih0IMxOt",
    "administrador": "false",
    "_id": "8LCs59Jw6KhnIXSO"
  },
  {
    "nome": "Lucious68",
    "email": "Lucy.Stehr43@yahoo.com",
    "password": "U88rpDGijCWPqzx",
    "administrador": "true",
    "_id": "8ggs3kp3ne2pHR8U"
  },
  {
    "nome": "Raquel Machado",
    "email": "raquel_machado@xpto.com",
    "password": "zyrN9FIu%L",
    "administrador": "false",
    "_id": "8jkRnCQfQpD4OhVW"
  },
  {
    "nome": "Thiago Tavares_2",
    "email": "thiagarauj021@gmail.com",
    "password": "<oMeiaUm61>",
    "administrador": "true",
    "_id": "8uM71oHR3MDitwhS"
  },
  {
    "nome": "Usuário Teste API",
    "password": "123456",
    "administrador": "true",
    "email": "user_1752600225123@mail.com",
    "_id": "94rYtoMRr2pKmh13"
  },
  {
    "nome": "Fulano da Silva",
    "email": "beltranoas_qa11_undefined@qa.com.br",
    "password": "teste",
    "administrador": "true",
    "_id": "9NEQRSyJu5V7hEpd"
  },
  {
    "nome": "User Number 7278",
    "email": "name.7278@qa.com",
    "password": "teste",
    "administrador": "true",
    "_id": "9T8WZmHONNCyi0ho"
  },
  {
    "nome": "Nome do Usuário",
    "email": "email4241@bol.com.br",
    "password": "senha123",
    "administrador": "false",
    "_id": "9jZPoPDVNKQFptgP"
  },
  {
    "nome": "Fulano da Silva mendes gonçalves",
    "email": "beltrano12345@qa.com.br",
    "password": "teste",
    "administrador": "true",
    "_id": "9rpSeY3lbKDfKLaT"
  },
  {
    "nome": "Alícia Cavalcanti",
    "email": "alícia_cavalcanti@xpto.com",
    "password": "_yGuKue3)4",
    "administrador": "false",
    "_id": "9yhdlfxOZH6tBd2t"
  },
  {
    "nome": "QA tester",
    "email": "usuario35@qa.com.br",
    "password": "teste",
    "administrador": "false",
    "_id": "A0Lenqlava9B7sR2"
  },
  {
    "nome": "Usuário Teste API",
    "password": "123456",
    "administrador": "true",
    "email": "user_1752600368549@mail.com",
    "_id": "AFPddA5Ezt7pvXvF"
  },
  {
    "nome": "Usuário Teste API",
    "password": "123456",
    "administrador": "true",
    "email": "login_1752600174660@mail.com",
    "_id": "B29ZK8MKualKykie"
  },
  {
    "nome": "Fulano da Silva",
    "email": "beltrano@qaaaa.com.br",
    "password": "teste1",
    "administrador": "true",
    "_id": "B5dXi8PoxYzsxGX3"
  },
  {
    "nome": "Sabrina",
    "email": "Sabrina@qa.com.br",
    "password": "12345",
    "administrador": "true",
    "_id": "BGupKBbe7UUNU6wp"
  },
  {
    "nome": "Bryan Costela",
    "email": "bryan_costela@xpto.com",
    "password": "g1dR3umj+q",
    "administrador": "false",
    "_id": "BWKarUpSr1uV1Rip"
  },
  {
    "nome": "Usuário Teste API",
    "password": "123456",
    "administrador": "true",
    "email": "user_1752600153698@mail.com",
    "_id": "BrMMkKOPQFEB7I58"
  },
  {
    "nome": " neymar ",
    "email": "mathsudiasdroidap54@gmail.com.br",
    "password": "Bolsonaro2026",
    "administrador": "true",
    "_id": "BrcyzbhzOMG77NMO"
  },
  {
    "nome": "Usuario Teste",
    "email": "Testeas123@bol.com.br",
    "password": "senha123453123",
    "administrador": "false",
    "_id": "C1UWw232Y1mUtePt"
  },
  {
    "nome": "matheus",
    "email": "eversonloud@gmail.com.br",
    "password": "12345",
    "administrador": "true",
    "_id": "C20H0iHa0MImPEvB"
  },
  {
    "nome": "pedro henrique",
    "email": "eri@gmail.com",
    "password": "34567",
    "administrador": "true",
    "_id": "CGwnK6A3D0n14Hx5"
  },
  {
    "nome": "Usuário Teste API",
    "password": "123456",
    "administrador": "true",
    "email": "login_1752600226728@mail.com",
    "_id": "CWkmp8l9nHquLs4d"
  },
  {
    "nome": "Usuário Teste API",
    "password": "123456",
    "administrador": "true",
    "email": "user_1752600518025@mail.com",
    "_id": "CYcCjCApXuw7yDLK"
  },
  {
    "nome": "Blanche",
    "email": "Blanche28@yahoo.com",
    "password": "teste",
    "administrador": "true",
    "_id": "Co5lqtTZu5TViqT6"
  },
  {
    "nome": "Fulano da Silva",
    "email": "umkv@emailteste.com",
    "password": "1234",
    "administrador": "true",
    "_id": "Cq87BpdHIdKw9GbX"
  },
  {
    "nome": "Caio Fernandes",
    "email": "caio_fernandes@xpto.com",
    "password": "(cEw5^Hzf4",
    "administrador": "false",
    "_id": "DB2e5dJe4ddyBDMB"
  },
  {
    "nome": "victor siq",
    "email": "victor.1752631094175@teste.com",
    "password": "victor1234",
    "administrador": "false",
    "_id": "DKvhXlcwmWom8U1v"
  },
  {
    "nome": "Icie",
    "email": "Madonna_McKenzie42@teste.com",
    "password": "testYa",
    "administrador": "true",
    "_id": "DOpX486pVgg9UzM5"
  },
  {
    "nome": "Fulano da Silva",
    "email": "fulanodasilva1@qa.com.br",
    "password": "teste",
    "administrador": "true",
    "_id": "DTwDlWFIFtDfhoYA"
  },
  {
    "nome": "Isabela Montenegro",
    "email": "isabela_montenegro@xpto.com",
    "password": "l8u00IW#&v",
    "administrador": "false",
    "_id": "DanQC3eKS2ZAXlhv"
  },
  {
    "nome": "Braeden",
    "email": "Frederique88@teste.com",
    "password": "test1J",
    "administrador": "true",
    "_id": "Dbx3Ok3et9x0QpPX"
  },
  {
    "nome": "Fulano da Silva",
    "email": "nlyx@emailteste.com",
    "password": "1234",
    "administrador": "true",
    "_id": "EBsXHPZ5KuHwZymJ"
  },
  {
    "nome": "Usuário Teste API",
    "password": "123456",
    "administrador": "true",
    "email": "login_1752600485979@mail.com",
    "_id": "EDNEK8Yq1mUmUxJq"
  },
  {
    "nome": "Vicente",
    "email": "Vicente_Gleason66@hotmail.com",
    "password": "teste",
    "administrador": "true",
    "_id": "EScfGVx8ODMDcqdp"
  },
  {
    "nome": "Daniel Duarte",
    "email": "daniel_duarte@xpto.com",
    "password": "s!kMI*LB_3",
    "administrador": "false",
    "_id": "ETWOmYaZc78nEmPO"
  },
  {
    "nome": "Wilbert",
    "email": "micah.davis@hotmail.com",
    "password": "2s2jvjexpd6zl37",
    "administrador": "true",
    "_id": "EWUe77rHQ0YbCj0U"
  },
  {
    "nome": "victor siq",
    "email": "victor.1752629045312@teste.com",
    "password": "victor1234",
    "administrador": "false",
    "_id": "Eu34M5eUJ2I42zXs"
  },
  {
    "nome": "Fulano da Silva",
    "email": "useree4d435f@gmail.com",
    "password": "teste",
    "administrador": "true",
    "_id": "EuGW5dJZyb84RlYt"
  },
  {
    "nome": "Naofumi",
    "email": "Naofumiconta@gmail.com",
    "password": "123456789",
    "administrador": "true",
    "_id": "EuWtpF2qaNmeGN4l"
  },
  {
    "nome": "Usuário Teste API",
    "password": "123456",
    "administrador": "true",
    "email": "login_1752600124913@mail.com",
    "_id": "FJgWKj3jYTbfnhTo"
  },
  {
    "nome": "Devante",
    "email": "Devante_OReilly29@yahoo.com",
    "password": "teste",
    "administrador": "true",
    "_id": "FOcpSsPFkt8gGMSD"
  },
  {
    "nome": " Helena Clara",
    "email": "Helenaclara@gmail.com",
    "password": "123456",
    "administrador": "true",
    "_id": "FU8o7sB1eKhu6CJa"
  },
  {
    "nome": "Lyda",
    "email": "Brittany_Metz@teste.com",
    "password": "testmy",
    "administrador": "true",
    "_id": "GJwVbKoMfPKkHVR4"
  },
  {
    "nome": "Felipe Moreira",
    "email": "felipe_moreira@xpto.com",
    "password": "Pm0ImWh8F&",
    "administrador": "false",
    "_id": "GXLxGadeBJcIvLjg"
  },
  {
    "nome": "Sabrina Fernandes",
    "email": "Sabrina.F@gmail.com",
    "password": "134340",
    "administrador": "true",
    "_id": "GftakagfvEkr4gMa"
  },
  {
    "nome": "Usuario Teste",
    "email": "emailteste123@bol.com.br",
    "password": "senha123453123",
    "administrador": "false",
    "_id": "Ghq8yRJGdJUBQzAv"
  },
  {
    "nome": "Hadassa Monteiro",
    "email": "hadassa_monteiro@xpto.com",
    "password": "+6mFXyvnTY",
    "administrador": "false",
    "_id": "GvSc6jYR5sfziV9r"
  },
  {
    "nome": "Giovanna Vieira",
    "email": "giovanna_vieira@xpto.com",
    "password": "Xa7B0WbD(s",
    "administrador": "false",
    "_id": "Gy9tdHyAkmiiV5Xv"
  },
  {
    "nome": "Fulano da Silva",
    "email": "qapp@emailteste.com",
    "password": "1234",
    "administrador": "true",
    "_id": "H8FmB7EGWCfoZydv"
  },
  {
    "nome": "Joana Silva",
    "email": "sda@sdax.com.br",
    "password": "teste",
    "administrador": "true",
    "_id": "HVJook4MarQvK8WW"
  },
  {
    "nome": "Usuário Teste API",
    "password": "123456",
    "administrador": "true",
    "email": "login_1752600519976@mail.com",
    "_id": "HcuPYj8SuLKVOYOl"
  },
  {
    "nome": "User Number 5595",
    "email": "name.5595@qa.com",
    "password": "teste",
    "administrador": "true",
    "_id": "HgggUYwK4nlnXe36"
  },
  {
    "nome": "Usuário Teste API",
    "password": "123456",
    "administrador": "true",
    "email": "senhaerrada_1752600204183@mail.com",
    "_id": "Hv8HZcmvaGhhSeiL"
  },
  {
    "nome": "Merl",
    "email": "Adelle.Legros@teste.com",
    "password": "testcE",
    "administrador": "true",
    "_id": "IBEHNdj7RXL1WdVi"
  },
  {
    "password": "seiyaSempreApanha123",
    "administrador": "true",
    "nome": "seiya sempre apanhando",
    "email": "saint@seiya.com",
    "_id": "J0TI64hhjTrZUc9i"
  },
  {
    "nome": "ronaldo da Silva",
    "email": "ronaldinho@qa.com.br",
    "password": "teste",
    "administrador": "true",
    "_id": "J247qF52zD6yXuir"
  },
  {
    "nome": "LulaGameplay",
    "email": "beltranoboqdga@gmail.com",
    "password": "batata",
    "administrador": "true",
    "_id": "JHAMt8QraeGwRf2u"
  },
  {
    "nome": "Thiago Barros",
    "email": "thiago_barros@xpto.com",
    "password": ")j8TOHVlu3",
    "administrador": "false",
    "_id": "JQQCkqQVkPTfRseA"
  },
  {
    "nome": "Fulano da Silva",
    "email": "emaixxl@email.com.br",
    "password": "teste",
    "administrador": "true",
    "_id": "JlK4C38ZVE3l85oD"
  },
  {
    "nome": "Sabrina",
    "email": "Sabrina@gmail.com",
    "password": "134340",
    "administrador": "true",
    "_id": "KBruI0ROy8ilnPGg"
  },
  {
    "nome": "Usuário Teste API",
    "password": "123456",
    "administrador": "true",
    "email": "user_1752600483940@mail.com",
    "_id": "KHva4lBjijdjWs77"
  },
  {
    "nome": "Usuário Teste API",
    "password": "123456",
    "administrador": "true",
    "email": "user_1752600225564@mail.com",
    "_id": "KSvsD5Wj0mpN4lWV"
  },
  {
    "nome": "Mariane Almeida",
    "email": "mariane_almeida@xpto.com",
    "password": "e5#7ZMVzys",
    "administrador": "false",
    "_id": "KZXGNwK2ewAiVHh3"
  },
  {
    "nome": "Yasmin Sousa",
    "email": "yasmin_sousa@xpto.com",
    "password": ")7TJeU#ilK",
    "administrador": "false",
    "_id": "Kbrkr7GZUSjl70SQ"
  },
  {
    "nome": "Usuário Teste API",
    "password": "123456",
    "administrador": "true",
    "email": "senhaerrada_1752600227373@mail.com",
    "_id": "L1B5ZmszWJy5CgJK"
  },
  {
    "nome": "LulaGameplay",
    "email": "beltranoboeoeoqdga@gmail.com",
    "password": "batata",
    "administrador": "true",
    "_id": "L6qc1npXoZsKGbDt"
  },
  {
    "nome": "testingON 10",
    "email": "tON10@qa.com.br",
    "password": "teste",
    "administrador": "true",
    "_id": "L8ZczU74EiT3NeEW"
  },
  {
    "nome": "Usuário Teste API",
    "password": "123456",
    "administrador": "true",
    "email": "user_1752600369036@mail.com",
    "_id": "LDS8d5sZloP3mNuu"
  },
  {
    "nome": "Alfred1752593187910",
    "email": "alfred_1752593187910@gmail.com",
    "password": "123456",
    "administrador": "false",
    "_id": "LJd9gVCUKw2YR6OC"
  },
  {
    "nome": "Usuário Teste API",
    "password": "123456",
    "administrador": "true",
    "email": "user_1752600201590@mail.com",
    "_id": "LZvngtcPfe06JHob"
  },
  {
    "nome": "admin",
    "email": "laisa.silva2644@gmail.com",
    "password": "2202caio",
    "administrador": "true",
    "_id": "LebyMGjqDWzqrOrx"
  },
  {
    "nome": "Novo Usuario",
    "email": "user_2025-07-15T2118562057322@qa.com.br",
    "password": "123456",
    "administrador": "false",
    "_id": "LtYrorP17mK5vWrM"
  },
  {
    "nome": "Lunna Carvalho",
    "email": "lunna_carvalho@xpto.com",
    "password": "%bqO6LaSAF",
    "administrador": "false",
    "_id": "LujquXSPp8BT2g3i"
  },
  {
    "nome": "Sara Melo",
    "email": "sara_melo@xpto.com",
    "password": "eWr2eTmh#j",
    "administrador": "false",
    "_id": "M3jst2dNeL3ndJ9Q"
  },
  {
    "nome": "Usuario Existente",
    "email": "emailexistentedeqa126@qa.com.br",
    "password": "teste",
    "administrador": "true",
    "_id": "MWbexdU3hG6FwelI"
  },
  {
    "administrador": "true",
    "email": "reiload@gmail.com",
    "nome": "full_name",
    "password": "password",
    "_id": "MjHvf2dninbRltwE"
  },
  {
    "nome": "Usuário Teste API",
    "password": "123456",
    "administrador": "true",
    "email": "user_1752600123811@mail.com",
    "_id": "N3tWINgEAadCpSEU"
  },
  {
    "nome": "Usuário Teste API",
    "password": "123456",
    "administrador": "true",
    "email": "senhaerrada_1752600520627@mail.com",
    "_id": "N9Vav7y8xjbeOIP2"
  },
  {
    "nome": "Elyse",
    "email": "Clare.Mraz73@teste.com",
    "password": "testNN",
    "administrador": "true",
    "_id": "NAIaiBsG4gAualO5"
  },
  {
    "nome": "David castro moreira",
    "email": "Pablodasilva@gamil.com",
    "password": "56777",
    "administrador": "true",
    "_id": "NGa4E4DG75Mfjj6H"
  },
  {
    "nome": "David castro moreira",
    "email": "Pablodasila@gamil.com",
    "password": "56777",
    "administrador": "true",
    "_id": "NJVjbbYiT7gL4jQJ"
  },
  {
    "nome": "Raquel Aragão",
    "email": "raquel_aragão@xpto.com",
    "password": "+Ncu2QYr+j",
    "administrador": "false",
    "_id": "NLDUEit6jOw8uaXY"
  },
  {
    "nome": "Usuário Teste API",
    "password": "123456",
    "administrador": "true",
    "email": "user_1752600030839@mail.com",
    "_id": "NWF0qVon15L03OC4"
  },
  {
    "nome": "bruno da",
    "email": "beltrafhdfthno@gmail.com",
    "password": "1234",
    "administrador": "true",
    "_id": "NfowJvv4lDBXujWP"
  },
  {
    "nome": "Usuário Teste API",
    "password": "123456",
    "administrador": "true",
    "email": "user_1752600593074@mail.com",
    "_id": "NgzRSXVk5kGsoQRV"
  },
  {
    "nome": "Theo Pastor",
    "email": "theo_pastor@xpto.com",
    "password": "Z5*6oDaaM6",
    "administrador": "false",
    "_id": "NyVRBKCCEJisxbjs"
  },
  {
    "nome": "Emely.Kling7",
    "email": "Nina.Quigley37@yahoo.com",
    "password": "6ZQ36Q7fqHZJ2xx",
    "administrador": "true",
    "_id": "O9hxFVKM6JvQZXzl"
  },
  {
    "nome": "Antônio Cirino",
    "email": "antônio_cirino@xpto.com",
    "password": "!F291EOaJp",
    "administrador": "false",
    "_id": "OCIFHN9QYGo4znZz"
  },
  {
    "nome": "Giovanna Moura",
    "email": "giovanna_moura@xpto.com",
    "password": "38hJ0aao$+",
    "administrador": "false",
    "_id": "OGPmMHWn9tpByOQR"
  },
  {
    "nome": "Charles Hudson",
    "email": "charleshudson@test.com",
    "password": "Test;123",
    "administrador": "false",
    "_id": "OOq1dYnV7ufh5t2K"
  },
  {
    "nome": "Armando",
    "email": "emailteste@qa.com",
    "password": "testHM",
    "administrador": "true",
    "_id": "Ob76DHMSkQJZqdhS"
  },
  {
    "nome": "Gabriela Diane",
    "email": "Gabriela@qa.com.br",
    "password": "teste",
    "administrador": "true",
    "_id": "P9S53bQQAbIrxkKQ"
  },
  {
    "nome": "Jaquan.Nader4",
    "email": "River.Kuphal90@gmail.com",
    "password": "581056844",
    "administrador": "true",
    "_id": "PNJPK2qQuNPNCubW"
  },
  {
    "nome": "Seu nome",
    "email": "nome@bol.com.br",
    "password": "PAssword@123",
    "administrador": "false",
    "_id": "PZubGKiYNyUHvn5g"
  },
  {
    "nome": "Fulano da Silva",
    "email": "user_2025-07-15T213311391024@qa.com.br",
    "password": "teste",
    "administrador": "true",
    "_id": "PaMS7XtvmaAxstuQ"
  },
  {
    "nome": "Renan Silva",
    "email": "renansilva@serverest.dev",
    "password": "BA3B1b@A",
    "administrador": "true",
    "_id": "Pj3IiZSzoOjYnVMa"
  },
  {
    "nome": "Martina",
    "email": "Susan.Wehner7@teste.com",
    "password": "testhB",
    "administrador": "true",
    "_id": "Pujt53CVTF2IIXL6"
  },
  {
    "nome": "victor siq",
    "email": "victor.1752632226012@teste.com",
    "password": "victor1234",
    "administrador": "false",
    "_id": "Q2r8bjirYx7OxnJL"
  },
  {
    "nome": "Reese",
    "email": "Reese_Parker12@gmail.com",
    "password": "teste",
    "administrador": "true",
    "_id": "QBHlKzDQ4SebXFPk"
  },
  {
    "nome": "Fulano da Silva",
    "email": "beltranoas_qa4_#{karate.timestamp}@qa.com.br",
    "password": "teste",
    "administrador": "true",
    "_id": "QL4UW31Vc4XgUjr6"
  },
  {
    "nome": "Destiney",
    "email": "Pete.Runolfsdottir15@teste.com",
    "password": "testlS",
    "administrador": "true",
    "_id": "QUpDXv5b1OAAuYf2"
  },
  {
    "nome": "Edmund Kessler",
    "email": "edmundkessler@test.com",
    "password": "Test;123",
    "administrador": "true",
    "_id": "Qtd8BGHybWaR6AFA"
  },
  {
    "nome": "STELLAKNIGHT",
    "email": "tester@hotmail.com",
    "password": "1q2w3e",
    "administrador": "false",
    "_id": "QzGWumbyNkE3R8dk"
  },
  {
    "nome": "Usuario Teste",
    "email": "Teste1as3@bol.com.br",
    "password": "senha123453123",
    "administrador": "false",
    "_id": "QzzorZVualgbiZ5M"
  },
  {
    "nome": "victor siq",
    "email": "victor.1752631850288@teste.com",
    "password": "victor1234",
    "administrador": "false",
    "_id": "R3Zo4HKXvpMpxq5i"
  },
  {
    "nome": "Igor Cavalcante",
    "email": "igor_cavalcante@xpto.com",
    "password": "%r8WetL3PG",
    "administrador": "false",
    "_id": "RH49HYmzBsQRTUWm"
  },
  {
    "nome": "Naofumi",
    "email": "Naofumicontafake@gmail.com",
    "password": "123456789",
    "administrador": "true",
    "_id": "Rf1Xr9KDKw7fZkrJ"
  },
  {
    "nome": "Eu QA Luan Martins - TESTE",
    "email": "eu-qa-teste@eu-qa.com.br",
    "password": "teste2",
    "administrador": "false",
    "_id": "S5WaG8lRdLCbrURg"
  },
  {
    "nome": "Usuário Teste API",
    "password": "123456",
    "administrador": "true",
    "email": "login_1752600155435@mail.com",
    "_id": "S7URZn3F78R8pm7p"
  },
  {
    "nome": "bruno da Cost4",
    "email": "beltrafhdfthn0oo@gmail.com",
    "password": "1234",
    "administrador": "true",
    "_id": "S8SCPLqjQmaLpY2z"
  },
  {
    "nome": "Usuário Teste API",
    "password": "123456",
    "administrador": "true",
    "email": "user_1752600616406@mail.com",
    "_id": "SDHiHc39f98GX9Wt"
  },
  {
    "nome": "Nelson",
    "email": "earline.yost@yahoo.com",
    "password": "0b50xorbe3",
    "administrador": "true",
    "_id": "SNt8F0cDA0eHdyEN"
  },
  {
    "nome": "Fulano da Silva",
    "email": "gui939@gmail.com",
    "password": "lalala",
    "administrador": "true",
    "_id": "SPW5DuksqLXNrURW"
  },
  {
    "nome": "Dawid da Silva",
    "email": "dawid@qa.com.br",
    "password": "teste",
    "administrador": "true",
    "_id": "SZ050Z20IQct6rsW"
  },
  {
    "nome": "Teste Testador da Silva",
    "email": "massa_testes@testar.com.br",
    "password": "{{senha_teste}}",
    "administrador": "true",
    "_id": "SZqUUpc3uhKxcmkk"
  },
  {
    "nome": "QA tester",
    "email": "usuario329@qa.com.br",
    "password": "teste",
    "administrador": "false",
    "_id": "SdRC8QK2UeLLey6U"
  },
  {
    "nome": "Davi castro moreira",
    "email": "henriquesbruno492@gmail.com",
    "password": "01050200zdk.",
    "administrador": "false",
    "_id": "SgvTWpQeGghOyWk3"
  },
  {
    "nome": "Luan Monteiro",
    "email": "luan_monteiro@xpto.com",
    "password": "Fub&MAPo(8",
    "administrador": "false",
    "_id": "Soj1XjbpgVfhy4wG"
  },
  {
    "nome": "angelina",
    "email": "angeliwww@gmail.com.br",
    "password": "ratatule",
    "administrador": "true",
    "_id": "TGT34o2z8lyhUlHK"
  },
  {
    "nome": "Usuario Teste",
    "email": "testeASvai@bol.com.br",
    "password": "senha123453123",
    "administrador": "false",
    "_id": "TUbUbrXwUAP2Kqsf"
  },
  {
    "nome": "Davion.Wolff83",
    "email": "Loren_Keebler@gmail.com",
    "password": "548104402",
    "administrador": "true",
    "_id": "TYgcamCIVE7lPbN3"
  },
  {
    "nome": "victor siq",
    "email": "victor.1752628905595@teste.com",
    "password": "victor1234",
    "administrador": "false",
    "_id": "TfpqzkV8HZ5Heoq2"
  },
  {
    "nome": "Usuario Teste",
    "email": "teste11234vai@bol.com.br",
    "password": "senha123453123",
    "administrador": "false",
    "_id": "TiG9Yds3c7LlYxdk"
  },
  {
    "nome": "LOLO_GAMES",
    "email": "lolo@gmail.com",
    "password": "lolo234",
    "administrador": "true",
    "_id": "TlsOPvR9L7iPJVXn"
  },
  {
    "nome": "Usuário Teste API",
    "password": "123456",
    "administrador": "true",
    "email": "user_1752600518770@mail.com",
    "_id": "U0ZoMyYI6z5rLVHz"
  },
  {
    "nome": "Claude",
    "email": "Claude_Olson-Connelly@gmail.com",
    "password": "teste",
    "administrador": "true",
    "_id": "U1Zh1veOML7t3Kyf"
  },
  {
    "nome": "Fulano da Silva",
    "email": "vydw@emailteste.com",
    "password": "1234",
    "administrador": "true",
    "_id": "U3akj6EHhwo4jcSd"
  },
  {
    "nome": "Fulano da Silva",
    "email": "marios@gmail.com",
    "password": "teste",
    "administrador": "true",
    "_id": "U6oSmRlDCMBGLVzN"
  },
  {
    "nome": "Cayla",
    "email": "Cayla_Howe-Johnson77@yahoo.com",
    "password": "teste",
    "administrador": "true",
    "_id": "UkfignKNJdTmiidb"
  },
  {
    "nome": "Usuário Teste API",
    "password": "123456",
    "administrador": "true",
    "email": "user_1752600202334@mail.com",
    "_id": "UlFjx8kaaxcstqFh"
  },
  {
    "nome": "Fulano da Silva",
    "email": "beltranoas_qa2_#{karate.timestamp}@qa.com.br",
    "password": "teste",
    "administrador": "true",
    "_id": "V4TdoCgGW2X9d0si"
  },
  {
    "nome": "Novo Usuario",
    "email": "user_2025-07-15T2134354075402@qa.com.br",
    "password": "123456",
    "administrador": "false",
    "_id": "V6sav5aRdyIZy0PF"
  },
  {
    "nome": "Alfred1752592644409",
    "email": "alfred_1752592644409@gmail.com",
    "password": "123456",
    "administrador": "false",
    "_id": "VM6qCEpwzsnjPByj"
  },
  {
    "nome": "Aiyana",
    "email": "Jody.Rempel37@teste.com",
    "password": "testF_",
    "administrador": "true",
    "_id": "VRtMHZeRxC4o5LP9"
  },
  {
    "nome": "Alfred1752592758761",
    "email": "alfred_1752592758761@gmail.com",
    "password": "123456",
    "administrador": "false",
    "_id": "VetViFSfEXIcb2iR"
  },
  {
    "nome": "Son Goku",
    "email": "goku@qa.com.br",
    "password": "teste",
    "administrador": "true",
    "_id": "ViS6aVeCu67ZXRkI"
  },
  {
    "nome": "matheus dias",
    "email": "matheusdiasdroidap54@gmail.com.br",
    "password": "Bolsonaro2026",
    "administrador": "true",
    "_id": "VidA6lLUFoq4Tj1w"
  },
  {
    "nome": "Rosalia",
    "email": "Rosalia62@gmail.com",
    "password": "teste",
    "administrador": "true",
    "_id": "VnyMhmTaSliTFWXH"
  },
  {
    "nome": "ronaldo da Silva",
    "email": "ronaldofenomeno@qa.com.br",
    "password": "teste",
    "administrador": "true",
    "_id": "WQ1B76xLBKQ3AWhf"
  },
  {
    "nome": "Maria Almeida",
    "email": "joana@serverest.dev",
    "password": "NovaSenha123!",
    "administrador": "true",
    "_id": "WXdpXrptzp0oc0FQ"
  },
  {
    "nome": "Fulano da Silva",
    "email": "zkla@emailteste.com",
    "password": "1234",
    "administrador": "true",
    "_id": "XBZ3moySFRTuceQ4"
  },
  {
    "nome": "Jessica Marquardt",
    "email": "jessicamarquardt@test.com",
    "password": "Test;123",
    "administrador": "false",
    "_id": "XNc43SbtLuP4DMCH"
  },
  {
    "nome": "Fulano da Silva",
    "email": "beltrano@qa.com.br",
    "password": "lalala",
    "administrador": "true",
    "_id": "XQzKRd1LFGjE3rgw"
  },
  {
    "nome": "Emelie",
    "email": "Emelie.Huels@yahoo.com",
    "password": "teste",
    "administrador": "true",
    "_id": "XYIqriNFny6T7d8b"
  },
  {
    "nome": "Eloy",
    "email": "Eloy19@gmail.com",
    "password": "teste",
    "administrador": "true",
    "_id": "Xago0QN1H3cuYHNU"
  },
  {
    "nome": "Yasmim Mel",
    "email": "yasmillopl@gmail.com",
    "password": "12345",
    "administrador": "true",
    "_id": "Xy8MKTyF7gUEhrO1"
  },
  {
    "nome": "Usuário Teste API",
    "password": "123456",
    "administrador": "true",
    "email": "senhaerrada_1752600156084@mail.com",
    "_id": "YC4L1fv55zM1ofEL"
  },
  {
    "nome": "Alfred1752593521283",
    "email": "alfred_1752593521283@gmail.com",
    "password": "123456",
    "administrador": "false",
    "_id": "YNEXqiWNTPMhlZBj"
  },
  {
    "nome": "Brady15",
    "email": "Paul.Koss@gmail.com",
    "password": "J5iecEAg7FeDH4T",
    "administrador": "true",
    "_id": "YZmPfEQF5ze8SVvy"
  },
  {
    "nome": "victor siq",
    "email": "victor.1752629056911@teste.com",
    "password": "victor1234",
    "administrador": "false",
    "_id": "YdYqr8pup64jV098"
  },
  {
    "nome": "Zorojuro",
    "email": "zorojuro@qa.com.br",
    "password": "teste",
    "administrador": "true",
    "_id": "Yto6cPcVSukiCfve"
  },
  {
    "nome": "DANIEL",
    "email": "daniel.lima3@gmail.com",
    "password": "Tigre@2035",
    "administrador": "false",
    "_id": "YwMl8B4LEjwKWQgM"
  },
  {
    "nome": "Luísa Pimenta",
    "email": "luísa_pimenta@xpto.com",
    "password": "sK2VZoi4d+",
    "administrador": "false",
    "_id": "Z2FAT0ErldwXhvgu"
  },
  {
    "nome": "Kirstin",
    "email": "Mireille95@teste.com",
    "password": "testUE",
    "administrador": "true",
    "_id": "Z4C1s1Z5Cosk9eof"
  },
  {
    "nome": "Usuario Teste",
    "email": "1+testeASvai@bol.com.br",
    "password": "senha123453123",
    "administrador": "false",
    "_id": "Z7diRBXZOnR73txc"
  },
  {
    "nome": "Usuário Teste API",
    "password": "123456",
    "administrador": "true",
    "email": "senhaerrada_1752600594968@mail.com",
    "_id": "ZMVATf2ToxrKf4iC"
  },
  {
    "nome": "Henriette",
    "email": "George3@teste.com",
    "password": "testZd",
    "administrador": "true",
    "_id": "ZTDHCciNpMaFdsBS"
  },
  {
    "nome": "Usuário Teste API",
    "password": "123456",
    "administrador": "true",
    "email": "login_1752600594304@mail.com",
    "_id": "Zs8WQlRL2qkI6puE"
  },
  {
    "nome": "Fulano da Silva",
    "email": "timv@emailteste.com",
    "password": "1234",
    "administrador": "true",
    "_id": "a3Qg8aTyGyKMi9p0"
  },
  {
    "nome": "Usuário Teste API",
    "password": "123456",
    "administrador": "true",
    "email": "senhaerrada_1752600370869@mail.com",
    "_id": "a9JtkJdtAOIpcnqx"
  },
  {
    "nome": "Fulano da Silva",
    "email": "rodrigodoval@gmail.com",
    "password": "Lasanha123",
    "administrador": "true",
    "_id": "aPrmGmDfWrcTNixJ"
  },
  {
    "nome": "Lazaro",
    "email": "Lazaro.Rogahn@gmail.com",
    "password": "teste",
    "administrador": "true",
    "_id": "avdN4swRIpGqEXMX"
  },
  {
    "nome": "Virginia",
    "email": "Virginia.Baumbach77@gmail.com",
    "password": "teste",
    "administrador": "true",
    "_id": "awnAVX1U9L01bJpX"
  },
  {
    "nome": "Fulano da Silva",
    "email": "user_2025-07-15T213311791643@qa.com.br",
    "password": "teste",
    "administrador": "true",
    "_id": "b3YdychE6KWomKpr"
  },
  {
    "nome": "Gabrielly Cavalcanti",
    "email": "gabrielly_cavalcanti@xpto.com",
    "password": "(at^W7Ws)F",
    "administrador": "false",
    "_id": "bFphUB5HMJNeYvyG"
  },
  {
    "nome": "Jackie Collier",
    "email": "jackie-collier-teste@tuamaeaquelaursa.com",
    "password": "teste",
    "administrador": "false",
    "_id": "bjGRFzvko19ltkbJ"
  },
  {
    "nome": "Francisco Guerra",
    "email": "francisco_guerra@xpto.com",
    "password": "x!7*LnW8)y",
    "administrador": "false",
    "_id": "cZq2vMEwDY8rcVbX"
  },
  {
    "nome": "Emilly Almeida",
    "email": "emilly_almeida@xpto.com",
    "password": "J$16U$pt)u",
    "administrador": "false",
    "_id": "cm37qfAgN797PqWo"
  },
  {
    "nome": "Logan",
    "email": "dean.jakubowski@gmail.com",
    "password": "hq93stg4890bqs",
    "administrador": "true",
    "_id": "cqWbtFYzJv9LkUcr"
  },
  {
    "nome": "Teste Testador da Silva !",
    "email": "teste@testar.com.br",
    "password": "teste",
    "administrador": "true",
    "_id": "cujPiV5b0Toqsjki"
  },
  {
    "nome": "Fulano da Silva",
    "email": "beltranoas@qa.com.br",
    "password": "teste",
    "administrador": "true",
    "_id": "dU9PLscRFfz2Dk2n"
  },
  {
    "nome": "Usuário Teste API",
    "password": "123456",
    "administrador": "true",
    "email": "user_1752600173432@mail.com",
    "_id": "dashksh20kA6sJep"
  },
  {
    "nome": "bruno da",
    "email": "beltrano@gmail.com",
    "password": "1234",
    "administrador": "true",
    "_id": "ddQNWkMhTJxl4Iyt"
  },
  {
    "nome": "Victor QA",
    "email": "victor.1752605227838@teste.com",
    "password": "SenhaForte12345",
    "administrador": "false",
    "_id": "e55krFgjFwjDZ6J6"
  },
  {
    "nome": "Lafayette",
    "email": "Lafayette.Goyette@yahoo.com",
    "password": "teste",
    "administrador": "true",
    "_id": "eMIP42gW6SrEPfKc"
  },
  {
    "nome": "Fulano da Silva",
    "email": "user7725b53e@gmail.com",
    "password": "teste",
    "administrador": "true",
    "_id": "eRAGbT4GlBKn0MSn"
  },
  {
    "nome": "Fulano da Silva",
    "email": "beltrafghsfdgno@qa.com.br",
    "password": "teste",
    "administrador": "true",
    "_id": "eTQbjQlWl2sKTvrK"
  },
  {
    "nome": "Antwon",
    "email": "Buster.Nicolas44@teste.com",
    "password": "testzS",
    "administrador": "true",
    "_id": "eXRw8bT698SVVNVk"
  },
  {
    "nome": "robin",
    "email": "dickgrayson@gmail.com",
    "password": "lalala",
    "administrador": "true",
    "_id": "eZPEHuTgHKJh2Cdi"
  },
  {
    "nome": "Evelyn",
    "email": "Evelyn.Hartmann55@yahoo.com",
    "password": "teste",
    "administrador": "true",
    "_id": "edHz6MkIYmFkRtME"
  },
  {
    "nome": "Usuário Teste API",
    "password": "123456",
    "administrador": "true",
    "email": "login_1752600203545@mail.com",
    "_id": "erF7VzV4US8iPYBG"
  },
  {
    "nome": "Usuario Teste",
    "email": "jssgx@testeemail.com",
    "password": "6789",
    "administrador": "true",
    "_id": "evEufbFxqX4QYcAr"
  },
  {
    "nome": "victor",
    "email": "siqueira@uol.com",
    "password": "senha123",
    "administrador": "false",
    "_id": "f4Z7CSJzjdmmbzna"
  },
  {
    "nome": "Mario Figueiredo",
    "email": "mariowsfigueiredo77@gmail.com",
    "password": "123456",
    "administrador": "true",
    "_id": "f5Ds7c8EutcHl7f8"
  },
  {
    "nome": "Helena Pinto",
    "email": "helena_pinto@xpto.com",
    "password": "WKR6gJ&k!1",
    "administrador": "false",
    "_id": "f5csd9kLzeRFhBru"
  },
  {
    "nome": "Fulano da Silva",
    "email": "mm@gmail.com",
    "password": "teste",
    "administrador": "true",
    "_id": "fEt0XFeEymuQU0AF"
  },
  {
    "nome": "Usuário Teste API",
    "password": "123456",
    "administrador": "true",
    "email": "user_1752600615923@mail.com",
    "_id": "fHuWbGYt802jKh3b"
  },
  {
    "nome": "Fulano da Silva",
    "email": "usere7b53ce8@gmail.com",
    "password": "teste",
    "administrador": "true",
    "_id": "fWJD6i7uNCXTaGmC"
  },
  {
    "nome": "Rosella",
    "email": "Dimitri36@teste.com",
    "password": "test5b",
    "administrador": "true",
    "_id": "fcbOMEZoRjiLsmxg"
  },
  {
    "nome": "Beaulah",
    "email": "Sedrick_Schmidt@teste.com",
    "password": "testbn",
    "administrador": "true",
    "_id": "flYbbtRst6cCixVD"
  },
  {
    "nome": "Victor Luiz",
    "email": "victorluiz6174@gmail.com",
    "password": "Vl23012007#",
    "administrador": "false",
    "_id": "fvMA9PGHS4E3bszO"
  },
  {
    "nome": "Fulano da Silva",
    "email": "fulano@gmail.com",
    "password": "teste",
    "administrador": "true",
    "_id": "g3W8OBvfMmMtinuE"
  },
  {
    "nome": "Fulano da Silva",
    "email": "mario@gmail.com",
    "password": "teste",
    "administrador": "true",
    "_id": "g5geTfK5KNbFBBhX"
  },
  {
    "nome": "Fulano da Silva",
    "email": "jdnn@emailteste.com",
    "password": "1234",
    "administrador": "true",
    "_id": "g9hGDCTXlvuqmxP7"
  },
  {
    "nome": "Dora",
    "email": "Dora10@yahoo.com",
    "password": "teste",
    "administrador": "true",
    "_id": "gL1a9pLdQ3eXu3Ok"
  },
  {
    "nome": "Mathias",
    "email": "Mathias.Olson53@hotmail.com",
    "password": "teste",
    "administrador": "true",
    "_id": "gPvMjR9iiPti4GpY"
  },
  {
    "nome": "Alfred1752593190498",
    "email": "alfred_1752593190498@gmail.com",
    "password": "123456",
    "administrador": "false",
    "_id": "h1vyYpmRLYhiPUv6"
  },
  {
    "nome": "Ozil",
    "email": "ozilsouza@gmail.com",
    "password": "27112011",
    "administrador": "true",
    "_id": "h6c5PguPrr41sAHm"
  },
  {
    "nome": "pedro henrique",
    "email": "Henriquesbruno@gmail.com",
    "password": "01050200zdk.",
    "administrador": "false",
    "_id": "h7VBSPIVnFnoeR7z"
  },
  {
    "nome": "Fulano da Silva",
    "email": "beltrano1@qa.com.br",
    "password": "teste",
    "administrador": "true",
    "_id": "hCG69Scwn3QcnkOT"
  },
  {
    "nome": "Eu QA Luan Martins",
    "email": "eu-qa@eu-qa.com.br",
    "password": "teste",
    "administrador": "true",
    "_id": "hDJdA9clqLHvApiq"
  },
  {
    "nome": "Carleton",
    "email": "Carleton_Volkman@yahoo.com",
    "password": "teste",
    "administrador": "true",
    "_id": "hDeOwzdnWntsdtFW"
  },
  {
    "nome": "Novo Usuario",
    "email": "user_2025-07-15T2133125519502@qa.com.br",
    "password": "123456",
    "administrador": "false",
    "_id": "hP6PGAG2BvfDYfOa"
  },
  {
    "nome": "Arlene",
    "email": "Arlene.Wyman@gmail.com",
    "password": "teste",
    "administrador": "true",
    "_id": "hiTh2rOHtLNgMc06"
  },
  {
    "nome": "Antônio Castro",
    "email": "antônio_castro@xpto.com",
    "password": "+5Gql^ba(S",
    "administrador": "false",
    "_id": "hinYr2QpQDmnH3e6"
  },
  {
    "nome": "Julius",
    "email": "Julius.Terry42@hotmail.com",
    "password": "teste",
    "administrador": "true",
    "_id": "hmIi06IPBNKHy1dM"
  },
  {
    "nome": "Emanuel Duarte",
    "email": "emanuel_duarte@xpto.com",
    "password": "#BC)eSSB5Q",
    "administrador": "false",
    "_id": "hqZDl3thZ7E9mpLi"
  },
  {
    "nome": "Rodrigo Oliveira",
    "email": "ro@qmail.com.br",
    "password": "Lasanha123",
    "administrador": "true",
    "_id": "i0vryrGHq9BFV5T6"
  },
  {
    "nome": "Tester",
    "email": "QAtest@email.com",
    "password": "Admin@123",
    "administrador": "false",
    "_id": "i3horIfOopBBzuAW"
  },
  {
    "nome": "Usuário Teste API",
    "password": "123456",
    "administrador": "true",
    "email": "user_1752600592275@mail.com",
    "_id": "i7PrMzWSmda3Z16Z"
  },
  {
    "nome": "Fulano da Silva",
    "email": "email=govz@emailteste.com",
    "password": "1234",
    "administrador": "true",
    "_id": "iBZa71YUBKlIN8AE"
  },
  {
    "nome": "Camila",
    "email": "caamilatavares@hotmail.com",
    "password": "teste123",
    "administrador": "true",
    "_id": "iGogS3VMikNaw22q"
  },
  {
    "nome": "Fulano da Silva",
    "email": "beltrano123@qa.com.br",
    "password": "teste",
    "administrador": "true",
    "_id": "ihhoqHUEImZ9Xh2y"
  },
  {
    "nome": "Harry",
    "email": "Jefferey22@teste.com",
    "password": "testd0",
    "administrador": "true",
    "_id": "iusq8ci4JaKfWVeE"
  },
  {
    "nome": "Novo Usuario",
    "email": "user_2025-07-15T2126326785152@qa.com.br",
    "password": "123456",
    "administrador": "false",
    "_id": "ixM4EKKMRDDhefe7"
  },
  {
    "nome": "bruno da",
    "email": "beltrafhdfthnoo@gmail.com",
    "password": "1234",
    "administrador": "true",
    "_id": "jLhoS6fx7xSvMDYi"
  },
  {
    "nome": "Oliver Novaes",
    "email": "oliver_novaes@xpto.com",
    "password": "4@7Wc4E9_X",
    "administrador": "false",
    "_id": "jMpQTtrQj9cjofst"
  },
  {
    "nome": "Pietra Duarte",
    "email": "pietra_duarte@xpto.com",
    "password": "asrHbqFw!4",
    "administrador": "false",
    "_id": "jQgMshqRDc4YzroS"
  },
  {
    "nome": "Fulano da Silva",
    "email": "fulano@qa.com",
    "password": "teste",
    "administrador": "true",
    "_id": "jh02cKEj6Y0xozeN"
  },
  {
    "nome": "Pedro Rodrigues",
    "email": "pedro_rodrigues@xpto.com",
    "password": "!tXsN$ujt8",
    "administrador": "false",
    "_id": "jjXw6okJNRAojDml"
  },
  {
    "nome": "Fulano da Silva",
    "email": "mm@qa.com.br",
    "password": "teste",
    "administrador": "true",
    "_id": "jqqG73PNW7685crx"
  },
  {
    "nome": "Teste",
    "email": "teste@testecypress.com",
    "password": "12345",
    "administrador": "true",
    "_id": "kExuDZaTEOj33OZk"
  },
  {
    "nome": "River",
    "email": "River_Quigley12@yahoo.com",
    "password": "teste",
    "administrador": "true",
    "_id": "kHNraYPf0BTOK0si"
  },
  {
    "nome": "Fulano da Silva",
    "email": "email@email.com.br",
    "password": "teste",
    "administrador": "true",
    "_id": "kLc0QpYdYvsuqU2E"
  },
  {
    "nome": "Fulano da Silva",
    "email": "wjye@emailteste.com",
    "password": "1234",
    "administrador": "true",
    "_id": "kWxeDXYxO9g1Wb0s"
  },
  {
    "nome": "Arno",
    "email": "Maude.Bailey69@teste.com",
    "password": "test5A",
    "administrador": "true",
    "_id": "kmnhPHRdKqc8Mfj4"
  },
  {
    "nome": "Mitchel",
    "email": "Mitchel_Runte34@yahoo.com",
    "password": "teste",
    "administrador": "true",
    "_id": "ky4DlrDriGy3BMdH"
  },
  {
    "nome": "Novo Usuario",
    "email": "user_2025-07-15T2130371242182@qa.com.br",
    "password": "123456",
    "administrador": "false",
    "_id": "lASmV67YoaSOyJbz"
  },
  {
    "nome": "matheus",
    "email": "ednaldopereira@gmail.com.br",
    "password": "12345",
    "administrador": "true",
    "_id": "lPMdAnzSbVRnlmiZ"
  },
  {
    "nome": "apiteste",
    "email": "apiteste@qa.com.br",
    "password": "teste123",
    "administrador": "true",
    "_id": "lnqxELD82o6uddOm"
  },
  {
    "nome": "Jan Kuhlman",
    "email": "misssonjaschmeler@test.com",
    "password": "Test;123",
    "administrador": "true",
    "_id": "lvqPotm0xlsMqglr"
  },
  {
    "nome": "Daniel Oliveira",
    "email": "daniel_oliveira@xpto.com",
    "password": "$&SShKdQr4",
    "administrador": "false",
    "_id": "lyA4hNDT6ju65uJ2"
  },
  {
    "nome": "Emilio Connelly",
    "email": "emilioconnelly@test.com",
    "password": "Test;123",
    "administrador": "true",
    "_id": "mA46TD59KQFSLsbH"
  },
  {
    "nome": "Fulano da Silva",
    "email": "kjyn@emailteste.com",
    "password": "1234",
    "administrador": "true",
    "_id": "mDlC1vkQ2KKFBG1g"
  },
  {
    "nome": "Victor QA",
    "email": "victor.1752605044175@teste.com",
    "password": "SenhaForte12345",
    "administrador": "false",
    "_id": "mVJbYrMpDDx6Yyoo"
  },
  {
    "nome": "Vicente Nunes",
    "email": "vicente_nunes@xpto.com",
    "password": "jw7hI)(oe^",
    "administrador": "false",
    "_id": "maNf5PzaC1wGn3pw"
  },
  {
    "nome": "Fulano da Silva",
    "email": "beltrano@qa.co.br",
    "password": "teste",
    "administrador": "true",
    "_id": "ms5op0Yq1mZQDtTB"
  },
  {
    "nome": "Alfred1752592641414",
    "email": "alfred_1752592641414@gmail.com",
    "password": "123456",
    "administrador": "false",
    "_id": "mz7Jw5BvnKn5RWiR"
  },
  {
    "nome": "Ole",
    "email": "Ole61@yahoo.com",
    "password": "teste",
    "administrador": "true",
    "_id": "mzNRbZcDnImopoxM"
  },
  {
    "nome": "Novo Usuario",
    "email": "user_2025-07-15T2127381833492@qa.com.br",
    "password": "123456",
    "administrador": "false",
    "_id": "nBYTrjIboCFPF0w2"
  },
  {
    "nome": "Fulano da Silva",
    "email": "dhgs@emailteste.com",
    "password": "1234",
    "administrador": "true",
    "_id": "nIlO27Oe2CXcuTnm"
  },
  {
    "nome": "Usuário Teste API",
    "password": "123456",
    "administrador": "true",
    "email": "senhaerrada_1752600032625@mail.com",
    "_id": "nSVfzwl09tOucrIZ"
  },
  {
    "nome": "Ana Clara",
    "email": "anaclara@gmail.com",
    "password": "Alana",
    "administrador": "true",
    "_id": "nT5lHVVSQiRrUraI"
  },
  {
    "nome": "Leandro Mazzuchello",
    "email": "leandromaz1988@gmail.com",
    "password": "leo123",
    "administrador": "true",
    "_id": "nVN4OHSPW7Lbi9Nj"
  },
  {
    "nome": "Usuário Teste API",
    "password": "123456",
    "administrador": "true",
    "email": "user_1752600123372@mail.com",
    "_id": "nf0a1i9Ia2ISIS5R"
  },
  {
    "nome": "Vitor Carrasco",
    "email": "vitorfcarrasco@gmail.com",
    "password": "123456",
    "administrador": "true",
    "_id": "nih6NTtCkbmYyXtx"
  },
  {
    "nome": "José Bezerra",
    "email": "bezerra@qa.com.br",
    "password": "12345",
    "administrador": "true",
    "_id": "nmZ1nG7hDk3gzkGb"
  },
  {
    "nome": "Diana",
    "email": "diana@qa.com.br",
    "password": "Loopinfinito",
    "administrador": "true",
    "_id": "nq2bkGldJxu7yOcZ"
  },
  {
    "nome": "thyago castro",
    "email": "thyagopopopo@qa.com.br",
    "password": "77722333",
    "administrador": "true",
    "_id": "nxV0BUPqR54VmCs0"
  },
  {
    "nome": "cachorro",
    "email": "cachorroconta@gmail.com",
    "password": "123456789",
    "administrador": "true",
    "_id": "oAtkSZVMC0ev0Ip9"
  },
  {
    "nome": "Fulano da Silva",
    "email": "beltranoas_qa6_#{karate.timestamp}@qa.com.br",
    "password": "teste",
    "administrador": "true",
    "_id": "oGEcTOlrqCdGd1sm"
  },
  {
    "nome": "Usuario Existente",
    "email": "emailexistentedeqa12@qa.com.br",
    "password": "teste",
    "administrador": "true",
    "_id": "oQeQxloQ2iO6l70I"
  },
  {
    "nome": "Usuário Teste API",
    "password": "123456",
    "administrador": "true",
    "email": "user_1752600484773@mail.com",
    "_id": "oVfEBFbL4BxBcgTS"
  },
  {
    "nome": "Alfred1752594101711",
    "email": "alfred_1752594101711@gmail.com",
    "password": "123456",
    "administrador": "false",
    "_id": "oZeuxlKf12sFgXWz"
  },
  {
    "nome": "Fulano da Silva",
    "email": "beltranoboqa@gmaol.com",
    "password": "batata",
    "administrador": "true",
    "_id": "pQnPNEgcMtuyE7Zt"
  },
  {
    "nome": "Usuario Teste",
    "email": "yrqgt@testeemail.com",
    "password": "6789",
    "administrador": "true",
    "_id": "pd3V4csCU4aNAGFB"
  },
  {
    "nome": "Vitória Pastor",
    "email": "vitória_pastor@xpto.com",
    "password": "8r5LYzt*3+",
    "administrador": "false",
    "_id": "pk188dMvZGsohcm0"
  },
  {
    "nome": "Luan Viana",
    "email": "luan_viana@xpto.com",
    "password": "mnWQ3h%w_9",
    "administrador": "false",
    "_id": "pn8ViUhgMPfBjU3x"
  },
  {
    "nome": "Teste Testador da Silva",
    "email": "massa_testes1@testar.com.br",
    "password": "{{senha_teste}}",
    "administrador": "true",
    "_id": "q4jJpDWycDjr8iPl"
  },
  {
    "nome": "Gordon_Volkman15",
    "email": "Buddy49@gmail.com",
    "password": "Kh6KcW7p_mPIC2i",
    "administrador": "true",
    "_id": "qATo2xO8I6xRWTj7"
  },
  {
    "nome": "Neil",
    "email": "Buster44@teste.com",
    "password": "testLk",
    "administrador": "true",
    "_id": "qLVpnZTfSdmuZON1"
  },
  {
    "nome": "Lavern",
    "email": "regine.klein@hotmail.com",
    "password": "rixqi17y",
    "administrador": "true",
    "_id": "qYNVc4AvtP4m47vq"
  },
  {
    "nome": "teste",
    "email": "teste@teste.com",
    "password": "1234",
    "administrador": "false",
    "_id": "qec4rxdmKfiVhxgM"
  },
  {
    "nome": "Ozil",
    "email": "ozilcontafake@gmail.com",
    "password": "123456789",
    "administrador": "true",
    "_id": "riClc9XukQwuwTQT"
  },
  {
    "nome": "Novo Usuario",
    "email": "user_2025-07-15T2129409992482@qa.com.br",
    "password": "123456",
    "administrador": "false",
    "_id": "rpYKwgZLySY2a6tV"
  },
  {
    "nome": "Mable",
    "email": "Simone.Weimann@teste.com",
    "password": "testfx",
    "administrador": "true",
    "_id": "rqLNEz96NsI9cLpS"
  },
  {
    "nome": "Lucca Freitas",
    "email": "lucca_freitas@xpto.com",
    "password": "qk673WuV^T",
    "administrador": "false",
    "_id": "rxhVGLiGFx6fudGp"
  },
  {
    "nome": "Alana",
    "email": "Alananery@gmail.com",
    "password": "Alana",
    "administrador": "true",
    "_id": "s0uUmRtN3oTYqKqt"
  },
  {
    "nome": "pcarvalhaes",
    "email": "pedrotcarvalhaes@gmail.com",
    "password": "P@lm3iras1914",
    "administrador": "false",
    "_id": "s8KDf1rZaalDvUhR"
  },
  {
    "nome": "Administrador Teste",
    "email": "admin.teste.1752601149983@teste.com",
    "password": "senha123",
    "administrador": "true",
    "_id": "sLd0hvhy4Ua61Cow"
  },
  {
    "nome": "Chanel",
    "email": "Chanel_Schinner72@hotmail.com",
    "password": "teste",
    "administrador": "true",
    "_id": "sbnufSF0VGLcS4Hz"
  },
  {
    "nome": "Fulano da Silva",
    "email": "beltranoas_qa145_undefined@qa.com.br",
    "password": "teste",
    "administrador": "true",
    "_id": "ssRESm8LeOQiSGyG"
  },
  {
    "nome": "Hora do QA",
    "email": "horadoqa@exemplo.com",
    "password": "1q2w3e",
    "administrador": "false",
    "_id": "t6vC38NWcFO3Sime"
  },
  {
    "nome": "Thiago Tavares",
    "email": "thiagarauj21@gmail.com",
    "password": "<oMeiaUm61>",
    "administrador": "true",
    "_id": "t9DIvoriEsLDl910"
  },
  {
    "nome": "Tracey Leuschke",
    "email": "traceyleuschke@test.com",
    "password": "Test;123",
    "administrador": "true",
    "_id": "tDRohTdcCSwffZj3"
  },
  {
    "nome": "Clara",
    "email": "clara@gmail.com",
    "password": "123456",
    "administrador": "true",
    "_id": "tIMpftM0XS1gRTOs"
  },
  {
    "nome": "Catarina Sampaio",
    "email": "catarina_sampaio@xpto.com",
    "password": "EylGqJko$2",
    "administrador": "false",
    "_id": "tL9jcIZ1DWb8QNId"
  },
  {
    "nome": "User Name 2640",
    "email": "name.2640@qa.com",
    "password": "teste",
    "administrador": "true",
    "_id": "tjY19LBvYvBj1Gdm"
  },
  {
    "administrador": "true",
    "email": "abel.heller@gmail.com",
    "nome": "Erica Dare V",
    "password": "password",
    "_id": "udsevi6XdocvV0OC"
  },
  {
    "nome": "Dolly",
    "email": "Armani90@teste.com",
    "password": "test1J",
    "administrador": "true",
    "_id": "ujt3fi9ggDgbMS55"
  },
  {
    "nome": "Dante",
    "email": "danteconta@gmail.com",
    "password": "123456789",
    "administrador": "true",
    "_id": "uwOlXAvA8swqpoBh"
  },
  {
    "nome": "gustavo cruz",
    "email": "santos@gmail.com",
    "password": "070727",
    "administrador": "true",
    "_id": "v4YgaWy7KI6lXaFH"
  },
  {
    "nome": "Jayden",
    "email": "Tanner_Wilkinson88@teste.com",
    "password": "testt4",
    "administrador": "true",
    "_id": "vCS9gZyWJKn6B0tE"
  },
  {
    "nome": "catia ribez",
    "email": "beltrarrkyo@gmail.com",
    "password": "teste1234",
    "administrador": "true",
    "_id": "vFjr4nXO554MQhYO"
  },
  {
    "nome": "Kyler",
    "email": "Marian75@teste.com",
    "password": "testTZ",
    "administrador": "true",
    "_id": "vSBCDKrnPsceiNjC"
  },
  {
    "nome": "Fulano da Silva",
    "email": "emaixxx@email.com.br",
    "password": "teste",
    "administrador": "true",
    "_id": "vSEfhQoEywMENsLv"
  },
  {
    "nome": "Ramon_Langosh",
    "email": "Caitlyn57@yahoo.com",
    "password": "kj002a9a5r3oor3",
    "administrador": "true",
    "_id": "vWPJGPkzTSmPoM7Z"
  },
  {
    "nome": "Laney",
    "email": "Laney77@yahoo.com",
    "password": "teste",
    "administrador": "true",
    "_id": "vXpy1GGx3ym6Axuw"
  },
  {
    "nome": "Novo Usuario",
    "email": "user_2025-07-15T2136052581652@qa.com.br",
    "password": "123456",
    "administrador": "false",
    "_id": "vbPziFagaDBIgUI1"
  },
  {
    "nome": "rayssa",
    "email": "oliveira@gmail.com",
    "password": "1706",
    "administrador": "true",
    "_id": "vpV8UMzi4xRNNwr6"
  },
  {
    "nome": "Gustavo Caldeira",
    "email": "gustavo_caldeira@xpto.com",
    "password": "&85klQDjeS",
    "administrador": "false",
    "_id": "w0XFA9GvGqpEmBF3"
  },
  {
    "nome": "Barcos da silva",
    "email": "beltrano@qmail.com",
    "password": "1234",
    "administrador": "true",
    "_id": "w1FwpDUZzVyfwCaI"
  },
  {
    "nome": "Fulano da Silva",
    "email": "znel@emailteste.com",
    "password": "1234",
    "administrador": "true",
    "_id": "w67Apl8IWLYw1kQG"
  },
  {
    "nome": "Isabelly Pacheco",
    "email": "isabelly_pacheco@xpto.com",
    "password": "!dYZ0bls!6",
    "administrador": "false",
    "_id": "w9uGgHcNv0485B4c"
  },
  {
    "nome": "Fulano da Silva",
    "email": "beltranoas_qame_undefined@qa.com.br",
    "password": "teste",
    "administrador": "true",
    "_id": "wgYVODu76oAirqmh"
  },
  {
    "nome": "Joana da Silva",
    "email": "jsilvia@qa.com.br",
    "password": "Bolonesa",
    "administrador": "true",
    "_id": "wnKUdx5PoZLdfGBj"
  },
  {
    "nome": "Fulano da Silva",
    "email": "beltranoas_qa142_undefined@qa.com.br",
    "password": "teste",
    "administrador": "true",
    "_id": "woWdyeCIwFZfc3Ok"
  },
  {
    "nome": "Laury",
    "email": "Eldon.Koelpin@teste.com",
    "password": "test7F",
    "administrador": "true",
    "_id": "x4r5MrnzHbRCEU63"
  },
  {
    "nome": "Clara Moura",
    "email": "clara_moura@xpto.com",
    "password": "%DZ4LofA)Z",
    "administrador": "false",
    "_id": "xD2Mdz5lOISinL88"
  },
  {
    "nome": "Armand",
    "email": "Armand_Braun@gmail.com",
    "password": "teste",
    "administrador": "true",
    "_id": "xKY42Du2LQQqi8w1"
  },
  {
    "nome": "Fulano da Silva",
    "email": "ccfh@emailteste.com",
    "password": "1234",
    "administrador": "true",
    "_id": "xQZVVipzxagmsi6T"
  },
  {
    "nome": "mateus souza",
    "email": "mateussouza@gmail.com",
    "password": "teste",
    "administrador": "true",
    "_id": "xjZegdHkzgnq6i5F"
  },
  {
    "nome": "Theodoro Almeida",
    "email": "theodoro_almeida@xpto.com",
    "password": "U^%8K#Sq+h",
    "administrador": "false",
    "_id": "y4WhzJD01hDuMGrh"
  },
  {
    "nome": "User Number 8467",
    "email": "name.8467@qa.com",
    "password": "teste",
    "administrador": "true",
    "_id": "y5r5GO4IfOgdaRtC"
  },
  {
    "nome": "Cassidy.Powlowski7",
    "email": "Nolan.Terry@gmail.com",
    "password": "tkcFx9vHlXN1wCF",
    "administrador": "true",
    "_id": "yThQ1AtcOFDZNMUa"
  },
  {
    "nome": "Manuella Aparecida",
    "email": "manuella_aparecida@xpto.com",
    "password": "_5DgvmC0+d",
    "administrador": "false",
    "_id": "yXgw2hZKBVWKr2zy"
  },
  {
    "nome": "Marcelino",
    "email": "Marcelino31@hotmail.com",
    "password": "teste",
    "administrador": "true",
    "_id": "ybfk2uc3N5v9o19G"
  },
  {
    "nome": "Victor",
    "email": "Victor_Reichert93@gmail.com",
    "password": "teste",
    "administrador": "true",
    "_id": "yhgxk2ykfSpmsLlv"
  },
  {
    "nome": "Barcos da silva",
    "email": "beetrano@qmail.com",
    "password": "1234",
    "administrador": "true",
    "_id": "z5Oa94bQmry14QJy"
  },
  {
    "nome": "Unique",
    "email": "Mercedes_Kihn80@teste.com",
    "password": "testSN",
    "administrador": "true",
    "_id": "zCaLi5vuGEpEY3yu"
  },
  {
    "nome": "Usuário Teste API",
    "password": "123456",
    "administrador": "true",
    "email": "user_1752600029955@mail.com",
    "_id": "zEE2fP6EUUc6MzGr"
  },
  {
    "nome": "Usuario Teste",
    "email": "testevai@bol.com.br",
    "password": "senha123453123",
    "administrador": "false",
    "_id": "zNsyBqmN9Yhpgnus"
  },
  {
    "nome": "Manoel da Silva",
    "email": "ms@gmail.com",
    "password": "teste",
    "administrador": "true",
    "_id": "zQIZCeoqeYvmAkjx"
  },
  {
    "nome": "Samuel Aparecida",
    "email": "samuel_aparecida@xpto.com",
    "password": "@V*66B%fDb",
    "administrador": "false",
    "_id": "zhg4fIMHe3nwP2IS"
  },
  {
    "nome": "Usuário Teste API",
    "password": "123456",
    "administrador": "true",
    "email": "user_1752600172723@mail.com",
    "_id": "zog4S1O8bITm85hg"
  }
]
 
21:37:04.238 [main] DEBUG org.thymeleaf.TemplateEngine -- [THYMELEAF] INITIALIZING TEMPLATE ENGINE
21:37:04.251 [main] DEBUG org.thymeleaf.TemplateEngine.CONFIG -- Initializing Thymeleaf Template engine configuration...
[THYMELEAF] TEMPLATE ENGINE CONFIGURATION:
[THYMELEAF] * Thymeleaf version: 3.1.2.RELEASE (built 2023-07-30T19:25:50+0000)
[THYMELEAF] * Cache Manager implementation: org.thymeleaf.cache.StandardCacheManager
[THYMELEAF] * Template resolvers:
[THYMELEAF]     * [1] com.intuit.karate.template.ResourceHtmlTemplateResolver
[THYMELEAF] * Message resolvers:
[THYMELEAF]     * org.thymeleaf.messageresolver.StandardMessageResolver
[THYMELEAF] * Link builders:
[THYMELEAF]     * org.thymeleaf.linkbuilder.StandardLinkBuilder
[THYMELEAF] * Dialect [1 of 2]: Standard (com.intuit.karate.template.KarateStandardDialect)
[THYMELEAF]     * Prefix: "th"
[THYMELEAF]     * Processors for Template Mode: HTML
[THYMELEAF]         * Element Tag Processors by [matching element and attribute name] [precedence]:
[THYMELEAF]             * [* {th:include,data-th-include}] [100]: org.thymeleaf.standard.processor.StandardIncludeTagProcessor
[THYMELEAF]             * [* {th:insert,data-th-insert}] [100]: org.thymeleaf.standard.processor.StandardInsertTagProcessor
[THYMELEAF]             * [* {th:replace,data-th-replace}] [100]: org.thymeleaf.standard.processor.StandardReplaceTagProcessor
[THYMELEAF]             * [* {th:each,data-th-each}] [200]: com.intuit.karate.template.KarateEachTagProcessor
[THYMELEAF]             * [* {th:switch,data-th-switch}] [250]: org.thymeleaf.standard.processor.StandardSwitchTagProcessor
[THYMELEAF]             * [* {th:case,data-th-case}] [275]: org.thymeleaf.standard.processor.StandardCaseTagProcessor
[THYMELEAF]             * [* {th:if,data-th-if}] [300]: org.thymeleaf.standard.processor.StandardIfTagProcessor
[THYMELEAF]             * [* {th:unless,data-th-unless}] [400]: org.thymeleaf.standard.processor.StandardUnlessTagProcessor
[THYMELEAF]             * [* {th:object,data-th-object}] [500]: org.thymeleaf.standard.processor.StandardObjectTagProcessor
[THYMELEAF]             * [* {th:with,data-th-with}] [600]: com.intuit.karate.template.KarateWithTagProcessor
[THYMELEAF]             * [* {th:attr,data-th-attr}] [700]: com.intuit.karate.template.KarateAttributeTagProcessor.KarateAttrTagProcessor
[THYMELEAF]             * [* {th:attrappend,data-th-attrappend}] [900]: com.intuit.karate.template.KarateAttributeTagProcessor.KarateAttrappendTagProcessor
[THYMELEAF]             * [* {th:attrprepend,data-th-attrprepend}] [900]: com.intuit.karate.template.KarateAttributeTagProcessor.KarateAttrprependTagProcessor
[THYMELEAF]             * [* {th:alt-title,data-th-alt-title}] [990]: org.thymeleaf.standard.processor.StandardAltTitleTagProcessor
[THYMELEAF]             * [* {th:lang-xmllang,data-th-lang-xmllang}] [990]: org.thymeleaf.standard.processor.StandardLangXmlLangTagProcessor
[THYMELEAF]             * [* {th:action,data-th-action}] [1000]: org.thymeleaf.standard.processor.StandardActionTagProcessor
[THYMELEAF]             * [* {th:seamless,data-th-seamless}] [1000]: org.thymeleaf.standard.processor.StandardConditionalFixedValueTagProcessor
[THYMELEAF]             * [* {th:disabled,data-th-disabled}] [1000]: org.thymeleaf.standard.processor.StandardConditionalFixedValueTagProcessor
[THYMELEAF]             * [* {th:controls,data-th-controls}] [1000]: org.thymeleaf.standard.processor.StandardConditionalFixedValueTagProcessor
[THYMELEAF]             * [* {th:autoplay,data-th-autoplay}] [1000]: org.thymeleaf.standard.processor.StandardConditionalFixedValueTagProcessor
[THYMELEAF]             * [* {th:novalidate,data-th-novalidate}] [1000]: org.thymeleaf.standard.processor.StandardConditionalFixedValueTagProcessor
[THYMELEAF]             * [* {th:multiple,data-th-multiple}] [1000]: org.thymeleaf.standard.processor.StandardConditionalFixedValueTagProcessor
[THYMELEAF]             * [* {th:formnovalidate,data-th-formnovalidate}] [1000]: org.thymeleaf.standard.processor.StandardConditionalFixedValueTagProcessor
[THYMELEAF]             * [* {th:loop,data-th-loop}] [1000]: org.thymeleaf.standard.processor.StandardConditionalFixedValueTagProcessor
[THYMELEAF]             * [* {th:required,data-th-required}] [1000]: org.thymeleaf.standard.processor.StandardConditionalFixedValueTagProcessor
[THYMELEAF]             * [* {th:reversed,data-th-reversed}] [1000]: org.thymeleaf.standard.processor.StandardConditionalFixedValueTagProcessor
[THYMELEAF]             * [* {th:nowrap,data-th-nowrap}] [1000]: org.thymeleaf.standard.processor.StandardConditionalFixedValueTagProcessor
[THYMELEAF]             * [* {th:readonly,data-th-readonly}] [1000]: org.thymeleaf.standard.processor.StandardConditionalFixedValueTagProcessor
[THYMELEAF]             * [* {th:declare,data-th-declare}] [1000]: org.thymeleaf.standard.processor.StandardConditionalFixedValueTagProcessor
[THYMELEAF]             * [* {th:selected,data-th-selected}] [1000]: org.thymeleaf.standard.processor.StandardConditionalFixedValueTagProcessor
[THYMELEAF]             * [* {th:checked,data-th-checked}] [1000]: org.thymeleaf.standard.processor.StandardConditionalFixedValueTagProcessor
[THYMELEAF]             * [* {th:pubdate,data-th-pubdate}] [1000]: org.thymeleaf.standard.processor.StandardConditionalFixedValueTagProcessor
[THYMELEAF]             * [* {th:scoped,data-th-scoped}] [1000]: org.thymeleaf.standard.processor.StandardConditionalFixedValueTagProcessor
[THYMELEAF]             * [* {th:autofocus,data-th-autofocus}] [1000]: org.thymeleaf.standard.processor.StandardConditionalFixedValueTagProcessor
[THYMELEAF]             * [* {th:ismap,data-th-ismap}] [1000]: org.thymeleaf.standard.processor.StandardConditionalFixedValueTagProcessor
[THYMELEAF]             * [* {th:default,data-th-default}] [1000]: org.thymeleaf.standard.processor.StandardConditionalFixedValueTagProcessor
[THYMELEAF]             * [* {th:async,data-th-async}] [1000]: org.thymeleaf.standard.processor.StandardConditionalFixedValueTagProcessor
[THYMELEAF]             * [* {th:defer,data-th-defer}] [1000]: org.thymeleaf.standard.processor.StandardConditionalFixedValueTagProcessor
[THYMELEAF]             * [* {th:hidden,data-th-hidden}] [1000]: org.thymeleaf.standard.processor.StandardConditionalFixedValueTagProcessor
[THYMELEAF]             * [* {th:open,data-th-open}] [1000]: org.thymeleaf.standard.processor.StandardConditionalFixedValueTagProcessor
[THYMELEAF]             * [* {th:onmouseover,data-th-onmouseover}] [1000]: org.thymeleaf.standard.processor.StandardDOMEventAttributeTagProcessor
[THYMELEAF]             * [* {th:onmouseup,data-th-onmouseup}] [1000]: org.thymeleaf.standard.processor.StandardDOMEventAttributeTagProcessor
[THYMELEAF]             * [* {th:onresize,data-th-onresize}] [1000]: org.thymeleaf.standard.processor.StandardDOMEventAttributeTagProcessor
[THYMELEAF]             * [* {th:onseeking,data-th-onseeking}] [1000]: org.thymeleaf.standard.processor.StandardDOMEventAttributeTagProcessor
[THYMELEAF]             * [* {th:ondragover,data-th-ondragover}] [1000]: org.thymeleaf.standard.processor.StandardDOMEventAttributeTagProcessor
[THYMELEAF]             * [* {th:ondragenter,data-th-ondragenter}] [1000]: org.thymeleaf.standard.processor.StandardDOMEventAttributeTagProcessor
[THYMELEAF]             * [* {th:oncontextmenu,data-th-oncontextmenu}] [1000]: org.thymeleaf.standard.processor.StandardDOMEventAttributeTagProcessor
[THYMELEAF]             * [* {th:onstalled,data-th-onstalled}] [1000]: org.thymeleaf.standard.processor.StandardDOMEventAttributeTagProcessor
[THYMELEAF]             * [* {th:onstorage,data-th-onstorage}] [1000]: org.thymeleaf.standard.processor.StandardDOMEventAttributeTagProcessor
[THYMELEAF]             * [* {th:oncanplaythrough,data-th-oncanplaythrough}] [1000]: org.thymeleaf.standard.processor.StandardDOMEventAttributeTagProcessor
[THYMELEAF]             * [* {th:onmessage,data-th-onmessage}] [1000]: org.thymeleaf.standard.processor.StandardDOMEventAttributeTagProcessor
[THYMELEAF]             * [* {th:onpopstate,data-th-onpopstate}] [1000]: org.thymeleaf.standard.processor.StandardDOMEventAttributeTagProcessor
[THYMELEAF]             * [* {th:onblur,data-th-onblur}] [1000]: org.thymeleaf.standard.processor.StandardDOMEventAttributeTagProcessor
[THYMELEAF]             * [* {th:onclick,data-th-onclick}] [1000]: org.thymeleaf.standard.processor.StandardDOMEventAttributeTagProcessor
[THYMELEAF]             * [* {th:onreadystatechange,data-th-onreadystatechange}] [1000]: org.thymeleaf.standard.processor.StandardDOMEventAttributeTagProcessor
[THYMELEAF]             * [* {th:onmousemove,data-th-onmousemove}] [1000]: org.thymeleaf.standard.processor.StandardDOMEventAttributeTagProcessor
[THYMELEAF]             * [* {th:onselect,data-th-onselect}] [1000]: org.thymeleaf.standard.processor.StandardDOMEventAttributeTagProcessor
[THYMELEAF]             * [* {th:onkeypress,data-th-onkeypress}] [1000]: org.thymeleaf.standard.processor.StandardDOMEventAttributeTagProcessor
[THYMELEAF]             * [* {th:ondblclick,data-th-ondblclick}] [1000]: org.thymeleaf.standard.processor.StandardDOMEventAttributeTagProcessor
[THYMELEAF]             * [* {th:onformchange,data-th-onformchange}] [1000]: org.thymeleaf.standard.processor.StandardDOMEventAttributeTagProcessor
[THYMELEAF]             * [* {th:onshow,data-th-onshow}] [1000]: org.thymeleaf.standard.processor.StandardDOMEventAttributeTagProcessor
[THYMELEAF]             * [* {th:onmousedown,data-th-onmousedown}] [1000]: org.thymeleaf.standard.processor.StandardDOMEventAttributeTagProcessor
[THYMELEAF]             * [* {th:onunload,data-th-onunload}] [1000]: org.thymeleaf.standard.processor.StandardDOMEventAttributeTagProcessor
[THYMELEAF]             * [* {th:onsuspend,data-th-onsuspend}] [1000]: org.thymeleaf.standard.processor.StandardDOMEventAttributeTagProcessor
[THYMELEAF]             * [* {th:onscroll,data-th-onscroll}] [1000]: org.thymeleaf.standard.processor.StandardDOMEventAttributeTagProcessor
[THYMELEAF]             * [* {th:onbeforeprint,data-th-onbeforeprint}] [1000]: org.thymeleaf.standard.processor.StandardDOMEventAttributeTagProcessor
[THYMELEAF]             * [* {th:oninvalid,data-th-oninvalid}] [1000]: org.thymeleaf.standard.processor.StandardDOMEventAttributeTagProcessor
[THYMELEAF]             * [* {th:ononline,data-th-ononline}] [1000]: org.thymeleaf.standard.processor.StandardDOMEventAttributeTagProcessor
[THYMELEAF]             * [* {th:ondrop,data-th-ondrop}] [1000]: org.thymeleaf.standard.processor.StandardDOMEventAttributeTagProcessor
[THYMELEAF]             * [* {th:ondrag,data-th-ondrag}] [1000]: org.thymeleaf.standard.processor.StandardDOMEventAttributeTagProcessor
[THYMELEAF]             * [* {th:ondragleave,data-th-ondragleave}] [1000]: org.thymeleaf.standard.processor.StandardDOMEventAttributeTagProcessor
[THYMELEAF]             * [* {th:onreset,data-th-onreset}] [1000]: org.thymeleaf.standard.processor.StandardDOMEventAttributeTagProcessor
[THYMELEAF]             * [* {th:oncanplay,data-th-oncanplay}] [1000]: org.thymeleaf.standard.processor.StandardDOMEventAttributeTagProcessor
[THYMELEAF]             * [* {th:onbeforeunload,data-th-onbeforeunload}] [1000]: org.thymeleaf.standard.processor.StandardDOMEventAttributeTagProcessor
[THYMELEAF]             * [* {th:ondragend,data-th-ondragend}] [1000]: org.thymeleaf.standard.processor.StandardDOMEventAttributeTagProcessor
[THYMELEAF]             * [* {th:onloadedmetadata,data-th-onloadedmetadata}] [1000]: org.thymeleaf.standard.processor.StandardDOMEventAttributeTagProcessor
[THYMELEAF]             * [* {th:onvolumechange,data-th-onvolumechange}] [1000]: org.thymeleaf.standard.processor.StandardDOMEventAttributeTagProcessor
[THYMELEAF]             * [* {th:onundo,data-th-onundo}] [1000]: org.thymeleaf.standard.processor.StandardDOMEventAttributeTagProcessor
[THYMELEAF]             * [* {th:ondurationchange,data-th-ondurationchange}] [1000]: org.thymeleaf.standard.processor.StandardDOMEventAttributeTagProcessor
[THYMELEAF]             * [* {th:onseeked,data-th-onseeked}] [1000]: org.thymeleaf.standard.processor.StandardDOMEventAttributeTagProcessor
[THYMELEAF]             * [* {th:onload,data-th-onload}] [1000]: org.thymeleaf.standard.processor.StandardDOMEventAttributeTagProcessor
[THYMELEAF]             * [* {th:onratechange,data-th-onratechange}] [1000]: org.thymeleaf.standard.processor.StandardDOMEventAttributeTagProcessor
[THYMELEAF]             * [* {th:onplaying,data-th-onplaying}] [1000]: org.thymeleaf.standard.processor.StandardDOMEventAttributeTagProcessor
[THYMELEAF]             * [* {th:onredo,data-th-onredo}] [1000]: org.thymeleaf.standard.processor.StandardDOMEventAttributeTagProcessor
[THYMELEAF]             * [* {th:onchange,data-th-onchange}] [1000]: org.thymeleaf.standard.processor.StandardDOMEventAttributeTagProcessor
[THYMELEAF]             * [* {th:onforminput,data-th-onforminput}] [1000]: org.thymeleaf.standard.processor.StandardDOMEventAttributeTagProcessor
[THYMELEAF]             * [* {th:onabort,data-th-onabort}] [1000]: org.thymeleaf.standard.processor.StandardDOMEventAttributeTagProcessor
[THYMELEAF]             * [* {th:onkeyup,data-th-onkeyup}] [1000]: org.thymeleaf.standard.processor.StandardDOMEventAttributeTagProcessor
[THYMELEAF]             * [* {th:onfocus,data-th-onfocus}] [1000]: org.thymeleaf.standard.processor.StandardDOMEventAttributeTagProcessor
[THYMELEAF]             * [* {th:onemptied,data-th-onemptied}] [1000]: org.thymeleaf.standard.processor.StandardDOMEventAttributeTagProcessor
[THYMELEAF]             * [* {th:onloadeddata,data-th-onloadeddata}] [1000]: org.thymeleaf.standard.processor.StandardDOMEventAttributeTagProcessor
[THYMELEAF]             * [* {th:onprogress,data-th-onprogress}] [1000]: org.thymeleaf.standard.processor.StandardDOMEventAttributeTagProcessor
[THYMELEAF]             * [* {th:ondragstart,data-th-ondragstart}] [1000]: org.thymeleaf.standard.processor.StandardDOMEventAttributeTagProcessor
[THYMELEAF]             * [* {th:onoffline,data-th-onoffline}] [1000]: org.thymeleaf.standard.processor.StandardDOMEventAttributeTagProcessor
[THYMELEAF]             * [* {th:onended,data-th-onended}] [1000]: org.thymeleaf.standard.processor.StandardDOMEventAttributeTagProcessor
[THYMELEAF]             * [* {th:onmousewheel,data-th-onmousewheel}] [1000]: org.thymeleaf.standard.processor.StandardDOMEventAttributeTagProcessor
[THYMELEAF]             * [* {th:onwaiting,data-th-onwaiting}] [1000]: org.thymeleaf.standard.processor.StandardDOMEventAttributeTagProcessor
[THYMELEAF]             * [* {th:onerror,data-th-onerror}] [1000]: org.thymeleaf.standard.processor.StandardDOMEventAttributeTagProcessor
[THYMELEAF]             * [* {th:oninput,data-th-oninput}] [1000]: org.thymeleaf.standard.processor.StandardDOMEventAttributeTagProcessor
[THYMELEAF]             * [* {th:onplay,data-th-onplay}] [1000]: org.thymeleaf.standard.processor.StandardDOMEventAttributeTagProcessor
[THYMELEAF]             * [* {th:onhashchange,data-th-onhashchange}] [1000]: org.thymeleaf.standard.processor.StandardDOMEventAttributeTagProcessor
[THYMELEAF]             * [* {th:onloadstart,data-th-onloadstart}] [1000]: org.thymeleaf.standard.processor.StandardDOMEventAttributeTagProcessor
[THYMELEAF]             * [* {th:onkeydown,data-th-onkeydown}] [1000]: org.thymeleaf.standard.processor.StandardDOMEventAttributeTagProcessor
[THYMELEAF]             * [* {th:onafterprint,data-th-onafterprint}] [1000]: org.thymeleaf.standard.processor.StandardDOMEventAttributeTagProcessor
[THYMELEAF]             * [* {th:onpause,data-th-onpause}] [1000]: org.thymeleaf.standard.processor.StandardDOMEventAttributeTagProcessor
[THYMELEAF]             * [* {th:onsubmit,data-th-onsubmit}] [1000]: org.thymeleaf.standard.processor.StandardDOMEventAttributeTagProcessor
[THYMELEAF]             * [* {th:onmouseout,data-th-onmouseout}] [1000]: org.thymeleaf.standard.processor.StandardDOMEventAttributeTagProcessor
[THYMELEAF]             * [* {th:ontimeupdate,data-th-ontimeupdate}] [1000]: org.thymeleaf.standard.processor.StandardDOMEventAttributeTagProcessor
[THYMELEAF]             * [* {th:href,data-th-href}] [1000]: org.thymeleaf.standard.processor.StandardHrefTagProcessor
[THYMELEAF]             * [* {th:inline,data-th-inline}] [1000]: org.thymeleaf.standard.processor.StandardInlineHTMLTagProcessor
[THYMELEAF]             * [* {th:method,data-th-method}] [1000]: org.thymeleaf.standard.processor.StandardMethodTagProcessor
[THYMELEAF]             * [* {th:type,data-th-type}] [1000]: org.thymeleaf.standard.processor.StandardNonRemovableAttributeTagProcessor
[THYMELEAF]             * [* {th:name,data-th-name}] [1000]: org.thymeleaf.standard.processor.StandardNonRemovableAttributeTagProcessor
[THYMELEAF]             * [* {th:low,data-th-low}] [1000]: org.thymeleaf.standard.processor.StandardRemovableAttributeTagProcessor
[THYMELEAF]             * [* {th:data,data-th-data}] [1000]: org.thymeleaf.standard.processor.StandardRemovableAttributeTagProcessor
[THYMELEAF]             * [* {th:icon,data-th-icon}] [1000]: org.thymeleaf.standard.processor.StandardRemovableAttributeTagProcessor
[THYMELEAF]             * [* {th:accept-charset,data-th-accept-charset}] [1000]: org.thymeleaf.standard.processor.StandardRemovableAttributeTagProcessor
[THYMELEAF]             * [* {th:label,data-th-label}] [1000]: org.thymeleaf.standard.processor.StandardRemovableAttributeTagProcessor
[THYMELEAF]             * [* {th:title,data-th-title}] [1000]: org.thymeleaf.standard.processor.StandardRemovableAttributeTagProcessor
[THYMELEAF]             * [* {th:summary,data-th-summary}] [1000]: org.thymeleaf.standard.processor.StandardRemovableAttributeTagProcessor
[THYMELEAF]             * [* {th:cellspacing,data-th-cellspacing}] [1000]: org.thymeleaf.standard.processor.StandardRemovableAttributeTagProcessor
[THYMELEAF]             * [* {th:formmethod,data-th-formmethod}] [1000]: org.thymeleaf.standard.processor.StandardRemovableAttributeTagProcessor
[THYMELEAF]             * [* {th:size,data-th-size}] [1000]: org.thymeleaf.standard.processor.StandardRemovableAttributeTagProcessor
[THYMELEAF]             * [* {th:max,data-th-max}] [1000]: org.thymeleaf.standard.processor.StandardRemovableAttributeTagProcessor
[THYMELEAF]             * [* {th:codetype,data-th-codetype}] [1000]: org.thymeleaf.standard.processor.StandardRemovableAttributeTagProcessor
[THYMELEAF]             * [* {th:manifest,data-th-manifest}] [1000]: org.thymeleaf.standard.processor.StandardRemovableAttributeTagProcessor
[THYMELEAF]             * [* {th:class,data-th-class}] [1000]: org.thymeleaf.standard.processor.StandardRemovableAttributeTagProcessor
[THYMELEAF]             * [* {th:headers,data-th-headers}] [1000]: org.thymeleaf.standard.processor.StandardRemovableAttributeTagProcessor
[THYMELEAF]             * [* {th:classid,data-th-classid}] [1000]: org.thymeleaf.standard.processor.StandardRemovableAttributeTagProcessor
[THYMELEAF]             * [* {th:draggable,data-th-draggable}] [1000]: org.thymeleaf.standard.processor.StandardRemovableAttributeTagProcessor
[THYMELEAF]             * [* {th:hspace,data-th-hspace}] [1000]: org.thymeleaf.standard.processor.StandardRemovableAttributeTagProcessor
[THYMELEAF]             * [* {th:frameborder,data-th-frameborder}] [1000]: org.thymeleaf.standard.processor.StandardRemovableAttributeTagProcessor
[THYMELEAF]             * [* {th:keytype,data-th-keytype}] [1000]: org.thymeleaf.standard.processor.StandardRemovableAttributeTagProcessor
[THYMELEAF]             * [* {th:formenctype,data-th-formenctype}] [1000]: org.thymeleaf.standard.processor.StandardRemovableAttributeTagProcessor
[THYMELEAF]             * [* {th:target,data-th-target}] [1000]: org.thymeleaf.standard.processor.StandardRemovableAttributeTagProcessor
[THYMELEAF]             * [* {th:lang,data-th-lang}] [1000]: org.thymeleaf.standard.processor.StandardRemovableAttributeTagProcessor
[THYMELEAF]             * [* {th:contenteditable,data-th-contenteditable}] [1000]: org.thymeleaf.standard.processor.StandardRemovableAttributeTagProcessor
[THYMELEAF]             * [* {th:tabindex,data-th-tabindex}] [1000]: org.thymeleaf.standard.processor.StandardRemovableAttributeTagProcessor
[THYMELEAF]             * [* {th:compact,data-th-compact}] [1000]: org.thymeleaf.standard.processor.StandardRemovableAttributeTagProcessor
[THYMELEAF]             * [* {th:align,data-th-align}] [1000]: org.thymeleaf.standard.processor.StandardRemovableAttributeTagProcessor
[THYMELEAF]             * [* {th:vspace,data-th-vspace}] [1000]: org.thymeleaf.standard.processor.StandardRemovableAttributeTagProcessor
[THYMELEAF]             * [* {th:scheme,data-th-scheme}] [1000]: org.thymeleaf.standard.processor.StandardRemovableAttributeTagProcessor
[THYMELEAF]             * [* {th:spellcheck,data-th-spellcheck}] [1000]: org.thymeleaf.standard.processor.StandardRemovableAttributeTagProcessor
[THYMELEAF]             * [* {th:cellpadding,data-th-cellpadding}] [1000]: org.thymeleaf.standard.processor.StandardRemovableAttributeTagProcessor
[THYMELEAF]             * [* {th:step,data-th-step}] [1000]: org.thymeleaf.standard.processor.StandardRemovableAttributeTagProcessor
[THYMELEAF]             * [* {th:bgcolor,data-th-bgcolor}] [1000]: org.thymeleaf.standard.processor.StandardRemovableAttributeTagProcessor
[THYMELEAF]             * [* {th:audio,data-th-audio}] [1000]: org.thymeleaf.standard.processor.StandardRemovableAttributeTagProcessor
[THYMELEAF]             * [* {th:cite,data-th-cite}] [1000]: org.thymeleaf.standard.processor.StandardRemovableAttributeTagProcessor
[THYMELEAF]             * [* {th:cols,data-th-cols}] [1000]: org.thymeleaf.standard.processor.StandardRemovableAttributeTagProcessor
[THYMELEAF]             * [* {th:height,data-th-height}] [1000]: org.thymeleaf.standard.processor.StandardRemovableAttributeTagProcessor
[THYMELEAF]             * [* {th:pattern,data-th-pattern}] [1000]: org.thymeleaf.standard.processor.StandardRemovableAttributeTagProcessor
[THYMELEAF]             * [* {th:content,data-th-content}] [1000]: org.thymeleaf.standard.processor.StandardRemovableAttributeTagProcessor
[THYMELEAF]             * [* {th:high,data-th-high}] [1000]: org.thymeleaf.standard.processor.StandardRemovableAttributeTagProcessor
[THYMELEAF]             * [* {th:radiogroup,data-th-radiogroup}] [1000]: org.thymeleaf.standard.processor.StandardRemovableAttributeTagProcessor
[THYMELEAF]             * [* {th:charset,data-th-charset}] [1000]: org.thymeleaf.standard.processor.StandardRemovableAttributeTagProcessor
[THYMELEAF]             * [* {th:maxlength,data-th-maxlength}] [1000]: org.thymeleaf.standard.processor.StandardRemovableAttributeTagProcessor
[THYMELEAF]             * [* {th:hreflang,data-th-hreflang}] [1000]: org.thymeleaf.standard.processor.StandardRemovableAttributeTagProcessor
[THYMELEAF]             * [* {th:min,data-th-min}] [1000]: org.thymeleaf.standard.processor.StandardRemovableAttributeTagProcessor
[THYMELEAF]             * [* {th:marginheight,data-th-marginheight}] [1000]: org.thymeleaf.standard.processor.StandardRemovableAttributeTagProcessor
[THYMELEAF]             * [* {th:start,data-th-start}] [1000]: org.thymeleaf.standard.processor.StandardRemovableAttributeTagProcessor
[THYMELEAF]             * [* {th:rules,data-th-rules}] [1000]: org.thymeleaf.standard.processor.StandardRemovableAttributeTagProcessor
[THYMELEAF]             * [* {th:challenge,data-th-challenge}] [1000]: org.thymeleaf.standard.processor.StandardRemovableAttributeTagProcessor
[THYMELEAF]             * [* {th:id,data-th-id}] [1000]: org.thymeleaf.standard.processor.StandardRemovableAttributeTagProcessor
[THYMELEAF]             * [* {th:sizes,data-th-sizes}] [1000]: org.thymeleaf.standard.processor.StandardRemovableAttributeTagProcessor
[THYMELEAF]             * [* {th:formtarget,data-th-formtarget}] [1000]: org.thymeleaf.standard.processor.StandardRemovableAttributeTagProcessor
[THYMELEAF]             * [* {th:formaction,data-th-formaction}] [1000]: org.thymeleaf.standard.processor.StandardRemovableAttributeTagProcessor
[THYMELEAF]             * [* {th:wrap,data-th-wrap}] [1000]: org.thymeleaf.standard.processor.StandardRemovableAttributeTagProcessor
[THYMELEAF]             * [* {th:list,data-th-list}] [1000]: org.thymeleaf.standard.processor.StandardRemovableAttributeTagProcessor
[THYMELEAF]             * [* {th:standby,data-th-standby}] [1000]: org.thymeleaf.standard.processor.StandardRemovableAttributeTagProcessor
[THYMELEAF]             * [* {th:accesskey,data-th-accesskey}] [1000]: org.thymeleaf.standard.processor.StandardRemovableAttributeTagProcessor
[THYMELEAF]             * [* {th:dir,data-th-dir}] [1000]: org.thymeleaf.standard.processor.StandardRemovableAttributeTagProcessor
[THYMELEAF]             * [* {th:placeholder,data-th-placeholder}] [1000]: org.thymeleaf.standard.processor.StandardRemovableAttributeTagProcessor
[THYMELEAF]             * [* {th:dropzone,data-th-dropzone}] [1000]: org.thymeleaf.standard.processor.StandardRemovableAttributeTagProcessor
[THYMELEAF]             * [* {th:datetime,data-th-datetime}] [1000]: org.thymeleaf.standard.processor.StandardRemovableAttributeTagProcessor
[THYMELEAF]             * [* {th:accept,data-th-accept}] [1000]: org.thymeleaf.standard.processor.StandardRemovableAttributeTagProcessor
[THYMELEAF]             * [* {th:srclang,data-th-srclang}] [1000]: org.thymeleaf.standard.processor.StandardRemovableAttributeTagProcessor
[THYMELEAF]             * [* {th:width,data-th-width}] [1000]: org.thymeleaf.standard.processor.StandardRemovableAttributeTagProcessor
[THYMELEAF]             * [* {th:rel,data-th-rel}] [1000]: org.thymeleaf.standard.processor.StandardRemovableAttributeTagProcessor
[THYMELEAF]             * [* {th:rev,data-th-rev}] [1000]: org.thymeleaf.standard.processor.StandardRemovableAttributeTagProcessor
[THYMELEAF]             * [* {th:style,data-th-style}] [1000]: org.thymeleaf.standard.processor.StandardRemovableAttributeTagProcessor
[THYMELEAF]             * [* {th:for,data-th-for}] [1000]: org.thymeleaf.standard.processor.StandardRemovableAttributeTagProcessor
[THYMELEAF]             * [* {th:marginwidth,data-th-marginwidth}] [1000]: org.thymeleaf.standard.processor.StandardRemovableAttributeTagProcessor
[THYMELEAF]             * [* {th:sandbox,data-th-sandbox}] [1000]: org.thymeleaf.standard.processor.StandardRemovableAttributeTagProcessor
[THYMELEAF]             * [* {th:optimum,data-th-optimum}] [1000]: org.thymeleaf.standard.processor.StandardRemovableAttributeTagProcessor
[THYMELEAF]             * [* {th:rows,data-th-rows}] [1000]: org.thymeleaf.standard.processor.StandardRemovableAttributeTagProcessor
[THYMELEAF]             * [* {th:contextmenu,data-th-contextmenu}] [1000]: org.thymeleaf.standard.processor.StandardRemovableAttributeTagProcessor
[THYMELEAF]             * [* {th:form,data-th-form}] [1000]: org.thymeleaf.standard.processor.StandardRemovableAttributeTagProcessor
[THYMELEAF]             * [* {th:autocomplete,data-th-autocomplete}] [1000]: org.thymeleaf.standard.processor.StandardRemovableAttributeTagProcessor
[THYMELEAF]             * [* {th:abbr,data-th-abbr}] [1000]: org.thymeleaf.standard.processor.StandardRemovableAttributeTagProcessor
[THYMELEAF]             * [* {th:archive,data-th-archive}] [1000]: org.thymeleaf.standard.processor.StandardRemovableAttributeTagProcessor
[THYMELEAF]             * [* {th:preload,data-th-preload}] [1000]: org.thymeleaf.standard.processor.StandardRemovableAttributeTagProcessor
[THYMELEAF]             * [* {th:valuetype,data-th-valuetype}] [1000]: org.thymeleaf.standard.processor.StandardRemovableAttributeTagProcessor
[THYMELEAF]             * [* {th:poster,data-th-poster}] [1000]: org.thymeleaf.standard.processor.StandardRemovableAttributeTagProcessor
[THYMELEAF]             * [* {th:axis,data-th-axis}] [1000]: org.thymeleaf.standard.processor.StandardRemovableAttributeTagProcessor
[THYMELEAF]             * [* {th:scope,data-th-scope}] [1000]: org.thymeleaf.standard.processor.StandardRemovableAttributeTagProcessor
[THYMELEAF]             * [* {th:codebase,data-th-codebase}] [1000]: org.thymeleaf.standard.processor.StandardRemovableAttributeTagProcessor
[THYMELEAF]             * [* {th:longdesc,data-th-longdesc}] [1000]: org.thymeleaf.standard.processor.StandardRemovableAttributeTagProcessor
[THYMELEAF]             * [* {th:frame,data-th-frame}] [1000]: org.thymeleaf.standard.processor.StandardRemovableAttributeTagProcessor
[THYMELEAF]             * [* {th:scrolling,data-th-scrolling}] [1000]: org.thymeleaf.standard.processor.StandardRemovableAttributeTagProcessor
[THYMELEAF]             * [* {th:http-equiv,data-th-http-equiv}] [1000]: org.thymeleaf.standard.processor.StandardRemovableAttributeTagProcessor
[THYMELEAF]             * [* {th:kind,data-th-kind}] [1000]: org.thymeleaf.standard.processor.StandardRemovableAttributeTagProcessor
[THYMELEAF]             * [* {th:usemap,data-th-usemap}] [1000]: org.thymeleaf.standard.processor.StandardRemovableAttributeTagProcessor
[THYMELEAF]             * [* {th:alt,data-th-alt}] [1000]: org.thymeleaf.standard.processor.StandardRemovableAttributeTagProcessor
[THYMELEAF]             * [* {th:span,data-th-span}] [1000]: org.thymeleaf.standard.processor.StandardRemovableAttributeTagProcessor
[THYMELEAF]             * [* {th:enctype,data-th-enctype}] [1000]: org.thymeleaf.standard.processor.StandardRemovableAttributeTagProcessor
[THYMELEAF]             * [* {th:media,data-th-media}] [1000]: org.thymeleaf.standard.processor.StandardRemovableAttributeTagProcessor
[THYMELEAF]             * [* {th:colspan,data-th-colspan}] [1000]: org.thymeleaf.standard.processor.StandardRemovableAttributeTagProcessor
[THYMELEAF]             * [* {th:rowspan,data-th-rowspan}] [1000]: org.thymeleaf.standard.processor.StandardRemovableAttributeTagProcessor
[THYMELEAF]             * [* {th:background,data-th-background}] [1000]: org.thymeleaf.standard.processor.StandardRemovableAttributeTagProcessor
[THYMELEAF]             * [* {th:border,data-th-border}] [1000]: org.thymeleaf.standard.processor.StandardRemovableAttributeTagProcessor
[THYMELEAF]             * [* {th:src,data-th-src}] [1000]: org.thymeleaf.standard.processor.StandardSrcTagProcessor
[THYMELEAF]             * [* {th:value,data-th-value}] [1000]: org.thymeleaf.standard.processor.StandardValueTagProcessor
[THYMELEAF]             * [* {th:xmlbase,data-th-xmlbase}] [1000]: org.thymeleaf.standard.processor.StandardXmlBaseTagProcessor
[THYMELEAF]             * [* {th:xmllang,data-th-xmllang}] [1000]: org.thymeleaf.standard.processor.StandardXmlLangTagProcessor
[THYMELEAF]             * [* {xmlns:th}] [1000]: org.thymeleaf.standard.processor.StandardXmlNsTagProcessor
[THYMELEAF]             * [* {th:xmlspace,data-th-xmlspace}] [1000]: org.thymeleaf.standard.processor.StandardXmlSpaceTagProcessor
[THYMELEAF]             * [* {th:classappend,data-th-classappend}] [1100]: org.thymeleaf.standard.processor.StandardClassappendTagProcessor
[THYMELEAF]             * [* {th:styleappend,data-th-styleappend}] [1100]: org.thymeleaf.standard.processor.StandardStyleappendTagProcessor
[THYMELEAF]             * [* {th:text,data-th-text}] [1300]: org.thymeleaf.standard.processor.StandardTextTagProcessor
[THYMELEAF]             * [* {th:utext,data-th-utext}] [1400]: org.thymeleaf.standard.processor.StandardUtextTagProcessor
[THYMELEAF]             * [* {th:fragment,data-th-fragment}] [1500]: org.thymeleaf.standard.processor.StandardFragmentTagProcessor
[THYMELEAF]             * [* {th:assert,data-th-assert}] [1550]: org.thymeleaf.standard.processor.StandardAssertTagProcessor
[THYMELEAF]             * [* {th:remove,data-th-remove}] [1600]: org.thymeleaf.standard.processor.StandardRemoveTagProcessor
[THYMELEAF]             * [* {th:ref,data-th-ref}] [10000]: org.thymeleaf.standard.processor.StandardRefAttributeTagProcessor
[THYMELEAF]             * [{th:block,th-block} *] [100000]: org.thymeleaf.standard.processor.StandardBlockTagProcessor
[THYMELEAF]             * [* th:*] [2147483647]: org.thymeleaf.standard.processor.StandardDefaultAttributesTagProcessor
[THYMELEAF]         * Text Processors by [precedence]:
[THYMELEAF]             * [1000]: org.thymeleaf.standard.processor.StandardInliningTextProcessor
[THYMELEAF]         * DOCTYPE Processors by [precedence]:
[THYMELEAF]             * [1000]: org.thymeleaf.standard.processor.StandardTranslationDocTypeProcessor
[THYMELEAF]         * CDATA Section Processors by [precedence]:
[THYMELEAF]             * [1000]: org.thymeleaf.standard.processor.StandardInliningCDATASectionProcessor
[THYMELEAF]         * Comment Processors by [precedence]:
[THYMELEAF]             * [1000]: org.thymeleaf.standard.processor.StandardInliningCommentProcessor
[THYMELEAF]             * [1100]: org.thymeleaf.standard.processor.StandardConditionalCommentProcessor
[THYMELEAF]     * Processors for Template Mode: XML
[THYMELEAF]         * Element Tag Processors by [matching element and attribute name] [precedence]:
[THYMELEAF]             * [* {th:include}] [100]: org.thymeleaf.standard.processor.StandardIncludeTagProcessor
[THYMELEAF]             * [* {th:insert}] [100]: org.thymeleaf.standard.processor.StandardInsertTagProcessor
[THYMELEAF]             * [* {th:replace}] [100]: org.thymeleaf.standard.processor.StandardReplaceTagProcessor
[THYMELEAF]             * [* {th:each}] [200]: com.intuit.karate.template.KarateEachTagProcessor
[THYMELEAF]             * [* {th:switch}] [250]: org.thymeleaf.standard.processor.StandardSwitchTagProcessor
[THYMELEAF]             * [* {th:case}] [275]: org.thymeleaf.standard.processor.StandardCaseTagProcessor
[THYMELEAF]             * [* {th:if}] [300]: org.thymeleaf.standard.processor.StandardIfTagProcessor
[THYMELEAF]             * [* {th:unless}] [400]: org.thymeleaf.standard.processor.StandardUnlessTagProcessor
[THYMELEAF]             * [* {th:object}] [500]: org.thymeleaf.standard.processor.StandardObjectTagProcessor
[THYMELEAF]             * [* {th:with}] [600]: com.intuit.karate.template.KarateWithTagProcessor
[THYMELEAF]             * [* {th:attr}] [700]: com.intuit.karate.template.KarateAttributeTagProcessor.KarateAttrTagProcessor
[THYMELEAF]             * [* {th:attrappend}] [900]: com.intuit.karate.template.KarateAttributeTagProcessor.KarateAttrappendTagProcessor
[THYMELEAF]             * [* {th:attrprepend}] [900]: com.intuit.karate.template.KarateAttributeTagProcessor.KarateAttrprependTagProcessor
[THYMELEAF]             * [* {th:inline}] [1000]: org.thymeleaf.standard.processor.StandardInlineXMLTagProcessor
[THYMELEAF]             * [* {xmlns:th}] [1000]: org.thymeleaf.standard.processor.StandardXmlNsTagProcessor
[THYMELEAF]             * [* {th:text}] [1300]: org.thymeleaf.standard.processor.StandardTextTagProcessor
[THYMELEAF]             * [* {th:utext}] [1400]: org.thymeleaf.standard.processor.StandardUtextTagProcessor
[THYMELEAF]             * [* {th:fragment}] [1500]: org.thymeleaf.standard.processor.StandardFragmentTagProcessor
[THYMELEAF]             * [* {th:assert}] [1550]: org.thymeleaf.standard.processor.StandardAssertTagProcessor
[THYMELEAF]             * [* {th:remove}] [1600]: org.thymeleaf.standard.processor.StandardRemoveTagProcessor
[THYMELEAF]             * [* {th:ref}] [10000]: org.thymeleaf.standard.processor.StandardRefAttributeTagProcessor
[THYMELEAF]             * [{th:block} *] [100000]: org.thymeleaf.standard.processor.StandardBlockTagProcessor
[THYMELEAF]             * [* th:*] [2147483647]: org.thymeleaf.standard.processor.StandardDefaultAttributesTagProcessor
[THYMELEAF]         * Text Processors by [precedence]:
[THYMELEAF]             * [1000]: org.thymeleaf.standard.processor.StandardInliningTextProcessor
[THYMELEAF]         * CDATA Section Processors by [precedence]:
[THYMELEAF]             * [1000]: org.thymeleaf.standard.processor.StandardInliningCDATASectionProcessor
[THYMELEAF]         * Comment Processors by [precedence]:
[THYMELEAF]             * [1000]: org.thymeleaf.standard.processor.StandardInliningCommentProcessor
[THYMELEAF]     * Processors for Template Mode: TEXT
[THYMELEAF]         * Element Tag Processors by [matching element and attribute name] [precedence]:
[THYMELEAF]             * [* {th:insert}] [100]: org.thymeleaf.standard.processor.StandardInsertTagProcessor
[THYMELEAF]             * [* {th:replace}] [100]: org.thymeleaf.standard.processor.StandardReplaceTagProcessor
[THYMELEAF]             * [* {th:each}] [200]: com.intuit.karate.template.KarateEachTagProcessor
[THYMELEAF]             * [* {th:switch}] [250]: org.thymeleaf.standard.processor.StandardSwitchTagProcessor
[THYMELEAF]             * [* {th:case}] [275]: org.thymeleaf.standard.processor.StandardCaseTagProcessor
[THYMELEAF]             * [* {th:if}] [300]: org.thymeleaf.standard.processor.StandardIfTagProcessor
[THYMELEAF]             * [* {th:unless}] [400]: org.thymeleaf.standard.processor.StandardUnlessTagProcessor
[THYMELEAF]             * [* {th:object}] [500]: org.thymeleaf.standard.processor.StandardObjectTagProcessor
[THYMELEAF]             * [* {th:with}] [600]: com.intuit.karate.template.KarateWithTagProcessor
[THYMELEAF]             * [* {th:inline}] [1000]: org.thymeleaf.standard.processor.StandardInlineTextualTagProcessor
[THYMELEAF]             * [* {th:text}] [1300]: org.thymeleaf.standard.processor.StandardTextTagProcessor
[THYMELEAF]             * [* {th:utext}] [1400]: org.thymeleaf.standard.processor.StandardUtextTagProcessor
[THYMELEAF]             * [* {th:assert}] [1550]: org.thymeleaf.standard.processor.StandardAssertTagProcessor
[THYMELEAF]             * [* {th:remove}] [1600]: org.thymeleaf.standard.processor.StandardRemoveTagProcessor
[THYMELEAF]             * [* 100000] [org.thymeleaf.standard.processor.StandardBlockTagProcessor]: {}
[THYMELEAF]             * [{th:block} *] [100000]: org.thymeleaf.standard.processor.StandardBlockTagProcessor
[THYMELEAF]         * Text Processors by [precedence]:
[THYMELEAF]             * [1000]: org.thymeleaf.standard.processor.StandardInliningTextProcessor
[THYMELEAF]     * Processors for Template Mode: JAVASCRIPT
[THYMELEAF]         * Element Tag Processors by [matching element and attribute name] [precedence]:
[THYMELEAF]             * [* {th:insert}] [100]: org.thymeleaf.standard.processor.StandardInsertTagProcessor
[THYMELEAF]             * [* {th:replace}] [100]: org.thymeleaf.standard.processor.StandardReplaceTagProcessor
[THYMELEAF]             * [* {th:each}] [200]: com.intuit.karate.template.KarateEachTagProcessor
[THYMELEAF]             * [* {th:switch}] [250]: org.thymeleaf.standard.processor.StandardSwitchTagProcessor
[THYMELEAF]             * [* {th:case}] [275]: org.thymeleaf.standard.processor.StandardCaseTagProcessor
[THYMELEAF]             * [* {th:if}] [300]: org.thymeleaf.standard.processor.StandardIfTagProcessor
[THYMELEAF]             * [* {th:unless}] [400]: org.thymeleaf.standard.processor.StandardUnlessTagProcessor
[THYMELEAF]             * [* {th:object}] [500]: org.thymeleaf.standard.processor.StandardObjectTagProcessor
[THYMELEAF]             * [* {th:with}] [600]: com.intuit.karate.template.KarateWithTagProcessor
[THYMELEAF]             * [* {th:inline}] [1000]: org.thymeleaf.standard.processor.StandardInlineTextualTagProcessor
[THYMELEAF]             * [* {th:text}] [1300]: org.thymeleaf.standard.processor.StandardTextTagProcessor
[THYMELEAF]             * [* {th:utext}] [1400]: org.thymeleaf.standard.processor.StandardUtextTagProcessor
[THYMELEAF]             * [* {th:assert}] [1550]: org.thymeleaf.standard.processor.StandardAssertTagProcessor
[THYMELEAF]             * [* {th:remove}] [1600]: org.thymeleaf.standard.processor.StandardRemoveTagProcessor
[THYMELEAF]             * [{th:block} *] [100000]: org.thymeleaf.standard.processor.StandardBlockTagProcessor
[THYMELEAF]             * [* 100000] [org.thymeleaf.standard.processor.StandardBlockTagProcessor]: {}
[THYMELEAF]         * Text Processors by [precedence]:
[THYMELEAF]             * [1000]: org.thymeleaf.standard.processor.StandardInliningTextProcessor
[THYMELEAF]     * Processors for Template Mode: CSS
[THYMELEAF]         * Element Tag Processors by [matching element and attribute name] [precedence]:
[THYMELEAF]             * [* {th:insert}] [100]: org.thymeleaf.standard.processor.StandardInsertTagProcessor
[THYMELEAF]             * [* {th:replace}] [100]: org.thymeleaf.standard.processor.StandardReplaceTagProcessor
[THYMELEAF]             * [* {th:each}] [200]: com.intuit.karate.template.KarateEachTagProcessor
[THYMELEAF]             * [* {th:switch}] [250]: org.thymeleaf.standard.processor.StandardSwitchTagProcessor
[THYMELEAF]             * [* {th:case}] [275]: org.thymeleaf.standard.processor.StandardCaseTagProcessor
[THYMELEAF]             * [* {th:if}] [300]: org.thymeleaf.standard.processor.StandardIfTagProcessor
[THYMELEAF]             * [* {th:unless}] [400]: org.thymeleaf.standard.processor.StandardUnlessTagProcessor
[THYMELEAF]             * [* {th:object}] [500]: org.thymeleaf.standard.processor.StandardObjectTagProcessor
[THYMELEAF]             * [* {th:with}] [600]: com.intuit.karate.template.KarateWithTagProcessor
[THYMELEAF]             * [* {th:inline}] [1000]: org.thymeleaf.standard.processor.StandardInlineTextualTagProcessor
[THYMELEAF]             * [* {th:text}] [1300]: org.thymeleaf.standard.processor.StandardTextTagProcessor
[THYMELEAF]             * [* {th:utext}] [1400]: org.thymeleaf.standard.processor.StandardUtextTagProcessor
[THYMELEAF]             * [* {th:assert}] [1550]: org.thymeleaf.standard.processor.StandardAssertTagProcessor
[THYMELEAF]             * [* {th:remove}] [1600]: org.thymeleaf.standard.processor.StandardRemoveTagProcessor
[THYMELEAF]             * [* 100000] [org.thymeleaf.standard.processor.StandardBlockTagProcessor]: {}
[THYMELEAF]             * [{th:block} *] [100000]: org.thymeleaf.standard.processor.StandardBlockTagProcessor
[THYMELEAF]         * Text Processors by [precedence]:
[THYMELEAF]             * [1000]: org.thymeleaf.standard.processor.StandardInliningTextProcessor
[THYMELEAF]     * Expression Objects:
[THYMELEAF]         * #ctx
[THYMELEAF]         * #root
[THYMELEAF]         * #vars
[THYMELEAF]         * #object
[THYMELEAF]         * #locale
[THYMELEAF]         * #conversions
[THYMELEAF]         * #uris
[THYMELEAF]         * #temporals
[THYMELEAF]         * #calendars
[THYMELEAF]         * #dates
[THYMELEAF]         * #bools
[THYMELEAF]         * #numbers
[THYMELEAF]         * #objects
[THYMELEAF]         * #strings
[THYMELEAF]         * #arrays
[THYMELEAF]         * #lists
[THYMELEAF]         * #sets
[THYMELEAF]         * #maps
[THYMELEAF]         * #aggregates
[THYMELEAF]         * #messages
[THYMELEAF]         * #ids
[THYMELEAF]         * #execInfo
[THYMELEAF]         * #request
[THYMELEAF]         * #response
[THYMELEAF]         * #session
[THYMELEAF]         * #servletContext
[THYMELEAF]     * Execution Attributes:
[THYMELEAF]         * "StandardExpressionParser": com.intuit.karate.template.KarateStandardDialect@45984654
[THYMELEAF]         * "StandardJavaScriptSerializer": org.thymeleaf.standard.serializer.StandardJavaScriptSerializer@6598caab
[THYMELEAF]         * "StandardCSSSerializer": org.thymeleaf.standard.serializer.StandardCSSSerializer@47f2c722
[THYMELEAF]         * "StandardVariableExpressionEvaluator": com.intuit.karate.template.KarateStandardDialect@45984654
[THYMELEAF]         * "StandardConversionService": org.thymeleaf.standard.expression.StandardConversionService@52ca0ad4
[THYMELEAF] * Dialect [2 of 2]: karate (com.intuit.karate.template.KarateScriptDialect)
[THYMELEAF]     * Prefix: "ka"
[THYMELEAF]     * Processors for Template Mode: HTML
[THYMELEAF]         * Element Tag Processors by [matching element and attribute name] [precedence]:
[THYMELEAF]             * [* {src}] [1000]: com.intuit.karate.template.KaScriptAttrProcessor
[THYMELEAF]         * Element Model Processors by [matching element and attribute name] [precedence]:
[THYMELEAF]             * [{script} {ka:scope,data-ka-scope}] [1000]: com.intuit.karate.template.KaScriptElemProcessor
[THYMELEAF]             * [* {ka:set,data-ka-set}] [1000]: com.intuit.karate.template.KaSetElemProcessor
[THYMELEAF] TEMPLATE ENGINE CONFIGURED OK
21:37:04.251 [main] DEBUG org.thymeleaf.TemplateEngine -- [THYMELEAF] TEMPLATE ENGINE INITIALIZED
---------------------------------------------------------
feature: classpath:users/get-users.feature
scenarios:  1 | passed:  1 | failed:  0 | time: 0.5947
---------------------------------------------------------

]]></system-out>
  </testcase>
  <testcase name="[1:3] Buscar usuario por ID exitosamente" classname="users/get_user_by_id" time="0.373">
    <system-out><![CDATA[21:37:04.296 [main] DEBUG org.apache.http.client.protocol.RequestAddCookies -- CookieSpec selected: karate
21:37:04.296 [main] DEBUG org.apache.http.client.protocol.RequestAuthCache -- Auth cache not set in the context
21:37:04.296 [main] DEBUG com.intuit.karate -- request:
1 > GET https://serverest.dev/usuarios/0uxuPY0cbmQhpEz1
1 > Host: serverest.dev
1 > Connection: Keep-Alive
1 > User-Agent: Apache-HttpClient/4.5.14 (Java/17.0.15)
1 > Accept-Encoding: gzip,deflate


21:37:04.296 [main] DEBUG org.apache.http.impl.conn.PoolingHttpClientConnectionManager -- Connection request: [route: {s}->https://serverest.dev:443][total available: 0; route allocated: 0 of 5; total allocated: 0 of 10]
21:37:04.296 [main] DEBUG org.apache.http.impl.conn.PoolingHttpClientConnectionManager -- Connection leased: [id: 3][route: {s}->https://serverest.dev:443][total available: 0; route allocated: 1 of 5; total allocated: 1 of 10]
21:37:04.296 [main] DEBUG org.apache.http.impl.execchain.MainClientExec -- Opening connection {s}->https://serverest.dev:443
21:37:04.296 [main] DEBUG org.apache.http.impl.conn.DefaultHttpClientConnectionOperator -- Connecting to serverest.dev/216.239.34.21:443
21:37:04.296 [main] DEBUG org.apache.http.conn.ssl.SSLConnectionSocketFactory -- Connecting socket to serverest.dev/216.239.34.21:443 with timeout 30000
21:37:04.380 [main] DEBUG org.apache.http.conn.ssl.SSLConnectionSocketFactory -- Enabled protocols: [TLSv1.3, TLSv1.2]
21:37:04.381 [main] DEBUG org.apache.http.conn.ssl.SSLConnectionSocketFactory -- Enabled cipher suites:[TLS_AES_256_GCM_SHA384, TLS_AES_128_GCM_SHA256, TLS_CHACHA20_POLY1305_SHA256, TLS_ECDHE_ECDSA_WITH_AES_256_GCM_SHA384, TLS_ECDHE_ECDSA_WITH_AES_128_GCM_SHA256, TLS_ECDHE_ECDSA_WITH_CHACHA20_POLY1305_SHA256, TLS_ECDHE_RSA_WITH_AES_256_GCM_SHA384, TLS_ECDHE_RSA_WITH_CHACHA20_POLY1305_SHA256, TLS_ECDHE_RSA_WITH_AES_128_GCM_SHA256, TLS_DHE_RSA_WITH_AES_256_GCM_SHA384, TLS_DHE_RSA_WITH_CHACHA20_POLY1305_SHA256, TLS_DHE_DSS_WITH_AES_256_GCM_SHA384, TLS_DHE_RSA_WITH_AES_128_GCM_SHA256, TLS_DHE_DSS_WITH_AES_128_GCM_SHA256, TLS_ECDHE_ECDSA_WITH_AES_256_CBC_SHA384, TLS_ECDHE_RSA_WITH_AES_256_CBC_SHA384, TLS_ECDHE_ECDSA_WITH_AES_128_CBC_SHA256, TLS_ECDHE_RSA_WITH_AES_128_CBC_SHA256, TLS_DHE_RSA_WITH_AES_256_CBC_SHA256, TLS_DHE_DSS_WITH_AES_256_CBC_SHA256, TLS_DHE_RSA_WITH_AES_128_CBC_SHA256, TLS_DHE_DSS_WITH_AES_128_CBC_SHA256, TLS_ECDHE_ECDSA_WITH_AES_256_CBC_SHA, TLS_ECDHE_RSA_WITH_AES_256_CBC_SHA, TLS_ECDHE_ECDSA_WITH_AES_128_CBC_SHA, TLS_ECDHE_RSA_WITH_AES_128_CBC_SHA, TLS_DHE_RSA_WITH_AES_256_CBC_SHA, TLS_DHE_DSS_WITH_AES_256_CBC_SHA, TLS_DHE_RSA_WITH_AES_128_CBC_SHA, TLS_DHE_DSS_WITH_AES_128_CBC_SHA, TLS_RSA_WITH_AES_256_GCM_SHA384, TLS_RSA_WITH_AES_128_GCM_SHA256, TLS_RSA_WITH_AES_256_CBC_SHA256, TLS_RSA_WITH_AES_128_CBC_SHA256, TLS_RSA_WITH_AES_256_CBC_SHA, TLS_RSA_WITH_AES_128_CBC_SHA, TLS_EMPTY_RENEGOTIATION_INFO_SCSV]
21:37:04.381 [main] DEBUG org.apache.http.conn.ssl.SSLConnectionSocketFactory -- Starting handshake
21:37:04.491 [main] DEBUG org.apache.http.conn.ssl.SSLConnectionSocketFactory -- Secure session established
21:37:04.491 [main] DEBUG org.apache.http.conn.ssl.SSLConnectionSocketFactory --  negotiated protocol: TLSv1.3
21:37:04.491 [main] DEBUG org.apache.http.conn.ssl.SSLConnectionSocketFactory --  negotiated cipher suite: TLS_AES_256_GCM_SHA384
21:37:04.491 [main] DEBUG org.apache.http.conn.ssl.SSLConnectionSocketFactory --  peer principal: CN=serverest.dev
21:37:04.491 [main] DEBUG org.apache.http.conn.ssl.SSLConnectionSocketFactory --  peer alternative names: [serverest.dev]
21:37:04.491 [main] DEBUG org.apache.http.conn.ssl.SSLConnectionSocketFactory --  issuer principal: CN=WR3, O=Google Trust Services, C=US
21:37:04.491 [main] DEBUG org.apache.http.impl.conn.DefaultHttpClientConnectionOperator -- Connection established 192.168.18.98:55863<->216.239.34.21:443
21:37:04.491 [main] DEBUG org.apache.http.impl.conn.DefaultManagedHttpClientConnection -- http-outgoing-3: set socket timeout to 30000
21:37:04.491 [main] DEBUG org.apache.http.impl.execchain.MainClientExec -- Executing request GET /usuarios/0uxuPY0cbmQhpEz1 HTTP/1.1
21:37:04.491 [main] DEBUG org.apache.http.impl.execchain.MainClientExec -- Target auth state: UNCHALLENGED
21:37:04.491 [main] DEBUG org.apache.http.impl.execchain.MainClientExec -- Proxy auth state: UNCHALLENGED
21:37:04.491 [main] DEBUG org.apache.http.headers -- http-outgoing-3 >> GET /usuarios/0uxuPY0cbmQhpEz1 HTTP/1.1
21:37:04.491 [main] DEBUG org.apache.http.headers -- http-outgoing-3 >> Host: serverest.dev
21:37:04.491 [main] DEBUG org.apache.http.headers -- http-outgoing-3 >> Connection: Keep-Alive
21:37:04.491 [main] DEBUG org.apache.http.headers -- http-outgoing-3 >> User-Agent: Apache-HttpClient/4.5.14 (Java/17.0.15)
21:37:04.491 [main] DEBUG org.apache.http.headers -- http-outgoing-3 >> Accept-Encoding: gzip,deflate
21:37:04.491 [main] DEBUG org.apache.http.wire -- http-outgoing-3 >> "GET /usuarios/0uxuPY0cbmQhpEz1 HTTP/1.1[\r][\n]"
21:37:04.491 [main] DEBUG org.apache.http.wire -- http-outgoing-3 >> "Host: serverest.dev[\r][\n]"
21:37:04.491 [main] DEBUG org.apache.http.wire -- http-outgoing-3 >> "Connection: Keep-Alive[\r][\n]"
21:37:04.491 [main] DEBUG org.apache.http.wire -- http-outgoing-3 >> "User-Agent: Apache-HttpClient/4.5.14 (Java/17.0.15)[\r][\n]"
21:37:04.491 [main] DEBUG org.apache.http.wire -- http-outgoing-3 >> "Accept-Encoding: gzip,deflate[\r][\n]"
21:37:04.491 [main] DEBUG org.apache.http.wire -- http-outgoing-3 >> "[\r][\n]"
21:37:04.660 [main] DEBUG org.apache.http.wire -- http-outgoing-3 << "HTTP/1.1 200 OK[\r][\n]"
21:37:04.660 [main] DEBUG org.apache.http.wire -- http-outgoing-3 << "access-control-allow-origin: *[\r][\n]"
21:37:04.660 [main] DEBUG org.apache.http.wire -- http-outgoing-3 << "x-dns-prefetch-control: off[\r][\n]"
21:37:04.660 [main] DEBUG org.apache.http.wire -- http-outgoing-3 << "x-frame-options: SAMEORIGIN[\r][\n]"
21:37:04.660 [main] DEBUG org.apache.http.wire -- http-outgoing-3 << "strict-transport-security: max-age=15552000; includeSubDomains[\r][\n]"
21:37:04.660 [main] DEBUG org.apache.http.wire -- http-outgoing-3 << "x-download-options: noopen[\r][\n]"
21:37:04.660 [main] DEBUG org.apache.http.wire -- http-outgoing-3 << "x-content-type-options: nosniff[\r][\n]"
21:37:04.660 [main] DEBUG org.apache.http.wire -- http-outgoing-3 << "x-xss-protection: 1; mode=block[\r][\n]"
21:37:04.660 [main] DEBUG org.apache.http.wire -- http-outgoing-3 << "content-type: application/json; charset=utf-8[\r][\n]"
21:37:04.660 [main] DEBUG org.apache.http.wire -- http-outgoing-3 << "x-cloud-trace-context: dd79d86763195e8ddd2c95a7656be2b0[\r][\n]"
21:37:04.660 [main] DEBUG org.apache.http.wire -- http-outgoing-3 << "date: Wed, 16 Jul 2025 02:37:04 GMT[\r][\n]"
21:37:04.660 [main] DEBUG org.apache.http.wire -- http-outgoing-3 << "server: Google Frontend[\r][\n]"
21:37:04.660 [main] DEBUG org.apache.http.wire -- http-outgoing-3 << "Content-Length: 173[\r][\n]"
21:37:04.660 [main] DEBUG org.apache.http.wire -- http-outgoing-3 << "[\r][\n]"
21:37:04.660 [main] DEBUG org.apache.http.wire -- http-outgoing-3 << "{[\n]"
21:37:04.660 [main] DEBUG org.apache.http.wire -- http-outgoing-3 << "    "nome": "Fulano da Silva",[\n]"
21:37:04.660 [main] DEBUG org.apache.http.wire -- http-outgoing-3 << "    "email": "user_2025-07-15T213604867677@qa.com.br",[\n]"
21:37:04.660 [main] DEBUG org.apache.http.wire -- http-outgoing-3 << "    "password": "teste",[\n]"
21:37:04.660 [main] DEBUG org.apache.http.wire -- http-outgoing-3 << "    "administrador": "true",[\n]"
21:37:04.660 [main] DEBUG org.apache.http.wire -- http-outgoing-3 << "    "_id": "0uxuPY0cbmQhpEz1"[\n]"
21:37:04.660 [main] DEBUG org.apache.http.wire -- http-outgoing-3 << "}"
21:37:04.660 [main] DEBUG org.apache.http.headers -- http-outgoing-3 << HTTP/1.1 200 OK
21:37:04.660 [main] DEBUG org.apache.http.headers -- http-outgoing-3 << access-control-allow-origin: *
21:37:04.660 [main] DEBUG org.apache.http.headers -- http-outgoing-3 << x-dns-prefetch-control: off
21:37:04.660 [main] DEBUG org.apache.http.headers -- http-outgoing-3 << x-frame-options: SAMEORIGIN
21:37:04.660 [main] DEBUG org.apache.http.headers -- http-outgoing-3 << strict-transport-security: max-age=15552000; includeSubDomains
21:37:04.660 [main] DEBUG org.apache.http.headers -- http-outgoing-3 << x-download-options: noopen
21:37:04.660 [main] DEBUG org.apache.http.headers -- http-outgoing-3 << x-content-type-options: nosniff
21:37:04.660 [main] DEBUG org.apache.http.headers -- http-outgoing-3 << x-xss-protection: 1; mode=block
21:37:04.660 [main] DEBUG org.apache.http.headers -- http-outgoing-3 << content-type: application/json; charset=utf-8
21:37:04.660 [main] DEBUG org.apache.http.headers -- http-outgoing-3 << x-cloud-trace-context: dd79d86763195e8ddd2c95a7656be2b0
21:37:04.660 [main] DEBUG org.apache.http.headers -- http-outgoing-3 << date: Wed, 16 Jul 2025 02:37:04 GMT
21:37:04.660 [main] DEBUG org.apache.http.headers -- http-outgoing-3 << server: Google Frontend
21:37:04.660 [main] DEBUG org.apache.http.headers -- http-outgoing-3 << Content-Length: 173
21:37:04.660 [main] DEBUG org.apache.http.impl.execchain.MainClientExec -- Connection can be kept alive indefinitely
21:37:04.660 [main] DEBUG org.apache.http.impl.conn.PoolingHttpClientConnectionManager -- Connection [id: 3][route: {s}->https://serverest.dev:443] can be kept alive indefinitely
21:37:04.660 [main] DEBUG org.apache.http.impl.conn.DefaultManagedHttpClientConnection -- http-outgoing-3: set socket timeout to 0
21:37:04.660 [main] DEBUG org.apache.http.impl.conn.PoolingHttpClientConnectionManager -- Connection released: [id: 3][route: {s}->https://serverest.dev:443][total available: 1; route allocated: 1 of 5; total allocated: 1 of 10]
21:37:04.660 [main] DEBUG org.apache.http.impl.conn.PoolingHttpClientConnectionManager -- Connection manager is shutting down
21:37:04.660 [main] DEBUG org.apache.http.impl.conn.DefaultManagedHttpClientConnection -- http-outgoing-3: Close connection
21:37:04.661 [main] DEBUG org.apache.http.impl.conn.PoolingHttpClientConnectionManager -- Connection manager shut down
21:37:04.661 [main] DEBUG com.intuit.karate -- response time in milliseconds: 364
1 < 200
1 < access-control-allow-origin: *
1 < x-dns-prefetch-control: off
1 < x-frame-options: SAMEORIGIN
1 < strict-transport-security: max-age=15552000; includeSubDomains
1 < x-download-options: noopen
1 < x-content-type-options: nosniff
1 < x-xss-protection: 1; mode=block
1 < content-type: application/json; charset=utf-8
1 < x-cloud-trace-context: dd79d86763195e8ddd2c95a7656be2b0
1 < date: Wed, 16 Jul 2025 02:37:04 GMT
1 < server: Google Frontend
1 < Content-Length: 173
{
    "nome": "Fulano da Silva",
    "email": "user_2025-07-15T213604867677@qa.com.br",
    "password": "teste",
    "administrador": "true",
    "_id": "0uxuPY0cbmQhpEz1"
}

21:37:04.663 [main] DEBUG com.jayway.jsonpath.internal.path.CompiledPath -- Evaluating path: $
21:37:04.664 [main] INFO com.intuit.karate -- [print] ✅ [GET] /usuarios/{id} - Usuario obtenido correctamente: {
  "nome": "Fulano da Silva",
  "email": "user_2025-07-15T213604867677@qa.com.br",
  "password": "teste",
  "administrador": "true",
  "_id": "0uxuPY0cbmQhpEz1"
}
 
]]></system-out>
  </testcase>
  <testcase name="[2:19] Buscar usuario por ID que no existe" classname="users/get_user_by_id" time="0.42">
    <system-out><![CDATA[21:37:04.669 [main] DEBUG org.apache.http.client.protocol.RequestAddCookies -- CookieSpec selected: karate
21:37:04.670 [main] DEBUG org.apache.http.client.protocol.RequestAuthCache -- Auth cache not set in the context
21:37:04.670 [main] DEBUG com.intuit.karate -- request:
1 > GET https://serverest.dev/usuarios/idNoExistente123
1 > Host: serverest.dev
1 > Connection: Keep-Alive
1 > User-Agent: Apache-HttpClient/4.5.14 (Java/17.0.15)
1 > Accept-Encoding: gzip,deflate


21:37:04.670 [main] DEBUG org.apache.http.impl.conn.PoolingHttpClientConnectionManager -- Connection request: [route: {s}->https://serverest.dev:443][total available: 0; route allocated: 0 of 5; total allocated: 0 of 10]
21:37:04.670 [main] DEBUG org.apache.http.impl.conn.PoolingHttpClientConnectionManager -- Connection leased: [id: 4][route: {s}->https://serverest.dev:443][total available: 0; route allocated: 1 of 5; total allocated: 1 of 10]
21:37:04.670 [main] DEBUG org.apache.http.impl.execchain.MainClientExec -- Opening connection {s}->https://serverest.dev:443
21:37:04.670 [main] DEBUG org.apache.http.impl.conn.DefaultHttpClientConnectionOperator -- Connecting to serverest.dev/216.239.34.21:443
21:37:04.670 [main] DEBUG org.apache.http.conn.ssl.SSLConnectionSocketFactory -- Connecting socket to serverest.dev/216.239.34.21:443 with timeout 30000
21:37:04.753 [main] DEBUG org.apache.http.conn.ssl.SSLConnectionSocketFactory -- Enabled protocols: [TLSv1.3, TLSv1.2]
21:37:04.753 [main] DEBUG org.apache.http.conn.ssl.SSLConnectionSocketFactory -- Enabled cipher suites:[TLS_AES_256_GCM_SHA384, TLS_AES_128_GCM_SHA256, TLS_CHACHA20_POLY1305_SHA256, TLS_ECDHE_ECDSA_WITH_AES_256_GCM_SHA384, TLS_ECDHE_ECDSA_WITH_AES_128_GCM_SHA256, TLS_ECDHE_ECDSA_WITH_CHACHA20_POLY1305_SHA256, TLS_ECDHE_RSA_WITH_AES_256_GCM_SHA384, TLS_ECDHE_RSA_WITH_CHACHA20_POLY1305_SHA256, TLS_ECDHE_RSA_WITH_AES_128_GCM_SHA256, TLS_DHE_RSA_WITH_AES_256_GCM_SHA384, TLS_DHE_RSA_WITH_CHACHA20_POLY1305_SHA256, TLS_DHE_DSS_WITH_AES_256_GCM_SHA384, TLS_DHE_RSA_WITH_AES_128_GCM_SHA256, TLS_DHE_DSS_WITH_AES_128_GCM_SHA256, TLS_ECDHE_ECDSA_WITH_AES_256_CBC_SHA384, TLS_ECDHE_RSA_WITH_AES_256_CBC_SHA384, TLS_ECDHE_ECDSA_WITH_AES_128_CBC_SHA256, TLS_ECDHE_RSA_WITH_AES_128_CBC_SHA256, TLS_DHE_RSA_WITH_AES_256_CBC_SHA256, TLS_DHE_DSS_WITH_AES_256_CBC_SHA256, TLS_DHE_RSA_WITH_AES_128_CBC_SHA256, TLS_DHE_DSS_WITH_AES_128_CBC_SHA256, TLS_ECDHE_ECDSA_WITH_AES_256_CBC_SHA, TLS_ECDHE_RSA_WITH_AES_256_CBC_SHA, TLS_ECDHE_ECDSA_WITH_AES_128_CBC_SHA, TLS_ECDHE_RSA_WITH_AES_128_CBC_SHA, TLS_DHE_RSA_WITH_AES_256_CBC_SHA, TLS_DHE_DSS_WITH_AES_256_CBC_SHA, TLS_DHE_RSA_WITH_AES_128_CBC_SHA, TLS_DHE_DSS_WITH_AES_128_CBC_SHA, TLS_RSA_WITH_AES_256_GCM_SHA384, TLS_RSA_WITH_AES_128_GCM_SHA256, TLS_RSA_WITH_AES_256_CBC_SHA256, TLS_RSA_WITH_AES_128_CBC_SHA256, TLS_RSA_WITH_AES_256_CBC_SHA, TLS_RSA_WITH_AES_128_CBC_SHA, TLS_EMPTY_RENEGOTIATION_INFO_SCSV]
21:37:04.753 [main] DEBUG org.apache.http.conn.ssl.SSLConnectionSocketFactory -- Starting handshake
21:37:04.872 [main] DEBUG org.apache.http.conn.ssl.SSLConnectionSocketFactory -- Secure session established
21:37:04.872 [main] DEBUG org.apache.http.conn.ssl.SSLConnectionSocketFactory --  negotiated protocol: TLSv1.3
21:37:04.872 [main] DEBUG org.apache.http.conn.ssl.SSLConnectionSocketFactory --  negotiated cipher suite: TLS_AES_256_GCM_SHA384
21:37:04.872 [main] DEBUG org.apache.http.conn.ssl.SSLConnectionSocketFactory --  peer principal: CN=serverest.dev
21:37:04.872 [main] DEBUG org.apache.http.conn.ssl.SSLConnectionSocketFactory --  peer alternative names: [serverest.dev]
21:37:04.872 [main] DEBUG org.apache.http.conn.ssl.SSLConnectionSocketFactory --  issuer principal: CN=WR3, O=Google Trust Services, C=US
21:37:04.872 [main] DEBUG org.apache.http.impl.conn.DefaultHttpClientConnectionOperator -- Connection established 192.168.18.98:55868<->216.239.34.21:443
21:37:04.872 [main] DEBUG org.apache.http.impl.conn.DefaultManagedHttpClientConnection -- http-outgoing-4: set socket timeout to 30000
21:37:04.872 [main] DEBUG org.apache.http.impl.execchain.MainClientExec -- Executing request GET /usuarios/idNoExistente123 HTTP/1.1
21:37:04.872 [main] DEBUG org.apache.http.impl.execchain.MainClientExec -- Target auth state: UNCHALLENGED
21:37:04.872 [main] DEBUG org.apache.http.impl.execchain.MainClientExec -- Proxy auth state: UNCHALLENGED
21:37:04.872 [main] DEBUG org.apache.http.headers -- http-outgoing-4 >> GET /usuarios/idNoExistente123 HTTP/1.1
21:37:04.872 [main] DEBUG org.apache.http.headers -- http-outgoing-4 >> Host: serverest.dev
21:37:04.872 [main] DEBUG org.apache.http.headers -- http-outgoing-4 >> Connection: Keep-Alive
21:37:04.872 [main] DEBUG org.apache.http.headers -- http-outgoing-4 >> User-Agent: Apache-HttpClient/4.5.14 (Java/17.0.15)
21:37:04.872 [main] DEBUG org.apache.http.headers -- http-outgoing-4 >> Accept-Encoding: gzip,deflate
21:37:04.872 [main] DEBUG org.apache.http.wire -- http-outgoing-4 >> "GET /usuarios/idNoExistente123 HTTP/1.1[\r][\n]"
21:37:04.872 [main] DEBUG org.apache.http.wire -- http-outgoing-4 >> "Host: serverest.dev[\r][\n]"
21:37:04.872 [main] DEBUG org.apache.http.wire -- http-outgoing-4 >> "Connection: Keep-Alive[\r][\n]"
21:37:04.872 [main] DEBUG org.apache.http.wire -- http-outgoing-4 >> "User-Agent: Apache-HttpClient/4.5.14 (Java/17.0.15)[\r][\n]"
21:37:04.872 [main] DEBUG org.apache.http.wire -- http-outgoing-4 >> "Accept-Encoding: gzip,deflate[\r][\n]"
21:37:04.872 [main] DEBUG org.apache.http.wire -- http-outgoing-4 >> "[\r][\n]"
21:37:05.036 [main] DEBUG org.apache.http.wire -- http-outgoing-4 << "HTTP/1.1 400 Bad Request[\r][\n]"
21:37:05.037 [main] DEBUG org.apache.http.wire -- http-outgoing-4 << "access-control-allow-origin: *[\r][\n]"
21:37:05.037 [main] DEBUG org.apache.http.wire -- http-outgoing-4 << "x-dns-prefetch-control: off[\r][\n]"
21:37:05.037 [main] DEBUG org.apache.http.wire -- http-outgoing-4 << "x-frame-options: SAMEORIGIN[\r][\n]"
21:37:05.037 [main] DEBUG org.apache.http.wire -- http-outgoing-4 << "strict-transport-security: max-age=15552000; includeSubDomains[\r][\n]"
21:37:05.037 [main] DEBUG org.apache.http.wire -- http-outgoing-4 << "x-download-options: noopen[\r][\n]"
21:37:05.037 [main] DEBUG org.apache.http.wire -- http-outgoing-4 << "x-content-type-options: nosniff[\r][\n]"
21:37:05.037 [main] DEBUG org.apache.http.wire -- http-outgoing-4 << "x-xss-protection: 1; mode=block[\r][\n]"
21:37:05.037 [main] DEBUG org.apache.http.wire -- http-outgoing-4 << "content-type: application/json; charset=utf-8[\r][\n]"
21:37:05.037 [main] DEBUG org.apache.http.wire -- http-outgoing-4 << "x-cloud-trace-context: 7e854c1fe6cad5e67a870ba6f008821d[\r][\n]"
21:37:05.037 [main] DEBUG org.apache.http.wire -- http-outgoing-4 << "date: Wed, 16 Jul 2025 02:37:05 GMT[\r][\n]"
21:37:05.037 [main] DEBUG org.apache.http.wire -- http-outgoing-4 << "server: Google Frontend[\r][\n]"
21:37:05.037 [main] DEBUG org.apache.http.wire -- http-outgoing-4 << "Content-Length: 45[\r][\n]"
21:37:05.037 [main] DEBUG org.apache.http.wire -- http-outgoing-4 << "[\r][\n]"
21:37:05.037 [main] DEBUG org.apache.http.wire -- http-outgoing-4 << "{[\n]"
21:37:05.037 [main] DEBUG org.apache.http.wire -- http-outgoing-4 << "    "message": "Usu[0xc3][0xa1]rio n[0xc3][0xa3]o encontrado"[\n]"
21:37:05.037 [main] DEBUG org.apache.http.wire -- http-outgoing-4 << "}"
21:37:05.037 [main] DEBUG org.apache.http.headers -- http-outgoing-4 << HTTP/1.1 400 Bad Request
21:37:05.037 [main] DEBUG org.apache.http.headers -- http-outgoing-4 << access-control-allow-origin: *
21:37:05.037 [main] DEBUG org.apache.http.headers -- http-outgoing-4 << x-dns-prefetch-control: off
21:37:05.037 [main] DEBUG org.apache.http.headers -- http-outgoing-4 << x-frame-options: SAMEORIGIN
21:37:05.037 [main] DEBUG org.apache.http.headers -- http-outgoing-4 << strict-transport-security: max-age=15552000; includeSubDomains
21:37:05.037 [main] DEBUG org.apache.http.headers -- http-outgoing-4 << x-download-options: noopen
21:37:05.037 [main] DEBUG org.apache.http.headers -- http-outgoing-4 << x-content-type-options: nosniff
21:37:05.037 [main] DEBUG org.apache.http.headers -- http-outgoing-4 << x-xss-protection: 1; mode=block
21:37:05.037 [main] DEBUG org.apache.http.headers -- http-outgoing-4 << content-type: application/json; charset=utf-8
21:37:05.037 [main] DEBUG org.apache.http.headers -- http-outgoing-4 << x-cloud-trace-context: 7e854c1fe6cad5e67a870ba6f008821d
21:37:05.037 [main] DEBUG org.apache.http.headers -- http-outgoing-4 << date: Wed, 16 Jul 2025 02:37:05 GMT
21:37:05.037 [main] DEBUG org.apache.http.headers -- http-outgoing-4 << server: Google Frontend
21:37:05.037 [main] DEBUG org.apache.http.headers -- http-outgoing-4 << Content-Length: 45
21:37:05.037 [main] DEBUG org.apache.http.impl.execchain.MainClientExec -- Connection can be kept alive indefinitely
21:37:05.037 [main] DEBUG org.apache.http.impl.conn.PoolingHttpClientConnectionManager -- Connection [id: 4][route: {s}->https://serverest.dev:443] can be kept alive indefinitely
21:37:05.037 [main] DEBUG org.apache.http.impl.conn.DefaultManagedHttpClientConnection -- http-outgoing-4: set socket timeout to 0
21:37:05.037 [main] DEBUG org.apache.http.impl.conn.PoolingHttpClientConnectionManager -- Connection released: [id: 4][route: {s}->https://serverest.dev:443][total available: 1; route allocated: 1 of 5; total allocated: 1 of 10]
21:37:05.037 [main] DEBUG org.apache.http.impl.conn.PoolingHttpClientConnectionManager -- Connection manager is shutting down
21:37:05.037 [main] DEBUG org.apache.http.impl.conn.DefaultManagedHttpClientConnection -- http-outgoing-4: Close connection
21:37:05.038 [main] DEBUG org.apache.http.impl.conn.PoolingHttpClientConnectionManager -- Connection manager shut down
21:37:05.038 [main] DEBUG com.intuit.karate -- response time in milliseconds: 367
1 < 400
1 < access-control-allow-origin: *
1 < x-dns-prefetch-control: off
1 < x-frame-options: SAMEORIGIN
1 < strict-transport-security: max-age=15552000; includeSubDomains
1 < x-download-options: noopen
1 < x-content-type-options: nosniff
1 < x-xss-protection: 1; mode=block
1 < content-type: application/json; charset=utf-8
1 < x-cloud-trace-context: 7e854c1fe6cad5e67a870ba6f008821d
1 < date: Wed, 16 Jul 2025 02:37:05 GMT
1 < server: Google Frontend
1 < Content-Length: 45
{
    "message": "Usuário não encontrado"
}

21:37:05.040 [main] DEBUG com.jayway.jsonpath.internal.path.CompiledPath -- Evaluating path: $['message']
21:37:05.042 [main] INFO com.intuit.karate -- [print] ❌ [GET] /usuarios/{id} - Usuario no encontrado: Usuário não encontrado 
21:37:05.048 [main] DEBUG org.thymeleaf.TemplateEngine -- [THYMELEAF] INITIALIZING TEMPLATE ENGINE
21:37:05.059 [main] DEBUG org.thymeleaf.TemplateEngine.CONFIG -- Initializing Thymeleaf Template engine configuration...
[THYMELEAF] TEMPLATE ENGINE CONFIGURATION:
[THYMELEAF] * Thymeleaf version: 3.1.2.RELEASE (built 2023-07-30T19:25:50+0000)
[THYMELEAF] * Cache Manager implementation: org.thymeleaf.cache.StandardCacheManager
[THYMELEAF] * Template resolvers:
[THYMELEAF]     * [1] com.intuit.karate.template.ResourceHtmlTemplateResolver
[THYMELEAF] * Message resolvers:
[THYMELEAF]     * org.thymeleaf.messageresolver.StandardMessageResolver
[THYMELEAF] * Link builders:
[THYMELEAF]     * org.thymeleaf.linkbuilder.StandardLinkBuilder
[THYMELEAF] * Dialect [1 of 2]: Standard (com.intuit.karate.template.KarateStandardDialect)
[THYMELEAF]     * Prefix: "th"
[THYMELEAF]     * Processors for Template Mode: HTML
[THYMELEAF]         * Element Tag Processors by [matching element and attribute name] [precedence]:
[THYMELEAF]             * [* {th:include,data-th-include}] [100]: org.thymeleaf.standard.processor.StandardIncludeTagProcessor
[THYMELEAF]             * [* {th:insert,data-th-insert}] [100]: org.thymeleaf.standard.processor.StandardInsertTagProcessor
[THYMELEAF]             * [* {th:replace,data-th-replace}] [100]: org.thymeleaf.standard.processor.StandardReplaceTagProcessor
[THYMELEAF]             * [* {th:each,data-th-each}] [200]: com.intuit.karate.template.KarateEachTagProcessor
[THYMELEAF]             * [* {th:switch,data-th-switch}] [250]: org.thymeleaf.standard.processor.StandardSwitchTagProcessor
[THYMELEAF]             * [* {th:case,data-th-case}] [275]: org.thymeleaf.standard.processor.StandardCaseTagProcessor
[THYMELEAF]             * [* {th:if,data-th-if}] [300]: org.thymeleaf.standard.processor.StandardIfTagProcessor
[THYMELEAF]             * [* {th:unless,data-th-unless}] [400]: org.thymeleaf.standard.processor.StandardUnlessTagProcessor
[THYMELEAF]             * [* {th:object,data-th-object}] [500]: org.thymeleaf.standard.processor.StandardObjectTagProcessor
[THYMELEAF]             * [* {th:with,data-th-with}] [600]: com.intuit.karate.template.KarateWithTagProcessor
[THYMELEAF]             * [* {th:attr,data-th-attr}] [700]: com.intuit.karate.template.KarateAttributeTagProcessor.KarateAttrTagProcessor
[THYMELEAF]             * [* {th:attrappend,data-th-attrappend}] [900]: com.intuit.karate.template.KarateAttributeTagProcessor.KarateAttrappendTagProcessor
[THYMELEAF]             * [* {th:attrprepend,data-th-attrprepend}] [900]: com.intuit.karate.template.KarateAttributeTagProcessor.KarateAttrprependTagProcessor
[THYMELEAF]             * [* {th:alt-title,data-th-alt-title}] [990]: org.thymeleaf.standard.processor.StandardAltTitleTagProcessor
[THYMELEAF]             * [* {th:lang-xmllang,data-th-lang-xmllang}] [990]: org.thymeleaf.standard.processor.StandardLangXmlLangTagProcessor
[THYMELEAF]             * [* {th:action,data-th-action}] [1000]: org.thymeleaf.standard.processor.StandardActionTagProcessor
[THYMELEAF]             * [* {th:nowrap,data-th-nowrap}] [1000]: org.thymeleaf.standard.processor.StandardConditionalFixedValueTagProcessor
[THYMELEAF]             * [* {th:declare,data-th-declare}] [1000]: org.thymeleaf.standard.processor.StandardConditionalFixedValueTagProcessor
[THYMELEAF]             * [* {th:autofocus,data-th-autofocus}] [1000]: org.thymeleaf.standard.processor.StandardConditionalFixedValueTagProcessor
[THYMELEAF]             * [* {th:scoped,data-th-scoped}] [1000]: org.thymeleaf.standard.processor.StandardConditionalFixedValueTagProcessor
[THYMELEAF]             * [* {th:required,data-th-required}] [1000]: org.thymeleaf.standard.processor.StandardConditionalFixedValueTagProcessor
[THYMELEAF]             * [* {th:disabled,data-th-disabled}] [1000]: org.thymeleaf.standard.processor.StandardConditionalFixedValueTagProcessor
[THYMELEAF]             * [* {th:reversed,data-th-reversed}] [1000]: org.thymeleaf.standard.processor.StandardConditionalFixedValueTagProcessor
[THYMELEAF]             * [* {th:novalidate,data-th-novalidate}] [1000]: org.thymeleaf.standard.processor.StandardConditionalFixedValueTagProcessor
[THYMELEAF]             * [* {th:autoplay,data-th-autoplay}] [1000]: org.thymeleaf.standard.processor.StandardConditionalFixedValueTagProcessor
[THYMELEAF]             * [* {th:open,data-th-open}] [1000]: org.thymeleaf.standard.processor.StandardConditionalFixedValueTagProcessor
[THYMELEAF]             * [* {th:loop,data-th-loop}] [1000]: org.thymeleaf.standard.processor.StandardConditionalFixedValueTagProcessor
[THYMELEAF]             * [* {th:async,data-th-async}] [1000]: org.thymeleaf.standard.processor.StandardConditionalFixedValueTagProcessor
[THYMELEAF]             * [* {th:formnovalidate,data-th-formnovalidate}] [1000]: org.thymeleaf.standard.processor.StandardConditionalFixedValueTagProcessor
[THYMELEAF]             * [* {th:selected,data-th-selected}] [1000]: org.thymeleaf.standard.processor.StandardConditionalFixedValueTagProcessor
[THYMELEAF]             * [* {th:multiple,data-th-multiple}] [1000]: org.thymeleaf.standard.processor.StandardConditionalFixedValueTagProcessor
[THYMELEAF]             * [* {th:defer,data-th-defer}] [1000]: org.thymeleaf.standard.processor.StandardConditionalFixedValueTagProcessor
[THYMELEAF]             * [* {th:pubdate,data-th-pubdate}] [1000]: org.thymeleaf.standard.processor.StandardConditionalFixedValueTagProcessor
[THYMELEAF]             * [* {th:readonly,data-th-readonly}] [1000]: org.thymeleaf.standard.processor.StandardConditionalFixedValueTagProcessor
[THYMELEAF]             * [* {th:seamless,data-th-seamless}] [1000]: org.thymeleaf.standard.processor.StandardConditionalFixedValueTagProcessor
[THYMELEAF]             * [* {th:hidden,data-th-hidden}] [1000]: org.thymeleaf.standard.processor.StandardConditionalFixedValueTagProcessor
[THYMELEAF]             * [* {th:default,data-th-default}] [1000]: org.thymeleaf.standard.processor.StandardConditionalFixedValueTagProcessor
[THYMELEAF]             * [* {th:controls,data-th-controls}] [1000]: org.thymeleaf.standard.processor.StandardConditionalFixedValueTagProcessor
[THYMELEAF]             * [* {th:ismap,data-th-ismap}] [1000]: org.thymeleaf.standard.processor.StandardConditionalFixedValueTagProcessor
[THYMELEAF]             * [* {th:checked,data-th-checked}] [1000]: org.thymeleaf.standard.processor.StandardConditionalFixedValueTagProcessor
[THYMELEAF]             * [* {th:ondrop,data-th-ondrop}] [1000]: org.thymeleaf.standard.processor.StandardDOMEventAttributeTagProcessor
[THYMELEAF]             * [* {th:onemptied,data-th-onemptied}] [1000]: org.thymeleaf.standard.processor.StandardDOMEventAttributeTagProcessor
[THYMELEAF]             * [* {th:onseeking,data-th-onseeking}] [1000]: org.thymeleaf.standard.processor.StandardDOMEventAttributeTagProcessor
[THYMELEAF]             * [* {th:onstalled,data-th-onstalled}] [1000]: org.thymeleaf.standard.processor.StandardDOMEventAttributeTagProcessor
[THYMELEAF]             * [* {th:onsuspend,data-th-onsuspend}] [1000]: org.thymeleaf.standard.processor.StandardDOMEventAttributeTagProcessor
[THYMELEAF]             * [* {th:onloadedmetadata,data-th-onloadedmetadata}] [1000]: org.thymeleaf.standard.processor.StandardDOMEventAttributeTagProcessor
[THYMELEAF]             * [* {th:onformchange,data-th-onformchange}] [1000]: org.thymeleaf.standard.processor.StandardDOMEventAttributeTagProcessor
[THYMELEAF]             * [* {th:onmousedown,data-th-onmousedown}] [1000]: org.thymeleaf.standard.processor.StandardDOMEventAttributeTagProcessor
[THYMELEAF]             * [* {th:onscroll,data-th-onscroll}] [1000]: org.thymeleaf.standard.processor.StandardDOMEventAttributeTagProcessor
[THYMELEAF]             * [* {th:onplaying,data-th-onplaying}] [1000]: org.thymeleaf.standard.processor.StandardDOMEventAttributeTagProcessor
[THYMELEAF]             * [* {th:onafterprint,data-th-onafterprint}] [1000]: org.thymeleaf.standard.processor.StandardDOMEventAttributeTagProcessor
[THYMELEAF]             * [* {th:onloadstart,data-th-onloadstart}] [1000]: org.thymeleaf.standard.processor.StandardDOMEventAttributeTagProcessor
[THYMELEAF]             * [* {th:onmessage,data-th-onmessage}] [1000]: org.thymeleaf.standard.processor.StandardDOMEventAttributeTagProcessor
[THYMELEAF]             * [* {th:onblur,data-th-onblur}] [1000]: org.thymeleaf.standard.processor.StandardDOMEventAttributeTagProcessor
[THYMELEAF]             * [* {th:oncontextmenu,data-th-oncontextmenu}] [1000]: org.thymeleaf.standard.processor.StandardDOMEventAttributeTagProcessor
[THYMELEAF]             * [* {th:ondrag,data-th-ondrag}] [1000]: org.thymeleaf.standard.processor.StandardDOMEventAttributeTagProcessor
[THYMELEAF]             * [* {th:onloadeddata,data-th-onloadeddata}] [1000]: org.thymeleaf.standard.processor.StandardDOMEventAttributeTagProcessor
[THYMELEAF]             * [* {th:oncanplaythrough,data-th-oncanplaythrough}] [1000]: org.thymeleaf.standard.processor.StandardDOMEventAttributeTagProcessor
[THYMELEAF]             * [* {th:onmouseover,data-th-onmouseover}] [1000]: org.thymeleaf.standard.processor.StandardDOMEventAttributeTagProcessor
[THYMELEAF]             * [* {th:onshow,data-th-onshow}] [1000]: org.thymeleaf.standard.processor.StandardDOMEventAttributeTagProcessor
[THYMELEAF]             * [* {th:onkeydown,data-th-onkeydown}] [1000]: org.thymeleaf.standard.processor.StandardDOMEventAttributeTagProcessor
[THYMELEAF]             * [* {th:onchange,data-th-onchange}] [1000]: org.thymeleaf.standard.processor.StandardDOMEventAttributeTagProcessor
[THYMELEAF]             * [* {th:ondragstart,data-th-ondragstart}] [1000]: org.thymeleaf.standard.processor.StandardDOMEventAttributeTagProcessor
[THYMELEAF]             * [* {th:onsubmit,data-th-onsubmit}] [1000]: org.thymeleaf.standard.processor.StandardDOMEventAttributeTagProcessor
[THYMELEAF]             * [* {th:ondragenter,data-th-ondragenter}] [1000]: org.thymeleaf.standard.processor.StandardDOMEventAttributeTagProcessor
[THYMELEAF]             * [* {th:onfocus,data-th-onfocus}] [1000]: org.thymeleaf.standard.processor.StandardDOMEventAttributeTagProcessor
[THYMELEAF]             * [* {th:onpopstate,data-th-onpopstate}] [1000]: org.thymeleaf.standard.processor.StandardDOMEventAttributeTagProcessor
[THYMELEAF]             * [* {th:ononline,data-th-ononline}] [1000]: org.thymeleaf.standard.processor.StandardDOMEventAttributeTagProcessor
[THYMELEAF]             * [* {th:onended,data-th-onended}] [1000]: org.thymeleaf.standard.processor.StandardDOMEventAttributeTagProcessor
[THYMELEAF]             * [* {th:onplay,data-th-onplay}] [1000]: org.thymeleaf.standard.processor.StandardDOMEventAttributeTagProcessor
[THYMELEAF]             * [* {th:onoffline,data-th-onoffline}] [1000]: org.thymeleaf.standard.processor.StandardDOMEventAttributeTagProcessor
[THYMELEAF]             * [* {th:onpause,data-th-onpause}] [1000]: org.thymeleaf.standard.processor.StandardDOMEventAttributeTagProcessor
[THYMELEAF]             * [* {th:onunload,data-th-onunload}] [1000]: org.thymeleaf.standard.processor.StandardDOMEventAttributeTagProcessor
[THYMELEAF]             * [* {th:onerror,data-th-onerror}] [1000]: org.thymeleaf.standard.processor.StandardDOMEventAttributeTagProcessor
[THYMELEAF]             * [* {th:oninvalid,data-th-oninvalid}] [1000]: org.thymeleaf.standard.processor.StandardDOMEventAttributeTagProcessor
[THYMELEAF]             * [* {th:onbeforeprint,data-th-onbeforeprint}] [1000]: org.thymeleaf.standard.processor.StandardDOMEventAttributeTagProcessor
[THYMELEAF]             * [* {th:onmousewheel,data-th-onmousewheel}] [1000]: org.thymeleaf.standard.processor.StandardDOMEventAttributeTagProcessor
[THYMELEAF]             * [* {th:onwaiting,data-th-onwaiting}] [1000]: org.thymeleaf.standard.processor.StandardDOMEventAttributeTagProcessor
[THYMELEAF]             * [* {th:ondblclick,data-th-ondblclick}] [1000]: org.thymeleaf.standard.processor.StandardDOMEventAttributeTagProcessor
[THYMELEAF]             * [* {th:onload,data-th-onload}] [1000]: org.thymeleaf.standard.processor.StandardDOMEventAttributeTagProcessor
[THYMELEAF]             * [* {th:onbeforeunload,data-th-onbeforeunload}] [1000]: org.thymeleaf.standard.processor.StandardDOMEventAttributeTagProcessor
[THYMELEAF]             * [* {th:onmouseout,data-th-onmouseout}] [1000]: org.thymeleaf.standard.processor.StandardDOMEventAttributeTagProcessor
[THYMELEAF]             * [* {th:onclick,data-th-onclick}] [1000]: org.thymeleaf.standard.processor.StandardDOMEventAttributeTagProcessor
[THYMELEAF]             * [* {th:onvolumechange,data-th-onvolumechange}] [1000]: org.thymeleaf.standard.processor.StandardDOMEventAttributeTagProcessor
[THYMELEAF]             * [* {th:onmouseup,data-th-onmouseup}] [1000]: org.thymeleaf.standard.processor.StandardDOMEventAttributeTagProcessor
[THYMELEAF]             * [* {th:onabort,data-th-onabort}] [1000]: org.thymeleaf.standard.processor.StandardDOMEventAttributeTagProcessor
[THYMELEAF]             * [* {th:onseeked,data-th-onseeked}] [1000]: org.thymeleaf.standard.processor.StandardDOMEventAttributeTagProcessor
[THYMELEAF]             * [* {th:onkeyup,data-th-onkeyup}] [1000]: org.thymeleaf.standard.processor.StandardDOMEventAttributeTagProcessor
[THYMELEAF]             * [* {th:ondragend,data-th-ondragend}] [1000]: org.thymeleaf.standard.processor.StandardDOMEventAttributeTagProcessor
[THYMELEAF]             * [* {th:onredo,data-th-onredo}] [1000]: org.thymeleaf.standard.processor.StandardDOMEventAttributeTagProcessor
[THYMELEAF]             * [* {th:oncanplay,data-th-oncanplay}] [1000]: org.thymeleaf.standard.processor.StandardDOMEventAttributeTagProcessor
[THYMELEAF]             * [* {th:onprogress,data-th-onprogress}] [1000]: org.thymeleaf.standard.processor.StandardDOMEventAttributeTagProcessor
[THYMELEAF]             * [* {th:ondragover,data-th-ondragover}] [1000]: org.thymeleaf.standard.processor.StandardDOMEventAttributeTagProcessor
[THYMELEAF]             * [* {th:onhashchange,data-th-onhashchange}] [1000]: org.thymeleaf.standard.processor.StandardDOMEventAttributeTagProcessor
[THYMELEAF]             * [* {th:onmousemove,data-th-onmousemove}] [1000]: org.thymeleaf.standard.processor.StandardDOMEventAttributeTagProcessor
[THYMELEAF]             * [* {th:ontimeupdate,data-th-ontimeupdate}] [1000]: org.thymeleaf.standard.processor.StandardDOMEventAttributeTagProcessor
[THYMELEAF]             * [* {th:onselect,data-th-onselect}] [1000]: org.thymeleaf.standard.processor.StandardDOMEventAttributeTagProcessor
[THYMELEAF]             * [* {th:onundo,data-th-onundo}] [1000]: org.thymeleaf.standard.processor.StandardDOMEventAttributeTagProcessor
[THYMELEAF]             * [* {th:onreadystatechange,data-th-onreadystatechange}] [1000]: org.thymeleaf.standard.processor.StandardDOMEventAttributeTagProcessor
[THYMELEAF]             * [* {th:onforminput,data-th-onforminput}] [1000]: org.thymeleaf.standard.processor.StandardDOMEventAttributeTagProcessor
[THYMELEAF]             * [* {th:onkeypress,data-th-onkeypress}] [1000]: org.thymeleaf.standard.processor.StandardDOMEventAttributeTagProcessor
[THYMELEAF]             * [* {th:onstorage,data-th-onstorage}] [1000]: org.thymeleaf.standard.processor.StandardDOMEventAttributeTagProcessor
[THYMELEAF]             * [* {th:ondragleave,data-th-ondragleave}] [1000]: org.thymeleaf.standard.processor.StandardDOMEventAttributeTagProcessor
[THYMELEAF]             * [* {th:onreset,data-th-onreset}] [1000]: org.thymeleaf.standard.processor.StandardDOMEventAttributeTagProcessor
[THYMELEAF]             * [* {th:oninput,data-th-oninput}] [1000]: org.thymeleaf.standard.processor.StandardDOMEventAttributeTagProcessor
[THYMELEAF]             * [* {th:ondurationchange,data-th-ondurationchange}] [1000]: org.thymeleaf.standard.processor.StandardDOMEventAttributeTagProcessor
[THYMELEAF]             * [* {th:onratechange,data-th-onratechange}] [1000]: org.thymeleaf.standard.processor.StandardDOMEventAttributeTagProcessor
[THYMELEAF]             * [* {th:onresize,data-th-onresize}] [1000]: org.thymeleaf.standard.processor.StandardDOMEventAttributeTagProcessor
[THYMELEAF]             * [* {th:href,data-th-href}] [1000]: org.thymeleaf.standard.processor.StandardHrefTagProcessor
[THYMELEAF]             * [* {th:inline,data-th-inline}] [1000]: org.thymeleaf.standard.processor.StandardInlineHTMLTagProcessor
[THYMELEAF]             * [* {th:method,data-th-method}] [1000]: org.thymeleaf.standard.processor.StandardMethodTagProcessor
[THYMELEAF]             * [* {th:name,data-th-name}] [1000]: org.thymeleaf.standard.processor.StandardNonRemovableAttributeTagProcessor
[THYMELEAF]             * [* {th:type,data-th-type}] [1000]: org.thymeleaf.standard.processor.StandardNonRemovableAttributeTagProcessor
[THYMELEAF]             * [* {th:align,data-th-align}] [1000]: org.thymeleaf.standard.processor.StandardRemovableAttributeTagProcessor
[THYMELEAF]             * [* {th:class,data-th-class}] [1000]: org.thymeleaf.standard.processor.StandardRemovableAttributeTagProcessor
[THYMELEAF]             * [* {th:max,data-th-max}] [1000]: org.thymeleaf.standard.processor.StandardRemovableAttributeTagProcessor
[THYMELEAF]             * [* {th:for,data-th-for}] [1000]: org.thymeleaf.standard.processor.StandardRemovableAttributeTagProcessor
[THYMELEAF]             * [* {th:low,data-th-low}] [1000]: org.thymeleaf.standard.processor.StandardRemovableAttributeTagProcessor
[THYMELEAF]             * [* {th:id,data-th-id}] [1000]: org.thymeleaf.standard.processor.StandardRemovableAttributeTagProcessor
[THYMELEAF]             * [* {th:scrolling,data-th-scrolling}] [1000]: org.thymeleaf.standard.processor.StandardRemovableAttributeTagProcessor
[THYMELEAF]             * [* {th:cite,data-th-cite}] [1000]: org.thymeleaf.standard.processor.StandardRemovableAttributeTagProcessor
[THYMELEAF]             * [* {th:tabindex,data-th-tabindex}] [1000]: org.thymeleaf.standard.processor.StandardRemovableAttributeTagProcessor
[THYMELEAF]             * [* {th:accept-charset,data-th-accept-charset}] [1000]: org.thymeleaf.standard.processor.StandardRemovableAttributeTagProcessor
[THYMELEAF]             * [* {th:valuetype,data-th-valuetype}] [1000]: org.thymeleaf.standard.processor.StandardRemovableAttributeTagProcessor
[THYMELEAF]             * [* {th:sizes,data-th-sizes}] [1000]: org.thymeleaf.standard.processor.StandardRemovableAttributeTagProcessor
[THYMELEAF]             * [* {th:min,data-th-min}] [1000]: org.thymeleaf.standard.processor.StandardRemovableAttributeTagProcessor
[THYMELEAF]             * [* {th:marginwidth,data-th-marginwidth}] [1000]: org.thymeleaf.standard.processor.StandardRemovableAttributeTagProcessor
[THYMELEAF]             * [* {th:scope,data-th-scope}] [1000]: org.thymeleaf.standard.processor.StandardRemovableAttributeTagProcessor
[THYMELEAF]             * [* {th:sandbox,data-th-sandbox}] [1000]: org.thymeleaf.standard.processor.StandardRemovableAttributeTagProcessor
[THYMELEAF]             * [* {th:classid,data-th-classid}] [1000]: org.thymeleaf.standard.processor.StandardRemovableAttributeTagProcessor
[THYMELEAF]             * [* {th:challenge,data-th-challenge}] [1000]: org.thymeleaf.standard.processor.StandardRemovableAttributeTagProcessor
[THYMELEAF]             * [* {th:cellpadding,data-th-cellpadding}] [1000]: org.thymeleaf.standard.processor.StandardRemovableAttributeTagProcessor
[THYMELEAF]             * [* {th:height,data-th-height}] [1000]: org.thymeleaf.standard.processor.StandardRemovableAttributeTagProcessor
[THYMELEAF]             * [* {th:radiogroup,data-th-radiogroup}] [1000]: org.thymeleaf.standard.processor.StandardRemovableAttributeTagProcessor
[THYMELEAF]             * [* {th:icon,data-th-icon}] [1000]: org.thymeleaf.standard.processor.StandardRemovableAttributeTagProcessor
[THYMELEAF]             * [* {th:longdesc,data-th-longdesc}] [1000]: org.thymeleaf.standard.processor.StandardRemovableAttributeTagProcessor
[THYMELEAF]             * [* {th:kind,data-th-kind}] [1000]: org.thymeleaf.standard.processor.StandardRemovableAttributeTagProcessor
[THYMELEAF]             * [* {th:wrap,data-th-wrap}] [1000]: org.thymeleaf.standard.processor.StandardRemovableAttributeTagProcessor
[THYMELEAF]             * [* {th:spellcheck,data-th-spellcheck}] [1000]: org.thymeleaf.standard.processor.StandardRemovableAttributeTagProcessor
[THYMELEAF]             * [* {th:compact,data-th-compact}] [1000]: org.thymeleaf.standard.processor.StandardRemovableAttributeTagProcessor
[THYMELEAF]             * [* {th:border,data-th-border}] [1000]: org.thymeleaf.standard.processor.StandardRemovableAttributeTagProcessor
[THYMELEAF]             * [* {th:usemap,data-th-usemap}] [1000]: org.thymeleaf.standard.processor.StandardRemovableAttributeTagProcessor
[THYMELEAF]             * [* {th:http-equiv,data-th-http-equiv}] [1000]: org.thymeleaf.standard.processor.StandardRemovableAttributeTagProcessor
[THYMELEAF]             * [* {th:standby,data-th-standby}] [1000]: org.thymeleaf.standard.processor.StandardRemovableAttributeTagProcessor
[THYMELEAF]             * [* {th:archive,data-th-archive}] [1000]: org.thymeleaf.standard.processor.StandardRemovableAttributeTagProcessor
[THYMELEAF]             * [* {th:scheme,data-th-scheme}] [1000]: org.thymeleaf.standard.processor.StandardRemovableAttributeTagProcessor
[THYMELEAF]             * [* {th:alt,data-th-alt}] [1000]: org.thymeleaf.standard.processor.StandardRemovableAttributeTagProcessor
[THYMELEAF]             * [* {th:rules,data-th-rules}] [1000]: org.thymeleaf.standard.processor.StandardRemovableAttributeTagProcessor
[THYMELEAF]             * [* {th:form,data-th-form}] [1000]: org.thymeleaf.standard.processor.StandardRemovableAttributeTagProcessor
[THYMELEAF]             * [* {th:content,data-th-content}] [1000]: org.thymeleaf.standard.processor.StandardRemovableAttributeTagProcessor
[THYMELEAF]             * [* {th:optimum,data-th-optimum}] [1000]: org.thymeleaf.standard.processor.StandardRemovableAttributeTagProcessor
[THYMELEAF]             * [* {th:codebase,data-th-codebase}] [1000]: org.thymeleaf.standard.processor.StandardRemovableAttributeTagProcessor
[THYMELEAF]             * [* {th:frameborder,data-th-frameborder}] [1000]: org.thymeleaf.standard.processor.StandardRemovableAttributeTagProcessor
[THYMELEAF]             * [* {th:audio,data-th-audio}] [1000]: org.thymeleaf.standard.processor.StandardRemovableAttributeTagProcessor
[THYMELEAF]             * [* {th:background,data-th-background}] [1000]: org.thymeleaf.standard.processor.StandardRemovableAttributeTagProcessor
[THYMELEAF]             * [* {th:vspace,data-th-vspace}] [1000]: org.thymeleaf.standard.processor.StandardRemovableAttributeTagProcessor
[THYMELEAF]             * [* {th:preload,data-th-preload}] [1000]: org.thymeleaf.standard.processor.StandardRemovableAttributeTagProcessor
[THYMELEAF]             * [* {th:rowspan,data-th-rowspan}] [1000]: org.thymeleaf.standard.processor.StandardRemovableAttributeTagProcessor
[THYMELEAF]             * [* {th:rows,data-th-rows}] [1000]: org.thymeleaf.standard.processor.StandardRemovableAttributeTagProcessor
[THYMELEAF]             * [* {th:axis,data-th-axis}] [1000]: org.thymeleaf.standard.processor.StandardRemovableAttributeTagProcessor
[THYMELEAF]             * [* {th:poster,data-th-poster}] [1000]: org.thymeleaf.standard.processor.StandardRemovableAttributeTagProcessor
[THYMELEAF]             * [* {th:pattern,data-th-pattern}] [1000]: org.thymeleaf.standard.processor.StandardRemovableAttributeTagProcessor
[THYMELEAF]             * [* {th:maxlength,data-th-maxlength}] [1000]: org.thymeleaf.standard.processor.StandardRemovableAttributeTagProcessor
[THYMELEAF]             * [* {th:enctype,data-th-enctype}] [1000]: org.thymeleaf.standard.processor.StandardRemovableAttributeTagProcessor
[THYMELEAF]             * [* {th:rev,data-th-rev}] [1000]: org.thymeleaf.standard.processor.StandardRemovableAttributeTagProcessor
[THYMELEAF]             * [* {th:start,data-th-start}] [1000]: org.thymeleaf.standard.processor.StandardRemovableAttributeTagProcessor
[THYMELEAF]             * [* {th:media,data-th-media}] [1000]: org.thymeleaf.standard.processor.StandardRemovableAttributeTagProcessor
[THYMELEAF]             * [* {th:label,data-th-label}] [1000]: org.thymeleaf.standard.processor.StandardRemovableAttributeTagProcessor
[THYMELEAF]             * [* {th:charset,data-th-charset}] [1000]: org.thymeleaf.standard.processor.StandardRemovableAttributeTagProcessor
[THYMELEAF]             * [* {th:manifest,data-th-manifest}] [1000]: org.thymeleaf.standard.processor.StandardRemovableAttributeTagProcessor
[THYMELEAF]             * [* {th:data,data-th-data}] [1000]: org.thymeleaf.standard.processor.StandardRemovableAttributeTagProcessor
[THYMELEAF]             * [* {th:bgcolor,data-th-bgcolor}] [1000]: org.thymeleaf.standard.processor.StandardRemovableAttributeTagProcessor
[THYMELEAF]             * [* {th:summary,data-th-summary}] [1000]: org.thymeleaf.standard.processor.StandardRemovableAttributeTagProcessor
[THYMELEAF]             * [* {th:style,data-th-style}] [1000]: org.thymeleaf.standard.processor.StandardRemovableAttributeTagProcessor
[THYMELEAF]             * [* {th:marginheight,data-th-marginheight}] [1000]: org.thymeleaf.standard.processor.StandardRemovableAttributeTagProcessor
[THYMELEAF]             * [* {th:accept,data-th-accept}] [1000]: org.thymeleaf.standard.processor.StandardRemovableAttributeTagProcessor
[THYMELEAF]             * [* {th:frame,data-th-frame}] [1000]: org.thymeleaf.standard.processor.StandardRemovableAttributeTagProcessor
[THYMELEAF]             * [* {th:target,data-th-target}] [1000]: org.thymeleaf.standard.processor.StandardRemovableAttributeTagProcessor
[THYMELEAF]             * [* {th:dir,data-th-dir}] [1000]: org.thymeleaf.standard.processor.StandardRemovableAttributeTagProcessor
[THYMELEAF]             * [* {th:formtarget,data-th-formtarget}] [1000]: org.thymeleaf.standard.processor.StandardRemovableAttributeTagProcessor
[THYMELEAF]             * [* {th:cellspacing,data-th-cellspacing}] [1000]: org.thymeleaf.standard.processor.StandardRemovableAttributeTagProcessor
[THYMELEAF]             * [* {th:draggable,data-th-draggable}] [1000]: org.thymeleaf.standard.processor.StandardRemovableAttributeTagProcessor
[THYMELEAF]             * [* {th:rel,data-th-rel}] [1000]: org.thymeleaf.standard.processor.StandardRemovableAttributeTagProcessor
[THYMELEAF]             * [* {th:step,data-th-step}] [1000]: org.thymeleaf.standard.processor.StandardRemovableAttributeTagProcessor
[THYMELEAF]             * [* {th:placeholder,data-th-placeholder}] [1000]: org.thymeleaf.standard.processor.StandardRemovableAttributeTagProcessor
[THYMELEAF]             * [* {th:formenctype,data-th-formenctype}] [1000]: org.thymeleaf.standard.processor.StandardRemovableAttributeTagProcessor
[THYMELEAF]             * [* {th:abbr,data-th-abbr}] [1000]: org.thymeleaf.standard.processor.StandardRemovableAttributeTagProcessor
[THYMELEAF]             * [* {th:contenteditable,data-th-contenteditable}] [1000]: org.thymeleaf.standard.processor.StandardRemovableAttributeTagProcessor
[THYMELEAF]             * [* {th:cols,data-th-cols}] [1000]: org.thymeleaf.standard.processor.StandardRemovableAttributeTagProcessor
[THYMELEAF]             * [* {th:list,data-th-list}] [1000]: org.thymeleaf.standard.processor.StandardRemovableAttributeTagProcessor
[THYMELEAF]             * [* {th:codetype,data-th-codetype}] [1000]: org.thymeleaf.standard.processor.StandardRemovableAttributeTagProcessor
[THYMELEAF]             * [* {th:contextmenu,data-th-contextmenu}] [1000]: org.thymeleaf.standard.processor.StandardRemovableAttributeTagProcessor
[THYMELEAF]             * [* {th:keytype,data-th-keytype}] [1000]: org.thymeleaf.standard.processor.StandardRemovableAttributeTagProcessor
[THYMELEAF]             * [* {th:formmethod,data-th-formmethod}] [1000]: org.thymeleaf.standard.processor.StandardRemovableAttributeTagProcessor
[THYMELEAF]             * [* {th:lang,data-th-lang}] [1000]: org.thymeleaf.standard.processor.StandardRemovableAttributeTagProcessor
[THYMELEAF]             * [* {th:datetime,data-th-datetime}] [1000]: org.thymeleaf.standard.processor.StandardRemovableAttributeTagProcessor
[THYMELEAF]             * [* {th:formaction,data-th-formaction}] [1000]: org.thymeleaf.standard.processor.StandardRemovableAttributeTagProcessor
[THYMELEAF]             * [* {th:srclang,data-th-srclang}] [1000]: org.thymeleaf.standard.processor.StandardRemovableAttributeTagProcessor
[THYMELEAF]             * [* {th:accesskey,data-th-accesskey}] [1000]: org.thymeleaf.standard.processor.StandardRemovableAttributeTagProcessor
[THYMELEAF]             * [* {th:width,data-th-width}] [1000]: org.thymeleaf.standard.processor.StandardRemovableAttributeTagProcessor
[THYMELEAF]             * [* {th:hspace,data-th-hspace}] [1000]: org.thymeleaf.standard.processor.StandardRemovableAttributeTagProcessor
[THYMELEAF]             * [* {th:high,data-th-high}] [1000]: org.thymeleaf.standard.processor.StandardRemovableAttributeTagProcessor
[THYMELEAF]             * [* {th:colspan,data-th-colspan}] [1000]: org.thymeleaf.standard.processor.StandardRemovableAttributeTagProcessor
[THYMELEAF]             * [* {th:hreflang,data-th-hreflang}] [1000]: org.thymeleaf.standard.processor.StandardRemovableAttributeTagProcessor
[THYMELEAF]             * [* {th:dropzone,data-th-dropzone}] [1000]: org.thymeleaf.standard.processor.StandardRemovableAttributeTagProcessor
[THYMELEAF]             * [* {th:title,data-th-title}] [1000]: org.thymeleaf.standard.processor.StandardRemovableAttributeTagProcessor
[THYMELEAF]             * [* {th:size,data-th-size}] [1000]: org.thymeleaf.standard.processor.StandardRemovableAttributeTagProcessor
[THYMELEAF]             * [* {th:headers,data-th-headers}] [1000]: org.thymeleaf.standard.processor.StandardRemovableAttributeTagProcessor
[THYMELEAF]             * [* {th:autocomplete,data-th-autocomplete}] [1000]: org.thymeleaf.standard.processor.StandardRemovableAttributeTagProcessor
[THYMELEAF]             * [* {th:span,data-th-span}] [1000]: org.thymeleaf.standard.processor.StandardRemovableAttributeTagProcessor
[THYMELEAF]             * [* {th:src,data-th-src}] [1000]: org.thymeleaf.standard.processor.StandardSrcTagProcessor
[THYMELEAF]             * [* {th:value,data-th-value}] [1000]: org.thymeleaf.standard.processor.StandardValueTagProcessor
[THYMELEAF]             * [* {th:xmlbase,data-th-xmlbase}] [1000]: org.thymeleaf.standard.processor.StandardXmlBaseTagProcessor
[THYMELEAF]             * [* {th:xmllang,data-th-xmllang}] [1000]: org.thymeleaf.standard.processor.StandardXmlLangTagProcessor
[THYMELEAF]             * [* {xmlns:th}] [1000]: org.thymeleaf.standard.processor.StandardXmlNsTagProcessor
[THYMELEAF]             * [* {th:xmlspace,data-th-xmlspace}] [1000]: org.thymeleaf.standard.processor.StandardXmlSpaceTagProcessor
[THYMELEAF]             * [* {th:classappend,data-th-classappend}] [1100]: org.thymeleaf.standard.processor.StandardClassappendTagProcessor
[THYMELEAF]             * [* {th:styleappend,data-th-styleappend}] [1100]: org.thymeleaf.standard.processor.StandardStyleappendTagProcessor
[THYMELEAF]             * [* {th:text,data-th-text}] [1300]: org.thymeleaf.standard.processor.StandardTextTagProcessor
[THYMELEAF]             * [* {th:utext,data-th-utext}] [1400]: org.thymeleaf.standard.processor.StandardUtextTagProcessor
[THYMELEAF]             * [* {th:fragment,data-th-fragment}] [1500]: org.thymeleaf.standard.processor.StandardFragmentTagProcessor
[THYMELEAF]             * [* {th:assert,data-th-assert}] [1550]: org.thymeleaf.standard.processor.StandardAssertTagProcessor
[THYMELEAF]             * [* {th:remove,data-th-remove}] [1600]: org.thymeleaf.standard.processor.StandardRemoveTagProcessor
[THYMELEAF]             * [* {th:ref,data-th-ref}] [10000]: org.thymeleaf.standard.processor.StandardRefAttributeTagProcessor
[THYMELEAF]             * [{th:block,th-block} *] [100000]: org.thymeleaf.standard.processor.StandardBlockTagProcessor
[THYMELEAF]             * [* th:*] [2147483647]: org.thymeleaf.standard.processor.StandardDefaultAttributesTagProcessor
[THYMELEAF]         * Text Processors by [precedence]:
[THYMELEAF]             * [1000]: org.thymeleaf.standard.processor.StandardInliningTextProcessor
[THYMELEAF]         * DOCTYPE Processors by [precedence]:
[THYMELEAF]             * [1000]: org.thymeleaf.standard.processor.StandardTranslationDocTypeProcessor
[THYMELEAF]         * CDATA Section Processors by [precedence]:
[THYMELEAF]             * [1000]: org.thymeleaf.standard.processor.StandardInliningCDATASectionProcessor
[THYMELEAF]         * Comment Processors by [precedence]:
[THYMELEAF]             * [1000]: org.thymeleaf.standard.processor.StandardInliningCommentProcessor
[THYMELEAF]             * [1100]: org.thymeleaf.standard.processor.StandardConditionalCommentProcessor
[THYMELEAF]     * Processors for Template Mode: XML
[THYMELEAF]         * Element Tag Processors by [matching element and attribute name] [precedence]:
[THYMELEAF]             * [* {th:include}] [100]: org.thymeleaf.standard.processor.StandardIncludeTagProcessor
[THYMELEAF]             * [* {th:insert}] [100]: org.thymeleaf.standard.processor.StandardInsertTagProcessor
[THYMELEAF]             * [* {th:replace}] [100]: org.thymeleaf.standard.processor.StandardReplaceTagProcessor
[THYMELEAF]             * [* {th:each}] [200]: com.intuit.karate.template.KarateEachTagProcessor
[THYMELEAF]             * [* {th:switch}] [250]: org.thymeleaf.standard.processor.StandardSwitchTagProcessor
[THYMELEAF]             * [* {th:case}] [275]: org.thymeleaf.standard.processor.StandardCaseTagProcessor
[THYMELEAF]             * [* {th:if}] [300]: org.thymeleaf.standard.processor.StandardIfTagProcessor
[THYMELEAF]             * [* {th:unless}] [400]: org.thymeleaf.standard.processor.StandardUnlessTagProcessor
[THYMELEAF]             * [* {th:object}] [500]: org.thymeleaf.standard.processor.StandardObjectTagProcessor
[THYMELEAF]             * [* {th:with}] [600]: com.intuit.karate.template.KarateWithTagProcessor
[THYMELEAF]             * [* {th:attr}] [700]: com.intuit.karate.template.KarateAttributeTagProcessor.KarateAttrTagProcessor
[THYMELEAF]             * [* {th:attrappend}] [900]: com.intuit.karate.template.KarateAttributeTagProcessor.KarateAttrappendTagProcessor
[THYMELEAF]             * [* {th:attrprepend}] [900]: com.intuit.karate.template.KarateAttributeTagProcessor.KarateAttrprependTagProcessor
[THYMELEAF]             * [* {th:inline}] [1000]: org.thymeleaf.standard.processor.StandardInlineXMLTagProcessor
[THYMELEAF]             * [* {xmlns:th}] [1000]: org.thymeleaf.standard.processor.StandardXmlNsTagProcessor
[THYMELEAF]             * [* {th:text}] [1300]: org.thymeleaf.standard.processor.StandardTextTagProcessor
[THYMELEAF]             * [* {th:utext}] [1400]: org.thymeleaf.standard.processor.StandardUtextTagProcessor
[THYMELEAF]             * [* {th:fragment}] [1500]: org.thymeleaf.standard.processor.StandardFragmentTagProcessor
[THYMELEAF]             * [* {th:assert}] [1550]: org.thymeleaf.standard.processor.StandardAssertTagProcessor
[THYMELEAF]             * [* {th:remove}] [1600]: org.thymeleaf.standard.processor.StandardRemoveTagProcessor
[THYMELEAF]             * [* {th:ref}] [10000]: org.thymeleaf.standard.processor.StandardRefAttributeTagProcessor
[THYMELEAF]             * [{th:block} *] [100000]: org.thymeleaf.standard.processor.StandardBlockTagProcessor
[THYMELEAF]             * [* th:*] [2147483647]: org.thymeleaf.standard.processor.StandardDefaultAttributesTagProcessor
[THYMELEAF]         * Text Processors by [precedence]:
[THYMELEAF]             * [1000]: org.thymeleaf.standard.processor.StandardInliningTextProcessor
[THYMELEAF]         * CDATA Section Processors by [precedence]:
[THYMELEAF]             * [1000]: org.thymeleaf.standard.processor.StandardInliningCDATASectionProcessor
[THYMELEAF]         * Comment Processors by [precedence]:
[THYMELEAF]             * [1000]: org.thymeleaf.standard.processor.StandardInliningCommentProcessor
[THYMELEAF]     * Processors for Template Mode: TEXT
[THYMELEAF]         * Element Tag Processors by [matching element and attribute name] [precedence]:
[THYMELEAF]             * [* {th:insert}] [100]: org.thymeleaf.standard.processor.StandardInsertTagProcessor
[THYMELEAF]             * [* {th:replace}] [100]: org.thymeleaf.standard.processor.StandardReplaceTagProcessor
[THYMELEAF]             * [* {th:each}] [200]: com.intuit.karate.template.KarateEachTagProcessor
[THYMELEAF]             * [* {th:switch}] [250]: org.thymeleaf.standard.processor.StandardSwitchTagProcessor
[THYMELEAF]             * [* {th:case}] [275]: org.thymeleaf.standard.processor.StandardCaseTagProcessor
[THYMELEAF]             * [* {th:if}] [300]: org.thymeleaf.standard.processor.StandardIfTagProcessor
[THYMELEAF]             * [* {th:unless}] [400]: org.thymeleaf.standard.processor.StandardUnlessTagProcessor
[THYMELEAF]             * [* {th:object}] [500]: org.thymeleaf.standard.processor.StandardObjectTagProcessor
[THYMELEAF]             * [* {th:with}] [600]: com.intuit.karate.template.KarateWithTagProcessor
[THYMELEAF]             * [* {th:inline}] [1000]: org.thymeleaf.standard.processor.StandardInlineTextualTagProcessor
[THYMELEAF]             * [* {th:text}] [1300]: org.thymeleaf.standard.processor.StandardTextTagProcessor
[THYMELEAF]             * [* {th:utext}] [1400]: org.thymeleaf.standard.processor.StandardUtextTagProcessor
[THYMELEAF]             * [* {th:assert}] [1550]: org.thymeleaf.standard.processor.StandardAssertTagProcessor
[THYMELEAF]             * [* {th:remove}] [1600]: org.thymeleaf.standard.processor.StandardRemoveTagProcessor
[THYMELEAF]             * [{th:block} *] [100000]: org.thymeleaf.standard.processor.StandardBlockTagProcessor
[THYMELEAF]             * [* 100000] [org.thymeleaf.standard.processor.StandardBlockTagProcessor]: {}
[THYMELEAF]         * Text Processors by [precedence]:
[THYMELEAF]             * [1000]: org.thymeleaf.standard.processor.StandardInliningTextProcessor
[THYMELEAF]     * Processors for Template Mode: JAVASCRIPT
[THYMELEAF]         * Element Tag Processors by [matching element and attribute name] [precedence]:
[THYMELEAF]             * [* {th:insert}] [100]: org.thymeleaf.standard.processor.StandardInsertTagProcessor
[THYMELEAF]             * [* {th:replace}] [100]: org.thymeleaf.standard.processor.StandardReplaceTagProcessor
[THYMELEAF]             * [* {th:each}] [200]: com.intuit.karate.template.KarateEachTagProcessor
[THYMELEAF]             * [* {th:switch}] [250]: org.thymeleaf.standard.processor.StandardSwitchTagProcessor
[THYMELEAF]             * [* {th:case}] [275]: org.thymeleaf.standard.processor.StandardCaseTagProcessor
[THYMELEAF]             * [* {th:if}] [300]: org.thymeleaf.standard.processor.StandardIfTagProcessor
[THYMELEAF]             * [* {th:unless}] [400]: org.thymeleaf.standard.processor.StandardUnlessTagProcessor
[THYMELEAF]             * [* {th:object}] [500]: org.thymeleaf.standard.processor.StandardObjectTagProcessor
[THYMELEAF]             * [* {th:with}] [600]: com.intuit.karate.template.KarateWithTagProcessor
[THYMELEAF]             * [* {th:inline}] [1000]: org.thymeleaf.standard.processor.StandardInlineTextualTagProcessor
[THYMELEAF]             * [* {th:text}] [1300]: org.thymeleaf.standard.processor.StandardTextTagProcessor
[THYMELEAF]             * [* {th:utext}] [1400]: org.thymeleaf.standard.processor.StandardUtextTagProcessor
[THYMELEAF]             * [* {th:assert}] [1550]: org.thymeleaf.standard.processor.StandardAssertTagProcessor
[THYMELEAF]             * [* {th:remove}] [1600]: org.thymeleaf.standard.processor.StandardRemoveTagProcessor
[THYMELEAF]             * [{th:block} *] [100000]: org.thymeleaf.standard.processor.StandardBlockTagProcessor
[THYMELEAF]             * [* 100000] [org.thymeleaf.standard.processor.StandardBlockTagProcessor]: {}
[THYMELEAF]         * Text Processors by [precedence]:
[THYMELEAF]             * [1000]: org.thymeleaf.standard.processor.StandardInliningTextProcessor
[THYMELEAF]     * Processors for Template Mode: CSS
[THYMELEAF]         * Element Tag Processors by [matching element and attribute name] [precedence]:
[THYMELEAF]             * [* {th:insert}] [100]: org.thymeleaf.standard.processor.StandardInsertTagProcessor
[THYMELEAF]             * [* {th:replace}] [100]: org.thymeleaf.standard.processor.StandardReplaceTagProcessor
[THYMELEAF]             * [* {th:each}] [200]: com.intuit.karate.template.KarateEachTagProcessor
[THYMELEAF]             * [* {th:switch}] [250]: org.thymeleaf.standard.processor.StandardSwitchTagProcessor
[THYMELEAF]             * [* {th:case}] [275]: org.thymeleaf.standard.processor.StandardCaseTagProcessor
[THYMELEAF]             * [* {th:if}] [300]: org.thymeleaf.standard.processor.StandardIfTagProcessor
[THYMELEAF]             * [* {th:unless}] [400]: org.thymeleaf.standard.processor.StandardUnlessTagProcessor
[THYMELEAF]             * [* {th:object}] [500]: org.thymeleaf.standard.processor.StandardObjectTagProcessor
[THYMELEAF]             * [* {th:with}] [600]: com.intuit.karate.template.KarateWithTagProcessor
[THYMELEAF]             * [* {th:inline}] [1000]: org.thymeleaf.standard.processor.StandardInlineTextualTagProcessor
[THYMELEAF]             * [* {th:text}] [1300]: org.thymeleaf.standard.processor.StandardTextTagProcessor
[THYMELEAF]             * [* {th:utext}] [1400]: org.thymeleaf.standard.processor.StandardUtextTagProcessor
[THYMELEAF]             * [* {th:assert}] [1550]: org.thymeleaf.standard.processor.StandardAssertTagProcessor
[THYMELEAF]             * [* {th:remove}] [1600]: org.thymeleaf.standard.processor.StandardRemoveTagProcessor
[THYMELEAF]             * [{th:block} *] [100000]: org.thymeleaf.standard.processor.StandardBlockTagProcessor
[THYMELEAF]             * [* 100000] [org.thymeleaf.standard.processor.StandardBlockTagProcessor]: {}
[THYMELEAF]         * Text Processors by [precedence]:
[THYMELEAF]             * [1000]: org.thymeleaf.standard.processor.StandardInliningTextProcessor
[THYMELEAF]     * Expression Objects:
[THYMELEAF]         * #ctx
[THYMELEAF]         * #root
[THYMELEAF]         * #vars
[THYMELEAF]         * #object
[THYMELEAF]         * #locale
[THYMELEAF]         * #conversions
[THYMELEAF]         * #uris
[THYMELEAF]         * #temporals
[THYMELEAF]         * #calendars
[THYMELEAF]         * #dates
[THYMELEAF]         * #bools
[THYMELEAF]         * #numbers
[THYMELEAF]         * #objects
[THYMELEAF]         * #strings
[THYMELEAF]         * #arrays
[THYMELEAF]         * #lists
[THYMELEAF]         * #sets
[THYMELEAF]         * #maps
[THYMELEAF]         * #aggregates
[THYMELEAF]         * #messages
[THYMELEAF]         * #ids
[THYMELEAF]         * #execInfo
[THYMELEAF]         * #request
[THYMELEAF]         * #response
[THYMELEAF]         * #session
[THYMELEAF]         * #servletContext
[THYMELEAF]     * Execution Attributes:
[THYMELEAF]         * "StandardExpressionParser": com.intuit.karate.template.KarateStandardDialect@3dc46f24
[THYMELEAF]         * "StandardJavaScriptSerializer": org.thymeleaf.standard.serializer.StandardJavaScriptSerializer@4b343b6d
[THYMELEAF]         * "StandardCSSSerializer": org.thymeleaf.standard.serializer.StandardCSSSerializer@17d2b646
[THYMELEAF]         * "StandardVariableExpressionEvaluator": com.intuit.karate.template.KarateStandardDialect@3dc46f24
[THYMELEAF]         * "StandardConversionService": org.thymeleaf.standard.expression.StandardConversionService@48ae9e8b
[THYMELEAF] * Dialect [2 of 2]: karate (com.intuit.karate.template.KarateScriptDialect)
[THYMELEAF]     * Prefix: "ka"
[THYMELEAF]     * Processors for Template Mode: HTML
[THYMELEAF]         * Element Tag Processors by [matching element and attribute name] [precedence]:
[THYMELEAF]             * [* {src}] [1000]: com.intuit.karate.template.KaScriptAttrProcessor
[THYMELEAF]         * Element Model Processors by [matching element and attribute name] [precedence]:
[THYMELEAF]             * [{script} {ka:scope,data-ka-scope}] [1000]: com.intuit.karate.template.KaScriptElemProcessor
[THYMELEAF]             * [* {ka:set,data-ka-set}] [1000]: com.intuit.karate.template.KaSetElemProcessor
[THYMELEAF] TEMPLATE ENGINE CONFIGURED OK
21:37:05.059 [main] DEBUG org.thymeleaf.TemplateEngine -- [THYMELEAF] TEMPLATE ENGINE INITIALIZED
---------------------------------------------------------
feature: classpath:users/get_user_by_id.feature
scenarios:  2 | passed:  2 | failed:  0 | time: 0.7429
---------------------------------------------------------

]]></system-out>
  </testcase>
  <testcase name="[1:6] Registrar usuario exitosamente" classname="users/post-users" time="0.383">
    <system-out><![CDATA[21:37:05.095 [main] DEBUG com.jayway.jsonpath.internal.path.CompiledPath -- Evaluating path: $
21:37:05.106 [main] DEBUG io.netty.util.internal.logging.InternalLoggerFactory -- Using SLF4J as the default logging framework
21:37:05.107 [main] DEBUG io.netty.util.internal.PlatformDependent0 -- -Dio.netty.noUnsafe: false
21:37:05.107 [main] DEBUG io.netty.util.internal.PlatformDependent0 -- Java version: 17
21:37:05.107 [main] DEBUG io.netty.util.internal.PlatformDependent0 -- sun.misc.Unsafe.theUnsafe: available
21:37:05.108 [main] DEBUG io.netty.util.internal.PlatformDependent0 -- sun.misc.Unsafe.copyMemory: available
21:37:05.108 [main] DEBUG io.netty.util.internal.PlatformDependent0 -- sun.misc.Unsafe.storeFence: available
21:37:05.108 [main] DEBUG io.netty.util.internal.PlatformDependent0 -- java.nio.Buffer.address: available
21:37:05.108 [main] DEBUG io.netty.util.internal.PlatformDependent0 -- direct buffer constructor: unavailable: Reflective setAccessible(true) disabled
21:37:05.108 [main] DEBUG io.netty.util.internal.PlatformDependent0 -- java.nio.Bits.unaligned: available, true
21:37:05.109 [main] DEBUG io.netty.util.internal.PlatformDependent0 -- jdk.internal.misc.Unsafe.allocateUninitializedArray(int): unavailable: class io.netty.util.internal.PlatformDependent0$7 cannot access class jdk.internal.misc.Unsafe (in module java.base) because module java.base does not export jdk.internal.misc to unnamed module @69ac85ec
21:37:05.109 [main] DEBUG io.netty.util.internal.PlatformDependent0 -- java.nio.DirectByteBuffer.<init>(long, {int,long}): unavailable
21:37:05.109 [main] DEBUG io.netty.util.internal.PlatformDependent -- sun.misc.Unsafe: available
21:37:05.111 [main] DEBUG io.netty.util.internal.PlatformDependent -- maxDirectMemory: 4831838208 bytes (maybe)
21:37:05.111 [main] DEBUG io.netty.util.internal.PlatformDependent -- -Dio.netty.tmpdir: /var/folders/43/1dctbvls1fdfn_sd7lc7jpdw0000gn/T (java.io.tmpdir)
21:37:05.111 [main] DEBUG io.netty.util.internal.PlatformDependent -- -Dio.netty.bitMode: 64 (sun.arch.data.model)
21:37:05.111 [main] DEBUG io.netty.util.internal.PlatformDependent -- Platform: MacOS
21:37:05.111 [main] DEBUG io.netty.util.internal.PlatformDependent -- -Dio.netty.maxDirectMemory: -1 bytes
21:37:05.111 [main] DEBUG io.netty.util.internal.PlatformDependent -- -Dio.netty.uninitializedArrayAllocationThreshold: -1
21:37:05.111 [main] DEBUG io.netty.util.internal.CleanerJava9 -- java.nio.ByteBuffer.cleaner(): available
21:37:05.111 [main] DEBUG io.netty.util.internal.PlatformDependent -- -Dio.netty.noPreferDirect: false
21:37:05.114 [main] DEBUG org.apache.http.client.protocol.RequestAddCookies -- CookieSpec selected: karate
21:37:05.114 [main] DEBUG org.apache.http.client.protocol.RequestAuthCache -- Auth cache not set in the context
21:37:05.114 [main] DEBUG com.intuit.karate -- request:
1 > POST https://serverest.dev/usuarios
1 > Content-Type: application/json; charset=UTF-8
1 > Content-Length: 116
1 > Host: serverest.dev
1 > Connection: Keep-Alive
1 > User-Agent: Apache-HttpClient/4.5.14 (Java/17.0.15)
1 > Accept-Encoding: gzip,deflate
{"nome":"Fulano da Silva","email":"beltranoas_qameno_undefined@qa.com.br","password":"teste","administrador":"true"}

21:37:05.114 [main] DEBUG org.apache.http.impl.conn.PoolingHttpClientConnectionManager -- Connection request: [route: {s}->https://serverest.dev:443][total available: 0; route allocated: 0 of 5; total allocated: 0 of 10]
21:37:05.114 [main] DEBUG org.apache.http.impl.conn.PoolingHttpClientConnectionManager -- Connection leased: [id: 5][route: {s}->https://serverest.dev:443][total available: 0; route allocated: 1 of 5; total allocated: 1 of 10]
21:37:05.114 [main] DEBUG org.apache.http.impl.execchain.MainClientExec -- Opening connection {s}->https://serverest.dev:443
21:37:05.115 [main] DEBUG org.apache.http.impl.conn.DefaultHttpClientConnectionOperator -- Connecting to serverest.dev/216.239.34.21:443
21:37:05.115 [main] DEBUG org.apache.http.conn.ssl.SSLConnectionSocketFactory -- Connecting socket to serverest.dev/216.239.34.21:443 with timeout 30000
21:37:05.200 [main] DEBUG org.apache.http.conn.ssl.SSLConnectionSocketFactory -- Enabled protocols: [TLSv1.3, TLSv1.2]
21:37:05.200 [main] DEBUG org.apache.http.conn.ssl.SSLConnectionSocketFactory -- Enabled cipher suites:[TLS_AES_256_GCM_SHA384, TLS_AES_128_GCM_SHA256, TLS_CHACHA20_POLY1305_SHA256, TLS_ECDHE_ECDSA_WITH_AES_256_GCM_SHA384, TLS_ECDHE_ECDSA_WITH_AES_128_GCM_SHA256, TLS_ECDHE_ECDSA_WITH_CHACHA20_POLY1305_SHA256, TLS_ECDHE_RSA_WITH_AES_256_GCM_SHA384, TLS_ECDHE_RSA_WITH_CHACHA20_POLY1305_SHA256, TLS_ECDHE_RSA_WITH_AES_128_GCM_SHA256, TLS_DHE_RSA_WITH_AES_256_GCM_SHA384, TLS_DHE_RSA_WITH_CHACHA20_POLY1305_SHA256, TLS_DHE_DSS_WITH_AES_256_GCM_SHA384, TLS_DHE_RSA_WITH_AES_128_GCM_SHA256, TLS_DHE_DSS_WITH_AES_128_GCM_SHA256, TLS_ECDHE_ECDSA_WITH_AES_256_CBC_SHA384, TLS_ECDHE_RSA_WITH_AES_256_CBC_SHA384, TLS_ECDHE_ECDSA_WITH_AES_128_CBC_SHA256, TLS_ECDHE_RSA_WITH_AES_128_CBC_SHA256, TLS_DHE_RSA_WITH_AES_256_CBC_SHA256, TLS_DHE_DSS_WITH_AES_256_CBC_SHA256, TLS_DHE_RSA_WITH_AES_128_CBC_SHA256, TLS_DHE_DSS_WITH_AES_128_CBC_SHA256, TLS_ECDHE_ECDSA_WITH_AES_256_CBC_SHA, TLS_ECDHE_RSA_WITH_AES_256_CBC_SHA, TLS_ECDHE_ECDSA_WITH_AES_128_CBC_SHA, TLS_ECDHE_RSA_WITH_AES_128_CBC_SHA, TLS_DHE_RSA_WITH_AES_256_CBC_SHA, TLS_DHE_DSS_WITH_AES_256_CBC_SHA, TLS_DHE_RSA_WITH_AES_128_CBC_SHA, TLS_DHE_DSS_WITH_AES_128_CBC_SHA, TLS_RSA_WITH_AES_256_GCM_SHA384, TLS_RSA_WITH_AES_128_GCM_SHA256, TLS_RSA_WITH_AES_256_CBC_SHA256, TLS_RSA_WITH_AES_128_CBC_SHA256, TLS_RSA_WITH_AES_256_CBC_SHA, TLS_RSA_WITH_AES_128_CBC_SHA, TLS_EMPTY_RENEGOTIATION_INFO_SCSV]
21:37:05.200 [main] DEBUG org.apache.http.conn.ssl.SSLConnectionSocketFactory -- Starting handshake
21:37:05.312 [main] DEBUG org.apache.http.conn.ssl.SSLConnectionSocketFactory -- Secure session established
21:37:05.313 [main] DEBUG org.apache.http.conn.ssl.SSLConnectionSocketFactory --  negotiated protocol: TLSv1.3
21:37:05.313 [main] DEBUG org.apache.http.conn.ssl.SSLConnectionSocketFactory --  negotiated cipher suite: TLS_AES_256_GCM_SHA384
21:37:05.313 [main] DEBUG org.apache.http.conn.ssl.SSLConnectionSocketFactory --  peer principal: CN=serverest.dev
21:37:05.313 [main] DEBUG org.apache.http.conn.ssl.SSLConnectionSocketFactory --  peer alternative names: [serverest.dev]
21:37:05.313 [main] DEBUG org.apache.http.conn.ssl.SSLConnectionSocketFactory --  issuer principal: CN=WR3, O=Google Trust Services, C=US
21:37:05.313 [main] DEBUG org.apache.http.impl.conn.DefaultHttpClientConnectionOperator -- Connection established 192.168.18.98:55869<->216.239.34.21:443
21:37:05.313 [main] DEBUG org.apache.http.impl.conn.DefaultManagedHttpClientConnection -- http-outgoing-5: set socket timeout to 30000
21:37:05.313 [main] DEBUG org.apache.http.impl.execchain.MainClientExec -- Executing request POST /usuarios HTTP/1.1
21:37:05.313 [main] DEBUG org.apache.http.impl.execchain.MainClientExec -- Target auth state: UNCHALLENGED
21:37:05.313 [main] DEBUG org.apache.http.impl.execchain.MainClientExec -- Proxy auth state: UNCHALLENGED
21:37:05.313 [main] DEBUG org.apache.http.headers -- http-outgoing-5 >> POST /usuarios HTTP/1.1
21:37:05.313 [main] DEBUG org.apache.http.headers -- http-outgoing-5 >> Content-Type: application/json; charset=UTF-8
21:37:05.313 [main] DEBUG org.apache.http.headers -- http-outgoing-5 >> Content-Length: 116
21:37:05.313 [main] DEBUG org.apache.http.headers -- http-outgoing-5 >> Host: serverest.dev
21:37:05.313 [main] DEBUG org.apache.http.headers -- http-outgoing-5 >> Connection: Keep-Alive
21:37:05.313 [main] DEBUG org.apache.http.headers -- http-outgoing-5 >> User-Agent: Apache-HttpClient/4.5.14 (Java/17.0.15)
21:37:05.313 [main] DEBUG org.apache.http.headers -- http-outgoing-5 >> Accept-Encoding: gzip,deflate
21:37:05.313 [main] DEBUG org.apache.http.wire -- http-outgoing-5 >> "POST /usuarios HTTP/1.1[\r][\n]"
21:37:05.313 [main] DEBUG org.apache.http.wire -- http-outgoing-5 >> "Content-Type: application/json; charset=UTF-8[\r][\n]"
21:37:05.313 [main] DEBUG org.apache.http.wire -- http-outgoing-5 >> "Content-Length: 116[\r][\n]"
21:37:05.313 [main] DEBUG org.apache.http.wire -- http-outgoing-5 >> "Host: serverest.dev[\r][\n]"
21:37:05.313 [main] DEBUG org.apache.http.wire -- http-outgoing-5 >> "Connection: Keep-Alive[\r][\n]"
21:37:05.313 [main] DEBUG org.apache.http.wire -- http-outgoing-5 >> "User-Agent: Apache-HttpClient/4.5.14 (Java/17.0.15)[\r][\n]"
21:37:05.313 [main] DEBUG org.apache.http.wire -- http-outgoing-5 >> "Accept-Encoding: gzip,deflate[\r][\n]"
21:37:05.313 [main] DEBUG org.apache.http.wire -- http-outgoing-5 >> "[\r][\n]"
21:37:05.313 [main] DEBUG org.apache.http.wire -- http-outgoing-5 >> "{"nome":"Fulano da Silva","email":"beltranoas_qameno_undefined@qa.com.br","password":"teste","administrador":"true"}"
21:37:05.463 [main] DEBUG org.apache.http.wire -- http-outgoing-5 << "HTTP/1.1 201 Created[\r][\n]"
21:37:05.463 [main] DEBUG org.apache.http.wire -- http-outgoing-5 << "access-control-allow-origin: *[\r][\n]"
21:37:05.463 [main] DEBUG org.apache.http.wire -- http-outgoing-5 << "x-dns-prefetch-control: off[\r][\n]"
21:37:05.463 [main] DEBUG org.apache.http.wire -- http-outgoing-5 << "x-frame-options: SAMEORIGIN[\r][\n]"
21:37:05.463 [main] DEBUG org.apache.http.wire -- http-outgoing-5 << "strict-transport-security: max-age=15552000; includeSubDomains[\r][\n]"
21:37:05.463 [main] DEBUG org.apache.http.wire -- http-outgoing-5 << "x-download-options: noopen[\r][\n]"
21:37:05.463 [main] DEBUG org.apache.http.wire -- http-outgoing-5 << "x-content-type-options: nosniff[\r][\n]"
21:37:05.463 [main] DEBUG org.apache.http.wire -- http-outgoing-5 << "x-xss-protection: 1; mode=block[\r][\n]"
21:37:05.463 [main] DEBUG org.apache.http.wire -- http-outgoing-5 << "content-type: application/json; charset=utf-8[\r][\n]"
21:37:05.463 [main] DEBUG org.apache.http.wire -- http-outgoing-5 << "x-cloud-trace-context: 39690af0499d26925c64f11e45478a1c[\r][\n]"
21:37:05.463 [main] DEBUG org.apache.http.wire -- http-outgoing-5 << "date: Wed, 16 Jul 2025 02:37:05 GMT[\r][\n]"
21:37:05.463 [main] DEBUG org.apache.http.wire -- http-outgoing-5 << "server: Google Frontend[\r][\n]"
21:37:05.463 [main] DEBUG org.apache.http.wire -- http-outgoing-5 << "Content-Length: 82[\r][\n]"
21:37:05.463 [main] DEBUG org.apache.http.wire -- http-outgoing-5 << "[\r][\n]"
21:37:05.463 [main] DEBUG org.apache.http.wire -- http-outgoing-5 << "{[\n]"
21:37:05.463 [main] DEBUG org.apache.http.wire -- http-outgoing-5 << "    "message": "Cadastro realizado com sucesso",[\n]"
21:37:05.463 [main] DEBUG org.apache.http.wire -- http-outgoing-5 << "    "_id": "J8mGJoZUHeF6m6TY"[\n]"
21:37:05.463 [main] DEBUG org.apache.http.wire -- http-outgoing-5 << "}"
21:37:05.463 [main] DEBUG org.apache.http.headers -- http-outgoing-5 << HTTP/1.1 201 Created
21:37:05.463 [main] DEBUG org.apache.http.headers -- http-outgoing-5 << access-control-allow-origin: *
21:37:05.463 [main] DEBUG org.apache.http.headers -- http-outgoing-5 << x-dns-prefetch-control: off
21:37:05.463 [main] DEBUG org.apache.http.headers -- http-outgoing-5 << x-frame-options: SAMEORIGIN
21:37:05.463 [main] DEBUG org.apache.http.headers -- http-outgoing-5 << strict-transport-security: max-age=15552000; includeSubDomains
21:37:05.463 [main] DEBUG org.apache.http.headers -- http-outgoing-5 << x-download-options: noopen
21:37:05.463 [main] DEBUG org.apache.http.headers -- http-outgoing-5 << x-content-type-options: nosniff
21:37:05.463 [main] DEBUG org.apache.http.headers -- http-outgoing-5 << x-xss-protection: 1; mode=block
21:37:05.463 [main] DEBUG org.apache.http.headers -- http-outgoing-5 << content-type: application/json; charset=utf-8
21:37:05.463 [main] DEBUG org.apache.http.headers -- http-outgoing-5 << x-cloud-trace-context: 39690af0499d26925c64f11e45478a1c
21:37:05.463 [main] DEBUG org.apache.http.headers -- http-outgoing-5 << date: Wed, 16 Jul 2025 02:37:05 GMT
21:37:05.463 [main] DEBUG org.apache.http.headers -- http-outgoing-5 << server: Google Frontend
21:37:05.463 [main] DEBUG org.apache.http.headers -- http-outgoing-5 << Content-Length: 82
21:37:05.463 [main] DEBUG org.apache.http.impl.execchain.MainClientExec -- Connection can be kept alive indefinitely
21:37:05.463 [main] DEBUG org.apache.http.impl.conn.PoolingHttpClientConnectionManager -- Connection [id: 5][route: {s}->https://serverest.dev:443] can be kept alive indefinitely
21:37:05.463 [main] DEBUG org.apache.http.impl.conn.DefaultManagedHttpClientConnection -- http-outgoing-5: set socket timeout to 0
21:37:05.463 [main] DEBUG org.apache.http.impl.conn.PoolingHttpClientConnectionManager -- Connection released: [id: 5][route: {s}->https://serverest.dev:443][total available: 1; route allocated: 1 of 5; total allocated: 1 of 10]
21:37:05.463 [main] DEBUG org.apache.http.impl.conn.PoolingHttpClientConnectionManager -- Connection manager is shutting down
21:37:05.463 [main] DEBUG org.apache.http.impl.conn.DefaultManagedHttpClientConnection -- http-outgoing-5: Close connection
21:37:05.464 [main] DEBUG org.apache.http.impl.conn.PoolingHttpClientConnectionManager -- Connection manager shut down
21:37:05.464 [main] DEBUG com.intuit.karate -- response time in milliseconds: 349
1 < 201
1 < access-control-allow-origin: *
1 < x-dns-prefetch-control: off
1 < x-frame-options: SAMEORIGIN
1 < strict-transport-security: max-age=15552000; includeSubDomains
1 < x-download-options: noopen
1 < x-content-type-options: nosniff
1 < x-xss-protection: 1; mode=block
1 < content-type: application/json; charset=utf-8
1 < x-cloud-trace-context: 39690af0499d26925c64f11e45478a1c
1 < date: Wed, 16 Jul 2025 02:37:05 GMT
1 < server: Google Frontend
1 < Content-Length: 82
{
    "message": "Cadastro realizado com sucesso",
    "_id": "J8mGJoZUHeF6m6TY"
}

21:37:05.466 [main] DEBUG com.jayway.jsonpath.internal.path.CompiledPath -- Evaluating path: $['message']
21:37:05.467 [main] DEBUG com.jayway.jsonpath.internal.path.CompiledPath -- Evaluating path: $['_id']
21:37:05.468 [main] INFO com.intuit.karate -- [print] ✅ Usuario registrado: {
  "message": "Cadastro realizado com sucesso",
  "_id": "J8mGJoZUHeF6m6TY"
}
 
]]></system-out>
  </testcase>
  <testcase name="[2:23] Registrar usuario con email ya usado" classname="users/post-users" time="0.4">
    <system-out><![CDATA[21:37:05.473 [main] DEBUG com.jayway.jsonpath.internal.path.CompiledPath -- Evaluating path: $
21:37:05.474 [main] DEBUG org.apache.http.client.protocol.RequestAddCookies -- CookieSpec selected: karate
21:37:05.474 [main] DEBUG org.apache.http.client.protocol.RequestAuthCache -- Auth cache not set in the context
21:37:05.474 [main] DEBUG com.intuit.karate -- request:
1 > POST https://serverest.dev/usuarios
1 > Content-Type: application/json; charset=UTF-8
1 > Content-Length: 116
1 > Host: serverest.dev
1 > Connection: Keep-Alive
1 > User-Agent: Apache-HttpClient/4.5.14 (Java/17.0.15)
1 > Accept-Encoding: gzip,deflate
{"nome":"Fulano da Silva","email":"beltranoas_qameno_undefined@qa.com.br","password":"teste","administrador":"true"}

21:37:05.474 [main] DEBUG org.apache.http.impl.conn.PoolingHttpClientConnectionManager -- Connection request: [route: {s}->https://serverest.dev:443][total available: 0; route allocated: 0 of 5; total allocated: 0 of 10]
21:37:05.474 [main] DEBUG org.apache.http.impl.conn.PoolingHttpClientConnectionManager -- Connection leased: [id: 6][route: {s}->https://serverest.dev:443][total available: 0; route allocated: 1 of 5; total allocated: 1 of 10]
21:37:05.474 [main] DEBUG org.apache.http.impl.execchain.MainClientExec -- Opening connection {s}->https://serverest.dev:443
21:37:05.475 [main] DEBUG org.apache.http.impl.conn.DefaultHttpClientConnectionOperator -- Connecting to serverest.dev/216.239.34.21:443
21:37:05.475 [main] DEBUG org.apache.http.conn.ssl.SSLConnectionSocketFactory -- Connecting socket to serverest.dev/216.239.34.21:443 with timeout 30000
21:37:05.558 [main] DEBUG org.apache.http.conn.ssl.SSLConnectionSocketFactory -- Enabled protocols: [TLSv1.3, TLSv1.2]
21:37:05.558 [main] DEBUG org.apache.http.conn.ssl.SSLConnectionSocketFactory -- Enabled cipher suites:[TLS_AES_256_GCM_SHA384, TLS_AES_128_GCM_SHA256, TLS_CHACHA20_POLY1305_SHA256, TLS_ECDHE_ECDSA_WITH_AES_256_GCM_SHA384, TLS_ECDHE_ECDSA_WITH_AES_128_GCM_SHA256, TLS_ECDHE_ECDSA_WITH_CHACHA20_POLY1305_SHA256, TLS_ECDHE_RSA_WITH_AES_256_GCM_SHA384, TLS_ECDHE_RSA_WITH_CHACHA20_POLY1305_SHA256, TLS_ECDHE_RSA_WITH_AES_128_GCM_SHA256, TLS_DHE_RSA_WITH_AES_256_GCM_SHA384, TLS_DHE_RSA_WITH_CHACHA20_POLY1305_SHA256, TLS_DHE_DSS_WITH_AES_256_GCM_SHA384, TLS_DHE_RSA_WITH_AES_128_GCM_SHA256, TLS_DHE_DSS_WITH_AES_128_GCM_SHA256, TLS_ECDHE_ECDSA_WITH_AES_256_CBC_SHA384, TLS_ECDHE_RSA_WITH_AES_256_CBC_SHA384, TLS_ECDHE_ECDSA_WITH_AES_128_CBC_SHA256, TLS_ECDHE_RSA_WITH_AES_128_CBC_SHA256, TLS_DHE_RSA_WITH_AES_256_CBC_SHA256, TLS_DHE_DSS_WITH_AES_256_CBC_SHA256, TLS_DHE_RSA_WITH_AES_128_CBC_SHA256, TLS_DHE_DSS_WITH_AES_128_CBC_SHA256, TLS_ECDHE_ECDSA_WITH_AES_256_CBC_SHA, TLS_ECDHE_RSA_WITH_AES_256_CBC_SHA, TLS_ECDHE_ECDSA_WITH_AES_128_CBC_SHA, TLS_ECDHE_RSA_WITH_AES_128_CBC_SHA, TLS_DHE_RSA_WITH_AES_256_CBC_SHA, TLS_DHE_DSS_WITH_AES_256_CBC_SHA, TLS_DHE_RSA_WITH_AES_128_CBC_SHA, TLS_DHE_DSS_WITH_AES_128_CBC_SHA, TLS_RSA_WITH_AES_256_GCM_SHA384, TLS_RSA_WITH_AES_128_GCM_SHA256, TLS_RSA_WITH_AES_256_CBC_SHA256, TLS_RSA_WITH_AES_128_CBC_SHA256, TLS_RSA_WITH_AES_256_CBC_SHA, TLS_RSA_WITH_AES_128_CBC_SHA, TLS_EMPTY_RENEGOTIATION_INFO_SCSV]
21:37:05.558 [main] DEBUG org.apache.http.conn.ssl.SSLConnectionSocketFactory -- Starting handshake
21:37:05.673 [main] DEBUG org.apache.http.conn.ssl.SSLConnectionSocketFactory -- Secure session established
21:37:05.673 [main] DEBUG org.apache.http.conn.ssl.SSLConnectionSocketFactory --  negotiated protocol: TLSv1.3
21:37:05.673 [main] DEBUG org.apache.http.conn.ssl.SSLConnectionSocketFactory --  negotiated cipher suite: TLS_AES_256_GCM_SHA384
21:37:05.673 [main] DEBUG org.apache.http.conn.ssl.SSLConnectionSocketFactory --  peer principal: CN=serverest.dev
21:37:05.673 [main] DEBUG org.apache.http.conn.ssl.SSLConnectionSocketFactory --  peer alternative names: [serverest.dev]
21:37:05.673 [main] DEBUG org.apache.http.conn.ssl.SSLConnectionSocketFactory --  issuer principal: CN=WR3, O=Google Trust Services, C=US
21:37:05.673 [main] DEBUG org.apache.http.impl.conn.DefaultHttpClientConnectionOperator -- Connection established 192.168.18.98:55874<->216.239.34.21:443
21:37:05.673 [main] DEBUG org.apache.http.impl.conn.DefaultManagedHttpClientConnection -- http-outgoing-6: set socket timeout to 30000
21:37:05.673 [main] DEBUG org.apache.http.impl.execchain.MainClientExec -- Executing request POST /usuarios HTTP/1.1
21:37:05.673 [main] DEBUG org.apache.http.impl.execchain.MainClientExec -- Target auth state: UNCHALLENGED
21:37:05.673 [main] DEBUG org.apache.http.impl.execchain.MainClientExec -- Proxy auth state: UNCHALLENGED
21:37:05.673 [main] DEBUG org.apache.http.headers -- http-outgoing-6 >> POST /usuarios HTTP/1.1
21:37:05.673 [main] DEBUG org.apache.http.headers -- http-outgoing-6 >> Content-Type: application/json; charset=UTF-8
21:37:05.673 [main] DEBUG org.apache.http.headers -- http-outgoing-6 >> Content-Length: 116
21:37:05.673 [main] DEBUG org.apache.http.headers -- http-outgoing-6 >> Host: serverest.dev
21:37:05.673 [main] DEBUG org.apache.http.headers -- http-outgoing-6 >> Connection: Keep-Alive
21:37:05.673 [main] DEBUG org.apache.http.headers -- http-outgoing-6 >> User-Agent: Apache-HttpClient/4.5.14 (Java/17.0.15)
21:37:05.673 [main] DEBUG org.apache.http.headers -- http-outgoing-6 >> Accept-Encoding: gzip,deflate
21:37:05.673 [main] DEBUG org.apache.http.wire -- http-outgoing-6 >> "POST /usuarios HTTP/1.1[\r][\n]"
21:37:05.673 [main] DEBUG org.apache.http.wire -- http-outgoing-6 >> "Content-Type: application/json; charset=UTF-8[\r][\n]"
21:37:05.673 [main] DEBUG org.apache.http.wire -- http-outgoing-6 >> "Content-Length: 116[\r][\n]"
21:37:05.673 [main] DEBUG org.apache.http.wire -- http-outgoing-6 >> "Host: serverest.dev[\r][\n]"
21:37:05.673 [main] DEBUG org.apache.http.wire -- http-outgoing-6 >> "Connection: Keep-Alive[\r][\n]"
21:37:05.673 [main] DEBUG org.apache.http.wire -- http-outgoing-6 >> "User-Agent: Apache-HttpClient/4.5.14 (Java/17.0.15)[\r][\n]"
21:37:05.673 [main] DEBUG org.apache.http.wire -- http-outgoing-6 >> "Accept-Encoding: gzip,deflate[\r][\n]"
21:37:05.673 [main] DEBUG org.apache.http.wire -- http-outgoing-6 >> "[\r][\n]"
21:37:05.673 [main] DEBUG org.apache.http.wire -- http-outgoing-6 >> "{"nome":"Fulano da Silva","email":"beltranoas_qameno_undefined@qa.com.br","password":"teste","administrador":"true"}"
21:37:05.820 [main] DEBUG org.apache.http.wire -- http-outgoing-6 << "HTTP/1.1 400 Bad Request[\r][\n]"
21:37:05.820 [main] DEBUG org.apache.http.wire -- http-outgoing-6 << "access-control-allow-origin: *[\r][\n]"
21:37:05.820 [main] DEBUG org.apache.http.wire -- http-outgoing-6 << "x-dns-prefetch-control: off[\r][\n]"
21:37:05.820 [main] DEBUG org.apache.http.wire -- http-outgoing-6 << "x-frame-options: SAMEORIGIN[\r][\n]"
21:37:05.820 [main] DEBUG org.apache.http.wire -- http-outgoing-6 << "strict-transport-security: max-age=15552000; includeSubDomains[\r][\n]"
21:37:05.820 [main] DEBUG org.apache.http.wire -- http-outgoing-6 << "x-download-options: noopen[\r][\n]"
21:37:05.820 [main] DEBUG org.apache.http.wire -- http-outgoing-6 << "x-content-type-options: nosniff[\r][\n]"
21:37:05.820 [main] DEBUG org.apache.http.wire -- http-outgoing-6 << "x-xss-protection: 1; mode=block[\r][\n]"
21:37:05.820 [main] DEBUG org.apache.http.wire -- http-outgoing-6 << "content-type: application/json; charset=utf-8[\r][\n]"
21:37:05.820 [main] DEBUG org.apache.http.wire -- http-outgoing-6 << "x-cloud-trace-context: 351902a5761f990410791aaf6068f292[\r][\n]"
21:37:05.820 [main] DEBUG org.apache.http.wire -- http-outgoing-6 << "date: Wed, 16 Jul 2025 02:37:05 GMT[\r][\n]"
21:37:05.820 [main] DEBUG org.apache.http.wire -- http-outgoing-6 << "server: Google Frontend[\r][\n]"
21:37:05.820 [main] DEBUG org.apache.http.wire -- http-outgoing-6 << "Content-Length: 53[\r][\n]"
21:37:05.820 [main] DEBUG org.apache.http.wire -- http-outgoing-6 << "[\r][\n]"
21:37:05.820 [main] DEBUG org.apache.http.wire -- http-outgoing-6 << "{[\n]"
21:37:05.820 [main] DEBUG org.apache.http.wire -- http-outgoing-6 << "    "message": "Este email j[0xc3][0xa1] est[0xc3][0xa1] sendo usado"[\n]"
21:37:05.820 [main] DEBUG org.apache.http.wire -- http-outgoing-6 << "}"
21:37:05.821 [main] DEBUG org.apache.http.headers -- http-outgoing-6 << HTTP/1.1 400 Bad Request
21:37:05.821 [main] DEBUG org.apache.http.headers -- http-outgoing-6 << access-control-allow-origin: *
21:37:05.821 [main] DEBUG org.apache.http.headers -- http-outgoing-6 << x-dns-prefetch-control: off
21:37:05.821 [main] DEBUG org.apache.http.headers -- http-outgoing-6 << x-frame-options: SAMEORIGIN
21:37:05.821 [main] DEBUG org.apache.http.headers -- http-outgoing-6 << strict-transport-security: max-age=15552000; includeSubDomains
21:37:05.821 [main] DEBUG org.apache.http.headers -- http-outgoing-6 << x-download-options: noopen
21:37:05.821 [main] DEBUG org.apache.http.headers -- http-outgoing-6 << x-content-type-options: nosniff
21:37:05.821 [main] DEBUG org.apache.http.headers -- http-outgoing-6 << x-xss-protection: 1; mode=block
21:37:05.821 [main] DEBUG org.apache.http.headers -- http-outgoing-6 << content-type: application/json; charset=utf-8
21:37:05.821 [main] DEBUG org.apache.http.headers -- http-outgoing-6 << x-cloud-trace-context: 351902a5761f990410791aaf6068f292
21:37:05.821 [main] DEBUG org.apache.http.headers -- http-outgoing-6 << date: Wed, 16 Jul 2025 02:37:05 GMT
21:37:05.821 [main] DEBUG org.apache.http.headers -- http-outgoing-6 << server: Google Frontend
21:37:05.821 [main] DEBUG org.apache.http.headers -- http-outgoing-6 << Content-Length: 53
21:37:05.821 [main] DEBUG org.apache.http.impl.execchain.MainClientExec -- Connection can be kept alive indefinitely
21:37:05.821 [main] DEBUG org.apache.http.impl.conn.PoolingHttpClientConnectionManager -- Connection [id: 6][route: {s}->https://serverest.dev:443] can be kept alive indefinitely
21:37:05.821 [main] DEBUG org.apache.http.impl.conn.DefaultManagedHttpClientConnection -- http-outgoing-6: set socket timeout to 0
21:37:05.821 [main] DEBUG org.apache.http.impl.conn.PoolingHttpClientConnectionManager -- Connection released: [id: 6][route: {s}->https://serverest.dev:443][total available: 1; route allocated: 1 of 5; total allocated: 1 of 10]
21:37:05.821 [main] DEBUG org.apache.http.impl.conn.PoolingHttpClientConnectionManager -- Connection manager is shutting down
21:37:05.821 [main] DEBUG org.apache.http.impl.conn.DefaultManagedHttpClientConnection -- http-outgoing-6: Close connection
21:37:05.822 [main] DEBUG org.apache.http.impl.conn.PoolingHttpClientConnectionManager -- Connection manager shut down
21:37:05.822 [main] DEBUG com.intuit.karate -- response time in milliseconds: 347
1 < 400
1 < access-control-allow-origin: *
1 < x-dns-prefetch-control: off
1 < x-frame-options: SAMEORIGIN
1 < strict-transport-security: max-age=15552000; includeSubDomains
1 < x-download-options: noopen
1 < x-content-type-options: nosniff
1 < x-xss-protection: 1; mode=block
1 < content-type: application/json; charset=utf-8
1 < x-cloud-trace-context: 351902a5761f990410791aaf6068f292
1 < date: Wed, 16 Jul 2025 02:37:05 GMT
1 < server: Google Frontend
1 < Content-Length: 53
{
    "message": "Este email já está sendo usado"
}

21:37:05.824 [main] DEBUG com.jayway.jsonpath.internal.path.CompiledPath -- Evaluating path: $['message']
21:37:05.825 [main] INFO com.intuit.karate -- [print] ❌ Error al registrar usuario: Este email já está sendo usado 
21:37:05.831 [main] DEBUG org.thymeleaf.TemplateEngine -- [THYMELEAF] INITIALIZING TEMPLATE ENGINE
21:37:05.845 [main] DEBUG org.thymeleaf.TemplateEngine.CONFIG -- Initializing Thymeleaf Template engine configuration...
[THYMELEAF] TEMPLATE ENGINE CONFIGURATION:
[THYMELEAF] * Thymeleaf version: 3.1.2.RELEASE (built 2023-07-30T19:25:50+0000)
[THYMELEAF] * Cache Manager implementation: org.thymeleaf.cache.StandardCacheManager
[THYMELEAF] * Template resolvers:
[THYMELEAF]     * [1] com.intuit.karate.template.ResourceHtmlTemplateResolver
[THYMELEAF] * Message resolvers:
[THYMELEAF]     * org.thymeleaf.messageresolver.StandardMessageResolver
[THYMELEAF] * Link builders:
[THYMELEAF]     * org.thymeleaf.linkbuilder.StandardLinkBuilder
[THYMELEAF] * Dialect [1 of 2]: Standard (com.intuit.karate.template.KarateStandardDialect)
[THYMELEAF]     * Prefix: "th"
[THYMELEAF]     * Processors for Template Mode: HTML
[THYMELEAF]         * Element Tag Processors by [matching element and attribute name] [precedence]:
[THYMELEAF]             * [* {th:include,data-th-include}] [100]: org.thymeleaf.standard.processor.StandardIncludeTagProcessor
[THYMELEAF]             * [* {th:insert,data-th-insert}] [100]: org.thymeleaf.standard.processor.StandardInsertTagProcessor
[THYMELEAF]             * [* {th:replace,data-th-replace}] [100]: org.thymeleaf.standard.processor.StandardReplaceTagProcessor
[THYMELEAF]             * [* {th:each,data-th-each}] [200]: com.intuit.karate.template.KarateEachTagProcessor
[THYMELEAF]             * [* {th:switch,data-th-switch}] [250]: org.thymeleaf.standard.processor.StandardSwitchTagProcessor
[THYMELEAF]             * [* {th:case,data-th-case}] [275]: org.thymeleaf.standard.processor.StandardCaseTagProcessor
[THYMELEAF]             * [* {th:if,data-th-if}] [300]: org.thymeleaf.standard.processor.StandardIfTagProcessor
[THYMELEAF]             * [* {th:unless,data-th-unless}] [400]: org.thymeleaf.standard.processor.StandardUnlessTagProcessor
[THYMELEAF]             * [* {th:object,data-th-object}] [500]: org.thymeleaf.standard.processor.StandardObjectTagProcessor
[THYMELEAF]             * [* {th:with,data-th-with}] [600]: com.intuit.karate.template.KarateWithTagProcessor
[THYMELEAF]             * [* {th:attr,data-th-attr}] [700]: com.intuit.karate.template.KarateAttributeTagProcessor.KarateAttrTagProcessor
[THYMELEAF]             * [* {th:attrappend,data-th-attrappend}] [900]: com.intuit.karate.template.KarateAttributeTagProcessor.KarateAttrappendTagProcessor
[THYMELEAF]             * [* {th:attrprepend,data-th-attrprepend}] [900]: com.intuit.karate.template.KarateAttributeTagProcessor.KarateAttrprependTagProcessor
[THYMELEAF]             * [* {th:alt-title,data-th-alt-title}] [990]: org.thymeleaf.standard.processor.StandardAltTitleTagProcessor
[THYMELEAF]             * [* {th:lang-xmllang,data-th-lang-xmllang}] [990]: org.thymeleaf.standard.processor.StandardLangXmlLangTagProcessor
[THYMELEAF]             * [* {th:action,data-th-action}] [1000]: org.thymeleaf.standard.processor.StandardActionTagProcessor
[THYMELEAF]             * [* {th:default,data-th-default}] [1000]: org.thymeleaf.standard.processor.StandardConditionalFixedValueTagProcessor
[THYMELEAF]             * [* {th:selected,data-th-selected}] [1000]: org.thymeleaf.standard.processor.StandardConditionalFixedValueTagProcessor
[THYMELEAF]             * [* {th:loop,data-th-loop}] [1000]: org.thymeleaf.standard.processor.StandardConditionalFixedValueTagProcessor
[THYMELEAF]             * [* {th:nowrap,data-th-nowrap}] [1000]: org.thymeleaf.standard.processor.StandardConditionalFixedValueTagProcessor
[THYMELEAF]             * [* {th:scoped,data-th-scoped}] [1000]: org.thymeleaf.standard.processor.StandardConditionalFixedValueTagProcessor
[THYMELEAF]             * [* {th:autoplay,data-th-autoplay}] [1000]: org.thymeleaf.standard.processor.StandardConditionalFixedValueTagProcessor
[THYMELEAF]             * [* {th:declare,data-th-declare}] [1000]: org.thymeleaf.standard.processor.StandardConditionalFixedValueTagProcessor
[THYMELEAF]             * [* {th:ismap,data-th-ismap}] [1000]: org.thymeleaf.standard.processor.StandardConditionalFixedValueTagProcessor
[THYMELEAF]             * [* {th:required,data-th-required}] [1000]: org.thymeleaf.standard.processor.StandardConditionalFixedValueTagProcessor
[THYMELEAF]             * [* {th:checked,data-th-checked}] [1000]: org.thymeleaf.standard.processor.StandardConditionalFixedValueTagProcessor
[THYMELEAF]             * [* {th:reversed,data-th-reversed}] [1000]: org.thymeleaf.standard.processor.StandardConditionalFixedValueTagProcessor
[THYMELEAF]             * [* {th:seamless,data-th-seamless}] [1000]: org.thymeleaf.standard.processor.StandardConditionalFixedValueTagProcessor
[THYMELEAF]             * [* {th:async,data-th-async}] [1000]: org.thymeleaf.standard.processor.StandardConditionalFixedValueTagProcessor
[THYMELEAF]             * [* {th:defer,data-th-defer}] [1000]: org.thymeleaf.standard.processor.StandardConditionalFixedValueTagProcessor
[THYMELEAF]             * [* {th:pubdate,data-th-pubdate}] [1000]: org.thymeleaf.standard.processor.StandardConditionalFixedValueTagProcessor
[THYMELEAF]             * [* {th:multiple,data-th-multiple}] [1000]: org.thymeleaf.standard.processor.StandardConditionalFixedValueTagProcessor
[THYMELEAF]             * [* {th:autofocus,data-th-autofocus}] [1000]: org.thymeleaf.standard.processor.StandardConditionalFixedValueTagProcessor
[THYMELEAF]             * [* {th:novalidate,data-th-novalidate}] [1000]: org.thymeleaf.standard.processor.StandardConditionalFixedValueTagProcessor
[THYMELEAF]             * [* {th:hidden,data-th-hidden}] [1000]: org.thymeleaf.standard.processor.StandardConditionalFixedValueTagProcessor
[THYMELEAF]             * [* {th:disabled,data-th-disabled}] [1000]: org.thymeleaf.standard.processor.StandardConditionalFixedValueTagProcessor
[THYMELEAF]             * [* {th:formnovalidate,data-th-formnovalidate}] [1000]: org.thymeleaf.standard.processor.StandardConditionalFixedValueTagProcessor
[THYMELEAF]             * [* {th:readonly,data-th-readonly}] [1000]: org.thymeleaf.standard.processor.StandardConditionalFixedValueTagProcessor
[THYMELEAF]             * [* {th:controls,data-th-controls}] [1000]: org.thymeleaf.standard.processor.StandardConditionalFixedValueTagProcessor
[THYMELEAF]             * [* {th:open,data-th-open}] [1000]: org.thymeleaf.standard.processor.StandardConditionalFixedValueTagProcessor
[THYMELEAF]             * [* {th:onemptied,data-th-onemptied}] [1000]: org.thymeleaf.standard.processor.StandardDOMEventAttributeTagProcessor
[THYMELEAF]             * [* {th:onended,data-th-onended}] [1000]: org.thymeleaf.standard.processor.StandardDOMEventAttributeTagProcessor
[THYMELEAF]             * [* {th:onmessage,data-th-onmessage}] [1000]: org.thymeleaf.standard.processor.StandardDOMEventAttributeTagProcessor
[THYMELEAF]             * [* {th:onscroll,data-th-onscroll}] [1000]: org.thymeleaf.standard.processor.StandardDOMEventAttributeTagProcessor
[THYMELEAF]             * [* {th:oncanplaythrough,data-th-oncanplaythrough}] [1000]: org.thymeleaf.standard.processor.StandardDOMEventAttributeTagProcessor
[THYMELEAF]             * [* {th:onplaying,data-th-onplaying}] [1000]: org.thymeleaf.standard.processor.StandardDOMEventAttributeTagProcessor
[THYMELEAF]             * [* {th:onseeked,data-th-onseeked}] [1000]: org.thymeleaf.standard.processor.StandardDOMEventAttributeTagProcessor
[THYMELEAF]             * [* {th:onkeydown,data-th-onkeydown}] [1000]: org.thymeleaf.standard.processor.StandardDOMEventAttributeTagProcessor
[THYMELEAF]             * [* {th:onratechange,data-th-onratechange}] [1000]: org.thymeleaf.standard.processor.StandardDOMEventAttributeTagProcessor
[THYMELEAF]             * [* {th:onoffline,data-th-onoffline}] [1000]: org.thymeleaf.standard.processor.StandardDOMEventAttributeTagProcessor
[THYMELEAF]             * [* {th:onprogress,data-th-onprogress}] [1000]: org.thymeleaf.standard.processor.StandardDOMEventAttributeTagProcessor
[THYMELEAF]             * [* {th:onerror,data-th-onerror}] [1000]: org.thymeleaf.standard.processor.StandardDOMEventAttributeTagProcessor
[THYMELEAF]             * [* {th:ondrop,data-th-ondrop}] [1000]: org.thymeleaf.standard.processor.StandardDOMEventAttributeTagProcessor
[THYMELEAF]             * [* {th:onmousedown,data-th-onmousedown}] [1000]: org.thymeleaf.standard.processor.StandardDOMEventAttributeTagProcessor
[THYMELEAF]             * [* {th:onpause,data-th-onpause}] [1000]: org.thymeleaf.standard.processor.StandardDOMEventAttributeTagProcessor
[THYMELEAF]             * [* {th:onseeking,data-th-onseeking}] [1000]: org.thymeleaf.standard.processor.StandardDOMEventAttributeTagProcessor
[THYMELEAF]             * [* {th:onafterprint,data-th-onafterprint}] [1000]: org.thymeleaf.standard.processor.StandardDOMEventAttributeTagProcessor
[THYMELEAF]             * [* {th:onmouseover,data-th-onmouseover}] [1000]: org.thymeleaf.standard.processor.StandardDOMEventAttributeTagProcessor
[THYMELEAF]             * [* {th:onfocus,data-th-onfocus}] [1000]: org.thymeleaf.standard.processor.StandardDOMEventAttributeTagProcessor
[THYMELEAF]             * [* {th:oncanplay,data-th-oncanplay}] [1000]: org.thymeleaf.standard.processor.StandardDOMEventAttributeTagProcessor
[THYMELEAF]             * [* {th:onloadeddata,data-th-onloadeddata}] [1000]: org.thymeleaf.standard.processor.StandardDOMEventAttributeTagProcessor
[THYMELEAF]             * [* {th:ontimeupdate,data-th-ontimeupdate}] [1000]: org.thymeleaf.standard.processor.StandardDOMEventAttributeTagProcessor
[THYMELEAF]             * [* {th:onmousemove,data-th-onmousemove}] [1000]: org.thymeleaf.standard.processor.StandardDOMEventAttributeTagProcessor
[THYMELEAF]             * [* {th:onresize,data-th-onresize}] [1000]: org.thymeleaf.standard.processor.StandardDOMEventAttributeTagProcessor
[THYMELEAF]             * [* {th:ondblclick,data-th-ondblclick}] [1000]: org.thymeleaf.standard.processor.StandardDOMEventAttributeTagProcessor
[THYMELEAF]             * [* {th:onmousewheel,data-th-onmousewheel}] [1000]: org.thymeleaf.standard.processor.StandardDOMEventAttributeTagProcessor
[THYMELEAF]             * [* {th:onbeforeunload,data-th-onbeforeunload}] [1000]: org.thymeleaf.standard.processor.StandardDOMEventAttributeTagProcessor
[THYMELEAF]             * [* {th:onforminput,data-th-onforminput}] [1000]: org.thymeleaf.standard.processor.StandardDOMEventAttributeTagProcessor
[THYMELEAF]             * [* {th:ondrag,data-th-ondrag}] [1000]: org.thymeleaf.standard.processor.StandardDOMEventAttributeTagProcessor
[THYMELEAF]             * [* {th:oninput,data-th-oninput}] [1000]: org.thymeleaf.standard.processor.StandardDOMEventAttributeTagProcessor
[THYMELEAF]             * [* {th:onabort,data-th-onabort}] [1000]: org.thymeleaf.standard.processor.StandardDOMEventAttributeTagProcessor
[THYMELEAF]             * [* {th:onstorage,data-th-onstorage}] [1000]: org.thymeleaf.standard.processor.StandardDOMEventAttributeTagProcessor
[THYMELEAF]             * [* {th:onload,data-th-onload}] [1000]: org.thymeleaf.standard.processor.StandardDOMEventAttributeTagProcessor
[THYMELEAF]             * [* {th:onvolumechange,data-th-onvolumechange}] [1000]: org.thymeleaf.standard.processor.StandardDOMEventAttributeTagProcessor
[THYMELEAF]             * [* {th:ondragleave,data-th-ondragleave}] [1000]: org.thymeleaf.standard.processor.StandardDOMEventAttributeTagProcessor
[THYMELEAF]             * [* {th:onloadstart,data-th-onloadstart}] [1000]: org.thymeleaf.standard.processor.StandardDOMEventAttributeTagProcessor
[THYMELEAF]             * [* {th:onsubmit,data-th-onsubmit}] [1000]: org.thymeleaf.standard.processor.StandardDOMEventAttributeTagProcessor
[THYMELEAF]             * [* {th:onstalled,data-th-onstalled}] [1000]: org.thymeleaf.standard.processor.StandardDOMEventAttributeTagProcessor
[THYMELEAF]             * [* {th:onwaiting,data-th-onwaiting}] [1000]: org.thymeleaf.standard.processor.StandardDOMEventAttributeTagProcessor
[THYMELEAF]             * [* {th:onloadedmetadata,data-th-onloadedmetadata}] [1000]: org.thymeleaf.standard.processor.StandardDOMEventAttributeTagProcessor
[THYMELEAF]             * [* {th:ondragstart,data-th-ondragstart}] [1000]: org.thymeleaf.standard.processor.StandardDOMEventAttributeTagProcessor
[THYMELEAF]             * [* {th:onplay,data-th-onplay}] [1000]: org.thymeleaf.standard.processor.StandardDOMEventAttributeTagProcessor
[THYMELEAF]             * [* {th:onshow,data-th-onshow}] [1000]: org.thymeleaf.standard.processor.StandardDOMEventAttributeTagProcessor
[THYMELEAF]             * [* {th:ondragenter,data-th-ondragenter}] [1000]: org.thymeleaf.standard.processor.StandardDOMEventAttributeTagProcessor
[THYMELEAF]             * [* {th:ondragend,data-th-ondragend}] [1000]: org.thymeleaf.standard.processor.StandardDOMEventAttributeTagProcessor
[THYMELEAF]             * [* {th:onreadystatechange,data-th-onreadystatechange}] [1000]: org.thymeleaf.standard.processor.StandardDOMEventAttributeTagProcessor
[THYMELEAF]             * [* {th:onblur,data-th-onblur}] [1000]: org.thymeleaf.standard.processor.StandardDOMEventAttributeTagProcessor
[THYMELEAF]             * [* {th:onsuspend,data-th-onsuspend}] [1000]: org.thymeleaf.standard.processor.StandardDOMEventAttributeTagProcessor
[THYMELEAF]             * [* {th:oncontextmenu,data-th-oncontextmenu}] [1000]: org.thymeleaf.standard.processor.StandardDOMEventAttributeTagProcessor
[THYMELEAF]             * [* {th:ondurationchange,data-th-ondurationchange}] [1000]: org.thymeleaf.standard.processor.StandardDOMEventAttributeTagProcessor
[THYMELEAF]             * [* {th:onselect,data-th-onselect}] [1000]: org.thymeleaf.standard.processor.StandardDOMEventAttributeTagProcessor
[THYMELEAF]             * [* {th:onpopstate,data-th-onpopstate}] [1000]: org.thymeleaf.standard.processor.StandardDOMEventAttributeTagProcessor
[THYMELEAF]             * [* {th:onunload,data-th-onunload}] [1000]: org.thymeleaf.standard.processor.StandardDOMEventAttributeTagProcessor
[THYMELEAF]             * [* {th:onredo,data-th-onredo}] [1000]: org.thymeleaf.standard.processor.StandardDOMEventAttributeTagProcessor
[THYMELEAF]             * [* {th:onmouseup,data-th-onmouseup}] [1000]: org.thymeleaf.standard.processor.StandardDOMEventAttributeTagProcessor
[THYMELEAF]             * [* {th:onbeforeprint,data-th-onbeforeprint}] [1000]: org.thymeleaf.standard.processor.StandardDOMEventAttributeTagProcessor
[THYMELEAF]             * [* {th:onundo,data-th-onundo}] [1000]: org.thymeleaf.standard.processor.StandardDOMEventAttributeTagProcessor
[THYMELEAF]             * [* {th:ondragover,data-th-ondragover}] [1000]: org.thymeleaf.standard.processor.StandardDOMEventAttributeTagProcessor
[THYMELEAF]             * [* {th:onmouseout,data-th-onmouseout}] [1000]: org.thymeleaf.standard.processor.StandardDOMEventAttributeTagProcessor
[THYMELEAF]             * [* {th:onhashchange,data-th-onhashchange}] [1000]: org.thymeleaf.standard.processor.StandardDOMEventAttributeTagProcessor
[THYMELEAF]             * [* {th:onkeyup,data-th-onkeyup}] [1000]: org.thymeleaf.standard.processor.StandardDOMEventAttributeTagProcessor
[THYMELEAF]             * [* {th:onreset,data-th-onreset}] [1000]: org.thymeleaf.standard.processor.StandardDOMEventAttributeTagProcessor
[THYMELEAF]             * [* {th:ononline,data-th-ononline}] [1000]: org.thymeleaf.standard.processor.StandardDOMEventAttributeTagProcessor
[THYMELEAF]             * [* {th:onkeypress,data-th-onkeypress}] [1000]: org.thymeleaf.standard.processor.StandardDOMEventAttributeTagProcessor
[THYMELEAF]             * [* {th:onformchange,data-th-onformchange}] [1000]: org.thymeleaf.standard.processor.StandardDOMEventAttributeTagProcessor
[THYMELEAF]             * [* {th:oninvalid,data-th-oninvalid}] [1000]: org.thymeleaf.standard.processor.StandardDOMEventAttributeTagProcessor
[THYMELEAF]             * [* {th:onclick,data-th-onclick}] [1000]: org.thymeleaf.standard.processor.StandardDOMEventAttributeTagProcessor
[THYMELEAF]             * [* {th:onchange,data-th-onchange}] [1000]: org.thymeleaf.standard.processor.StandardDOMEventAttributeTagProcessor
[THYMELEAF]             * [* {th:href,data-th-href}] [1000]: org.thymeleaf.standard.processor.StandardHrefTagProcessor
[THYMELEAF]             * [* {th:inline,data-th-inline}] [1000]: org.thymeleaf.standard.processor.StandardInlineHTMLTagProcessor
[THYMELEAF]             * [* {th:method,data-th-method}] [1000]: org.thymeleaf.standard.processor.StandardMethodTagProcessor
[THYMELEAF]             * [* {th:type,data-th-type}] [1000]: org.thymeleaf.standard.processor.StandardNonRemovableAttributeTagProcessor
[THYMELEAF]             * [* {th:name,data-th-name}] [1000]: org.thymeleaf.standard.processor.StandardNonRemovableAttributeTagProcessor
[THYMELEAF]             * [* {th:draggable,data-th-draggable}] [1000]: org.thymeleaf.standard.processor.StandardRemovableAttributeTagProcessor
[THYMELEAF]             * [* {th:codetype,data-th-codetype}] [1000]: org.thymeleaf.standard.processor.StandardRemovableAttributeTagProcessor
[THYMELEAF]             * [* {th:radiogroup,data-th-radiogroup}] [1000]: org.thymeleaf.standard.processor.StandardRemovableAttributeTagProcessor
[THYMELEAF]             * [* {th:archive,data-th-archive}] [1000]: org.thymeleaf.standard.processor.StandardRemovableAttributeTagProcessor
[THYMELEAF]             * [* {th:accept,data-th-accept}] [1000]: org.thymeleaf.standard.processor.StandardRemovableAttributeTagProcessor
[THYMELEAF]             * [* {th:sizes,data-th-sizes}] [1000]: org.thymeleaf.standard.processor.StandardRemovableAttributeTagProcessor
[THYMELEAF]             * [* {th:poster,data-th-poster}] [1000]: org.thymeleaf.standard.processor.StandardRemovableAttributeTagProcessor
[THYMELEAF]             * [* {th:tabindex,data-th-tabindex}] [1000]: org.thymeleaf.standard.processor.StandardRemovableAttributeTagProcessor
[THYMELEAF]             * [* {th:summary,data-th-summary}] [1000]: org.thymeleaf.standard.processor.StandardRemovableAttributeTagProcessor
[THYMELEAF]             * [* {th:cellpadding,data-th-cellpadding}] [1000]: org.thymeleaf.standard.processor.StandardRemovableAttributeTagProcessor
[THYMELEAF]             * [* {th:spellcheck,data-th-spellcheck}] [1000]: org.thymeleaf.standard.processor.StandardRemovableAttributeTagProcessor
[THYMELEAF]             * [* {th:cellspacing,data-th-cellspacing}] [1000]: org.thymeleaf.standard.processor.StandardRemovableAttributeTagProcessor
[THYMELEAF]             * [* {th:start,data-th-start}] [1000]: org.thymeleaf.standard.processor.StandardRemovableAttributeTagProcessor
[THYMELEAF]             * [* {th:alt,data-th-alt}] [1000]: org.thymeleaf.standard.processor.StandardRemovableAttributeTagProcessor
[THYMELEAF]             * [* {th:valuetype,data-th-valuetype}] [1000]: org.thymeleaf.standard.processor.StandardRemovableAttributeTagProcessor
[THYMELEAF]             * [* {th:preload,data-th-preload}] [1000]: org.thymeleaf.standard.processor.StandardRemovableAttributeTagProcessor
[THYMELEAF]             * [* {th:longdesc,data-th-longdesc}] [1000]: org.thymeleaf.standard.processor.StandardRemovableAttributeTagProcessor
[THYMELEAF]             * [* {th:frame,data-th-frame}] [1000]: org.thymeleaf.standard.processor.StandardRemovableAttributeTagProcessor
[THYMELEAF]             * [* {th:accept-charset,data-th-accept-charset}] [1000]: org.thymeleaf.standard.processor.StandardRemovableAttributeTagProcessor
[THYMELEAF]             * [* {th:charset,data-th-charset}] [1000]: org.thymeleaf.standard.processor.StandardRemovableAttributeTagProcessor
[THYMELEAF]             * [* {th:audio,data-th-audio}] [1000]: org.thymeleaf.standard.processor.StandardRemovableAttributeTagProcessor
[THYMELEAF]             * [* {th:rows,data-th-rows}] [1000]: org.thymeleaf.standard.processor.StandardRemovableAttributeTagProcessor
[THYMELEAF]             * [* {th:dropzone,data-th-dropzone}] [1000]: org.thymeleaf.standard.processor.StandardRemovableAttributeTagProcessor
[THYMELEAF]             * [* {th:autocomplete,data-th-autocomplete}] [1000]: org.thymeleaf.standard.processor.StandardRemovableAttributeTagProcessor
[THYMELEAF]             * [* {th:border,data-th-border}] [1000]: org.thymeleaf.standard.processor.StandardRemovableAttributeTagProcessor
[THYMELEAF]             * [* {th:contenteditable,data-th-contenteditable}] [1000]: org.thymeleaf.standard.processor.StandardRemovableAttributeTagProcessor
[THYMELEAF]             * [* {th:codebase,data-th-codebase}] [1000]: org.thymeleaf.standard.processor.StandardRemovableAttributeTagProcessor
[THYMELEAF]             * [* {th:scrolling,data-th-scrolling}] [1000]: org.thymeleaf.standard.processor.StandardRemovableAttributeTagProcessor
[THYMELEAF]             * [* {th:rules,data-th-rules}] [1000]: org.thymeleaf.standard.processor.StandardRemovableAttributeTagProcessor
[THYMELEAF]             * [* {th:maxlength,data-th-maxlength}] [1000]: org.thymeleaf.standard.processor.StandardRemovableAttributeTagProcessor
[THYMELEAF]             * [* {th:content,data-th-content}] [1000]: org.thymeleaf.standard.processor.StandardRemovableAttributeTagProcessor
[THYMELEAF]             * [* {th:enctype,data-th-enctype}] [1000]: org.thymeleaf.standard.processor.StandardRemovableAttributeTagProcessor
[THYMELEAF]             * [* {th:wrap,data-th-wrap}] [1000]: org.thymeleaf.standard.processor.StandardRemovableAttributeTagProcessor
[THYMELEAF]             * [* {th:cols,data-th-cols}] [1000]: org.thymeleaf.standard.processor.StandardRemovableAttributeTagProcessor
[THYMELEAF]             * [* {th:scheme,data-th-scheme}] [1000]: org.thymeleaf.standard.processor.StandardRemovableAttributeTagProcessor
[THYMELEAF]             * [* {th:compact,data-th-compact}] [1000]: org.thymeleaf.standard.processor.StandardRemovableAttributeTagProcessor
[THYMELEAF]             * [* {th:hreflang,data-th-hreflang}] [1000]: org.thymeleaf.standard.processor.StandardRemovableAttributeTagProcessor
[THYMELEAF]             * [* {th:contextmenu,data-th-contextmenu}] [1000]: org.thymeleaf.standard.processor.StandardRemovableAttributeTagProcessor
[THYMELEAF]             * [* {th:colspan,data-th-colspan}] [1000]: org.thymeleaf.standard.processor.StandardRemovableAttributeTagProcessor
[THYMELEAF]             * [* {th:http-equiv,data-th-http-equiv}] [1000]: org.thymeleaf.standard.processor.StandardRemovableAttributeTagProcessor
[THYMELEAF]             * [* {th:hspace,data-th-hspace}] [1000]: org.thymeleaf.standard.processor.StandardRemovableAttributeTagProcessor
[THYMELEAF]             * [* {th:pattern,data-th-pattern}] [1000]: org.thymeleaf.standard.processor.StandardRemovableAttributeTagProcessor
[THYMELEAF]             * [* {th:formaction,data-th-formaction}] [1000]: org.thymeleaf.standard.processor.StandardRemovableAttributeTagProcessor
[THYMELEAF]             * [* {th:rowspan,data-th-rowspan}] [1000]: org.thymeleaf.standard.processor.StandardRemovableAttributeTagProcessor
[THYMELEAF]             * [* {th:standby,data-th-standby}] [1000]: org.thymeleaf.standard.processor.StandardRemovableAttributeTagProcessor
[THYMELEAF]             * [* {th:accesskey,data-th-accesskey}] [1000]: org.thymeleaf.standard.processor.StandardRemovableAttributeTagProcessor
[THYMELEAF]             * [* {th:title,data-th-title}] [1000]: org.thymeleaf.standard.processor.StandardRemovableAttributeTagProcessor
[THYMELEAF]             * [* {th:abbr,data-th-abbr}] [1000]: org.thymeleaf.standard.processor.StandardRemovableAttributeTagProcessor
[THYMELEAF]             * [* {th:datetime,data-th-datetime}] [1000]: org.thymeleaf.standard.processor.StandardRemovableAttributeTagProcessor
[THYMELEAF]             * [* {th:high,data-th-high}] [1000]: org.thymeleaf.standard.processor.StandardRemovableAttributeTagProcessor
[THYMELEAF]             * [* {th:usemap,data-th-usemap}] [1000]: org.thymeleaf.standard.processor.StandardRemovableAttributeTagProcessor
[THYMELEAF]             * [* {th:for,data-th-for}] [1000]: org.thymeleaf.standard.processor.StandardRemovableAttributeTagProcessor
[THYMELEAF]             * [* {th:bgcolor,data-th-bgcolor}] [1000]: org.thymeleaf.standard.processor.StandardRemovableAttributeTagProcessor
[THYMELEAF]             * [* {th:media,data-th-media}] [1000]: org.thymeleaf.standard.processor.StandardRemovableAttributeTagProcessor
[THYMELEAF]             * [* {th:list,data-th-list}] [1000]: org.thymeleaf.standard.processor.StandardRemovableAttributeTagProcessor
[THYMELEAF]             * [* {th:rel,data-th-rel}] [1000]: org.thymeleaf.standard.processor.StandardRemovableAttributeTagProcessor
[THYMELEAF]             * [* {th:vspace,data-th-vspace}] [1000]: org.thymeleaf.standard.processor.StandardRemovableAttributeTagProcessor
[THYMELEAF]             * [* {th:target,data-th-target}] [1000]: org.thymeleaf.standard.processor.StandardRemovableAttributeTagProcessor
[THYMELEAF]             * [* {th:size,data-th-size}] [1000]: org.thymeleaf.standard.processor.StandardRemovableAttributeTagProcessor
[THYMELEAF]             * [* {th:sandbox,data-th-sandbox}] [1000]: org.thymeleaf.standard.processor.StandardRemovableAttributeTagProcessor
[THYMELEAF]             * [* {th:data,data-th-data}] [1000]: org.thymeleaf.standard.processor.StandardRemovableAttributeTagProcessor
[THYMELEAF]             * [* {th:span,data-th-span}] [1000]: org.thymeleaf.standard.processor.StandardRemovableAttributeTagProcessor
[THYMELEAF]             * [* {th:srclang,data-th-srclang}] [1000]: org.thymeleaf.standard.processor.StandardRemovableAttributeTagProcessor
[THYMELEAF]             * [* {th:keytype,data-th-keytype}] [1000]: org.thymeleaf.standard.processor.StandardRemovableAttributeTagProcessor
[THYMELEAF]             * [* {th:axis,data-th-axis}] [1000]: org.thymeleaf.standard.processor.StandardRemovableAttributeTagProcessor
[THYMELEAF]             * [* {th:step,data-th-step}] [1000]: org.thymeleaf.standard.processor.StandardRemovableAttributeTagProcessor
[THYMELEAF]             * [* {th:style,data-th-style}] [1000]: org.thymeleaf.standard.processor.StandardRemovableAttributeTagProcessor
[THYMELEAF]             * [* {th:dir,data-th-dir}] [1000]: org.thymeleaf.standard.processor.StandardRemovableAttributeTagProcessor
[THYMELEAF]             * [* {th:class,data-th-class}] [1000]: org.thymeleaf.standard.processor.StandardRemovableAttributeTagProcessor
[THYMELEAF]             * [* {th:form,data-th-form}] [1000]: org.thymeleaf.standard.processor.StandardRemovableAttributeTagProcessor
[THYMELEAF]             * [* {th:frameborder,data-th-frameborder}] [1000]: org.thymeleaf.standard.processor.StandardRemovableAttributeTagProcessor
[THYMELEAF]             * [* {th:lang,data-th-lang}] [1000]: org.thymeleaf.standard.processor.StandardRemovableAttributeTagProcessor
[THYMELEAF]             * [* {th:optimum,data-th-optimum}] [1000]: org.thymeleaf.standard.processor.StandardRemovableAttributeTagProcessor
[THYMELEAF]             * [* {th:max,data-th-max}] [1000]: org.thymeleaf.standard.processor.StandardRemovableAttributeTagProcessor
[THYMELEAF]             * [* {th:rev,data-th-rev}] [1000]: org.thymeleaf.standard.processor.StandardRemovableAttributeTagProcessor
[THYMELEAF]             * [* {th:height,data-th-height}] [1000]: org.thymeleaf.standard.processor.StandardRemovableAttributeTagProcessor
[THYMELEAF]             * [* {th:min,data-th-min}] [1000]: org.thymeleaf.standard.processor.StandardRemovableAttributeTagProcessor
[THYMELEAF]             * [* {th:icon,data-th-icon}] [1000]: org.thymeleaf.standard.processor.StandardRemovableAttributeTagProcessor
[THYMELEAF]             * [* {th:formenctype,data-th-formenctype}] [1000]: org.thymeleaf.standard.processor.StandardRemovableAttributeTagProcessor
[THYMELEAF]             * [* {th:formmethod,data-th-formmethod}] [1000]: org.thymeleaf.standard.processor.StandardRemovableAttributeTagProcessor
[THYMELEAF]             * [* {th:kind,data-th-kind}] [1000]: org.thymeleaf.standard.processor.StandardRemovableAttributeTagProcessor
[THYMELEAF]             * [* {th:label,data-th-label}] [1000]: org.thymeleaf.standard.processor.StandardRemovableAttributeTagProcessor
[THYMELEAF]             * [* {th:id,data-th-id}] [1000]: org.thymeleaf.standard.processor.StandardRemovableAttributeTagProcessor
[THYMELEAF]             * [* {th:width,data-th-width}] [1000]: org.thymeleaf.standard.processor.StandardRemovableAttributeTagProcessor
[THYMELEAF]             * [* {th:classid,data-th-classid}] [1000]: org.thymeleaf.standard.processor.StandardRemovableAttributeTagProcessor
[THYMELEAF]             * [* {th:low,data-th-low}] [1000]: org.thymeleaf.standard.processor.StandardRemovableAttributeTagProcessor
[THYMELEAF]             * [* {th:marginheight,data-th-marginheight}] [1000]: org.thymeleaf.standard.processor.StandardRemovableAttributeTagProcessor
[THYMELEAF]             * [* {th:challenge,data-th-challenge}] [1000]: org.thymeleaf.standard.processor.StandardRemovableAttributeTagProcessor
[THYMELEAF]             * [* {th:placeholder,data-th-placeholder}] [1000]: org.thymeleaf.standard.processor.StandardRemovableAttributeTagProcessor
[THYMELEAF]             * [* {th:formtarget,data-th-formtarget}] [1000]: org.thymeleaf.standard.processor.StandardRemovableAttributeTagProcessor
[THYMELEAF]             * [* {th:scope,data-th-scope}] [1000]: org.thymeleaf.standard.processor.StandardRemovableAttributeTagProcessor
[THYMELEAF]             * [* {th:marginwidth,data-th-marginwidth}] [1000]: org.thymeleaf.standard.processor.StandardRemovableAttributeTagProcessor
[THYMELEAF]             * [* {th:manifest,data-th-manifest}] [1000]: org.thymeleaf.standard.processor.StandardRemovableAttributeTagProcessor
[THYMELEAF]             * [* {th:headers,data-th-headers}] [1000]: org.thymeleaf.standard.processor.StandardRemovableAttributeTagProcessor
[THYMELEAF]             * [* {th:background,data-th-background}] [1000]: org.thymeleaf.standard.processor.StandardRemovableAttributeTagProcessor
[THYMELEAF]             * [* {th:cite,data-th-cite}] [1000]: org.thymeleaf.standard.processor.StandardRemovableAttributeTagProcessor
[THYMELEAF]             * [* {th:align,data-th-align}] [1000]: org.thymeleaf.standard.processor.StandardRemovableAttributeTagProcessor
[THYMELEAF]             * [* {th:src,data-th-src}] [1000]: org.thymeleaf.standard.processor.StandardSrcTagProcessor
[THYMELEAF]             * [* {th:value,data-th-value}] [1000]: org.thymeleaf.standard.processor.StandardValueTagProcessor
[THYMELEAF]             * [* {th:xmlbase,data-th-xmlbase}] [1000]: org.thymeleaf.standard.processor.StandardXmlBaseTagProcessor
[THYMELEAF]             * [* {th:xmllang,data-th-xmllang}] [1000]: org.thymeleaf.standard.processor.StandardXmlLangTagProcessor
[THYMELEAF]             * [* {xmlns:th}] [1000]: org.thymeleaf.standard.processor.StandardXmlNsTagProcessor
[THYMELEAF]             * [* {th:xmlspace,data-th-xmlspace}] [1000]: org.thymeleaf.standard.processor.StandardXmlSpaceTagProcessor
[THYMELEAF]             * [* {th:classappend,data-th-classappend}] [1100]: org.thymeleaf.standard.processor.StandardClassappendTagProcessor
[THYMELEAF]             * [* {th:styleappend,data-th-styleappend}] [1100]: org.thymeleaf.standard.processor.StandardStyleappendTagProcessor
[THYMELEAF]             * [* {th:text,data-th-text}] [1300]: org.thymeleaf.standard.processor.StandardTextTagProcessor
[THYMELEAF]             * [* {th:utext,data-th-utext}] [1400]: org.thymeleaf.standard.processor.StandardUtextTagProcessor
[THYMELEAF]             * [* {th:fragment,data-th-fragment}] [1500]: org.thymeleaf.standard.processor.StandardFragmentTagProcessor
[THYMELEAF]             * [* {th:assert,data-th-assert}] [1550]: org.thymeleaf.standard.processor.StandardAssertTagProcessor
[THYMELEAF]             * [* {th:remove,data-th-remove}] [1600]: org.thymeleaf.standard.processor.StandardRemoveTagProcessor
[THYMELEAF]             * [* {th:ref,data-th-ref}] [10000]: org.thymeleaf.standard.processor.StandardRefAttributeTagProcessor
[THYMELEAF]             * [{th:block,th-block} *] [100000]: org.thymeleaf.standard.processor.StandardBlockTagProcessor
[THYMELEAF]             * [* th:*] [2147483647]: org.thymeleaf.standard.processor.StandardDefaultAttributesTagProcessor
[THYMELEAF]         * Text Processors by [precedence]:
[THYMELEAF]             * [1000]: org.thymeleaf.standard.processor.StandardInliningTextProcessor
[THYMELEAF]         * DOCTYPE Processors by [precedence]:
[THYMELEAF]             * [1000]: org.thymeleaf.standard.processor.StandardTranslationDocTypeProcessor
[THYMELEAF]         * CDATA Section Processors by [precedence]:
[THYMELEAF]             * [1000]: org.thymeleaf.standard.processor.StandardInliningCDATASectionProcessor
[THYMELEAF]         * Comment Processors by [precedence]:
[THYMELEAF]             * [1000]: org.thymeleaf.standard.processor.StandardInliningCommentProcessor
[THYMELEAF]             * [1100]: org.thymeleaf.standard.processor.StandardConditionalCommentProcessor
[THYMELEAF]     * Processors for Template Mode: XML
[THYMELEAF]         * Element Tag Processors by [matching element and attribute name] [precedence]:
[THYMELEAF]             * [* {th:include}] [100]: org.thymeleaf.standard.processor.StandardIncludeTagProcessor
[THYMELEAF]             * [* {th:insert}] [100]: org.thymeleaf.standard.processor.StandardInsertTagProcessor
[THYMELEAF]             * [* {th:replace}] [100]: org.thymeleaf.standard.processor.StandardReplaceTagProcessor
[THYMELEAF]             * [* {th:each}] [200]: com.intuit.karate.template.KarateEachTagProcessor
[THYMELEAF]             * [* {th:switch}] [250]: org.thymeleaf.standard.processor.StandardSwitchTagProcessor
[THYMELEAF]             * [* {th:case}] [275]: org.thymeleaf.standard.processor.StandardCaseTagProcessor
[THYMELEAF]             * [* {th:if}] [300]: org.thymeleaf.standard.processor.StandardIfTagProcessor
[THYMELEAF]             * [* {th:unless}] [400]: org.thymeleaf.standard.processor.StandardUnlessTagProcessor
[THYMELEAF]             * [* {th:object}] [500]: org.thymeleaf.standard.processor.StandardObjectTagProcessor
[THYMELEAF]             * [* {th:with}] [600]: com.intuit.karate.template.KarateWithTagProcessor
[THYMELEAF]             * [* {th:attr}] [700]: com.intuit.karate.template.KarateAttributeTagProcessor.KarateAttrTagProcessor
[THYMELEAF]             * [* {th:attrappend}] [900]: com.intuit.karate.template.KarateAttributeTagProcessor.KarateAttrappendTagProcessor
[THYMELEAF]             * [* {th:attrprepend}] [900]: com.intuit.karate.template.KarateAttributeTagProcessor.KarateAttrprependTagProcessor
[THYMELEAF]             * [* {th:inline}] [1000]: org.thymeleaf.standard.processor.StandardInlineXMLTagProcessor
[THYMELEAF]             * [* {xmlns:th}] [1000]: org.thymeleaf.standard.processor.StandardXmlNsTagProcessor
[THYMELEAF]             * [* {th:text}] [1300]: org.thymeleaf.standard.processor.StandardTextTagProcessor
[THYMELEAF]             * [* {th:utext}] [1400]: org.thymeleaf.standard.processor.StandardUtextTagProcessor
[THYMELEAF]             * [* {th:fragment}] [1500]: org.thymeleaf.standard.processor.StandardFragmentTagProcessor
[THYMELEAF]             * [* {th:assert}] [1550]: org.thymeleaf.standard.processor.StandardAssertTagProcessor
[THYMELEAF]             * [* {th:remove}] [1600]: org.thymeleaf.standard.processor.StandardRemoveTagProcessor
[THYMELEAF]             * [* {th:ref}] [10000]: org.thymeleaf.standard.processor.StandardRefAttributeTagProcessor
[THYMELEAF]             * [{th:block} *] [100000]: org.thymeleaf.standard.processor.StandardBlockTagProcessor
[THYMELEAF]             * [* th:*] [2147483647]: org.thymeleaf.standard.processor.StandardDefaultAttributesTagProcessor
[THYMELEAF]         * Text Processors by [precedence]:
[THYMELEAF]             * [1000]: org.thymeleaf.standard.processor.StandardInliningTextProcessor
[THYMELEAF]         * CDATA Section Processors by [precedence]:
[THYMELEAF]             * [1000]: org.thymeleaf.standard.processor.StandardInliningCDATASectionProcessor
[THYMELEAF]         * Comment Processors by [precedence]:
[THYMELEAF]             * [1000]: org.thymeleaf.standard.processor.StandardInliningCommentProcessor
[THYMELEAF]     * Processors for Template Mode: TEXT
[THYMELEAF]         * Element Tag Processors by [matching element and attribute name] [precedence]:
[THYMELEAF]             * [* {th:insert}] [100]: org.thymeleaf.standard.processor.StandardInsertTagProcessor
[THYMELEAF]             * [* {th:replace}] [100]: org.thymeleaf.standard.processor.StandardReplaceTagProcessor
[THYMELEAF]             * [* {th:each}] [200]: com.intuit.karate.template.KarateEachTagProcessor
[THYMELEAF]             * [* {th:switch}] [250]: org.thymeleaf.standard.processor.StandardSwitchTagProcessor
[THYMELEAF]             * [* {th:case}] [275]: org.thymeleaf.standard.processor.StandardCaseTagProcessor
[THYMELEAF]             * [* {th:if}] [300]: org.thymeleaf.standard.processor.StandardIfTagProcessor
[THYMELEAF]             * [* {th:unless}] [400]: org.thymeleaf.standard.processor.StandardUnlessTagProcessor
[THYMELEAF]             * [* {th:object}] [500]: org.thymeleaf.standard.processor.StandardObjectTagProcessor
[THYMELEAF]             * [* {th:with}] [600]: com.intuit.karate.template.KarateWithTagProcessor
[THYMELEAF]             * [* {th:inline}] [1000]: org.thymeleaf.standard.processor.StandardInlineTextualTagProcessor
[THYMELEAF]             * [* {th:text}] [1300]: org.thymeleaf.standard.processor.StandardTextTagProcessor
[THYMELEAF]             * [* {th:utext}] [1400]: org.thymeleaf.standard.processor.StandardUtextTagProcessor
[THYMELEAF]             * [* {th:assert}] [1550]: org.thymeleaf.standard.processor.StandardAssertTagProcessor
[THYMELEAF]             * [* {th:remove}] [1600]: org.thymeleaf.standard.processor.StandardRemoveTagProcessor
[THYMELEAF]             * [* 100000] [org.thymeleaf.standard.processor.StandardBlockTagProcessor]: {}
[THYMELEAF]             * [{th:block} *] [100000]: org.thymeleaf.standard.processor.StandardBlockTagProcessor
[THYMELEAF]         * Text Processors by [precedence]:
[THYMELEAF]             * [1000]: org.thymeleaf.standard.processor.StandardInliningTextProcessor
[THYMELEAF]     * Processors for Template Mode: JAVASCRIPT
[THYMELEAF]         * Element Tag Processors by [matching element and attribute name] [precedence]:
[THYMELEAF]             * [* {th:insert}] [100]: org.thymeleaf.standard.processor.StandardInsertTagProcessor
[THYMELEAF]             * [* {th:replace}] [100]: org.thymeleaf.standard.processor.StandardReplaceTagProcessor
[THYMELEAF]             * [* {th:each}] [200]: com.intuit.karate.template.KarateEachTagProcessor
[THYMELEAF]             * [* {th:switch}] [250]: org.thymeleaf.standard.processor.StandardSwitchTagProcessor
[THYMELEAF]             * [* {th:case}] [275]: org.thymeleaf.standard.processor.StandardCaseTagProcessor
[THYMELEAF]             * [* {th:if}] [300]: org.thymeleaf.standard.processor.StandardIfTagProcessor
[THYMELEAF]             * [* {th:unless}] [400]: org.thymeleaf.standard.processor.StandardUnlessTagProcessor
[THYMELEAF]             * [* {th:object}] [500]: org.thymeleaf.standard.processor.StandardObjectTagProcessor
[THYMELEAF]             * [* {th:with}] [600]: com.intuit.karate.template.KarateWithTagProcessor
[THYMELEAF]             * [* {th:inline}] [1000]: org.thymeleaf.standard.processor.StandardInlineTextualTagProcessor
[THYMELEAF]             * [* {th:text}] [1300]: org.thymeleaf.standard.processor.StandardTextTagProcessor
[THYMELEAF]             * [* {th:utext}] [1400]: org.thymeleaf.standard.processor.StandardUtextTagProcessor
[THYMELEAF]             * [* {th:assert}] [1550]: org.thymeleaf.standard.processor.StandardAssertTagProcessor
[THYMELEAF]             * [* {th:remove}] [1600]: org.thymeleaf.standard.processor.StandardRemoveTagProcessor
[THYMELEAF]             * [* 100000] [org.thymeleaf.standard.processor.StandardBlockTagProcessor]: {}
[THYMELEAF]             * [{th:block} *] [100000]: org.thymeleaf.standard.processor.StandardBlockTagProcessor
[THYMELEAF]         * Text Processors by [precedence]:
[THYMELEAF]             * [1000]: org.thymeleaf.standard.processor.StandardInliningTextProcessor
[THYMELEAF]     * Processors for Template Mode: CSS
[THYMELEAF]         * Element Tag Processors by [matching element and attribute name] [precedence]:
[THYMELEAF]             * [* {th:insert}] [100]: org.thymeleaf.standard.processor.StandardInsertTagProcessor
[THYMELEAF]             * [* {th:replace}] [100]: org.thymeleaf.standard.processor.StandardReplaceTagProcessor
[THYMELEAF]             * [* {th:each}] [200]: com.intuit.karate.template.KarateEachTagProcessor
[THYMELEAF]             * [* {th:switch}] [250]: org.thymeleaf.standard.processor.StandardSwitchTagProcessor
[THYMELEAF]             * [* {th:case}] [275]: org.thymeleaf.standard.processor.StandardCaseTagProcessor
[THYMELEAF]             * [* {th:if}] [300]: org.thymeleaf.standard.processor.StandardIfTagProcessor
[THYMELEAF]             * [* {th:unless}] [400]: org.thymeleaf.standard.processor.StandardUnlessTagProcessor
[THYMELEAF]             * [* {th:object}] [500]: org.thymeleaf.standard.processor.StandardObjectTagProcessor
[THYMELEAF]             * [* {th:with}] [600]: com.intuit.karate.template.KarateWithTagProcessor
[THYMELEAF]             * [* {th:inline}] [1000]: org.thymeleaf.standard.processor.StandardInlineTextualTagProcessor
[THYMELEAF]             * [* {th:text}] [1300]: org.thymeleaf.standard.processor.StandardTextTagProcessor
[THYMELEAF]             * [* {th:utext}] [1400]: org.thymeleaf.standard.processor.StandardUtextTagProcessor
[THYMELEAF]             * [* {th:assert}] [1550]: org.thymeleaf.standard.processor.StandardAssertTagProcessor
[THYMELEAF]             * [* {th:remove}] [1600]: org.thymeleaf.standard.processor.StandardRemoveTagProcessor
[THYMELEAF]             * [{th:block} *] [100000]: org.thymeleaf.standard.processor.StandardBlockTagProcessor
[THYMELEAF]             * [* 100000] [org.thymeleaf.standard.processor.StandardBlockTagProcessor]: {}
[THYMELEAF]         * Text Processors by [precedence]:
[THYMELEAF]             * [1000]: org.thymeleaf.standard.processor.StandardInliningTextProcessor
[THYMELEAF]     * Expression Objects:
[THYMELEAF]         * #ctx
[THYMELEAF]         * #root
[THYMELEAF]         * #vars
[THYMELEAF]         * #object
[THYMELEAF]         * #locale
[THYMELEAF]         * #conversions
[THYMELEAF]         * #uris
[THYMELEAF]         * #temporals
[THYMELEAF]         * #calendars
[THYMELEAF]         * #dates
[THYMELEAF]         * #bools
[THYMELEAF]         * #numbers
[THYMELEAF]         * #objects
[THYMELEAF]         * #strings
[THYMELEAF]         * #arrays
[THYMELEAF]         * #lists
[THYMELEAF]         * #sets
[THYMELEAF]         * #maps
[THYMELEAF]         * #aggregates
[THYMELEAF]         * #messages
[THYMELEAF]         * #ids
[THYMELEAF]         * #execInfo
[THYMELEAF]         * #request
[THYMELEAF]         * #response
[THYMELEAF]         * #session
[THYMELEAF]         * #servletContext
[THYMELEAF]     * Execution Attributes:
[THYMELEAF]         * "StandardExpressionParser": com.intuit.karate.template.KarateStandardDialect@538aa83f
[THYMELEAF]         * "StandardJavaScriptSerializer": org.thymeleaf.standard.serializer.StandardJavaScriptSerializer@66a472b9
[THYMELEAF]         * "StandardCSSSerializer": org.thymeleaf.standard.serializer.StandardCSSSerializer@428eb3d5
[THYMELEAF]         * "StandardVariableExpressionEvaluator": com.intuit.karate.template.KarateStandardDialect@538aa83f
[THYMELEAF]         * "StandardConversionService": org.thymeleaf.standard.expression.StandardConversionService@5ddd84d2
[THYMELEAF] * Dialect [2 of 2]: karate (com.intuit.karate.template.KarateScriptDialect)
[THYMELEAF]     * Prefix: "ka"
[THYMELEAF]     * Processors for Template Mode: HTML
[THYMELEAF]         * Element Tag Processors by [matching element and attribute name] [precedence]:
[THYMELEAF]             * [* {src}] [1000]: com.intuit.karate.template.KaScriptAttrProcessor
[THYMELEAF]         * Element Model Processors by [matching element and attribute name] [precedence]:
[THYMELEAF]             * [{script} {ka:scope,data-ka-scope}] [1000]: com.intuit.karate.template.KaScriptElemProcessor
[THYMELEAF]             * [* {ka:set,data-ka-set}] [1000]: com.intuit.karate.template.KaSetElemProcessor
[THYMELEAF] TEMPLATE ENGINE CONFIGURED OK
21:37:05.845 [main] DEBUG org.thymeleaf.TemplateEngine -- [THYMELEAF] TEMPLATE ENGINE INITIALIZED
---------------------------------------------------------
feature: classpath:users/post-users.feature
scenarios:  2 | passed:  2 | failed:  0 | time: 0.7321
---------------------------------------------------------

]]></system-out>
  </testcase>
  <testcase name="[1:3] Editar usuario exitosamente" classname="users/put-users" time="0.383">
    <system-out><![CDATA[21:37:05.906 [main] DEBUG com.jayway.jsonpath.internal.path.CompiledPath -- Evaluating path: $
21:37:05.907 [main] DEBUG org.apache.http.client.protocol.RequestAddCookies -- CookieSpec selected: karate
21:37:05.908 [main] DEBUG org.apache.http.client.protocol.RequestAuthCache -- Auth cache not set in the context
21:37:05.908 [main] DEBUG com.intuit.karate -- request:
1 > PUT https://serverest.dev/usuarios/0uxuPY0cbmQhpEz1
1 > Content-Type: application/json; charset=UTF-8
1 > Content-Length: 117
1 > Host: serverest.dev
1 > Connection: Keep-Alive
1 > User-Agent: Apache-HttpClient/4.5.14 (Java/17.0.15)
1 > Accept-Encoding: gzip,deflate
{"nome":"Fulano da Silva","email":"user_2025-07-15T213705878276@qa.com.br","password":"teste","administrador":"true"}

21:37:05.908 [main] DEBUG org.apache.http.impl.conn.PoolingHttpClientConnectionManager -- Connection request: [route: {s}->https://serverest.dev:443][total available: 0; route allocated: 0 of 5; total allocated: 0 of 10]
21:37:05.908 [main] DEBUG org.apache.http.impl.conn.PoolingHttpClientConnectionManager -- Connection leased: [id: 7][route: {s}->https://serverest.dev:443][total available: 0; route allocated: 1 of 5; total allocated: 1 of 10]
21:37:05.908 [main] DEBUG org.apache.http.impl.execchain.MainClientExec -- Opening connection {s}->https://serverest.dev:443
21:37:05.908 [main] DEBUG org.apache.http.impl.conn.DefaultHttpClientConnectionOperator -- Connecting to serverest.dev/216.239.34.21:443
21:37:05.908 [main] DEBUG org.apache.http.conn.ssl.SSLConnectionSocketFactory -- Connecting socket to serverest.dev/216.239.34.21:443 with timeout 30000
21:37:05.991 [main] DEBUG org.apache.http.conn.ssl.SSLConnectionSocketFactory -- Enabled protocols: [TLSv1.3, TLSv1.2]
21:37:05.991 [main] DEBUG org.apache.http.conn.ssl.SSLConnectionSocketFactory -- Enabled cipher suites:[TLS_AES_256_GCM_SHA384, TLS_AES_128_GCM_SHA256, TLS_CHACHA20_POLY1305_SHA256, TLS_ECDHE_ECDSA_WITH_AES_256_GCM_SHA384, TLS_ECDHE_ECDSA_WITH_AES_128_GCM_SHA256, TLS_ECDHE_ECDSA_WITH_CHACHA20_POLY1305_SHA256, TLS_ECDHE_RSA_WITH_AES_256_GCM_SHA384, TLS_ECDHE_RSA_WITH_CHACHA20_POLY1305_SHA256, TLS_ECDHE_RSA_WITH_AES_128_GCM_SHA256, TLS_DHE_RSA_WITH_AES_256_GCM_SHA384, TLS_DHE_RSA_WITH_CHACHA20_POLY1305_SHA256, TLS_DHE_DSS_WITH_AES_256_GCM_SHA384, TLS_DHE_RSA_WITH_AES_128_GCM_SHA256, TLS_DHE_DSS_WITH_AES_128_GCM_SHA256, TLS_ECDHE_ECDSA_WITH_AES_256_CBC_SHA384, TLS_ECDHE_RSA_WITH_AES_256_CBC_SHA384, TLS_ECDHE_ECDSA_WITH_AES_128_CBC_SHA256, TLS_ECDHE_RSA_WITH_AES_128_CBC_SHA256, TLS_DHE_RSA_WITH_AES_256_CBC_SHA256, TLS_DHE_DSS_WITH_AES_256_CBC_SHA256, TLS_DHE_RSA_WITH_AES_128_CBC_SHA256, TLS_DHE_DSS_WITH_AES_128_CBC_SHA256, TLS_ECDHE_ECDSA_WITH_AES_256_CBC_SHA, TLS_ECDHE_RSA_WITH_AES_256_CBC_SHA, TLS_ECDHE_ECDSA_WITH_AES_128_CBC_SHA, TLS_ECDHE_RSA_WITH_AES_128_CBC_SHA, TLS_DHE_RSA_WITH_AES_256_CBC_SHA, TLS_DHE_DSS_WITH_AES_256_CBC_SHA, TLS_DHE_RSA_WITH_AES_128_CBC_SHA, TLS_DHE_DSS_WITH_AES_128_CBC_SHA, TLS_RSA_WITH_AES_256_GCM_SHA384, TLS_RSA_WITH_AES_128_GCM_SHA256, TLS_RSA_WITH_AES_256_CBC_SHA256, TLS_RSA_WITH_AES_128_CBC_SHA256, TLS_RSA_WITH_AES_256_CBC_SHA, TLS_RSA_WITH_AES_128_CBC_SHA, TLS_EMPTY_RENEGOTIATION_INFO_SCSV]
21:37:05.991 [main] DEBUG org.apache.http.conn.ssl.SSLConnectionSocketFactory -- Starting handshake
21:37:06.098 [main] DEBUG org.apache.http.conn.ssl.SSLConnectionSocketFactory -- Secure session established
21:37:06.098 [main] DEBUG org.apache.http.conn.ssl.SSLConnectionSocketFactory --  negotiated protocol: TLSv1.3
21:37:06.098 [main] DEBUG org.apache.http.conn.ssl.SSLConnectionSocketFactory --  negotiated cipher suite: TLS_AES_256_GCM_SHA384
21:37:06.098 [main] DEBUG org.apache.http.conn.ssl.SSLConnectionSocketFactory --  peer principal: CN=serverest.dev
21:37:06.098 [main] DEBUG org.apache.http.conn.ssl.SSLConnectionSocketFactory --  peer alternative names: [serverest.dev]
21:37:06.098 [main] DEBUG org.apache.http.conn.ssl.SSLConnectionSocketFactory --  issuer principal: CN=WR3, O=Google Trust Services, C=US
21:37:06.098 [main] DEBUG org.apache.http.impl.conn.DefaultHttpClientConnectionOperator -- Connection established 192.168.18.98:55875<->216.239.34.21:443
21:37:06.098 [main] DEBUG org.apache.http.impl.conn.DefaultManagedHttpClientConnection -- http-outgoing-7: set socket timeout to 30000
21:37:06.098 [main] DEBUG org.apache.http.impl.execchain.MainClientExec -- Executing request PUT /usuarios/0uxuPY0cbmQhpEz1 HTTP/1.1
21:37:06.098 [main] DEBUG org.apache.http.impl.execchain.MainClientExec -- Target auth state: UNCHALLENGED
21:37:06.098 [main] DEBUG org.apache.http.impl.execchain.MainClientExec -- Proxy auth state: UNCHALLENGED
21:37:06.098 [main] DEBUG org.apache.http.headers -- http-outgoing-7 >> PUT /usuarios/0uxuPY0cbmQhpEz1 HTTP/1.1
21:37:06.098 [main] DEBUG org.apache.http.headers -- http-outgoing-7 >> Content-Type: application/json; charset=UTF-8
21:37:06.098 [main] DEBUG org.apache.http.headers -- http-outgoing-7 >> Content-Length: 117
21:37:06.098 [main] DEBUG org.apache.http.headers -- http-outgoing-7 >> Host: serverest.dev
21:37:06.098 [main] DEBUG org.apache.http.headers -- http-outgoing-7 >> Connection: Keep-Alive
21:37:06.098 [main] DEBUG org.apache.http.headers -- http-outgoing-7 >> User-Agent: Apache-HttpClient/4.5.14 (Java/17.0.15)
21:37:06.098 [main] DEBUG org.apache.http.headers -- http-outgoing-7 >> Accept-Encoding: gzip,deflate
21:37:06.098 [main] DEBUG org.apache.http.wire -- http-outgoing-7 >> "PUT /usuarios/0uxuPY0cbmQhpEz1 HTTP/1.1[\r][\n]"
21:37:06.098 [main] DEBUG org.apache.http.wire -- http-outgoing-7 >> "Content-Type: application/json; charset=UTF-8[\r][\n]"
21:37:06.098 [main] DEBUG org.apache.http.wire -- http-outgoing-7 >> "Content-Length: 117[\r][\n]"
21:37:06.098 [main] DEBUG org.apache.http.wire -- http-outgoing-7 >> "Host: serverest.dev[\r][\n]"
21:37:06.098 [main] DEBUG org.apache.http.wire -- http-outgoing-7 >> "Connection: Keep-Alive[\r][\n]"
21:37:06.098 [main] DEBUG org.apache.http.wire -- http-outgoing-7 >> "User-Agent: Apache-HttpClient/4.5.14 (Java/17.0.15)[\r][\n]"
21:37:06.098 [main] DEBUG org.apache.http.wire -- http-outgoing-7 >> "Accept-Encoding: gzip,deflate[\r][\n]"
21:37:06.098 [main] DEBUG org.apache.http.wire -- http-outgoing-7 >> "[\r][\n]"
21:37:06.098 [main] DEBUG org.apache.http.wire -- http-outgoing-7 >> "{"nome":"Fulano da Silva","email":"user_2025-07-15T213705878276@qa.com.br","password":"teste","administrador":"true"}"
21:37:06.243 [main] DEBUG org.apache.http.wire -- http-outgoing-7 << "HTTP/1.1 200 OK[\r][\n]"
21:37:06.243 [main] DEBUG org.apache.http.wire -- http-outgoing-7 << "access-control-allow-origin: *[\r][\n]"
21:37:06.243 [main] DEBUG org.apache.http.wire -- http-outgoing-7 << "x-dns-prefetch-control: off[\r][\n]"
21:37:06.243 [main] DEBUG org.apache.http.wire -- http-outgoing-7 << "x-frame-options: SAMEORIGIN[\r][\n]"
21:37:06.243 [main] DEBUG org.apache.http.wire -- http-outgoing-7 << "strict-transport-security: max-age=15552000; includeSubDomains[\r][\n]"
21:37:06.243 [main] DEBUG org.apache.http.wire -- http-outgoing-7 << "x-download-options: noopen[\r][\n]"
21:37:06.243 [main] DEBUG org.apache.http.wire -- http-outgoing-7 << "x-content-type-options: nosniff[\r][\n]"
21:37:06.243 [main] DEBUG org.apache.http.wire -- http-outgoing-7 << "x-xss-protection: 1; mode=block[\r][\n]"
21:37:06.243 [main] DEBUG org.apache.http.wire -- http-outgoing-7 << "content-type: application/json; charset=utf-8[\r][\n]"
21:37:06.243 [main] DEBUG org.apache.http.wire -- http-outgoing-7 << "x-cloud-trace-context: 334bd5e572f376e03bd5c0db5a59906c[\r][\n]"
21:37:06.243 [main] DEBUG org.apache.http.wire -- http-outgoing-7 << "date: Wed, 16 Jul 2025 02:37:06 GMT[\r][\n]"
21:37:06.243 [main] DEBUG org.apache.http.wire -- http-outgoing-7 << "server: Google Frontend[\r][\n]"
21:37:06.243 [main] DEBUG org.apache.http.wire -- http-outgoing-7 << "Content-Length: 50[\r][\n]"
21:37:06.243 [main] DEBUG org.apache.http.wire -- http-outgoing-7 << "[\r][\n]"
21:37:06.243 [main] DEBUG org.apache.http.wire -- http-outgoing-7 << "{[\n]"
21:37:06.243 [main] DEBUG org.apache.http.wire -- http-outgoing-7 << "    "message": "Registro alterado com sucesso"[\n]"
21:37:06.243 [main] DEBUG org.apache.http.wire -- http-outgoing-7 << "}"
21:37:06.244 [main] DEBUG org.apache.http.headers -- http-outgoing-7 << HTTP/1.1 200 OK
21:37:06.244 [main] DEBUG org.apache.http.headers -- http-outgoing-7 << access-control-allow-origin: *
21:37:06.244 [main] DEBUG org.apache.http.headers -- http-outgoing-7 << x-dns-prefetch-control: off
21:37:06.244 [main] DEBUG org.apache.http.headers -- http-outgoing-7 << x-frame-options: SAMEORIGIN
21:37:06.244 [main] DEBUG org.apache.http.headers -- http-outgoing-7 << strict-transport-security: max-age=15552000; includeSubDomains
21:37:06.244 [main] DEBUG org.apache.http.headers -- http-outgoing-7 << x-download-options: noopen
21:37:06.244 [main] DEBUG org.apache.http.headers -- http-outgoing-7 << x-content-type-options: nosniff
21:37:06.244 [main] DEBUG org.apache.http.headers -- http-outgoing-7 << x-xss-protection: 1; mode=block
21:37:06.244 [main] DEBUG org.apache.http.headers -- http-outgoing-7 << content-type: application/json; charset=utf-8
21:37:06.244 [main] DEBUG org.apache.http.headers -- http-outgoing-7 << x-cloud-trace-context: 334bd5e572f376e03bd5c0db5a59906c
21:37:06.244 [main] DEBUG org.apache.http.headers -- http-outgoing-7 << date: Wed, 16 Jul 2025 02:37:06 GMT
21:37:06.244 [main] DEBUG org.apache.http.headers -- http-outgoing-7 << server: Google Frontend
21:37:06.244 [main] DEBUG org.apache.http.headers -- http-outgoing-7 << Content-Length: 50
21:37:06.244 [main] DEBUG org.apache.http.impl.execchain.MainClientExec -- Connection can be kept alive indefinitely
21:37:06.244 [main] DEBUG org.apache.http.impl.conn.PoolingHttpClientConnectionManager -- Connection [id: 7][route: {s}->https://serverest.dev:443] can be kept alive indefinitely
21:37:06.244 [main] DEBUG org.apache.http.impl.conn.DefaultManagedHttpClientConnection -- http-outgoing-7: set socket timeout to 0
21:37:06.244 [main] DEBUG org.apache.http.impl.conn.PoolingHttpClientConnectionManager -- Connection released: [id: 7][route: {s}->https://serverest.dev:443][total available: 1; route allocated: 1 of 5; total allocated: 1 of 10]
21:37:06.244 [main] DEBUG org.apache.http.impl.conn.PoolingHttpClientConnectionManager -- Connection manager is shutting down
21:37:06.244 [main] DEBUG org.apache.http.impl.conn.DefaultManagedHttpClientConnection -- http-outgoing-7: Close connection
21:37:06.246 [main] DEBUG org.apache.http.impl.conn.PoolingHttpClientConnectionManager -- Connection manager shut down
21:37:06.246 [main] DEBUG com.intuit.karate -- response time in milliseconds: 336
1 < 200
1 < access-control-allow-origin: *
1 < x-dns-prefetch-control: off
1 < x-frame-options: SAMEORIGIN
1 < strict-transport-security: max-age=15552000; includeSubDomains
1 < x-download-options: noopen
1 < x-content-type-options: nosniff
1 < x-xss-protection: 1; mode=block
1 < content-type: application/json; charset=utf-8
1 < x-cloud-trace-context: 334bd5e572f376e03bd5c0db5a59906c
1 < date: Wed, 16 Jul 2025 02:37:06 GMT
1 < server: Google Frontend
1 < Content-Length: 50
{
    "message": "Registro alterado com sucesso"
}

21:37:06.248 [main] DEBUG com.jayway.jsonpath.internal.path.CompiledPath -- Evaluating path: $['message']
21:37:06.251 [main] INFO com.intuit.karate -- [print] ✅ PUT /usuarios/{id} OK -> {
  "message": "Registro alterado com sucesso"
}
 
]]></system-out>
  </testcase>
  <testcase name="[2:20] Crear usuario si no existe (201)" classname="users/put-users" time="0.381">
    <system-out><![CDATA[21:37:06.264 [main] DEBUG com.jayway.jsonpath.internal.path.CompiledPath -- Evaluating path: $
21:37:06.266 [main] DEBUG org.apache.http.client.protocol.RequestAddCookies -- CookieSpec selected: karate
21:37:06.266 [main] DEBUG org.apache.http.client.protocol.RequestAuthCache -- Auth cache not set in the context
21:37:06.266 [main] DEBUG com.intuit.karate -- request:
1 > PUT https://serverest.dev/usuarios/idNoExistente123
1 > Content-Type: application/json; charset=UTF-8
1 > Content-Length: 117
1 > Host: serverest.dev
1 > Connection: Keep-Alive
1 > User-Agent: Apache-HttpClient/4.5.14 (Java/17.0.15)
1 > Accept-Encoding: gzip,deflate
{"nome":"Novo Usuario","email":"user_2025-07-15T2137062623952@qa.com.br","password":"123456","administrador":"false"}

21:37:06.266 [main] DEBUG org.apache.http.impl.conn.PoolingHttpClientConnectionManager -- Connection request: [route: {s}->https://serverest.dev:443][total available: 0; route allocated: 0 of 5; total allocated: 0 of 10]
21:37:06.267 [main] DEBUG org.apache.http.impl.conn.PoolingHttpClientConnectionManager -- Connection leased: [id: 8][route: {s}->https://serverest.dev:443][total available: 0; route allocated: 1 of 5; total allocated: 1 of 10]
21:37:06.267 [main] DEBUG org.apache.http.impl.execchain.MainClientExec -- Opening connection {s}->https://serverest.dev:443
21:37:06.267 [main] DEBUG org.apache.http.impl.conn.DefaultHttpClientConnectionOperator -- Connecting to serverest.dev/216.239.34.21:443
21:37:06.267 [main] DEBUG org.apache.http.conn.ssl.SSLConnectionSocketFactory -- Connecting socket to serverest.dev/216.239.34.21:443 with timeout 30000
21:37:06.350 [main] DEBUG org.apache.http.conn.ssl.SSLConnectionSocketFactory -- Enabled protocols: [TLSv1.3, TLSv1.2]
21:37:06.350 [main] DEBUG org.apache.http.conn.ssl.SSLConnectionSocketFactory -- Enabled cipher suites:[TLS_AES_256_GCM_SHA384, TLS_AES_128_GCM_SHA256, TLS_CHACHA20_POLY1305_SHA256, TLS_ECDHE_ECDSA_WITH_AES_256_GCM_SHA384, TLS_ECDHE_ECDSA_WITH_AES_128_GCM_SHA256, TLS_ECDHE_ECDSA_WITH_CHACHA20_POLY1305_SHA256, TLS_ECDHE_RSA_WITH_AES_256_GCM_SHA384, TLS_ECDHE_RSA_WITH_CHACHA20_POLY1305_SHA256, TLS_ECDHE_RSA_WITH_AES_128_GCM_SHA256, TLS_DHE_RSA_WITH_AES_256_GCM_SHA384, TLS_DHE_RSA_WITH_CHACHA20_POLY1305_SHA256, TLS_DHE_DSS_WITH_AES_256_GCM_SHA384, TLS_DHE_RSA_WITH_AES_128_GCM_SHA256, TLS_DHE_DSS_WITH_AES_128_GCM_SHA256, TLS_ECDHE_ECDSA_WITH_AES_256_CBC_SHA384, TLS_ECDHE_RSA_WITH_AES_256_CBC_SHA384, TLS_ECDHE_ECDSA_WITH_AES_128_CBC_SHA256, TLS_ECDHE_RSA_WITH_AES_128_CBC_SHA256, TLS_DHE_RSA_WITH_AES_256_CBC_SHA256, TLS_DHE_DSS_WITH_AES_256_CBC_SHA256, TLS_DHE_RSA_WITH_AES_128_CBC_SHA256, TLS_DHE_DSS_WITH_AES_128_CBC_SHA256, TLS_ECDHE_ECDSA_WITH_AES_256_CBC_SHA, TLS_ECDHE_RSA_WITH_AES_256_CBC_SHA, TLS_ECDHE_ECDSA_WITH_AES_128_CBC_SHA, TLS_ECDHE_RSA_WITH_AES_128_CBC_SHA, TLS_DHE_RSA_WITH_AES_256_CBC_SHA, TLS_DHE_DSS_WITH_AES_256_CBC_SHA, TLS_DHE_RSA_WITH_AES_128_CBC_SHA, TLS_DHE_DSS_WITH_AES_128_CBC_SHA, TLS_RSA_WITH_AES_256_GCM_SHA384, TLS_RSA_WITH_AES_128_GCM_SHA256, TLS_RSA_WITH_AES_256_CBC_SHA256, TLS_RSA_WITH_AES_128_CBC_SHA256, TLS_RSA_WITH_AES_256_CBC_SHA, TLS_RSA_WITH_AES_128_CBC_SHA, TLS_EMPTY_RENEGOTIATION_INFO_SCSV]
21:37:06.350 [main] DEBUG org.apache.http.conn.ssl.SSLConnectionSocketFactory -- Starting handshake
21:37:06.464 [main] DEBUG org.apache.http.conn.ssl.SSLConnectionSocketFactory -- Secure session established
21:37:06.465 [main] DEBUG org.apache.http.conn.ssl.SSLConnectionSocketFactory --  negotiated protocol: TLSv1.3
21:37:06.465 [main] DEBUG org.apache.http.conn.ssl.SSLConnectionSocketFactory --  negotiated cipher suite: TLS_AES_256_GCM_SHA384
21:37:06.465 [main] DEBUG org.apache.http.conn.ssl.SSLConnectionSocketFactory --  peer principal: CN=serverest.dev
21:37:06.465 [main] DEBUG org.apache.http.conn.ssl.SSLConnectionSocketFactory --  peer alternative names: [serverest.dev]
21:37:06.465 [main] DEBUG org.apache.http.conn.ssl.SSLConnectionSocketFactory --  issuer principal: CN=WR3, O=Google Trust Services, C=US
21:37:06.465 [main] DEBUG org.apache.http.impl.conn.DefaultHttpClientConnectionOperator -- Connection established 192.168.18.98:55876<->216.239.34.21:443
21:37:06.465 [main] DEBUG org.apache.http.impl.conn.DefaultManagedHttpClientConnection -- http-outgoing-8: set socket timeout to 30000
21:37:06.465 [main] DEBUG org.apache.http.impl.execchain.MainClientExec -- Executing request PUT /usuarios/idNoExistente123 HTTP/1.1
21:37:06.465 [main] DEBUG org.apache.http.impl.execchain.MainClientExec -- Target auth state: UNCHALLENGED
21:37:06.465 [main] DEBUG org.apache.http.impl.execchain.MainClientExec -- Proxy auth state: UNCHALLENGED
21:37:06.465 [main] DEBUG org.apache.http.headers -- http-outgoing-8 >> PUT /usuarios/idNoExistente123 HTTP/1.1
21:37:06.465 [main] DEBUG org.apache.http.headers -- http-outgoing-8 >> Content-Type: application/json; charset=UTF-8
21:37:06.465 [main] DEBUG org.apache.http.headers -- http-outgoing-8 >> Content-Length: 117
21:37:06.465 [main] DEBUG org.apache.http.headers -- http-outgoing-8 >> Host: serverest.dev
21:37:06.465 [main] DEBUG org.apache.http.headers -- http-outgoing-8 >> Connection: Keep-Alive
21:37:06.465 [main] DEBUG org.apache.http.headers -- http-outgoing-8 >> User-Agent: Apache-HttpClient/4.5.14 (Java/17.0.15)
21:37:06.465 [main] DEBUG org.apache.http.headers -- http-outgoing-8 >> Accept-Encoding: gzip,deflate
21:37:06.465 [main] DEBUG org.apache.http.wire -- http-outgoing-8 >> "PUT /usuarios/idNoExistente123 HTTP/1.1[\r][\n]"
21:37:06.465 [main] DEBUG org.apache.http.wire -- http-outgoing-8 >> "Content-Type: application/json; charset=UTF-8[\r][\n]"
21:37:06.465 [main] DEBUG org.apache.http.wire -- http-outgoing-8 >> "Content-Length: 117[\r][\n]"
21:37:06.465 [main] DEBUG org.apache.http.wire -- http-outgoing-8 >> "Host: serverest.dev[\r][\n]"
21:37:06.465 [main] DEBUG org.apache.http.wire -- http-outgoing-8 >> "Connection: Keep-Alive[\r][\n]"
21:37:06.465 [main] DEBUG org.apache.http.wire -- http-outgoing-8 >> "User-Agent: Apache-HttpClient/4.5.14 (Java/17.0.15)[\r][\n]"
21:37:06.465 [main] DEBUG org.apache.http.wire -- http-outgoing-8 >> "Accept-Encoding: gzip,deflate[\r][\n]"
21:37:06.465 [main] DEBUG org.apache.http.wire -- http-outgoing-8 >> "[\r][\n]"
21:37:06.465 [main] DEBUG org.apache.http.wire -- http-outgoing-8 >> "{"nome":"Novo Usuario","email":"user_2025-07-15T2137062623952@qa.com.br","password":"123456","administrador":"false"}"
21:37:06.631 [main] DEBUG org.apache.http.wire -- http-outgoing-8 << "HTTP/1.1 201 Created[\r][\n]"
21:37:06.631 [main] DEBUG org.apache.http.wire -- http-outgoing-8 << "access-control-allow-origin: *[\r][\n]"
21:37:06.631 [main] DEBUG org.apache.http.wire -- http-outgoing-8 << "x-dns-prefetch-control: off[\r][\n]"
21:37:06.631 [main] DEBUG org.apache.http.wire -- http-outgoing-8 << "x-frame-options: SAMEORIGIN[\r][\n]"
21:37:06.631 [main] DEBUG org.apache.http.wire -- http-outgoing-8 << "strict-transport-security: max-age=15552000; includeSubDomains[\r][\n]"
21:37:06.631 [main] DEBUG org.apache.http.wire -- http-outgoing-8 << "x-download-options: noopen[\r][\n]"
21:37:06.631 [main] DEBUG org.apache.http.wire -- http-outgoing-8 << "x-content-type-options: nosniff[\r][\n]"
21:37:06.631 [main] DEBUG org.apache.http.wire -- http-outgoing-8 << "x-xss-protection: 1; mode=block[\r][\n]"
21:37:06.631 [main] DEBUG org.apache.http.wire -- http-outgoing-8 << "content-type: application/json; charset=utf-8[\r][\n]"
21:37:06.631 [main] DEBUG org.apache.http.wire -- http-outgoing-8 << "x-cloud-trace-context: e66395e676c194470c236d969d7eb1f3[\r][\n]"
21:37:06.631 [main] DEBUG org.apache.http.wire -- http-outgoing-8 << "date: Wed, 16 Jul 2025 02:37:06 GMT[\r][\n]"
21:37:06.631 [main] DEBUG org.apache.http.wire -- http-outgoing-8 << "server: Google Frontend[\r][\n]"
21:37:06.631 [main] DEBUG org.apache.http.wire -- http-outgoing-8 << "Content-Length: 82[\r][\n]"
21:37:06.631 [main] DEBUG org.apache.http.wire -- http-outgoing-8 << "[\r][\n]"
21:37:06.631 [main] DEBUG org.apache.http.wire -- http-outgoing-8 << "{[\n]"
21:37:06.631 [main] DEBUG org.apache.http.wire -- http-outgoing-8 << "    "message": "Cadastro realizado com sucesso",[\n]"
21:37:06.631 [main] DEBUG org.apache.http.wire -- http-outgoing-8 << "    "_id": "Lg9Ow35mMncsGaI0"[\n]"
21:37:06.631 [main] DEBUG org.apache.http.wire -- http-outgoing-8 << "}"
21:37:06.631 [main] DEBUG org.apache.http.headers -- http-outgoing-8 << HTTP/1.1 201 Created
21:37:06.631 [main] DEBUG org.apache.http.headers -- http-outgoing-8 << access-control-allow-origin: *
21:37:06.631 [main] DEBUG org.apache.http.headers -- http-outgoing-8 << x-dns-prefetch-control: off
21:37:06.631 [main] DEBUG org.apache.http.headers -- http-outgoing-8 << x-frame-options: SAMEORIGIN
21:37:06.631 [main] DEBUG org.apache.http.headers -- http-outgoing-8 << strict-transport-security: max-age=15552000; includeSubDomains
21:37:06.631 [main] DEBUG org.apache.http.headers -- http-outgoing-8 << x-download-options: noopen
21:37:06.631 [main] DEBUG org.apache.http.headers -- http-outgoing-8 << x-content-type-options: nosniff
21:37:06.631 [main] DEBUG org.apache.http.headers -- http-outgoing-8 << x-xss-protection: 1; mode=block
21:37:06.631 [main] DEBUG org.apache.http.headers -- http-outgoing-8 << content-type: application/json; charset=utf-8
21:37:06.631 [main] DEBUG org.apache.http.headers -- http-outgoing-8 << x-cloud-trace-context: e66395e676c194470c236d969d7eb1f3
21:37:06.631 [main] DEBUG org.apache.http.headers -- http-outgoing-8 << date: Wed, 16 Jul 2025 02:37:06 GMT
21:37:06.631 [main] DEBUG org.apache.http.headers -- http-outgoing-8 << server: Google Frontend
21:37:06.631 [main] DEBUG org.apache.http.headers -- http-outgoing-8 << Content-Length: 82
21:37:06.631 [main] DEBUG org.apache.http.impl.execchain.MainClientExec -- Connection can be kept alive indefinitely
21:37:06.631 [main] DEBUG org.apache.http.impl.conn.PoolingHttpClientConnectionManager -- Connection [id: 8][route: {s}->https://serverest.dev:443] can be kept alive indefinitely
21:37:06.631 [main] DEBUG org.apache.http.impl.conn.DefaultManagedHttpClientConnection -- http-outgoing-8: set socket timeout to 0
21:37:06.631 [main] DEBUG org.apache.http.impl.conn.PoolingHttpClientConnectionManager -- Connection released: [id: 8][route: {s}->https://serverest.dev:443][total available: 1; route allocated: 1 of 5; total allocated: 1 of 10]
21:37:06.631 [main] DEBUG org.apache.http.impl.conn.PoolingHttpClientConnectionManager -- Connection manager is shutting down
21:37:06.631 [main] DEBUG org.apache.http.impl.conn.DefaultManagedHttpClientConnection -- http-outgoing-8: Close connection
21:37:06.632 [main] DEBUG org.apache.http.impl.conn.PoolingHttpClientConnectionManager -- Connection manager shut down
21:37:06.632 [main] DEBUG com.intuit.karate -- response time in milliseconds: 365
1 < 201
1 < access-control-allow-origin: *
1 < x-dns-prefetch-control: off
1 < x-frame-options: SAMEORIGIN
1 < strict-transport-security: max-age=15552000; includeSubDomains
1 < x-download-options: noopen
1 < x-content-type-options: nosniff
1 < x-xss-protection: 1; mode=block
1 < content-type: application/json; charset=utf-8
1 < x-cloud-trace-context: e66395e676c194470c236d969d7eb1f3
1 < date: Wed, 16 Jul 2025 02:37:06 GMT
1 < server: Google Frontend
1 < Content-Length: 82
{
    "message": "Cadastro realizado com sucesso",
    "_id": "Lg9Ow35mMncsGaI0"
}

21:37:06.633 [main] DEBUG com.jayway.jsonpath.internal.path.CompiledPath -- Evaluating path: $['message']
21:37:06.635 [main] INFO com.intuit.karate -- [print] ✅ PUT /usuarios/{id} - Nuevo usuario creado -> {
  "message": "Cadastro realizado com sucesso",
  "_id": "Lg9Ow35mMncsGaI0"
}
 
]]></system-out>
  </testcase>
  <testcase name="[3:37] Error si email ya está usado" classname="users/put-users" time="0.497">
    <system-out><![CDATA[21:37:06.638 [main] DEBUG com.jayway.jsonpath.internal.path.CompiledPath -- Evaluating path: $
21:37:06.639 [main] DEBUG org.apache.http.client.protocol.RequestAddCookies -- CookieSpec selected: karate
21:37:06.639 [main] DEBUG org.apache.http.client.protocol.RequestAuthCache -- Auth cache not set in the context
21:37:06.639 [main] DEBUG com.intuit.karate -- request:
1 > PUT https://serverest.dev/usuarios/0uxuPY0cbmQhpEz1
1 > Content-Type: application/json; charset=UTF-8
1 > Content-Length: 106
1 > Host: serverest.dev
1 > Connection: Keep-Alive
1 > User-Agent: Apache-HttpClient/4.5.14 (Java/17.0.15)
1 > Accept-Encoding: gzip,deflate
{"nome":"Otro Usuario","email":"emailexistentedeqa12@qa.com.br","password":"teste","administrador":"true"}

21:37:06.639 [main] DEBUG org.apache.http.impl.conn.PoolingHttpClientConnectionManager -- Connection request: [route: {s}->https://serverest.dev:443][total available: 0; route allocated: 0 of 5; total allocated: 0 of 10]
21:37:06.639 [main] DEBUG org.apache.http.impl.conn.PoolingHttpClientConnectionManager -- Connection leased: [id: 9][route: {s}->https://serverest.dev:443][total available: 0; route allocated: 1 of 5; total allocated: 1 of 10]
21:37:06.639 [main] DEBUG org.apache.http.impl.execchain.MainClientExec -- Opening connection {s}->https://serverest.dev:443
21:37:06.639 [main] DEBUG org.apache.http.impl.conn.DefaultHttpClientConnectionOperator -- Connecting to serverest.dev/216.239.34.21:443
21:37:06.639 [main] DEBUG org.apache.http.conn.ssl.SSLConnectionSocketFactory -- Connecting socket to serverest.dev/216.239.34.21:443 with timeout 30000
21:37:06.722 [main] DEBUG org.apache.http.conn.ssl.SSLConnectionSocketFactory -- Enabled protocols: [TLSv1.3, TLSv1.2]
21:37:06.722 [main] DEBUG org.apache.http.conn.ssl.SSLConnectionSocketFactory -- Enabled cipher suites:[TLS_AES_256_GCM_SHA384, TLS_AES_128_GCM_SHA256, TLS_CHACHA20_POLY1305_SHA256, TLS_ECDHE_ECDSA_WITH_AES_256_GCM_SHA384, TLS_ECDHE_ECDSA_WITH_AES_128_GCM_SHA256, TLS_ECDHE_ECDSA_WITH_CHACHA20_POLY1305_SHA256, TLS_ECDHE_RSA_WITH_AES_256_GCM_SHA384, TLS_ECDHE_RSA_WITH_CHACHA20_POLY1305_SHA256, TLS_ECDHE_RSA_WITH_AES_128_GCM_SHA256, TLS_DHE_RSA_WITH_AES_256_GCM_SHA384, TLS_DHE_RSA_WITH_CHACHA20_POLY1305_SHA256, TLS_DHE_DSS_WITH_AES_256_GCM_SHA384, TLS_DHE_RSA_WITH_AES_128_GCM_SHA256, TLS_DHE_DSS_WITH_AES_128_GCM_SHA256, TLS_ECDHE_ECDSA_WITH_AES_256_CBC_SHA384, TLS_ECDHE_RSA_WITH_AES_256_CBC_SHA384, TLS_ECDHE_ECDSA_WITH_AES_128_CBC_SHA256, TLS_ECDHE_RSA_WITH_AES_128_CBC_SHA256, TLS_DHE_RSA_WITH_AES_256_CBC_SHA256, TLS_DHE_DSS_WITH_AES_256_CBC_SHA256, TLS_DHE_RSA_WITH_AES_128_CBC_SHA256, TLS_DHE_DSS_WITH_AES_128_CBC_SHA256, TLS_ECDHE_ECDSA_WITH_AES_256_CBC_SHA, TLS_ECDHE_RSA_WITH_AES_256_CBC_SHA, TLS_ECDHE_ECDSA_WITH_AES_128_CBC_SHA, TLS_ECDHE_RSA_WITH_AES_128_CBC_SHA, TLS_DHE_RSA_WITH_AES_256_CBC_SHA, TLS_DHE_DSS_WITH_AES_256_CBC_SHA, TLS_DHE_RSA_WITH_AES_128_CBC_SHA, TLS_DHE_DSS_WITH_AES_128_CBC_SHA, TLS_RSA_WITH_AES_256_GCM_SHA384, TLS_RSA_WITH_AES_128_GCM_SHA256, TLS_RSA_WITH_AES_256_CBC_SHA256, TLS_RSA_WITH_AES_128_CBC_SHA256, TLS_RSA_WITH_AES_256_CBC_SHA, TLS_RSA_WITH_AES_128_CBC_SHA, TLS_EMPTY_RENEGOTIATION_INFO_SCSV]
21:37:06.722 [main] DEBUG org.apache.http.conn.ssl.SSLConnectionSocketFactory -- Starting handshake
21:37:06.843 [main] DEBUG org.apache.http.conn.ssl.SSLConnectionSocketFactory -- Secure session established
21:37:06.843 [main] DEBUG org.apache.http.conn.ssl.SSLConnectionSocketFactory --  negotiated protocol: TLSv1.3
21:37:06.843 [main] DEBUG org.apache.http.conn.ssl.SSLConnectionSocketFactory --  negotiated cipher suite: TLS_AES_256_GCM_SHA384
21:37:06.843 [main] DEBUG org.apache.http.conn.ssl.SSLConnectionSocketFactory --  peer principal: CN=serverest.dev
21:37:06.843 [main] DEBUG org.apache.http.conn.ssl.SSLConnectionSocketFactory --  peer alternative names: [serverest.dev]
21:37:06.843 [main] DEBUG org.apache.http.conn.ssl.SSLConnectionSocketFactory --  issuer principal: CN=WR3, O=Google Trust Services, C=US
21:37:06.843 [main] DEBUG org.apache.http.impl.conn.DefaultHttpClientConnectionOperator -- Connection established 192.168.18.98:55881<->216.239.34.21:443
21:37:06.843 [main] DEBUG org.apache.http.impl.conn.DefaultManagedHttpClientConnection -- http-outgoing-9: set socket timeout to 30000
21:37:06.843 [main] DEBUG org.apache.http.impl.execchain.MainClientExec -- Executing request PUT /usuarios/0uxuPY0cbmQhpEz1 HTTP/1.1
21:37:06.843 [main] DEBUG org.apache.http.impl.execchain.MainClientExec -- Target auth state: UNCHALLENGED
21:37:06.843 [main] DEBUG org.apache.http.impl.execchain.MainClientExec -- Proxy auth state: UNCHALLENGED
21:37:06.843 [main] DEBUG org.apache.http.headers -- http-outgoing-9 >> PUT /usuarios/0uxuPY0cbmQhpEz1 HTTP/1.1
21:37:06.843 [main] DEBUG org.apache.http.headers -- http-outgoing-9 >> Content-Type: application/json; charset=UTF-8
21:37:06.843 [main] DEBUG org.apache.http.headers -- http-outgoing-9 >> Content-Length: 106
21:37:06.843 [main] DEBUG org.apache.http.headers -- http-outgoing-9 >> Host: serverest.dev
21:37:06.843 [main] DEBUG org.apache.http.headers -- http-outgoing-9 >> Connection: Keep-Alive
21:37:06.843 [main] DEBUG org.apache.http.headers -- http-outgoing-9 >> User-Agent: Apache-HttpClient/4.5.14 (Java/17.0.15)
21:37:06.843 [main] DEBUG org.apache.http.headers -- http-outgoing-9 >> Accept-Encoding: gzip,deflate
21:37:06.843 [main] DEBUG org.apache.http.wire -- http-outgoing-9 >> "PUT /usuarios/0uxuPY0cbmQhpEz1 HTTP/1.1[\r][\n]"
21:37:06.843 [main] DEBUG org.apache.http.wire -- http-outgoing-9 >> "Content-Type: application/json; charset=UTF-8[\r][\n]"
21:37:06.843 [main] DEBUG org.apache.http.wire -- http-outgoing-9 >> "Content-Length: 106[\r][\n]"
21:37:06.843 [main] DEBUG org.apache.http.wire -- http-outgoing-9 >> "Host: serverest.dev[\r][\n]"
21:37:06.843 [main] DEBUG org.apache.http.wire -- http-outgoing-9 >> "Connection: Keep-Alive[\r][\n]"
21:37:06.843 [main] DEBUG org.apache.http.wire -- http-outgoing-9 >> "User-Agent: Apache-HttpClient/4.5.14 (Java/17.0.15)[\r][\n]"
21:37:06.843 [main] DEBUG org.apache.http.wire -- http-outgoing-9 >> "Accept-Encoding: gzip,deflate[\r][\n]"
21:37:06.843 [main] DEBUG org.apache.http.wire -- http-outgoing-9 >> "[\r][\n]"
21:37:06.843 [main] DEBUG org.apache.http.wire -- http-outgoing-9 >> "{"nome":"Otro Usuario","email":"emailexistentedeqa12@qa.com.br","password":"teste","administrador":"true"}"
21:37:07.011 [main] DEBUG org.apache.http.wire -- http-outgoing-9 << "HTTP/1.1 400 Bad Request[\r][\n]"
21:37:07.011 [main] DEBUG org.apache.http.wire -- http-outgoing-9 << "access-control-allow-origin: *[\r][\n]"
21:37:07.011 [main] DEBUG org.apache.http.wire -- http-outgoing-9 << "x-dns-prefetch-control: off[\r][\n]"
21:37:07.011 [main] DEBUG org.apache.http.wire -- http-outgoing-9 << "x-frame-options: SAMEORIGIN[\r][\n]"
21:37:07.011 [main] DEBUG org.apache.http.wire -- http-outgoing-9 << "strict-transport-security: max-age=15552000; includeSubDomains[\r][\n]"
21:37:07.011 [main] DEBUG org.apache.http.wire -- http-outgoing-9 << "x-download-options: noopen[\r][\n]"
21:37:07.011 [main] DEBUG org.apache.http.wire -- http-outgoing-9 << "x-content-type-options: nosniff[\r][\n]"
21:37:07.011 [main] DEBUG org.apache.http.wire -- http-outgoing-9 << "x-xss-protection: 1; mode=block[\r][\n]"
21:37:07.011 [main] DEBUG org.apache.http.wire -- http-outgoing-9 << "content-type: application/json; charset=utf-8[\r][\n]"
21:37:07.011 [main] DEBUG org.apache.http.wire -- http-outgoing-9 << "x-cloud-trace-context: 3c6bc1b86efd35a30df254e12cc873ee[\r][\n]"
21:37:07.011 [main] DEBUG org.apache.http.wire -- http-outgoing-9 << "date: Wed, 16 Jul 2025 02:37:07 GMT[\r][\n]"
21:37:07.011 [main] DEBUG org.apache.http.wire -- http-outgoing-9 << "server: Google Frontend[\r][\n]"
21:37:07.011 [main] DEBUG org.apache.http.wire -- http-outgoing-9 << "Content-Length: 53[\r][\n]"
21:37:07.011 [main] DEBUG org.apache.http.wire -- http-outgoing-9 << "[\r][\n]"
21:37:07.011 [main] DEBUG org.apache.http.wire -- http-outgoing-9 << "{[\n]"
21:37:07.011 [main] DEBUG org.apache.http.wire -- http-outgoing-9 << "    "message": "Este email j[0xc3][0xa1] est[0xc3][0xa1] sendo usado"[\n]"
21:37:07.011 [main] DEBUG org.apache.http.wire -- http-outgoing-9 << "}"
21:37:07.011 [main] DEBUG org.apache.http.headers -- http-outgoing-9 << HTTP/1.1 400 Bad Request
21:37:07.011 [main] DEBUG org.apache.http.headers -- http-outgoing-9 << access-control-allow-origin: *
21:37:07.011 [main] DEBUG org.apache.http.headers -- http-outgoing-9 << x-dns-prefetch-control: off
21:37:07.011 [main] DEBUG org.apache.http.headers -- http-outgoing-9 << x-frame-options: SAMEORIGIN
21:37:07.011 [main] DEBUG org.apache.http.headers -- http-outgoing-9 << strict-transport-security: max-age=15552000; includeSubDomains
21:37:07.011 [main] DEBUG org.apache.http.headers -- http-outgoing-9 << x-download-options: noopen
21:37:07.011 [main] DEBUG org.apache.http.headers -- http-outgoing-9 << x-content-type-options: nosniff
21:37:07.011 [main] DEBUG org.apache.http.headers -- http-outgoing-9 << x-xss-protection: 1; mode=block
21:37:07.011 [main] DEBUG org.apache.http.headers -- http-outgoing-9 << content-type: application/json; charset=utf-8
21:37:07.011 [main] DEBUG org.apache.http.headers -- http-outgoing-9 << x-cloud-trace-context: 3c6bc1b86efd35a30df254e12cc873ee
21:37:07.011 [main] DEBUG org.apache.http.headers -- http-outgoing-9 << date: Wed, 16 Jul 2025 02:37:07 GMT
21:37:07.011 [main] DEBUG org.apache.http.headers -- http-outgoing-9 << server: Google Frontend
21:37:07.011 [main] DEBUG org.apache.http.headers -- http-outgoing-9 << Content-Length: 53
21:37:07.012 [main] DEBUG org.apache.http.impl.execchain.MainClientExec -- Connection can be kept alive indefinitely
21:37:07.012 [main] DEBUG org.apache.http.impl.conn.PoolingHttpClientConnectionManager -- Connection [id: 9][route: {s}->https://serverest.dev:443] can be kept alive indefinitely
21:37:07.012 [main] DEBUG org.apache.http.impl.conn.DefaultManagedHttpClientConnection -- http-outgoing-9: set socket timeout to 0
21:37:07.012 [main] DEBUG org.apache.http.impl.conn.PoolingHttpClientConnectionManager -- Connection released: [id: 9][route: {s}->https://serverest.dev:443][total available: 1; route allocated: 1 of 5; total allocated: 1 of 10]
21:37:07.012 [main] DEBUG org.apache.http.impl.conn.PoolingHttpClientConnectionManager -- Connection manager is shutting down
21:37:07.012 [main] DEBUG org.apache.http.impl.conn.DefaultManagedHttpClientConnection -- http-outgoing-9: Close connection
21:37:07.012 [main] DEBUG org.apache.http.impl.conn.PoolingHttpClientConnectionManager -- Connection manager shut down
21:37:07.012 [main] DEBUG com.intuit.karate -- response time in milliseconds: 373
1 < 400
1 < access-control-allow-origin: *
1 < x-dns-prefetch-control: off
1 < x-frame-options: SAMEORIGIN
1 < strict-transport-security: max-age=15552000; includeSubDomains
1 < x-download-options: noopen
1 < x-content-type-options: nosniff
1 < x-xss-protection: 1; mode=block
1 < content-type: application/json; charset=utf-8
1 < x-cloud-trace-context: 3c6bc1b86efd35a30df254e12cc873ee
1 < date: Wed, 16 Jul 2025 02:37:07 GMT
1 < server: Google Frontend
1 < Content-Length: 53
{
    "message": "Este email já está sendo usado"
}

21:37:07.013 [main] DEBUG com.jayway.jsonpath.internal.path.CompiledPath -- Evaluating path: $['message']
21:37:07.014 [main] INFO com.intuit.karate -- [print] ❌ PUT /usuarios/{id} error email usado -> {
  "message": "Este email já está sendo usado"
}
 
21:37:07.018 [main] DEBUG org.thymeleaf.TemplateEngine -- [THYMELEAF] INITIALIZING TEMPLATE ENGINE
21:37:07.023 [main] DEBUG org.thymeleaf.TemplateEngine.CONFIG -- Initializing Thymeleaf Template engine configuration...
[THYMELEAF] TEMPLATE ENGINE CONFIGURATION:
[THYMELEAF] * Thymeleaf version: 3.1.2.RELEASE (built 2023-07-30T19:25:50+0000)
[THYMELEAF] * Cache Manager implementation: org.thymeleaf.cache.StandardCacheManager
[THYMELEAF] * Template resolvers:
[THYMELEAF]     * [1] com.intuit.karate.template.ResourceHtmlTemplateResolver
[THYMELEAF] * Message resolvers:
[THYMELEAF]     * org.thymeleaf.messageresolver.StandardMessageResolver
[THYMELEAF] * Link builders:
[THYMELEAF]     * org.thymeleaf.linkbuilder.StandardLinkBuilder
[THYMELEAF] * Dialect [1 of 2]: Standard (com.intuit.karate.template.KarateStandardDialect)
[THYMELEAF]     * Prefix: "th"
[THYMELEAF]     * Processors for Template Mode: HTML
[THYMELEAF]         * Element Tag Processors by [matching element and attribute name] [precedence]:
[THYMELEAF]             * [* {th:include,data-th-include}] [100]: org.thymeleaf.standard.processor.StandardIncludeTagProcessor
[THYMELEAF]             * [* {th:insert,data-th-insert}] [100]: org.thymeleaf.standard.processor.StandardInsertTagProcessor
[THYMELEAF]             * [* {th:replace,data-th-replace}] [100]: org.thymeleaf.standard.processor.StandardReplaceTagProcessor
[THYMELEAF]             * [* {th:each,data-th-each}] [200]: com.intuit.karate.template.KarateEachTagProcessor
[THYMELEAF]             * [* {th:switch,data-th-switch}] [250]: org.thymeleaf.standard.processor.StandardSwitchTagProcessor
[THYMELEAF]             * [* {th:case,data-th-case}] [275]: org.thymeleaf.standard.processor.StandardCaseTagProcessor
[THYMELEAF]             * [* {th:if,data-th-if}] [300]: org.thymeleaf.standard.processor.StandardIfTagProcessor
[THYMELEAF]             * [* {th:unless,data-th-unless}] [400]: org.thymeleaf.standard.processor.StandardUnlessTagProcessor
[THYMELEAF]             * [* {th:object,data-th-object}] [500]: org.thymeleaf.standard.processor.StandardObjectTagProcessor
[THYMELEAF]             * [* {th:with,data-th-with}] [600]: com.intuit.karate.template.KarateWithTagProcessor
[THYMELEAF]             * [* {th:attr,data-th-attr}] [700]: com.intuit.karate.template.KarateAttributeTagProcessor.KarateAttrTagProcessor
[THYMELEAF]             * [* {th:attrappend,data-th-attrappend}] [900]: com.intuit.karate.template.KarateAttributeTagProcessor.KarateAttrappendTagProcessor
[THYMELEAF]             * [* {th:attrprepend,data-th-attrprepend}] [900]: com.intuit.karate.template.KarateAttributeTagProcessor.KarateAttrprependTagProcessor
[THYMELEAF]             * [* {th:alt-title,data-th-alt-title}] [990]: org.thymeleaf.standard.processor.StandardAltTitleTagProcessor
[THYMELEAF]             * [* {th:lang-xmllang,data-th-lang-xmllang}] [990]: org.thymeleaf.standard.processor.StandardLangXmlLangTagProcessor
[THYMELEAF]             * [* {th:action,data-th-action}] [1000]: org.thymeleaf.standard.processor.StandardActionTagProcessor
[THYMELEAF]             * [* {th:open,data-th-open}] [1000]: org.thymeleaf.standard.processor.StandardConditionalFixedValueTagProcessor
[THYMELEAF]             * [* {th:seamless,data-th-seamless}] [1000]: org.thymeleaf.standard.processor.StandardConditionalFixedValueTagProcessor
[THYMELEAF]             * [* {th:autofocus,data-th-autofocus}] [1000]: org.thymeleaf.standard.processor.StandardConditionalFixedValueTagProcessor
[THYMELEAF]             * [* {th:required,data-th-required}] [1000]: org.thymeleaf.standard.processor.StandardConditionalFixedValueTagProcessor
[THYMELEAF]             * [* {th:checked,data-th-checked}] [1000]: org.thymeleaf.standard.processor.StandardConditionalFixedValueTagProcessor
[THYMELEAF]             * [* {th:controls,data-th-controls}] [1000]: org.thymeleaf.standard.processor.StandardConditionalFixedValueTagProcessor
[THYMELEAF]             * [* {th:selected,data-th-selected}] [1000]: org.thymeleaf.standard.processor.StandardConditionalFixedValueTagProcessor
[THYMELEAF]             * [* {th:formnovalidate,data-th-formnovalidate}] [1000]: org.thymeleaf.standard.processor.StandardConditionalFixedValueTagProcessor
[THYMELEAF]             * [* {th:scoped,data-th-scoped}] [1000]: org.thymeleaf.standard.processor.StandardConditionalFixedValueTagProcessor
[THYMELEAF]             * [* {th:loop,data-th-loop}] [1000]: org.thymeleaf.standard.processor.StandardConditionalFixedValueTagProcessor
[THYMELEAF]             * [* {th:default,data-th-default}] [1000]: org.thymeleaf.standard.processor.StandardConditionalFixedValueTagProcessor
[THYMELEAF]             * [* {th:disabled,data-th-disabled}] [1000]: org.thymeleaf.standard.processor.StandardConditionalFixedValueTagProcessor
[THYMELEAF]             * [* {th:novalidate,data-th-novalidate}] [1000]: org.thymeleaf.standard.processor.StandardConditionalFixedValueTagProcessor
[THYMELEAF]             * [* {th:defer,data-th-defer}] [1000]: org.thymeleaf.standard.processor.StandardConditionalFixedValueTagProcessor
[THYMELEAF]             * [* {th:autoplay,data-th-autoplay}] [1000]: org.thymeleaf.standard.processor.StandardConditionalFixedValueTagProcessor
[THYMELEAF]             * [* {th:pubdate,data-th-pubdate}] [1000]: org.thymeleaf.standard.processor.StandardConditionalFixedValueTagProcessor
[THYMELEAF]             * [* {th:nowrap,data-th-nowrap}] [1000]: org.thymeleaf.standard.processor.StandardConditionalFixedValueTagProcessor
[THYMELEAF]             * [* {th:reversed,data-th-reversed}] [1000]: org.thymeleaf.standard.processor.StandardConditionalFixedValueTagProcessor
[THYMELEAF]             * [* {th:hidden,data-th-hidden}] [1000]: org.thymeleaf.standard.processor.StandardConditionalFixedValueTagProcessor
[THYMELEAF]             * [* {th:readonly,data-th-readonly}] [1000]: org.thymeleaf.standard.processor.StandardConditionalFixedValueTagProcessor
[THYMELEAF]             * [* {th:async,data-th-async}] [1000]: org.thymeleaf.standard.processor.StandardConditionalFixedValueTagProcessor
[THYMELEAF]             * [* {th:multiple,data-th-multiple}] [1000]: org.thymeleaf.standard.processor.StandardConditionalFixedValueTagProcessor
[THYMELEAF]             * [* {th:ismap,data-th-ismap}] [1000]: org.thymeleaf.standard.processor.StandardConditionalFixedValueTagProcessor
[THYMELEAF]             * [* {th:declare,data-th-declare}] [1000]: org.thymeleaf.standard.processor.StandardConditionalFixedValueTagProcessor
[THYMELEAF]             * [* {th:onseeked,data-th-onseeked}] [1000]: org.thymeleaf.standard.processor.StandardDOMEventAttributeTagProcessor
[THYMELEAF]             * [* {th:onstalled,data-th-onstalled}] [1000]: org.thymeleaf.standard.processor.StandardDOMEventAttributeTagProcessor
[THYMELEAF]             * [* {th:ondragenter,data-th-ondragenter}] [1000]: org.thymeleaf.standard.processor.StandardDOMEventAttributeTagProcessor
[THYMELEAF]             * [* {th:onclick,data-th-onclick}] [1000]: org.thymeleaf.standard.processor.StandardDOMEventAttributeTagProcessor
[THYMELEAF]             * [* {th:onloadeddata,data-th-onloadeddata}] [1000]: org.thymeleaf.standard.processor.StandardDOMEventAttributeTagProcessor
[THYMELEAF]             * [* {th:onbeforeprint,data-th-onbeforeprint}] [1000]: org.thymeleaf.standard.processor.StandardDOMEventAttributeTagProcessor
[THYMELEAF]             * [* {th:onreadystatechange,data-th-onreadystatechange}] [1000]: org.thymeleaf.standard.processor.StandardDOMEventAttributeTagProcessor
[THYMELEAF]             * [* {th:oncontextmenu,data-th-oncontextmenu}] [1000]: org.thymeleaf.standard.processor.StandardDOMEventAttributeTagProcessor
[THYMELEAF]             * [* {th:onundo,data-th-onundo}] [1000]: org.thymeleaf.standard.processor.StandardDOMEventAttributeTagProcessor
[THYMELEAF]             * [* {th:onafterprint,data-th-onafterprint}] [1000]: org.thymeleaf.standard.processor.StandardDOMEventAttributeTagProcessor
[THYMELEAF]             * [* {th:onmessage,data-th-onmessage}] [1000]: org.thymeleaf.standard.processor.StandardDOMEventAttributeTagProcessor
[THYMELEAF]             * [* {th:onkeyup,data-th-onkeyup}] [1000]: org.thymeleaf.standard.processor.StandardDOMEventAttributeTagProcessor
[THYMELEAF]             * [* {th:oninvalid,data-th-oninvalid}] [1000]: org.thymeleaf.standard.processor.StandardDOMEventAttributeTagProcessor
[THYMELEAF]             * [* {th:onscroll,data-th-onscroll}] [1000]: org.thymeleaf.standard.processor.StandardDOMEventAttributeTagProcessor
[THYMELEAF]             * [* {th:ondrop,data-th-ondrop}] [1000]: org.thymeleaf.standard.processor.StandardDOMEventAttributeTagProcessor
[THYMELEAF]             * [* {th:onsubmit,data-th-onsubmit}] [1000]: org.thymeleaf.standard.processor.StandardDOMEventAttributeTagProcessor
[THYMELEAF]             * [* {th:onchange,data-th-onchange}] [1000]: org.thymeleaf.standard.processor.StandardDOMEventAttributeTagProcessor
[THYMELEAF]             * [* {th:onhashchange,data-th-onhashchange}] [1000]: org.thymeleaf.standard.processor.StandardDOMEventAttributeTagProcessor
[THYMELEAF]             * [* {th:onmousedown,data-th-onmousedown}] [1000]: org.thymeleaf.standard.processor.StandardDOMEventAttributeTagProcessor
[THYMELEAF]             * [* {th:onerror,data-th-onerror}] [1000]: org.thymeleaf.standard.processor.StandardDOMEventAttributeTagProcessor
[THYMELEAF]             * [* {th:onemptied,data-th-onemptied}] [1000]: org.thymeleaf.standard.processor.StandardDOMEventAttributeTagProcessor
[THYMELEAF]             * [* {th:onreset,data-th-onreset}] [1000]: org.thymeleaf.standard.processor.StandardDOMEventAttributeTagProcessor
[THYMELEAF]             * [* {th:onmouseup,data-th-onmouseup}] [1000]: org.thymeleaf.standard.processor.StandardDOMEventAttributeTagProcessor
[THYMELEAF]             * [* {th:onloadedmetadata,data-th-onloadedmetadata}] [1000]: org.thymeleaf.standard.processor.StandardDOMEventAttributeTagProcessor
[THYMELEAF]             * [* {th:onplay,data-th-onplay}] [1000]: org.thymeleaf.standard.processor.StandardDOMEventAttributeTagProcessor
[THYMELEAF]             * [* {th:onkeydown,data-th-onkeydown}] [1000]: org.thymeleaf.standard.processor.StandardDOMEventAttributeTagProcessor
[THYMELEAF]             * [* {th:onunload,data-th-onunload}] [1000]: org.thymeleaf.standard.processor.StandardDOMEventAttributeTagProcessor
[THYMELEAF]             * [* {th:onabort,data-th-onabort}] [1000]: org.thymeleaf.standard.processor.StandardDOMEventAttributeTagProcessor
[THYMELEAF]             * [* {th:onsuspend,data-th-onsuspend}] [1000]: org.thymeleaf.standard.processor.StandardDOMEventAttributeTagProcessor
[THYMELEAF]             * [* {th:onfocus,data-th-onfocus}] [1000]: org.thymeleaf.standard.processor.StandardDOMEventAttributeTagProcessor
[THYMELEAF]             * [* {th:ononline,data-th-ononline}] [1000]: org.thymeleaf.standard.processor.StandardDOMEventAttributeTagProcessor
[THYMELEAF]             * [* {th:onload,data-th-onload}] [1000]: org.thymeleaf.standard.processor.StandardDOMEventAttributeTagProcessor
[THYMELEAF]             * [* {th:onmousemove,data-th-onmousemove}] [1000]: org.thymeleaf.standard.processor.StandardDOMEventAttributeTagProcessor
[THYMELEAF]             * [* {th:onblur,data-th-onblur}] [1000]: org.thymeleaf.standard.processor.StandardDOMEventAttributeTagProcessor
[THYMELEAF]             * [* {th:oninput,data-th-oninput}] [1000]: org.thymeleaf.standard.processor.StandardDOMEventAttributeTagProcessor
[THYMELEAF]             * [* {th:onprogress,data-th-onprogress}] [1000]: org.thymeleaf.standard.processor.StandardDOMEventAttributeTagProcessor
[THYMELEAF]             * [* {th:ondragend,data-th-ondragend}] [1000]: org.thymeleaf.standard.processor.StandardDOMEventAttributeTagProcessor
[THYMELEAF]             * [* {th:onpause,data-th-onpause}] [1000]: org.thymeleaf.standard.processor.StandardDOMEventAttributeTagProcessor
[THYMELEAF]             * [* {th:onplaying,data-th-onplaying}] [1000]: org.thymeleaf.standard.processor.StandardDOMEventAttributeTagProcessor
[THYMELEAF]             * [* {th:ontimeupdate,data-th-ontimeupdate}] [1000]: org.thymeleaf.standard.processor.StandardDOMEventAttributeTagProcessor
[THYMELEAF]             * [* {th:onresize,data-th-onresize}] [1000]: org.thymeleaf.standard.processor.StandardDOMEventAttributeTagProcessor
[THYMELEAF]             * [* {th:oncanplaythrough,data-th-oncanplaythrough}] [1000]: org.thymeleaf.standard.processor.StandardDOMEventAttributeTagProcessor
[THYMELEAF]             * [* {th:ondragleave,data-th-ondragleave}] [1000]: org.thymeleaf.standard.processor.StandardDOMEventAttributeTagProcessor
[THYMELEAF]             * [* {th:onseeking,data-th-onseeking}] [1000]: org.thymeleaf.standard.processor.StandardDOMEventAttributeTagProcessor
[THYMELEAF]             * [* {th:ondurationchange,data-th-ondurationchange}] [1000]: org.thymeleaf.standard.processor.StandardDOMEventAttributeTagProcessor
[THYMELEAF]             * [* {th:onformchange,data-th-onformchange}] [1000]: org.thymeleaf.standard.processor.StandardDOMEventAttributeTagProcessor
[THYMELEAF]             * [* {th:ondragover,data-th-ondragover}] [1000]: org.thymeleaf.standard.processor.StandardDOMEventAttributeTagProcessor
[THYMELEAF]             * [* {th:onshow,data-th-onshow}] [1000]: org.thymeleaf.standard.processor.StandardDOMEventAttributeTagProcessor
[THYMELEAF]             * [* {th:onkeypress,data-th-onkeypress}] [1000]: org.thymeleaf.standard.processor.StandardDOMEventAttributeTagProcessor
[THYMELEAF]             * [* {th:onended,data-th-onended}] [1000]: org.thymeleaf.standard.processor.StandardDOMEventAttributeTagProcessor
[THYMELEAF]             * [* {th:onmousewheel,data-th-onmousewheel}] [1000]: org.thymeleaf.standard.processor.StandardDOMEventAttributeTagProcessor
[THYMELEAF]             * [* {th:onpopstate,data-th-onpopstate}] [1000]: org.thymeleaf.standard.processor.StandardDOMEventAttributeTagProcessor
[THYMELEAF]             * [* {th:onratechange,data-th-onratechange}] [1000]: org.thymeleaf.standard.processor.StandardDOMEventAttributeTagProcessor
[THYMELEAF]             * [* {th:onmouseout,data-th-onmouseout}] [1000]: org.thymeleaf.standard.processor.StandardDOMEventAttributeTagProcessor
[THYMELEAF]             * [* {th:onselect,data-th-onselect}] [1000]: org.thymeleaf.standard.processor.StandardDOMEventAttributeTagProcessor
[THYMELEAF]             * [* {th:onmouseover,data-th-onmouseover}] [1000]: org.thymeleaf.standard.processor.StandardDOMEventAttributeTagProcessor
[THYMELEAF]             * [* {th:onstorage,data-th-onstorage}] [1000]: org.thymeleaf.standard.processor.StandardDOMEventAttributeTagProcessor
[THYMELEAF]             * [* {th:ondblclick,data-th-ondblclick}] [1000]: org.thymeleaf.standard.processor.StandardDOMEventAttributeTagProcessor
[THYMELEAF]             * [* {th:onoffline,data-th-onoffline}] [1000]: org.thymeleaf.standard.processor.StandardDOMEventAttributeTagProcessor
[THYMELEAF]             * [* {th:ondrag,data-th-ondrag}] [1000]: org.thymeleaf.standard.processor.StandardDOMEventAttributeTagProcessor
[THYMELEAF]             * [* {th:onforminput,data-th-onforminput}] [1000]: org.thymeleaf.standard.processor.StandardDOMEventAttributeTagProcessor
[THYMELEAF]             * [* {th:onbeforeunload,data-th-onbeforeunload}] [1000]: org.thymeleaf.standard.processor.StandardDOMEventAttributeTagProcessor
[THYMELEAF]             * [* {th:onredo,data-th-onredo}] [1000]: org.thymeleaf.standard.processor.StandardDOMEventAttributeTagProcessor
[THYMELEAF]             * [* {th:ondragstart,data-th-ondragstart}] [1000]: org.thymeleaf.standard.processor.StandardDOMEventAttributeTagProcessor
[THYMELEAF]             * [* {th:onloadstart,data-th-onloadstart}] [1000]: org.thymeleaf.standard.processor.StandardDOMEventAttributeTagProcessor
[THYMELEAF]             * [* {th:onvolumechange,data-th-onvolumechange}] [1000]: org.thymeleaf.standard.processor.StandardDOMEventAttributeTagProcessor
[THYMELEAF]             * [* {th:oncanplay,data-th-oncanplay}] [1000]: org.thymeleaf.standard.processor.StandardDOMEventAttributeTagProcessor
[THYMELEAF]             * [* {th:onwaiting,data-th-onwaiting}] [1000]: org.thymeleaf.standard.processor.StandardDOMEventAttributeTagProcessor
[THYMELEAF]             * [* {th:href,data-th-href}] [1000]: org.thymeleaf.standard.processor.StandardHrefTagProcessor
[THYMELEAF]             * [* {th:inline,data-th-inline}] [1000]: org.thymeleaf.standard.processor.StandardInlineHTMLTagProcessor
[THYMELEAF]             * [* {th:method,data-th-method}] [1000]: org.thymeleaf.standard.processor.StandardMethodTagProcessor
[THYMELEAF]             * [* {th:name,data-th-name}] [1000]: org.thymeleaf.standard.processor.StandardNonRemovableAttributeTagProcessor
[THYMELEAF]             * [* {th:type,data-th-type}] [1000]: org.thymeleaf.standard.processor.StandardNonRemovableAttributeTagProcessor
[THYMELEAF]             * [* {th:keytype,data-th-keytype}] [1000]: org.thymeleaf.standard.processor.StandardRemovableAttributeTagProcessor
[THYMELEAF]             * [* {th:title,data-th-title}] [1000]: org.thymeleaf.standard.processor.StandardRemovableAttributeTagProcessor
[THYMELEAF]             * [* {th:rowspan,data-th-rowspan}] [1000]: org.thymeleaf.standard.processor.StandardRemovableAttributeTagProcessor
[THYMELEAF]             * [* {th:contenteditable,data-th-contenteditable}] [1000]: org.thymeleaf.standard.processor.StandardRemovableAttributeTagProcessor
[THYMELEAF]             * [* {th:scope,data-th-scope}] [1000]: org.thymeleaf.standard.processor.StandardRemovableAttributeTagProcessor
[THYMELEAF]             * [* {th:manifest,data-th-manifest}] [1000]: org.thymeleaf.standard.processor.StandardRemovableAttributeTagProcessor
[THYMELEAF]             * [* {th:colspan,data-th-colspan}] [1000]: org.thymeleaf.standard.processor.StandardRemovableAttributeTagProcessor
[THYMELEAF]             * [* {th:rev,data-th-rev}] [1000]: org.thymeleaf.standard.processor.StandardRemovableAttributeTagProcessor
[THYMELEAF]             * [* {th:cite,data-th-cite}] [1000]: org.thymeleaf.standard.processor.StandardRemovableAttributeTagProcessor
[THYMELEAF]             * [* {th:frame,data-th-frame}] [1000]: org.thymeleaf.standard.processor.StandardRemovableAttributeTagProcessor
[THYMELEAF]             * [* {th:lang,data-th-lang}] [1000]: org.thymeleaf.standard.processor.StandardRemovableAttributeTagProcessor
[THYMELEAF]             * [* {th:datetime,data-th-datetime}] [1000]: org.thymeleaf.standard.processor.StandardRemovableAttributeTagProcessor
[THYMELEAF]             * [* {th:archive,data-th-archive}] [1000]: org.thymeleaf.standard.processor.StandardRemovableAttributeTagProcessor
[THYMELEAF]             * [* {th:codebase,data-th-codebase}] [1000]: org.thymeleaf.standard.processor.StandardRemovableAttributeTagProcessor
[THYMELEAF]             * [* {th:dropzone,data-th-dropzone}] [1000]: org.thymeleaf.standard.processor.StandardRemovableAttributeTagProcessor
[THYMELEAF]             * [* {th:size,data-th-size}] [1000]: org.thymeleaf.standard.processor.StandardRemovableAttributeTagProcessor
[THYMELEAF]             * [* {th:dir,data-th-dir}] [1000]: org.thymeleaf.standard.processor.StandardRemovableAttributeTagProcessor
[THYMELEAF]             * [* {th:formenctype,data-th-formenctype}] [1000]: org.thymeleaf.standard.processor.StandardRemovableAttributeTagProcessor
[THYMELEAF]             * [* {th:height,data-th-height}] [1000]: org.thymeleaf.standard.processor.StandardRemovableAttributeTagProcessor
[THYMELEAF]             * [* {th:codetype,data-th-codetype}] [1000]: org.thymeleaf.standard.processor.StandardRemovableAttributeTagProcessor
[THYMELEAF]             * [* {th:abbr,data-th-abbr}] [1000]: org.thymeleaf.standard.processor.StandardRemovableAttributeTagProcessor
[THYMELEAF]             * [* {th:axis,data-th-axis}] [1000]: org.thymeleaf.standard.processor.StandardRemovableAttributeTagProcessor
[THYMELEAF]             * [* {th:background,data-th-background}] [1000]: org.thymeleaf.standard.processor.StandardRemovableAttributeTagProcessor
[THYMELEAF]             * [* {th:formaction,data-th-formaction}] [1000]: org.thymeleaf.standard.processor.StandardRemovableAttributeTagProcessor
[THYMELEAF]             * [* {th:min,data-th-min}] [1000]: org.thymeleaf.standard.processor.StandardRemovableAttributeTagProcessor
[THYMELEAF]             * [* {th:border,data-th-border}] [1000]: org.thymeleaf.standard.processor.StandardRemovableAttributeTagProcessor
[THYMELEAF]             * [* {th:scrolling,data-th-scrolling}] [1000]: org.thymeleaf.standard.processor.StandardRemovableAttributeTagProcessor
[THYMELEAF]             * [* {th:classid,data-th-classid}] [1000]: org.thymeleaf.standard.processor.StandardRemovableAttributeTagProcessor
[THYMELEAF]             * [* {th:hspace,data-th-hspace}] [1000]: org.thymeleaf.standard.processor.StandardRemovableAttributeTagProcessor
[THYMELEAF]             * [* {th:maxlength,data-th-maxlength}] [1000]: org.thymeleaf.standard.processor.StandardRemovableAttributeTagProcessor
[THYMELEAF]             * [* {th:bgcolor,data-th-bgcolor}] [1000]: org.thymeleaf.standard.processor.StandardRemovableAttributeTagProcessor
[THYMELEAF]             * [* {th:audio,data-th-audio}] [1000]: org.thymeleaf.standard.processor.StandardRemovableAttributeTagProcessor
[THYMELEAF]             * [* {th:draggable,data-th-draggable}] [1000]: org.thymeleaf.standard.processor.StandardRemovableAttributeTagProcessor
[THYMELEAF]             * [* {th:width,data-th-width}] [1000]: org.thymeleaf.standard.processor.StandardRemovableAttributeTagProcessor
[THYMELEAF]             * [* {th:preload,data-th-preload}] [1000]: org.thymeleaf.standard.processor.StandardRemovableAttributeTagProcessor
[THYMELEAF]             * [* {th:rows,data-th-rows}] [1000]: org.thymeleaf.standard.processor.StandardRemovableAttributeTagProcessor
[THYMELEAF]             * [* {th:marginwidth,data-th-marginwidth}] [1000]: org.thymeleaf.standard.processor.StandardRemovableAttributeTagProcessor
[THYMELEAF]             * [* {th:headers,data-th-headers}] [1000]: org.thymeleaf.standard.processor.StandardRemovableAttributeTagProcessor
[THYMELEAF]             * [* {th:form,data-th-form}] [1000]: org.thymeleaf.standard.processor.StandardRemovableAttributeTagProcessor
[THYMELEAF]             * [* {th:id,data-th-id}] [1000]: org.thymeleaf.standard.processor.StandardRemovableAttributeTagProcessor
[THYMELEAF]             * [* {th:standby,data-th-standby}] [1000]: org.thymeleaf.standard.processor.StandardRemovableAttributeTagProcessor
[THYMELEAF]             * [* {th:span,data-th-span}] [1000]: org.thymeleaf.standard.processor.StandardRemovableAttributeTagProcessor
[THYMELEAF]             * [* {th:low,data-th-low}] [1000]: org.thymeleaf.standard.processor.StandardRemovableAttributeTagProcessor
[THYMELEAF]             * [* {th:compact,data-th-compact}] [1000]: org.thymeleaf.standard.processor.StandardRemovableAttributeTagProcessor
[THYMELEAF]             * [* {th:content,data-th-content}] [1000]: org.thymeleaf.standard.processor.StandardRemovableAttributeTagProcessor
[THYMELEAF]             * [* {th:alt,data-th-alt}] [1000]: org.thymeleaf.standard.processor.StandardRemovableAttributeTagProcessor
[THYMELEAF]             * [* {th:media,data-th-media}] [1000]: org.thymeleaf.standard.processor.StandardRemovableAttributeTagProcessor
[THYMELEAF]             * [* {th:rel,data-th-rel}] [1000]: org.thymeleaf.standard.processor.StandardRemovableAttributeTagProcessor
[THYMELEAF]             * [* {th:rules,data-th-rules}] [1000]: org.thymeleaf.standard.processor.StandardRemovableAttributeTagProcessor
[THYMELEAF]             * [* {th:spellcheck,data-th-spellcheck}] [1000]: org.thymeleaf.standard.processor.StandardRemovableAttributeTagProcessor
[THYMELEAF]             * [* {th:radiogroup,data-th-radiogroup}] [1000]: org.thymeleaf.standard.processor.StandardRemovableAttributeTagProcessor
[THYMELEAF]             * [* {th:label,data-th-label}] [1000]: org.thymeleaf.standard.processor.StandardRemovableAttributeTagProcessor
[THYMELEAF]             * [* {th:step,data-th-step}] [1000]: org.thymeleaf.standard.processor.StandardRemovableAttributeTagProcessor
[THYMELEAF]             * [* {th:sizes,data-th-sizes}] [1000]: org.thymeleaf.standard.processor.StandardRemovableAttributeTagProcessor
[THYMELEAF]             * [* {th:style,data-th-style}] [1000]: org.thymeleaf.standard.processor.StandardRemovableAttributeTagProcessor
[THYMELEAF]             * [* {th:http-equiv,data-th-http-equiv}] [1000]: org.thymeleaf.standard.processor.StandardRemovableAttributeTagProcessor
[THYMELEAF]             * [* {th:placeholder,data-th-placeholder}] [1000]: org.thymeleaf.standard.processor.StandardRemovableAttributeTagProcessor
[THYMELEAF]             * [* {th:formtarget,data-th-formtarget}] [1000]: org.thymeleaf.standard.processor.StandardRemovableAttributeTagProcessor
[THYMELEAF]             * [* {th:kind,data-th-kind}] [1000]: org.thymeleaf.standard.processor.StandardRemovableAttributeTagProcessor
[THYMELEAF]             * [* {th:challenge,data-th-challenge}] [1000]: org.thymeleaf.standard.processor.StandardRemovableAttributeTagProcessor
[THYMELEAF]             * [* {th:target,data-th-target}] [1000]: org.thymeleaf.standard.processor.StandardRemovableAttributeTagProcessor
[THYMELEAF]             * [* {th:wrap,data-th-wrap}] [1000]: org.thymeleaf.standard.processor.StandardRemovableAttributeTagProcessor
[THYMELEAF]             * [* {th:srclang,data-th-srclang}] [1000]: org.thymeleaf.standard.processor.StandardRemovableAttributeTagProcessor
[THYMELEAF]             * [* {th:start,data-th-start}] [1000]: org.thymeleaf.standard.processor.StandardRemovableAttributeTagProcessor
[THYMELEAF]             * [* {th:accesskey,data-th-accesskey}] [1000]: org.thymeleaf.standard.processor.StandardRemovableAttributeTagProcessor
[THYMELEAF]             * [* {th:accept-charset,data-th-accept-charset}] [1000]: org.thymeleaf.standard.processor.StandardRemovableAttributeTagProcessor
[THYMELEAF]             * [* {th:scheme,data-th-scheme}] [1000]: org.thymeleaf.standard.processor.StandardRemovableAttributeTagProcessor
[THYMELEAF]             * [* {th:class,data-th-class}] [1000]: org.thymeleaf.standard.processor.StandardRemovableAttributeTagProcessor
[THYMELEAF]             * [* {th:formmethod,data-th-formmethod}] [1000]: org.thymeleaf.standard.processor.StandardRemovableAttributeTagProcessor
[THYMELEAF]             * [* {th:tabindex,data-th-tabindex}] [1000]: org.thymeleaf.standard.processor.StandardRemovableAttributeTagProcessor
[THYMELEAF]             * [* {th:max,data-th-max}] [1000]: org.thymeleaf.standard.processor.StandardRemovableAttributeTagProcessor
[THYMELEAF]             * [* {th:icon,data-th-icon}] [1000]: org.thymeleaf.standard.processor.StandardRemovableAttributeTagProcessor
[THYMELEAF]             * [* {th:charset,data-th-charset}] [1000]: org.thymeleaf.standard.processor.StandardRemovableAttributeTagProcessor
[THYMELEAF]             * [* {th:cols,data-th-cols}] [1000]: org.thymeleaf.standard.processor.StandardRemovableAttributeTagProcessor
[THYMELEAF]             * [* {th:enctype,data-th-enctype}] [1000]: org.thymeleaf.standard.processor.StandardRemovableAttributeTagProcessor
[THYMELEAF]             * [* {th:hreflang,data-th-hreflang}] [1000]: org.thymeleaf.standard.processor.StandardRemovableAttributeTagProcessor
[THYMELEAF]             * [* {th:data,data-th-data}] [1000]: org.thymeleaf.standard.processor.StandardRemovableAttributeTagProcessor
[THYMELEAF]             * [* {th:for,data-th-for}] [1000]: org.thymeleaf.standard.processor.StandardRemovableAttributeTagProcessor
[THYMELEAF]             * [* {th:longdesc,data-th-longdesc}] [1000]: org.thymeleaf.standard.processor.StandardRemovableAttributeTagProcessor
[THYMELEAF]             * [* {th:usemap,data-th-usemap}] [1000]: org.thymeleaf.standard.processor.StandardRemovableAttributeTagProcessor
[THYMELEAF]             * [* {th:marginheight,data-th-marginheight}] [1000]: org.thymeleaf.standard.processor.StandardRemovableAttributeTagProcessor
[THYMELEAF]             * [* {th:cellpadding,data-th-cellpadding}] [1000]: org.thymeleaf.standard.processor.StandardRemovableAttributeTagProcessor
[THYMELEAF]             * [* {th:pattern,data-th-pattern}] [1000]: org.thymeleaf.standard.processor.StandardRemovableAttributeTagProcessor
[THYMELEAF]             * [* {th:high,data-th-high}] [1000]: org.thymeleaf.standard.processor.StandardRemovableAttributeTagProcessor
[THYMELEAF]             * [* {th:list,data-th-list}] [1000]: org.thymeleaf.standard.processor.StandardRemovableAttributeTagProcessor
[THYMELEAF]             * [* {th:autocomplete,data-th-autocomplete}] [1000]: org.thymeleaf.standard.processor.StandardRemovableAttributeTagProcessor
[THYMELEAF]             * [* {th:summary,data-th-summary}] [1000]: org.thymeleaf.standard.processor.StandardRemovableAttributeTagProcessor
[THYMELEAF]             * [* {th:accept,data-th-accept}] [1000]: org.thymeleaf.standard.processor.StandardRemovableAttributeTagProcessor
[THYMELEAF]             * [* {th:valuetype,data-th-valuetype}] [1000]: org.thymeleaf.standard.processor.StandardRemovableAttributeTagProcessor
[THYMELEAF]             * [* {th:cellspacing,data-th-cellspacing}] [1000]: org.thymeleaf.standard.processor.StandardRemovableAttributeTagProcessor
[THYMELEAF]             * [* {th:vspace,data-th-vspace}] [1000]: org.thymeleaf.standard.processor.StandardRemovableAttributeTagProcessor
[THYMELEAF]             * [* {th:optimum,data-th-optimum}] [1000]: org.thymeleaf.standard.processor.StandardRemovableAttributeTagProcessor
[THYMELEAF]             * [* {th:align,data-th-align}] [1000]: org.thymeleaf.standard.processor.StandardRemovableAttributeTagProcessor
[THYMELEAF]             * [* {th:contextmenu,data-th-contextmenu}] [1000]: org.thymeleaf.standard.processor.StandardRemovableAttributeTagProcessor
[THYMELEAF]             * [* {th:frameborder,data-th-frameborder}] [1000]: org.thymeleaf.standard.processor.StandardRemovableAttributeTagProcessor
[THYMELEAF]             * [* {th:sandbox,data-th-sandbox}] [1000]: org.thymeleaf.standard.processor.StandardRemovableAttributeTagProcessor
[THYMELEAF]             * [* {th:poster,data-th-poster}] [1000]: org.thymeleaf.standard.processor.StandardRemovableAttributeTagProcessor
[THYMELEAF]             * [* {th:src,data-th-src}] [1000]: org.thymeleaf.standard.processor.StandardSrcTagProcessor
[THYMELEAF]             * [* {th:value,data-th-value}] [1000]: org.thymeleaf.standard.processor.StandardValueTagProcessor
[THYMELEAF]             * [* {th:xmlbase,data-th-xmlbase}] [1000]: org.thymeleaf.standard.processor.StandardXmlBaseTagProcessor
[THYMELEAF]             * [* {th:xmllang,data-th-xmllang}] [1000]: org.thymeleaf.standard.processor.StandardXmlLangTagProcessor
[THYMELEAF]             * [* {xmlns:th}] [1000]: org.thymeleaf.standard.processor.StandardXmlNsTagProcessor
[THYMELEAF]             * [* {th:xmlspace,data-th-xmlspace}] [1000]: org.thymeleaf.standard.processor.StandardXmlSpaceTagProcessor
[THYMELEAF]             * [* {th:classappend,data-th-classappend}] [1100]: org.thymeleaf.standard.processor.StandardClassappendTagProcessor
[THYMELEAF]             * [* {th:styleappend,data-th-styleappend}] [1100]: org.thymeleaf.standard.processor.StandardStyleappendTagProcessor
[THYMELEAF]             * [* {th:text,data-th-text}] [1300]: org.thymeleaf.standard.processor.StandardTextTagProcessor
[THYMELEAF]             * [* {th:utext,data-th-utext}] [1400]: org.thymeleaf.standard.processor.StandardUtextTagProcessor
[THYMELEAF]             * [* {th:fragment,data-th-fragment}] [1500]: org.thymeleaf.standard.processor.StandardFragmentTagProcessor
[THYMELEAF]             * [* {th:assert,data-th-assert}] [1550]: org.thymeleaf.standard.processor.StandardAssertTagProcessor
[THYMELEAF]             * [* {th:remove,data-th-remove}] [1600]: org.thymeleaf.standard.processor.StandardRemoveTagProcessor
[THYMELEAF]             * [* {th:ref,data-th-ref}] [10000]: org.thymeleaf.standard.processor.StandardRefAttributeTagProcessor
[THYMELEAF]             * [{th:block,th-block} *] [100000]: org.thymeleaf.standard.processor.StandardBlockTagProcessor
[THYMELEAF]             * [* th:*] [2147483647]: org.thymeleaf.standard.processor.StandardDefaultAttributesTagProcessor
[THYMELEAF]         * Text Processors by [precedence]:
[THYMELEAF]             * [1000]: org.thymeleaf.standard.processor.StandardInliningTextProcessor
[THYMELEAF]         * DOCTYPE Processors by [precedence]:
[THYMELEAF]             * [1000]: org.thymeleaf.standard.processor.StandardTranslationDocTypeProcessor
[THYMELEAF]         * CDATA Section Processors by [precedence]:
[THYMELEAF]             * [1000]: org.thymeleaf.standard.processor.StandardInliningCDATASectionProcessor
[THYMELEAF]         * Comment Processors by [precedence]:
[THYMELEAF]             * [1000]: org.thymeleaf.standard.processor.StandardInliningCommentProcessor
[THYMELEAF]             * [1100]: org.thymeleaf.standard.processor.StandardConditionalCommentProcessor
[THYMELEAF]     * Processors for Template Mode: XML
[THYMELEAF]         * Element Tag Processors by [matching element and attribute name] [precedence]:
[THYMELEAF]             * [* {th:include}] [100]: org.thymeleaf.standard.processor.StandardIncludeTagProcessor
[THYMELEAF]             * [* {th:insert}] [100]: org.thymeleaf.standard.processor.StandardInsertTagProcessor
[THYMELEAF]             * [* {th:replace}] [100]: org.thymeleaf.standard.processor.StandardReplaceTagProcessor
[THYMELEAF]             * [* {th:each}] [200]: com.intuit.karate.template.KarateEachTagProcessor
[THYMELEAF]             * [* {th:switch}] [250]: org.thymeleaf.standard.processor.StandardSwitchTagProcessor
[THYMELEAF]             * [* {th:case}] [275]: org.thymeleaf.standard.processor.StandardCaseTagProcessor
[THYMELEAF]             * [* {th:if}] [300]: org.thymeleaf.standard.processor.StandardIfTagProcessor
[THYMELEAF]             * [* {th:unless}] [400]: org.thymeleaf.standard.processor.StandardUnlessTagProcessor
[THYMELEAF]             * [* {th:object}] [500]: org.thymeleaf.standard.processor.StandardObjectTagProcessor
[THYMELEAF]             * [* {th:with}] [600]: com.intuit.karate.template.KarateWithTagProcessor
[THYMELEAF]             * [* {th:attr}] [700]: com.intuit.karate.template.KarateAttributeTagProcessor.KarateAttrTagProcessor
[THYMELEAF]             * [* {th:attrappend}] [900]: com.intuit.karate.template.KarateAttributeTagProcessor.KarateAttrappendTagProcessor
[THYMELEAF]             * [* {th:attrprepend}] [900]: com.intuit.karate.template.KarateAttributeTagProcessor.KarateAttrprependTagProcessor
[THYMELEAF]             * [* {th:inline}] [1000]: org.thymeleaf.standard.processor.StandardInlineXMLTagProcessor
[THYMELEAF]             * [* {xmlns:th}] [1000]: org.thymeleaf.standard.processor.StandardXmlNsTagProcessor
[THYMELEAF]             * [* {th:text}] [1300]: org.thymeleaf.standard.processor.StandardTextTagProcessor
[THYMELEAF]             * [* {th:utext}] [1400]: org.thymeleaf.standard.processor.StandardUtextTagProcessor
[THYMELEAF]             * [* {th:fragment}] [1500]: org.thymeleaf.standard.processor.StandardFragmentTagProcessor
[THYMELEAF]             * [* {th:assert}] [1550]: org.thymeleaf.standard.processor.StandardAssertTagProcessor
[THYMELEAF]             * [* {th:remove}] [1600]: org.thymeleaf.standard.processor.StandardRemoveTagProcessor
[THYMELEAF]             * [* {th:ref}] [10000]: org.thymeleaf.standard.processor.StandardRefAttributeTagProcessor
[THYMELEAF]             * [{th:block} *] [100000]: org.thymeleaf.standard.processor.StandardBlockTagProcessor
[THYMELEAF]             * [* th:*] [2147483647]: org.thymeleaf.standard.processor.StandardDefaultAttributesTagProcessor
[THYMELEAF]         * Text Processors by [precedence]:
[THYMELEAF]             * [1000]: org.thymeleaf.standard.processor.StandardInliningTextProcessor
[THYMELEAF]         * CDATA Section Processors by [precedence]:
[THYMELEAF]             * [1000]: org.thymeleaf.standard.processor.StandardInliningCDATASectionProcessor
[THYMELEAF]         * Comment Processors by [precedence]:
[THYMELEAF]             * [1000]: org.thymeleaf.standard.processor.StandardInliningCommentProcessor
[THYMELEAF]     * Processors for Template Mode: TEXT
[THYMELEAF]         * Element Tag Processors by [matching element and attribute name] [precedence]:
[THYMELEAF]             * [* {th:insert}] [100]: org.thymeleaf.standard.processor.StandardInsertTagProcessor
[THYMELEAF]             * [* {th:replace}] [100]: org.thymeleaf.standard.processor.StandardReplaceTagProcessor
[THYMELEAF]             * [* {th:each}] [200]: com.intuit.karate.template.KarateEachTagProcessor
[THYMELEAF]             * [* {th:switch}] [250]: org.thymeleaf.standard.processor.StandardSwitchTagProcessor
[THYMELEAF]             * [* {th:case}] [275]: org.thymeleaf.standard.processor.StandardCaseTagProcessor
[THYMELEAF]             * [* {th:if}] [300]: org.thymeleaf.standard.processor.StandardIfTagProcessor
[THYMELEAF]             * [* {th:unless}] [400]: org.thymeleaf.standard.processor.StandardUnlessTagProcessor
[THYMELEAF]             * [* {th:object}] [500]: org.thymeleaf.standard.processor.StandardObjectTagProcessor
[THYMELEAF]             * [* {th:with}] [600]: com.intuit.karate.template.KarateWithTagProcessor
[THYMELEAF]             * [* {th:inline}] [1000]: org.thymeleaf.standard.processor.StandardInlineTextualTagProcessor
[THYMELEAF]             * [* {th:text}] [1300]: org.thymeleaf.standard.processor.StandardTextTagProcessor
[THYMELEAF]             * [* {th:utext}] [1400]: org.thymeleaf.standard.processor.StandardUtextTagProcessor
[THYMELEAF]             * [* {th:assert}] [1550]: org.thymeleaf.standard.processor.StandardAssertTagProcessor
[THYMELEAF]             * [* {th:remove}] [1600]: org.thymeleaf.standard.processor.StandardRemoveTagProcessor
[THYMELEAF]             * [* 100000] [org.thymeleaf.standard.processor.StandardBlockTagProcessor]: {}
[THYMELEAF]             * [{th:block} *] [100000]: org.thymeleaf.standard.processor.StandardBlockTagProcessor
[THYMELEAF]         * Text Processors by [precedence]:
[THYMELEAF]             * [1000]: org.thymeleaf.standard.processor.StandardInliningTextProcessor
[THYMELEAF]     * Processors for Template Mode: JAVASCRIPT
[THYMELEAF]         * Element Tag Processors by [matching element and attribute name] [precedence]:
[THYMELEAF]             * [* {th:insert}] [100]: org.thymeleaf.standard.processor.StandardInsertTagProcessor
[THYMELEAF]             * [* {th:replace}] [100]: org.thymeleaf.standard.processor.StandardReplaceTagProcessor
[THYMELEAF]             * [* {th:each}] [200]: com.intuit.karate.template.KarateEachTagProcessor
[THYMELEAF]             * [* {th:switch}] [250]: org.thymeleaf.standard.processor.StandardSwitchTagProcessor
[THYMELEAF]             * [* {th:case}] [275]: org.thymeleaf.standard.processor.StandardCaseTagProcessor
[THYMELEAF]             * [* {th:if}] [300]: org.thymeleaf.standard.processor.StandardIfTagProcessor
[THYMELEAF]             * [* {th:unless}] [400]: org.thymeleaf.standard.processor.StandardUnlessTagProcessor
[THYMELEAF]             * [* {th:object}] [500]: org.thymeleaf.standard.processor.StandardObjectTagProcessor
[THYMELEAF]             * [* {th:with}] [600]: com.intuit.karate.template.KarateWithTagProcessor
[THYMELEAF]             * [* {th:inline}] [1000]: org.thymeleaf.standard.processor.StandardInlineTextualTagProcessor
[THYMELEAF]             * [* {th:text}] [1300]: org.thymeleaf.standard.processor.StandardTextTagProcessor
[THYMELEAF]             * [* {th:utext}] [1400]: org.thymeleaf.standard.processor.StandardUtextTagProcessor
[THYMELEAF]             * [* {th:assert}] [1550]: org.thymeleaf.standard.processor.StandardAssertTagProcessor
[THYMELEAF]             * [* {th:remove}] [1600]: org.thymeleaf.standard.processor.StandardRemoveTagProcessor
[THYMELEAF]             * [* 100000] [org.thymeleaf.standard.processor.StandardBlockTagProcessor]: {}
[THYMELEAF]             * [{th:block} *] [100000]: org.thymeleaf.standard.processor.StandardBlockTagProcessor
[THYMELEAF]         * Text Processors by [precedence]:
[THYMELEAF]             * [1000]: org.thymeleaf.standard.processor.StandardInliningTextProcessor
[THYMELEAF]     * Processors for Template Mode: CSS
[THYMELEAF]         * Element Tag Processors by [matching element and attribute name] [precedence]:
[THYMELEAF]             * [* {th:insert}] [100]: org.thymeleaf.standard.processor.StandardInsertTagProcessor
[THYMELEAF]             * [* {th:replace}] [100]: org.thymeleaf.standard.processor.StandardReplaceTagProcessor
[THYMELEAF]             * [* {th:each}] [200]: com.intuit.karate.template.KarateEachTagProcessor
[THYMELEAF]             * [* {th:switch}] [250]: org.thymeleaf.standard.processor.StandardSwitchTagProcessor
[THYMELEAF]             * [* {th:case}] [275]: org.thymeleaf.standard.processor.StandardCaseTagProcessor
[THYMELEAF]             * [* {th:if}] [300]: org.thymeleaf.standard.processor.StandardIfTagProcessor
[THYMELEAF]             * [* {th:unless}] [400]: org.thymeleaf.standard.processor.StandardUnlessTagProcessor
[THYMELEAF]             * [* {th:object}] [500]: org.thymeleaf.standard.processor.StandardObjectTagProcessor
[THYMELEAF]             * [* {th:with}] [600]: com.intuit.karate.template.KarateWithTagProcessor
[THYMELEAF]             * [* {th:inline}] [1000]: org.thymeleaf.standard.processor.StandardInlineTextualTagProcessor
[THYMELEAF]             * [* {th:text}] [1300]: org.thymeleaf.standard.processor.StandardTextTagProcessor
[THYMELEAF]             * [* {th:utext}] [1400]: org.thymeleaf.standard.processor.StandardUtextTagProcessor
[THYMELEAF]             * [* {th:assert}] [1550]: org.thymeleaf.standard.processor.StandardAssertTagProcessor
[THYMELEAF]             * [* {th:remove}] [1600]: org.thymeleaf.standard.processor.StandardRemoveTagProcessor
[THYMELEAF]             * [{th:block} *] [100000]: org.thymeleaf.standard.processor.StandardBlockTagProcessor
[THYMELEAF]             * [* 100000] [org.thymeleaf.standard.processor.StandardBlockTagProcessor]: {}
[THYMELEAF]         * Text Processors by [precedence]:
[THYMELEAF]             * [1000]: org.thymeleaf.standard.processor.StandardInliningTextProcessor
[THYMELEAF]     * Expression Objects:
[THYMELEAF]         * #ctx
[THYMELEAF]         * #root
[THYMELEAF]         * #vars
[THYMELEAF]         * #object
[THYMELEAF]         * #locale
[THYMELEAF]         * #conversions
[THYMELEAF]         * #uris
[THYMELEAF]         * #temporals
[THYMELEAF]         * #calendars
[THYMELEAF]         * #dates
[THYMELEAF]         * #bools
[THYMELEAF]         * #numbers
[THYMELEAF]         * #objects
[THYMELEAF]         * #strings
[THYMELEAF]         * #arrays
[THYMELEAF]         * #lists
[THYMELEAF]         * #sets
[THYMELEAF]         * #maps
[THYMELEAF]         * #aggregates
[THYMELEAF]         * #messages
[THYMELEAF]         * #ids
[THYMELEAF]         * #execInfo
[THYMELEAF]         * #request
[THYMELEAF]         * #response
[THYMELEAF]         * #session
[THYMELEAF]         * #servletContext
[THYMELEAF]     * Execution Attributes:
[THYMELEAF]         * "StandardExpressionParser": com.intuit.karate.template.KarateStandardDialect@7227926b
[THYMELEAF]         * "StandardJavaScriptSerializer": org.thymeleaf.standard.serializer.StandardJavaScriptSerializer@11170228
[THYMELEAF]         * "StandardCSSSerializer": org.thymeleaf.standard.serializer.StandardCSSSerializer@46ee7013
[THYMELEAF]         * "StandardVariableExpressionEvaluator": com.intuit.karate.template.KarateStandardDialect@7227926b
[THYMELEAF]         * "StandardConversionService": org.thymeleaf.standard.expression.StandardConversionService@69d58731
[THYMELEAF] * Dialect [2 of 2]: karate (com.intuit.karate.template.KarateScriptDialect)
[THYMELEAF]     * Prefix: "ka"
[THYMELEAF]     * Processors for Template Mode: HTML
[THYMELEAF]         * Element Tag Processors by [matching element and attribute name] [precedence]:
[THYMELEAF]             * [* {src}] [1000]: com.intuit.karate.template.KaScriptAttrProcessor
[THYMELEAF]         * Element Model Processors by [matching element and attribute name] [precedence]:
[THYMELEAF]             * [{script} {ka:scope,data-ka-scope}] [1000]: com.intuit.karate.template.KaScriptElemProcessor
[THYMELEAF]             * [* {ka:set,data-ka-set}] [1000]: com.intuit.karate.template.KaSetElemProcessor
[THYMELEAF] TEMPLATE ENGINE CONFIGURED OK
21:37:07.023 [main] DEBUG org.thymeleaf.TemplateEngine -- [THYMELEAF] TEMPLATE ENGINE INITIALIZED
---------------------------------------------------------
feature: classpath:users/put-users.feature
scenarios:  3 | passed:  3 | failed:  0 | time: 1.1304
---------------------------------------------------------

Karate version: 1.4.1
======================================================
elapsed:   5.09 | threads:    1 | thread time: 4.20 
features:     5 | skipped:    0 | efficiency: 0.82
scenarios:   10 | passed:    10 | failed: 0
======================================================
21:37:07.102 [main] DEBUG org.thymeleaf.TemplateEngine -- [THYMELEAF] INITIALIZING TEMPLATE ENGINE
21:37:07.107 [main] DEBUG org.thymeleaf.TemplateEngine.CONFIG -- Initializing Thymeleaf Template engine configuration...
[THYMELEAF] TEMPLATE ENGINE CONFIGURATION:
[THYMELEAF] * Thymeleaf version: 3.1.2.RELEASE (built 2023-07-30T19:25:50+0000)
[THYMELEAF] * Cache Manager implementation: org.thymeleaf.cache.StandardCacheManager
[THYMELEAF] * Template resolvers:
[THYMELEAF]     * [1] com.intuit.karate.template.ResourceHtmlTemplateResolver
[THYMELEAF] * Message resolvers:
[THYMELEAF]     * org.thymeleaf.messageresolver.StandardMessageResolver
[THYMELEAF] * Link builders:
[THYMELEAF]     * org.thymeleaf.linkbuilder.StandardLinkBuilder
[THYMELEAF] * Dialect [1 of 2]: Standard (com.intuit.karate.template.KarateStandardDialect)
[THYMELEAF]     * Prefix: "th"
[THYMELEAF]     * Processors for Template Mode: HTML
[THYMELEAF]         * Element Tag Processors by [matching element and attribute name] [precedence]:
[THYMELEAF]             * [* {th:include,data-th-include}] [100]: org.thymeleaf.standard.processor.StandardIncludeTagProcessor
[THYMELEAF]             * [* {th:insert,data-th-insert}] [100]: org.thymeleaf.standard.processor.StandardInsertTagProcessor
[THYMELEAF]             * [* {th:replace,data-th-replace}] [100]: org.thymeleaf.standard.processor.StandardReplaceTagProcessor
[THYMELEAF]             * [* {th:each,data-th-each}] [200]: com.intuit.karate.template.KarateEachTagProcessor
[THYMELEAF]             * [* {th:switch,data-th-switch}] [250]: org.thymeleaf.standard.processor.StandardSwitchTagProcessor
[THYMELEAF]             * [* {th:case,data-th-case}] [275]: org.thymeleaf.standard.processor.StandardCaseTagProcessor
[THYMELEAF]             * [* {th:if,data-th-if}] [300]: org.thymeleaf.standard.processor.StandardIfTagProcessor
[THYMELEAF]             * [* {th:unless,data-th-unless}] [400]: org.thymeleaf.standard.processor.StandardUnlessTagProcessor
[THYMELEAF]             * [* {th:object,data-th-object}] [500]: org.thymeleaf.standard.processor.StandardObjectTagProcessor
[THYMELEAF]             * [* {th:with,data-th-with}] [600]: com.intuit.karate.template.KarateWithTagProcessor
[THYMELEAF]             * [* {th:attr,data-th-attr}] [700]: com.intuit.karate.template.KarateAttributeTagProcessor.KarateAttrTagProcessor
[THYMELEAF]             * [* {th:attrappend,data-th-attrappend}] [900]: com.intuit.karate.template.KarateAttributeTagProcessor.KarateAttrappendTagProcessor
[THYMELEAF]             * [* {th:attrprepend,data-th-attrprepend}] [900]: com.intuit.karate.template.KarateAttributeTagProcessor.KarateAttrprependTagProcessor
[THYMELEAF]             * [* {th:alt-title,data-th-alt-title}] [990]: org.thymeleaf.standard.processor.StandardAltTitleTagProcessor
[THYMELEAF]             * [* {th:lang-xmllang,data-th-lang-xmllang}] [990]: org.thymeleaf.standard.processor.StandardLangXmlLangTagProcessor
[THYMELEAF]             * [* {th:action,data-th-action}] [1000]: org.thymeleaf.standard.processor.StandardActionTagProcessor
[THYMELEAF]             * [* {th:nowrap,data-th-nowrap}] [1000]: org.thymeleaf.standard.processor.StandardConditionalFixedValueTagProcessor
[THYMELEAF]             * [* {th:pubdate,data-th-pubdate}] [1000]: org.thymeleaf.standard.processor.StandardConditionalFixedValueTagProcessor
[THYMELEAF]             * [* {th:checked,data-th-checked}] [1000]: org.thymeleaf.standard.processor.StandardConditionalFixedValueTagProcessor
[THYMELEAF]             * [* {th:controls,data-th-controls}] [1000]: org.thymeleaf.standard.processor.StandardConditionalFixedValueTagProcessor
[THYMELEAF]             * [* {th:defer,data-th-defer}] [1000]: org.thymeleaf.standard.processor.StandardConditionalFixedValueTagProcessor
[THYMELEAF]             * [* {th:default,data-th-default}] [1000]: org.thymeleaf.standard.processor.StandardConditionalFixedValueTagProcessor
[THYMELEAF]             * [* {th:ismap,data-th-ismap}] [1000]: org.thymeleaf.standard.processor.StandardConditionalFixedValueTagProcessor
[THYMELEAF]             * [* {th:scoped,data-th-scoped}] [1000]: org.thymeleaf.standard.processor.StandardConditionalFixedValueTagProcessor
[THYMELEAF]             * [* {th:formnovalidate,data-th-formnovalidate}] [1000]: org.thymeleaf.standard.processor.StandardConditionalFixedValueTagProcessor
[THYMELEAF]             * [* {th:open,data-th-open}] [1000]: org.thymeleaf.standard.processor.StandardConditionalFixedValueTagProcessor
[THYMELEAF]             * [* {th:disabled,data-th-disabled}] [1000]: org.thymeleaf.standard.processor.StandardConditionalFixedValueTagProcessor
[THYMELEAF]             * [* {th:autoplay,data-th-autoplay}] [1000]: org.thymeleaf.standard.processor.StandardConditionalFixedValueTagProcessor
[THYMELEAF]             * [* {th:async,data-th-async}] [1000]: org.thymeleaf.standard.processor.StandardConditionalFixedValueTagProcessor
[THYMELEAF]             * [* {th:loop,data-th-loop}] [1000]: org.thymeleaf.standard.processor.StandardConditionalFixedValueTagProcessor
[THYMELEAF]             * [* {th:hidden,data-th-hidden}] [1000]: org.thymeleaf.standard.processor.StandardConditionalFixedValueTagProcessor
[THYMELEAF]             * [* {th:multiple,data-th-multiple}] [1000]: org.thymeleaf.standard.processor.StandardConditionalFixedValueTagProcessor
[THYMELEAF]             * [* {th:declare,data-th-declare}] [1000]: org.thymeleaf.standard.processor.StandardConditionalFixedValueTagProcessor
[THYMELEAF]             * [* {th:readonly,data-th-readonly}] [1000]: org.thymeleaf.standard.processor.StandardConditionalFixedValueTagProcessor
[THYMELEAF]             * [* {th:selected,data-th-selected}] [1000]: org.thymeleaf.standard.processor.StandardConditionalFixedValueTagProcessor
[THYMELEAF]             * [* {th:autofocus,data-th-autofocus}] [1000]: org.thymeleaf.standard.processor.StandardConditionalFixedValueTagProcessor
[THYMELEAF]             * [* {th:seamless,data-th-seamless}] [1000]: org.thymeleaf.standard.processor.StandardConditionalFixedValueTagProcessor
[THYMELEAF]             * [* {th:novalidate,data-th-novalidate}] [1000]: org.thymeleaf.standard.processor.StandardConditionalFixedValueTagProcessor
[THYMELEAF]             * [* {th:required,data-th-required}] [1000]: org.thymeleaf.standard.processor.StandardConditionalFixedValueTagProcessor
[THYMELEAF]             * [* {th:reversed,data-th-reversed}] [1000]: org.thymeleaf.standard.processor.StandardConditionalFixedValueTagProcessor
[THYMELEAF]             * [* {th:onhashchange,data-th-onhashchange}] [1000]: org.thymeleaf.standard.processor.StandardDOMEventAttributeTagProcessor
[THYMELEAF]             * [* {th:ondragend,data-th-ondragend}] [1000]: org.thymeleaf.standard.processor.StandardDOMEventAttributeTagProcessor
[THYMELEAF]             * [* {th:onreset,data-th-onreset}] [1000]: org.thymeleaf.standard.processor.StandardDOMEventAttributeTagProcessor
[THYMELEAF]             * [* {th:onmouseover,data-th-onmouseover}] [1000]: org.thymeleaf.standard.processor.StandardDOMEventAttributeTagProcessor
[THYMELEAF]             * [* {th:onloadeddata,data-th-onloadeddata}] [1000]: org.thymeleaf.standard.processor.StandardDOMEventAttributeTagProcessor
[THYMELEAF]             * [* {th:ondragleave,data-th-ondragleave}] [1000]: org.thymeleaf.standard.processor.StandardDOMEventAttributeTagProcessor
[THYMELEAF]             * [* {th:onvolumechange,data-th-onvolumechange}] [1000]: org.thymeleaf.standard.processor.StandardDOMEventAttributeTagProcessor
[THYMELEAF]             * [* {th:oncanplay,data-th-oncanplay}] [1000]: org.thymeleaf.standard.processor.StandardDOMEventAttributeTagProcessor
[THYMELEAF]             * [* {th:ontimeupdate,data-th-ontimeupdate}] [1000]: org.thymeleaf.standard.processor.StandardDOMEventAttributeTagProcessor
[THYMELEAF]             * [* {th:onpause,data-th-onpause}] [1000]: org.thymeleaf.standard.processor.StandardDOMEventAttributeTagProcessor
[THYMELEAF]             * [* {th:ondurationchange,data-th-ondurationchange}] [1000]: org.thymeleaf.standard.processor.StandardDOMEventAttributeTagProcessor
[THYMELEAF]             * [* {th:onmessage,data-th-onmessage}] [1000]: org.thymeleaf.standard.processor.StandardDOMEventAttributeTagProcessor
[THYMELEAF]             * [* {th:oncanplaythrough,data-th-oncanplaythrough}] [1000]: org.thymeleaf.standard.processor.StandardDOMEventAttributeTagProcessor
[THYMELEAF]             * [* {th:onbeforeprint,data-th-onbeforeprint}] [1000]: org.thymeleaf.standard.processor.StandardDOMEventAttributeTagProcessor
[THYMELEAF]             * [* {th:onkeypress,data-th-onkeypress}] [1000]: org.thymeleaf.standard.processor.StandardDOMEventAttributeTagProcessor
[THYMELEAF]             * [* {th:onloadstart,data-th-onloadstart}] [1000]: org.thymeleaf.standard.processor.StandardDOMEventAttributeTagProcessor
[THYMELEAF]             * [* {th:onunload,data-th-onunload}] [1000]: org.thymeleaf.standard.processor.StandardDOMEventAttributeTagProcessor
[THYMELEAF]             * [* {th:onplay,data-th-onplay}] [1000]: org.thymeleaf.standard.processor.StandardDOMEventAttributeTagProcessor
[THYMELEAF]             * [* {th:onratechange,data-th-onratechange}] [1000]: org.thymeleaf.standard.processor.StandardDOMEventAttributeTagProcessor
[THYMELEAF]             * [* {th:ononline,data-th-ononline}] [1000]: org.thymeleaf.standard.processor.StandardDOMEventAttributeTagProcessor
[THYMELEAF]             * [* {th:oninvalid,data-th-oninvalid}] [1000]: org.thymeleaf.standard.processor.StandardDOMEventAttributeTagProcessor
[THYMELEAF]             * [* {th:onabort,data-th-onabort}] [1000]: org.thymeleaf.standard.processor.StandardDOMEventAttributeTagProcessor
[THYMELEAF]             * [* {th:onstorage,data-th-onstorage}] [1000]: org.thymeleaf.standard.processor.StandardDOMEventAttributeTagProcessor
[THYMELEAF]             * [* {th:onresize,data-th-onresize}] [1000]: org.thymeleaf.standard.processor.StandardDOMEventAttributeTagProcessor
[THYMELEAF]             * [* {th:onmousemove,data-th-onmousemove}] [1000]: org.thymeleaf.standard.processor.StandardDOMEventAttributeTagProcessor
[THYMELEAF]             * [* {th:onformchange,data-th-onformchange}] [1000]: org.thymeleaf.standard.processor.StandardDOMEventAttributeTagProcessor
[THYMELEAF]             * [* {th:onseeked,data-th-onseeked}] [1000]: org.thymeleaf.standard.processor.StandardDOMEventAttributeTagProcessor
[THYMELEAF]             * [* {th:onprogress,data-th-onprogress}] [1000]: org.thymeleaf.standard.processor.StandardDOMEventAttributeTagProcessor
[THYMELEAF]             * [* {th:onscroll,data-th-onscroll}] [1000]: org.thymeleaf.standard.processor.StandardDOMEventAttributeTagProcessor
[THYMELEAF]             * [* {th:onsuspend,data-th-onsuspend}] [1000]: org.thymeleaf.standard.processor.StandardDOMEventAttributeTagProcessor
[THYMELEAF]             * [* {th:oncontextmenu,data-th-oncontextmenu}] [1000]: org.thymeleaf.standard.processor.StandardDOMEventAttributeTagProcessor
[THYMELEAF]             * [* {th:onemptied,data-th-onemptied}] [1000]: org.thymeleaf.standard.processor.StandardDOMEventAttributeTagProcessor
[THYMELEAF]             * [* {th:onmousedown,data-th-onmousedown}] [1000]: org.thymeleaf.standard.processor.StandardDOMEventAttributeTagProcessor
[THYMELEAF]             * [* {th:onseeking,data-th-onseeking}] [1000]: org.thymeleaf.standard.processor.StandardDOMEventAttributeTagProcessor
[THYMELEAF]             * [* {th:onclick,data-th-onclick}] [1000]: org.thymeleaf.standard.processor.StandardDOMEventAttributeTagProcessor
[THYMELEAF]             * [* {th:onmouseout,data-th-onmouseout}] [1000]: org.thymeleaf.standard.processor.StandardDOMEventAttributeTagProcessor
[THYMELEAF]             * [* {th:onmousewheel,data-th-onmousewheel}] [1000]: org.thymeleaf.standard.processor.StandardDOMEventAttributeTagProcessor
[THYMELEAF]             * [* {th:ondragover,data-th-ondragover}] [1000]: org.thymeleaf.standard.processor.StandardDOMEventAttributeTagProcessor
[THYMELEAF]             * [* {th:onstalled,data-th-onstalled}] [1000]: org.thymeleaf.standard.processor.StandardDOMEventAttributeTagProcessor
[THYMELEAF]             * [* {th:onforminput,data-th-onforminput}] [1000]: org.thymeleaf.standard.processor.StandardDOMEventAttributeTagProcessor
[THYMELEAF]             * [* {th:onredo,data-th-onredo}] [1000]: org.thymeleaf.standard.processor.StandardDOMEventAttributeTagProcessor
[THYMELEAF]             * [* {th:onbeforeunload,data-th-onbeforeunload}] [1000]: org.thymeleaf.standard.processor.StandardDOMEventAttributeTagProcessor
[THYMELEAF]             * [* {th:onended,data-th-onended}] [1000]: org.thymeleaf.standard.processor.StandardDOMEventAttributeTagProcessor
[THYMELEAF]             * [* {th:onfocus,data-th-onfocus}] [1000]: org.thymeleaf.standard.processor.StandardDOMEventAttributeTagProcessor
[THYMELEAF]             * [* {th:onload,data-th-onload}] [1000]: org.thymeleaf.standard.processor.StandardDOMEventAttributeTagProcessor
[THYMELEAF]             * [* {th:onerror,data-th-onerror}] [1000]: org.thymeleaf.standard.processor.StandardDOMEventAttributeTagProcessor
[THYMELEAF]             * [* {th:onsubmit,data-th-onsubmit}] [1000]: org.thymeleaf.standard.processor.StandardDOMEventAttributeTagProcessor
[THYMELEAF]             * [* {th:ondragenter,data-th-ondragenter}] [1000]: org.thymeleaf.standard.processor.StandardDOMEventAttributeTagProcessor
[THYMELEAF]             * [* {th:onselect,data-th-onselect}] [1000]: org.thymeleaf.standard.processor.StandardDOMEventAttributeTagProcessor
[THYMELEAF]             * [* {th:onmouseup,data-th-onmouseup}] [1000]: org.thymeleaf.standard.processor.StandardDOMEventAttributeTagProcessor
[THYMELEAF]             * [* {th:onshow,data-th-onshow}] [1000]: org.thymeleaf.standard.processor.StandardDOMEventAttributeTagProcessor
[THYMELEAF]             * [* {th:onloadedmetadata,data-th-onloadedmetadata}] [1000]: org.thymeleaf.standard.processor.StandardDOMEventAttributeTagProcessor
[THYMELEAF]             * [* {th:onreadystatechange,data-th-onreadystatechange}] [1000]: org.thymeleaf.standard.processor.StandardDOMEventAttributeTagProcessor
[THYMELEAF]             * [* {th:oninput,data-th-oninput}] [1000]: org.thymeleaf.standard.processor.StandardDOMEventAttributeTagProcessor
[THYMELEAF]             * [* {th:ondragstart,data-th-ondragstart}] [1000]: org.thymeleaf.standard.processor.StandardDOMEventAttributeTagProcessor
[THYMELEAF]             * [* {th:onkeydown,data-th-onkeydown}] [1000]: org.thymeleaf.standard.processor.StandardDOMEventAttributeTagProcessor
[THYMELEAF]             * [* {th:onundo,data-th-onundo}] [1000]: org.thymeleaf.standard.processor.StandardDOMEventAttributeTagProcessor
[THYMELEAF]             * [* {th:onwaiting,data-th-onwaiting}] [1000]: org.thymeleaf.standard.processor.StandardDOMEventAttributeTagProcessor
[THYMELEAF]             * [* {th:onafterprint,data-th-onafterprint}] [1000]: org.thymeleaf.standard.processor.StandardDOMEventAttributeTagProcessor
[THYMELEAF]             * [* {th:onoffline,data-th-onoffline}] [1000]: org.thymeleaf.standard.processor.StandardDOMEventAttributeTagProcessor
[THYMELEAF]             * [* {th:ondrop,data-th-ondrop}] [1000]: org.thymeleaf.standard.processor.StandardDOMEventAttributeTagProcessor
[THYMELEAF]             * [* {th:onplaying,data-th-onplaying}] [1000]: org.thymeleaf.standard.processor.StandardDOMEventAttributeTagProcessor
[THYMELEAF]             * [* {th:ondblclick,data-th-ondblclick}] [1000]: org.thymeleaf.standard.processor.StandardDOMEventAttributeTagProcessor
[THYMELEAF]             * [* {th:onkeyup,data-th-onkeyup}] [1000]: org.thymeleaf.standard.processor.StandardDOMEventAttributeTagProcessor
[THYMELEAF]             * [* {th:onpopstate,data-th-onpopstate}] [1000]: org.thymeleaf.standard.processor.StandardDOMEventAttributeTagProcessor
[THYMELEAF]             * [* {th:ondrag,data-th-ondrag}] [1000]: org.thymeleaf.standard.processor.StandardDOMEventAttributeTagProcessor
[THYMELEAF]             * [* {th:onblur,data-th-onblur}] [1000]: org.thymeleaf.standard.processor.StandardDOMEventAttributeTagProcessor
[THYMELEAF]             * [* {th:onchange,data-th-onchange}] [1000]: org.thymeleaf.standard.processor.StandardDOMEventAttributeTagProcessor
[THYMELEAF]             * [* {th:href,data-th-href}] [1000]: org.thymeleaf.standard.processor.StandardHrefTagProcessor
[THYMELEAF]             * [* {th:inline,data-th-inline}] [1000]: org.thymeleaf.standard.processor.StandardInlineHTMLTagProcessor
[THYMELEAF]             * [* {th:method,data-th-method}] [1000]: org.thymeleaf.standard.processor.StandardMethodTagProcessor
[THYMELEAF]             * [* {th:name,data-th-name}] [1000]: org.thymeleaf.standard.processor.StandardNonRemovableAttributeTagProcessor
[THYMELEAF]             * [* {th:type,data-th-type}] [1000]: org.thymeleaf.standard.processor.StandardNonRemovableAttributeTagProcessor
[THYMELEAF]             * [* {th:scrolling,data-th-scrolling}] [1000]: org.thymeleaf.standard.processor.StandardRemovableAttributeTagProcessor
[THYMELEAF]             * [* {th:dropzone,data-th-dropzone}] [1000]: org.thymeleaf.standard.processor.StandardRemovableAttributeTagProcessor
[THYMELEAF]             * [* {th:wrap,data-th-wrap}] [1000]: org.thymeleaf.standard.processor.StandardRemovableAttributeTagProcessor
[THYMELEAF]             * [* {th:compact,data-th-compact}] [1000]: org.thymeleaf.standard.processor.StandardRemovableAttributeTagProcessor
[THYMELEAF]             * [* {th:rowspan,data-th-rowspan}] [1000]: org.thymeleaf.standard.processor.StandardRemovableAttributeTagProcessor
[THYMELEAF]             * [* {th:hspace,data-th-hspace}] [1000]: org.thymeleaf.standard.processor.StandardRemovableAttributeTagProcessor
[THYMELEAF]             * [* {th:audio,data-th-audio}] [1000]: org.thymeleaf.standard.processor.StandardRemovableAttributeTagProcessor
[THYMELEAF]             * [* {th:codetype,data-th-codetype}] [1000]: org.thymeleaf.standard.processor.StandardRemovableAttributeTagProcessor
[THYMELEAF]             * [* {th:low,data-th-low}] [1000]: org.thymeleaf.standard.processor.StandardRemovableAttributeTagProcessor
[THYMELEAF]             * [* {th:background,data-th-background}] [1000]: org.thymeleaf.standard.processor.StandardRemovableAttributeTagProcessor
[THYMELEAF]             * [* {th:summary,data-th-summary}] [1000]: org.thymeleaf.standard.processor.StandardRemovableAttributeTagProcessor
[THYMELEAF]             * [* {th:target,data-th-target}] [1000]: org.thymeleaf.standard.processor.StandardRemovableAttributeTagProcessor
[THYMELEAF]             * [* {th:vspace,data-th-vspace}] [1000]: org.thymeleaf.standard.processor.StandardRemovableAttributeTagProcessor
[THYMELEAF]             * [* {th:http-equiv,data-th-http-equiv}] [1000]: org.thymeleaf.standard.processor.StandardRemovableAttributeTagProcessor
[THYMELEAF]             * [* {th:cite,data-th-cite}] [1000]: org.thymeleaf.standard.processor.StandardRemovableAttributeTagProcessor
[THYMELEAF]             * [* {th:list,data-th-list}] [1000]: org.thymeleaf.standard.processor.StandardRemovableAttributeTagProcessor
[THYMELEAF]             * [* {th:charset,data-th-charset}] [1000]: org.thymeleaf.standard.processor.StandardRemovableAttributeTagProcessor
[THYMELEAF]             * [* {th:border,data-th-border}] [1000]: org.thymeleaf.standard.processor.StandardRemovableAttributeTagProcessor
[THYMELEAF]             * [* {th:contenteditable,data-th-contenteditable}] [1000]: org.thymeleaf.standard.processor.StandardRemovableAttributeTagProcessor
[THYMELEAF]             * [* {th:formenctype,data-th-formenctype}] [1000]: org.thymeleaf.standard.processor.StandardRemovableAttributeTagProcessor
[THYMELEAF]             * [* {th:challenge,data-th-challenge}] [1000]: org.thymeleaf.standard.processor.StandardRemovableAttributeTagProcessor
[THYMELEAF]             * [* {th:valuetype,data-th-valuetype}] [1000]: org.thymeleaf.standard.processor.StandardRemovableAttributeTagProcessor
[THYMELEAF]             * [* {th:start,data-th-start}] [1000]: org.thymeleaf.standard.processor.StandardRemovableAttributeTagProcessor
[THYMELEAF]             * [* {th:tabindex,data-th-tabindex}] [1000]: org.thymeleaf.standard.processor.StandardRemovableAttributeTagProcessor
[THYMELEAF]             * [* {th:autocomplete,data-th-autocomplete}] [1000]: org.thymeleaf.standard.processor.StandardRemovableAttributeTagProcessor
[THYMELEAF]             * [* {th:poster,data-th-poster}] [1000]: org.thymeleaf.standard.processor.StandardRemovableAttributeTagProcessor
[THYMELEAF]             * [* {th:optimum,data-th-optimum}] [1000]: org.thymeleaf.standard.processor.StandardRemovableAttributeTagProcessor
[THYMELEAF]             * [* {th:accept-charset,data-th-accept-charset}] [1000]: org.thymeleaf.standard.processor.StandardRemovableAttributeTagProcessor
[THYMELEAF]             * [* {th:alt,data-th-alt}] [1000]: org.thymeleaf.standard.processor.StandardRemovableAttributeTagProcessor
[THYMELEAF]             * [* {th:for,data-th-for}] [1000]: org.thymeleaf.standard.processor.StandardRemovableAttributeTagProcessor
[THYMELEAF]             * [* {th:longdesc,data-th-longdesc}] [1000]: org.thymeleaf.standard.processor.StandardRemovableAttributeTagProcessor
[THYMELEAF]             * [* {th:accept,data-th-accept}] [1000]: org.thymeleaf.standard.processor.StandardRemovableAttributeTagProcessor
[THYMELEAF]             * [* {th:keytype,data-th-keytype}] [1000]: org.thymeleaf.standard.processor.StandardRemovableAttributeTagProcessor
[THYMELEAF]             * [* {th:srclang,data-th-srclang}] [1000]: org.thymeleaf.standard.processor.StandardRemovableAttributeTagProcessor
[THYMELEAF]             * [* {th:archive,data-th-archive}] [1000]: org.thymeleaf.standard.processor.StandardRemovableAttributeTagProcessor
[THYMELEAF]             * [* {th:rows,data-th-rows}] [1000]: org.thymeleaf.standard.processor.StandardRemovableAttributeTagProcessor
[THYMELEAF]             * [* {th:rev,data-th-rev}] [1000]: org.thymeleaf.standard.processor.StandardRemovableAttributeTagProcessor
[THYMELEAF]             * [* {th:high,data-th-high}] [1000]: org.thymeleaf.standard.processor.StandardRemovableAttributeTagProcessor
[THYMELEAF]             * [* {th:width,data-th-width}] [1000]: org.thymeleaf.standard.processor.StandardRemovableAttributeTagProcessor
[THYMELEAF]             * [* {th:placeholder,data-th-placeholder}] [1000]: org.thymeleaf.standard.processor.StandardRemovableAttributeTagProcessor
[THYMELEAF]             * [* {th:formmethod,data-th-formmethod}] [1000]: org.thymeleaf.standard.processor.StandardRemovableAttributeTagProcessor
[THYMELEAF]             * [* {th:bgcolor,data-th-bgcolor}] [1000]: org.thymeleaf.standard.processor.StandardRemovableAttributeTagProcessor
[THYMELEAF]             * [* {th:usemap,data-th-usemap}] [1000]: org.thymeleaf.standard.processor.StandardRemovableAttributeTagProcessor
[THYMELEAF]             * [* {th:enctype,data-th-enctype}] [1000]: org.thymeleaf.standard.processor.StandardRemovableAttributeTagProcessor
[THYMELEAF]             * [* {th:hreflang,data-th-hreflang}] [1000]: org.thymeleaf.standard.processor.StandardRemovableAttributeTagProcessor
[THYMELEAF]             * [* {th:standby,data-th-standby}] [1000]: org.thymeleaf.standard.processor.StandardRemovableAttributeTagProcessor
[THYMELEAF]             * [* {th:content,data-th-content}] [1000]: org.thymeleaf.standard.processor.StandardRemovableAttributeTagProcessor
[THYMELEAF]             * [* {th:height,data-th-height}] [1000]: org.thymeleaf.standard.processor.StandardRemovableAttributeTagProcessor
[THYMELEAF]             * [* {th:rel,data-th-rel}] [1000]: org.thymeleaf.standard.processor.StandardRemovableAttributeTagProcessor
[THYMELEAF]             * [* {th:colspan,data-th-colspan}] [1000]: org.thymeleaf.standard.processor.StandardRemovableAttributeTagProcessor
[THYMELEAF]             * [* {th:dir,data-th-dir}] [1000]: org.thymeleaf.standard.processor.StandardRemovableAttributeTagProcessor
[THYMELEAF]             * [* {th:icon,data-th-icon}] [1000]: org.thymeleaf.standard.processor.StandardRemovableAttributeTagProcessor
[THYMELEAF]             * [* {th:media,data-th-media}] [1000]: org.thymeleaf.standard.processor.StandardRemovableAttributeTagProcessor
[THYMELEAF]             * [* {th:title,data-th-title}] [1000]: org.thymeleaf.standard.processor.StandardRemovableAttributeTagProcessor
[THYMELEAF]             * [* {th:sandbox,data-th-sandbox}] [1000]: org.thymeleaf.standard.processor.StandardRemovableAttributeTagProcessor
[THYMELEAF]             * [* {th:contextmenu,data-th-contextmenu}] [1000]: org.thymeleaf.standard.processor.StandardRemovableAttributeTagProcessor
[THYMELEAF]             * [* {th:step,data-th-step}] [1000]: org.thymeleaf.standard.processor.StandardRemovableAttributeTagProcessor
[THYMELEAF]             * [* {th:label,data-th-label}] [1000]: org.thymeleaf.standard.processor.StandardRemovableAttributeTagProcessor
[THYMELEAF]             * [* {th:align,data-th-align}] [1000]: org.thymeleaf.standard.processor.StandardRemovableAttributeTagProcessor
[THYMELEAF]             * [* {th:spellcheck,data-th-spellcheck}] [1000]: org.thymeleaf.standard.processor.StandardRemovableAttributeTagProcessor
[THYMELEAF]             * [* {th:axis,data-th-axis}] [1000]: org.thymeleaf.standard.processor.StandardRemovableAttributeTagProcessor
[THYMELEAF]             * [* {th:frame,data-th-frame}] [1000]: org.thymeleaf.standard.processor.StandardRemovableAttributeTagProcessor
[THYMELEAF]             * [* {th:cellpadding,data-th-cellpadding}] [1000]: org.thymeleaf.standard.processor.StandardRemovableAttributeTagProcessor
[THYMELEAF]             * [* {th:radiogroup,data-th-radiogroup}] [1000]: org.thymeleaf.standard.processor.StandardRemovableAttributeTagProcessor
[THYMELEAF]             * [* {th:scope,data-th-scope}] [1000]: org.thymeleaf.standard.processor.StandardRemovableAttributeTagProcessor
[THYMELEAF]             * [* {th:codebase,data-th-codebase}] [1000]: org.thymeleaf.standard.processor.StandardRemovableAttributeTagProcessor
[THYMELEAF]             * [* {th:min,data-th-min}] [1000]: org.thymeleaf.standard.processor.StandardRemovableAttributeTagProcessor
[THYMELEAF]             * [* {th:span,data-th-span}] [1000]: org.thymeleaf.standard.processor.StandardRemovableAttributeTagProcessor
[THYMELEAF]             * [* {th:maxlength,data-th-maxlength}] [1000]: org.thymeleaf.standard.processor.StandardRemovableAttributeTagProcessor
[THYMELEAF]             * [* {th:headers,data-th-headers}] [1000]: org.thymeleaf.standard.processor.StandardRemovableAttributeTagProcessor
[THYMELEAF]             * [* {th:class,data-th-class}] [1000]: org.thymeleaf.standard.processor.StandardRemovableAttributeTagProcessor
[THYMELEAF]             * [* {th:style,data-th-style}] [1000]: org.thymeleaf.standard.processor.StandardRemovableAttributeTagProcessor
[THYMELEAF]             * [* {th:formtarget,data-th-formtarget}] [1000]: org.thymeleaf.standard.processor.StandardRemovableAttributeTagProcessor
[THYMELEAF]             * [* {th:classid,data-th-classid}] [1000]: org.thymeleaf.standard.processor.StandardRemovableAttributeTagProcessor
[THYMELEAF]             * [* {th:form,data-th-form}] [1000]: org.thymeleaf.standard.processor.StandardRemovableAttributeTagProcessor
[THYMELEAF]             * [* {th:sizes,data-th-sizes}] [1000]: org.thymeleaf.standard.processor.StandardRemovableAttributeTagProcessor
[THYMELEAF]             * [* {th:scheme,data-th-scheme}] [1000]: org.thymeleaf.standard.processor.StandardRemovableAttributeTagProcessor
[THYMELEAF]             * [* {th:frameborder,data-th-frameborder}] [1000]: org.thymeleaf.standard.processor.StandardRemovableAttributeTagProcessor
[THYMELEAF]             * [* {th:preload,data-th-preload}] [1000]: org.thymeleaf.standard.processor.StandardRemovableAttributeTagProcessor
[THYMELEAF]             * [* {th:cols,data-th-cols}] [1000]: org.thymeleaf.standard.processor.StandardRemovableAttributeTagProcessor
[THYMELEAF]             * [* {th:formaction,data-th-formaction}] [1000]: org.thymeleaf.standard.processor.StandardRemovableAttributeTagProcessor
[THYMELEAF]             * [* {th:pattern,data-th-pattern}] [1000]: org.thymeleaf.standard.processor.StandardRemovableAttributeTagProcessor
[THYMELEAF]             * [* {th:kind,data-th-kind}] [1000]: org.thymeleaf.standard.processor.StandardRemovableAttributeTagProcessor
[THYMELEAF]             * [* {th:lang,data-th-lang}] [1000]: org.thymeleaf.standard.processor.StandardRemovableAttributeTagProcessor
[THYMELEAF]             * [* {th:accesskey,data-th-accesskey}] [1000]: org.thymeleaf.standard.processor.StandardRemovableAttributeTagProcessor
[THYMELEAF]             * [* {th:cellspacing,data-th-cellspacing}] [1000]: org.thymeleaf.standard.processor.StandardRemovableAttributeTagProcessor
[THYMELEAF]             * [* {th:max,data-th-max}] [1000]: org.thymeleaf.standard.processor.StandardRemovableAttributeTagProcessor
[THYMELEAF]             * [* {th:size,data-th-size}] [1000]: org.thymeleaf.standard.processor.StandardRemovableAttributeTagProcessor
[THYMELEAF]             * [* {th:marginwidth,data-th-marginwidth}] [1000]: org.thymeleaf.standard.processor.StandardRemovableAttributeTagProcessor
[THYMELEAF]             * [* {th:data,data-th-data}] [1000]: org.thymeleaf.standard.processor.StandardRemovableAttributeTagProcessor
[THYMELEAF]             * [* {th:manifest,data-th-manifest}] [1000]: org.thymeleaf.standard.processor.StandardRemovableAttributeTagProcessor
[THYMELEAF]             * [* {th:id,data-th-id}] [1000]: org.thymeleaf.standard.processor.StandardRemovableAttributeTagProcessor
[THYMELEAF]             * [* {th:rules,data-th-rules}] [1000]: org.thymeleaf.standard.processor.StandardRemovableAttributeTagProcessor
[THYMELEAF]             * [* {th:draggable,data-th-draggable}] [1000]: org.thymeleaf.standard.processor.StandardRemovableAttributeTagProcessor
[THYMELEAF]             * [* {th:abbr,data-th-abbr}] [1000]: org.thymeleaf.standard.processor.StandardRemovableAttributeTagProcessor
[THYMELEAF]             * [* {th:marginheight,data-th-marginheight}] [1000]: org.thymeleaf.standard.processor.StandardRemovableAttributeTagProcessor
[THYMELEAF]             * [* {th:datetime,data-th-datetime}] [1000]: org.thymeleaf.standard.processor.StandardRemovableAttributeTagProcessor
[THYMELEAF]             * [* {th:src,data-th-src}] [1000]: org.thymeleaf.standard.processor.StandardSrcTagProcessor
[THYMELEAF]             * [* {th:value,data-th-value}] [1000]: org.thymeleaf.standard.processor.StandardValueTagProcessor
[THYMELEAF]             * [* {th:xmlbase,data-th-xmlbase}] [1000]: org.thymeleaf.standard.processor.StandardXmlBaseTagProcessor
[THYMELEAF]             * [* {th:xmllang,data-th-xmllang}] [1000]: org.thymeleaf.standard.processor.StandardXmlLangTagProcessor
[THYMELEAF]             * [* {xmlns:th}] [1000]: org.thymeleaf.standard.processor.StandardXmlNsTagProcessor
[THYMELEAF]             * [* {th:xmlspace,data-th-xmlspace}] [1000]: org.thymeleaf.standard.processor.StandardXmlSpaceTagProcessor
[THYMELEAF]             * [* {th:classappend,data-th-classappend}] [1100]: org.thymeleaf.standard.processor.StandardClassappendTagProcessor
[THYMELEAF]             * [* {th:styleappend,data-th-styleappend}] [1100]: org.thymeleaf.standard.processor.StandardStyleappendTagProcessor
[THYMELEAF]             * [* {th:text,data-th-text}] [1300]: org.thymeleaf.standard.processor.StandardTextTagProcessor
[THYMELEAF]             * [* {th:utext,data-th-utext}] [1400]: org.thymeleaf.standard.processor.StandardUtextTagProcessor
[THYMELEAF]             * [* {th:fragment,data-th-fragment}] [1500]: org.thymeleaf.standard.processor.StandardFragmentTagProcessor
[THYMELEAF]             * [* {th:assert,data-th-assert}] [1550]: org.thymeleaf.standard.processor.StandardAssertTagProcessor
[THYMELEAF]             * [* {th:remove,data-th-remove}] [1600]: org.thymeleaf.standard.processor.StandardRemoveTagProcessor
[THYMELEAF]             * [* {th:ref,data-th-ref}] [10000]: org.thymeleaf.standard.processor.StandardRefAttributeTagProcessor
[THYMELEAF]             * [{th:block,th-block} *] [100000]: org.thymeleaf.standard.processor.StandardBlockTagProcessor
[THYMELEAF]             * [* th:*] [2147483647]: org.thymeleaf.standard.processor.StandardDefaultAttributesTagProcessor
[THYMELEAF]         * Text Processors by [precedence]:
[THYMELEAF]             * [1000]: org.thymeleaf.standard.processor.StandardInliningTextProcessor
[THYMELEAF]         * DOCTYPE Processors by [precedence]:
[THYMELEAF]             * [1000]: org.thymeleaf.standard.processor.StandardTranslationDocTypeProcessor
[THYMELEAF]         * CDATA Section Processors by [precedence]:
[THYMELEAF]             * [1000]: org.thymeleaf.standard.processor.StandardInliningCDATASectionProcessor
[THYMELEAF]         * Comment Processors by [precedence]:
[THYMELEAF]             * [1000]: org.thymeleaf.standard.processor.StandardInliningCommentProcessor
[THYMELEAF]             * [1100]: org.thymeleaf.standard.processor.StandardConditionalCommentProcessor
[THYMELEAF]     * Processors for Template Mode: XML
[THYMELEAF]         * Element Tag Processors by [matching element and attribute name] [precedence]:
[THYMELEAF]             * [* {th:include}] [100]: org.thymeleaf.standard.processor.StandardIncludeTagProcessor
[THYMELEAF]             * [* {th:insert}] [100]: org.thymeleaf.standard.processor.StandardInsertTagProcessor
[THYMELEAF]             * [* {th:replace}] [100]: org.thymeleaf.standard.processor.StandardReplaceTagProcessor
[THYMELEAF]             * [* {th:each}] [200]: com.intuit.karate.template.KarateEachTagProcessor
[THYMELEAF]             * [* {th:switch}] [250]: org.thymeleaf.standard.processor.StandardSwitchTagProcessor
[THYMELEAF]             * [* {th:case}] [275]: org.thymeleaf.standard.processor.StandardCaseTagProcessor
[THYMELEAF]             * [* {th:if}] [300]: org.thymeleaf.standard.processor.StandardIfTagProcessor
[THYMELEAF]             * [* {th:unless}] [400]: org.thymeleaf.standard.processor.StandardUnlessTagProcessor
[THYMELEAF]             * [* {th:object}] [500]: org.thymeleaf.standard.processor.StandardObjectTagProcessor
[THYMELEAF]             * [* {th:with}] [600]: com.intuit.karate.template.KarateWithTagProcessor
[THYMELEAF]             * [* {th:attr}] [700]: com.intuit.karate.template.KarateAttributeTagProcessor.KarateAttrTagProcessor
[THYMELEAF]             * [* {th:attrappend}] [900]: com.intuit.karate.template.KarateAttributeTagProcessor.KarateAttrappendTagProcessor
[THYMELEAF]             * [* {th:attrprepend}] [900]: com.intuit.karate.template.KarateAttributeTagProcessor.KarateAttrprependTagProcessor
[THYMELEAF]             * [* {th:inline}] [1000]: org.thymeleaf.standard.processor.StandardInlineXMLTagProcessor
[THYMELEAF]             * [* {xmlns:th}] [1000]: org.thymeleaf.standard.processor.StandardXmlNsTagProcessor
[THYMELEAF]             * [* {th:text}] [1300]: org.thymeleaf.standard.processor.StandardTextTagProcessor
[THYMELEAF]             * [* {th:utext}] [1400]: org.thymeleaf.standard.processor.StandardUtextTagProcessor
[THYMELEAF]             * [* {th:fragment}] [1500]: org.thymeleaf.standard.processor.StandardFragmentTagProcessor
[THYMELEAF]             * [* {th:assert}] [1550]: org.thymeleaf.standard.processor.StandardAssertTagProcessor
[THYMELEAF]             * [* {th:remove}] [1600]: org.thymeleaf.standard.processor.StandardRemoveTagProcessor
[THYMELEAF]             * [* {th:ref}] [10000]: org.thymeleaf.standard.processor.StandardRefAttributeTagProcessor
[THYMELEAF]             * [{th:block} *] [100000]: org.thymeleaf.standard.processor.StandardBlockTagProcessor
[THYMELEAF]             * [* th:*] [2147483647]: org.thymeleaf.standard.processor.StandardDefaultAttributesTagProcessor
[THYMELEAF]         * Text Processors by [precedence]:
[THYMELEAF]             * [1000]: org.thymeleaf.standard.processor.StandardInliningTextProcessor
[THYMELEAF]         * CDATA Section Processors by [precedence]:
[THYMELEAF]             * [1000]: org.thymeleaf.standard.processor.StandardInliningCDATASectionProcessor
[THYMELEAF]         * Comment Processors by [precedence]:
[THYMELEAF]             * [1000]: org.thymeleaf.standard.processor.StandardInliningCommentProcessor
[THYMELEAF]     * Processors for Template Mode: TEXT
[THYMELEAF]         * Element Tag Processors by [matching element and attribute name] [precedence]:
[THYMELEAF]             * [* {th:insert}] [100]: org.thymeleaf.standard.processor.StandardInsertTagProcessor
[THYMELEAF]             * [* {th:replace}] [100]: org.thymeleaf.standard.processor.StandardReplaceTagProcessor
[THYMELEAF]             * [* {th:each}] [200]: com.intuit.karate.template.KarateEachTagProcessor
[THYMELEAF]             * [* {th:switch}] [250]: org.thymeleaf.standard.processor.StandardSwitchTagProcessor
[THYMELEAF]             * [* {th:case}] [275]: org.thymeleaf.standard.processor.StandardCaseTagProcessor
[THYMELEAF]             * [* {th:if}] [300]: org.thymeleaf.standard.processor.StandardIfTagProcessor
[THYMELEAF]             * [* {th:unless}] [400]: org.thymeleaf.standard.processor.StandardUnlessTagProcessor
[THYMELEAF]             * [* {th:object}] [500]: org.thymeleaf.standard.processor.StandardObjectTagProcessor
[THYMELEAF]             * [* {th:with}] [600]: com.intuit.karate.template.KarateWithTagProcessor
[THYMELEAF]             * [* {th:inline}] [1000]: org.thymeleaf.standard.processor.StandardInlineTextualTagProcessor
[THYMELEAF]             * [* {th:text}] [1300]: org.thymeleaf.standard.processor.StandardTextTagProcessor
[THYMELEAF]             * [* {th:utext}] [1400]: org.thymeleaf.standard.processor.StandardUtextTagProcessor
[THYMELEAF]             * [* {th:assert}] [1550]: org.thymeleaf.standard.processor.StandardAssertTagProcessor
[THYMELEAF]             * [* {th:remove}] [1600]: org.thymeleaf.standard.processor.StandardRemoveTagProcessor
[THYMELEAF]             * [{th:block} *] [100000]: org.thymeleaf.standard.processor.StandardBlockTagProcessor
[THYMELEAF]             * [* 100000] [org.thymeleaf.standard.processor.StandardBlockTagProcessor]: {}
[THYMELEAF]         * Text Processors by [precedence]:
[THYMELEAF]             * [1000]: org.thymeleaf.standard.processor.StandardInliningTextProcessor
[THYMELEAF]     * Processors for Template Mode: JAVASCRIPT
[THYMELEAF]         * Element Tag Processors by [matching element and attribute name] [precedence]:
[THYMELEAF]             * [* {th:insert}] [100]: org.thymeleaf.standard.processor.StandardInsertTagProcessor
[THYMELEAF]             * [* {th:replace}] [100]: org.thymeleaf.standard.processor.StandardReplaceTagProcessor
[THYMELEAF]             * [* {th:each}] [200]: com.intuit.karate.template.KarateEachTagProcessor
[THYMELEAF]             * [* {th:switch}] [250]: org.thymeleaf.standard.processor.StandardSwitchTagProcessor
[THYMELEAF]             * [* {th:case}] [275]: org.thymeleaf.standard.processor.StandardCaseTagProcessor
[THYMELEAF]             * [* {th:if}] [300]: org.thymeleaf.standard.processor.StandardIfTagProcessor
[THYMELEAF]             * [* {th:unless}] [400]: org.thymeleaf.standard.processor.StandardUnlessTagProcessor
[THYMELEAF]             * [* {th:object}] [500]: org.thymeleaf.standard.processor.StandardObjectTagProcessor
[THYMELEAF]             * [* {th:with}] [600]: com.intuit.karate.template.KarateWithTagProcessor
[THYMELEAF]             * [* {th:inline}] [1000]: org.thymeleaf.standard.processor.StandardInlineTextualTagProcessor
[THYMELEAF]             * [* {th:text}] [1300]: org.thymeleaf.standard.processor.StandardTextTagProcessor
[THYMELEAF]             * [* {th:utext}] [1400]: org.thymeleaf.standard.processor.StandardUtextTagProcessor
[THYMELEAF]             * [* {th:assert}] [1550]: org.thymeleaf.standard.processor.StandardAssertTagProcessor
[THYMELEAF]             * [* {th:remove}] [1600]: org.thymeleaf.standard.processor.StandardRemoveTagProcessor
[THYMELEAF]             * [* 100000] [org.thymeleaf.standard.processor.StandardBlockTagProcessor]: {}
[THYMELEAF]             * [{th:block} *] [100000]: org.thymeleaf.standard.processor.StandardBlockTagProcessor
[THYMELEAF]         * Text Processors by [precedence]:
[THYMELEAF]             * [1000]: org.thymeleaf.standard.processor.StandardInliningTextProcessor
[THYMELEAF]     * Processors for Template Mode: CSS
[THYMELEAF]         * Element Tag Processors by [matching element and attribute name] [precedence]:
[THYMELEAF]             * [* {th:insert}] [100]: org.thymeleaf.standard.processor.StandardInsertTagProcessor
[THYMELEAF]             * [* {th:replace}] [100]: org.thymeleaf.standard.processor.StandardReplaceTagProcessor
[THYMELEAF]             * [* {th:each}] [200]: com.intuit.karate.template.KarateEachTagProcessor
[THYMELEAF]             * [* {th:switch}] [250]: org.thymeleaf.standard.processor.StandardSwitchTagProcessor
[THYMELEAF]             * [* {th:case}] [275]: org.thymeleaf.standard.processor.StandardCaseTagProcessor
[THYMELEAF]             * [* {th:if}] [300]: org.thymeleaf.standard.processor.StandardIfTagProcessor
[THYMELEAF]             * [* {th:unless}] [400]: org.thymeleaf.standard.processor.StandardUnlessTagProcessor
[THYMELEAF]             * [* {th:object}] [500]: org.thymeleaf.standard.processor.StandardObjectTagProcessor
[THYMELEAF]             * [* {th:with}] [600]: com.intuit.karate.template.KarateWithTagProcessor
[THYMELEAF]             * [* {th:inline}] [1000]: org.thymeleaf.standard.processor.StandardInlineTextualTagProcessor
[THYMELEAF]             * [* {th:text}] [1300]: org.thymeleaf.standard.processor.StandardTextTagProcessor
[THYMELEAF]             * [* {th:utext}] [1400]: org.thymeleaf.standard.processor.StandardUtextTagProcessor
[THYMELEAF]             * [* {th:assert}] [1550]: org.thymeleaf.standard.processor.StandardAssertTagProcessor
[THYMELEAF]             * [* {th:remove}] [1600]: org.thymeleaf.standard.processor.StandardRemoveTagProcessor
[THYMELEAF]             * [{th:block} *] [100000]: org.thymeleaf.standard.processor.StandardBlockTagProcessor
[THYMELEAF]             * [* 100000] [org.thymeleaf.standard.processor.StandardBlockTagProcessor]: {}
[THYMELEAF]         * Text Processors by [precedence]:
[THYMELEAF]             * [1000]: org.thymeleaf.standard.processor.StandardInliningTextProcessor
[THYMELEAF]     * Expression Objects:
[THYMELEAF]         * #ctx
[THYMELEAF]         * #root
[THYMELEAF]         * #vars
[THYMELEAF]         * #object
[THYMELEAF]         * #locale
[THYMELEAF]         * #conversions
[THYMELEAF]         * #uris
[THYMELEAF]         * #temporals
[THYMELEAF]         * #calendars
[THYMELEAF]         * #dates
[THYMELEAF]         * #bools
[THYMELEAF]         * #numbers
[THYMELEAF]         * #objects
[THYMELEAF]         * #strings
[THYMELEAF]         * #arrays
[THYMELEAF]         * #lists
[THYMELEAF]         * #sets
[THYMELEAF]         * #maps
[THYMELEAF]         * #aggregates
[THYMELEAF]         * #messages
[THYMELEAF]         * #ids
[THYMELEAF]         * #execInfo
[THYMELEAF]         * #request
[THYMELEAF]         * #response
[THYMELEAF]         * #session
[THYMELEAF]         * #servletContext
[THYMELEAF]     * Execution Attributes:
[THYMELEAF]         * "StandardExpressionParser": com.intuit.karate.template.KarateStandardDialect@56b704ea
[THYMELEAF]         * "StandardJavaScriptSerializer": org.thymeleaf.standard.serializer.StandardJavaScriptSerializer@3f2ae973
[THYMELEAF]         * "StandardCSSSerializer": org.thymeleaf.standard.serializer.StandardCSSSerializer@1a8b22b5
[THYMELEAF]         * "StandardVariableExpressionEvaluator": com.intuit.karate.template.KarateStandardDialect@56b704ea
[THYMELEAF]         * "StandardConversionService": org.thymeleaf.standard.expression.StandardConversionService@5f781173
[THYMELEAF] * Dialect [2 of 2]: karate (com.intuit.karate.template.KarateScriptDialect)
[THYMELEAF]     * Prefix: "ka"
[THYMELEAF]     * Processors for Template Mode: HTML
[THYMELEAF]         * Element Tag Processors by [matching element and attribute name] [precedence]:
[THYMELEAF]             * [* {src}] [1000]: com.intuit.karate.template.KaScriptAttrProcessor
[THYMELEAF]         * Element Model Processors by [matching element and attribute name] [precedence]:
[THYMELEAF]             * [{script} {ka:scope,data-ka-scope}] [1000]: com.intuit.karate.template.KaScriptElemProcessor
[THYMELEAF]             * [* {ka:set,data-ka-set}] [1000]: com.intuit.karate.template.KaSetElemProcessor
[THYMELEAF] TEMPLATE ENGINE CONFIGURED OK
21:37:07.107 [main] DEBUG org.thymeleaf.TemplateEngine -- [THYMELEAF] TEMPLATE ENGINE INITIALIZED
21:37:07.112 [main] DEBUG org.thymeleaf.TemplateEngine -- [THYMELEAF] INITIALIZING TEMPLATE ENGINE
21:37:07.116 [main] DEBUG org.thymeleaf.TemplateEngine.CONFIG -- Initializing Thymeleaf Template engine configuration...
[THYMELEAF] TEMPLATE ENGINE CONFIGURATION:
[THYMELEAF] * Thymeleaf version: 3.1.2.RELEASE (built 2023-07-30T19:25:50+0000)
[THYMELEAF] * Cache Manager implementation: org.thymeleaf.cache.StandardCacheManager
[THYMELEAF] * Template resolvers:
[THYMELEAF]     * [1] com.intuit.karate.template.ResourceHtmlTemplateResolver
[THYMELEAF] * Message resolvers:
[THYMELEAF]     * org.thymeleaf.messageresolver.StandardMessageResolver
[THYMELEAF] * Link builders:
[THYMELEAF]     * org.thymeleaf.linkbuilder.StandardLinkBuilder
[THYMELEAF] * Dialect [1 of 2]: Standard (com.intuit.karate.template.KarateStandardDialect)
[THYMELEAF]     * Prefix: "th"
[THYMELEAF]     * Processors for Template Mode: HTML
[THYMELEAF]         * Element Tag Processors by [matching element and attribute name] [precedence]:
[THYMELEAF]             * [* {th:include,data-th-include}] [100]: org.thymeleaf.standard.processor.StandardIncludeTagProcessor
[THYMELEAF]             * [* {th:insert,data-th-insert}] [100]: org.thymeleaf.standard.processor.StandardInsertTagProcessor
[THYMELEAF]             * [* {th:replace,data-th-replace}] [100]: org.thymeleaf.standard.processor.StandardReplaceTagProcessor
[THYMELEAF]             * [* {th:each,data-th-each}] [200]: com.intuit.karate.template.KarateEachTagProcessor
[THYMELEAF]             * [* {th:switch,data-th-switch}] [250]: org.thymeleaf.standard.processor.StandardSwitchTagProcessor
[THYMELEAF]             * [* {th:case,data-th-case}] [275]: org.thymeleaf.standard.processor.StandardCaseTagProcessor
[THYMELEAF]             * [* {th:if,data-th-if}] [300]: org.thymeleaf.standard.processor.StandardIfTagProcessor
[THYMELEAF]             * [* {th:unless,data-th-unless}] [400]: org.thymeleaf.standard.processor.StandardUnlessTagProcessor
[THYMELEAF]             * [* {th:object,data-th-object}] [500]: org.thymeleaf.standard.processor.StandardObjectTagProcessor
[THYMELEAF]             * [* {th:with,data-th-with}] [600]: com.intuit.karate.template.KarateWithTagProcessor
[THYMELEAF]             * [* {th:attr,data-th-attr}] [700]: com.intuit.karate.template.KarateAttributeTagProcessor.KarateAttrTagProcessor
[THYMELEAF]             * [* {th:attrappend,data-th-attrappend}] [900]: com.intuit.karate.template.KarateAttributeTagProcessor.KarateAttrappendTagProcessor
[THYMELEAF]             * [* {th:attrprepend,data-th-attrprepend}] [900]: com.intuit.karate.template.KarateAttributeTagProcessor.KarateAttrprependTagProcessor
[THYMELEAF]             * [* {th:alt-title,data-th-alt-title}] [990]: org.thymeleaf.standard.processor.StandardAltTitleTagProcessor
[THYMELEAF]             * [* {th:lang-xmllang,data-th-lang-xmllang}] [990]: org.thymeleaf.standard.processor.StandardLangXmlLangTagProcessor
[THYMELEAF]             * [* {th:action,data-th-action}] [1000]: org.thymeleaf.standard.processor.StandardActionTagProcessor
[THYMELEAF]             * [* {th:autofocus,data-th-autofocus}] [1000]: org.thymeleaf.standard.processor.StandardConditionalFixedValueTagProcessor
[THYMELEAF]             * [* {th:required,data-th-required}] [1000]: org.thymeleaf.standard.processor.StandardConditionalFixedValueTagProcessor
[THYMELEAF]             * [* {th:readonly,data-th-readonly}] [1000]: org.thymeleaf.standard.processor.StandardConditionalFixedValueTagProcessor
[THYMELEAF]             * [* {th:autoplay,data-th-autoplay}] [1000]: org.thymeleaf.standard.processor.StandardConditionalFixedValueTagProcessor
[THYMELEAF]             * [* {th:defer,data-th-defer}] [1000]: org.thymeleaf.standard.processor.StandardConditionalFixedValueTagProcessor
[THYMELEAF]             * [* {th:formnovalidate,data-th-formnovalidate}] [1000]: org.thymeleaf.standard.processor.StandardConditionalFixedValueTagProcessor
[THYMELEAF]             * [* {th:selected,data-th-selected}] [1000]: org.thymeleaf.standard.processor.StandardConditionalFixedValueTagProcessor
[THYMELEAF]             * [* {th:hidden,data-th-hidden}] [1000]: org.thymeleaf.standard.processor.StandardConditionalFixedValueTagProcessor
[THYMELEAF]             * [* {th:disabled,data-th-disabled}] [1000]: org.thymeleaf.standard.processor.StandardConditionalFixedValueTagProcessor
[THYMELEAF]             * [* {th:multiple,data-th-multiple}] [1000]: org.thymeleaf.standard.processor.StandardConditionalFixedValueTagProcessor
[THYMELEAF]             * [* {th:ismap,data-th-ismap}] [1000]: org.thymeleaf.standard.processor.StandardConditionalFixedValueTagProcessor
[THYMELEAF]             * [* {th:controls,data-th-controls}] [1000]: org.thymeleaf.standard.processor.StandardConditionalFixedValueTagProcessor
[THYMELEAF]             * [* {th:scoped,data-th-scoped}] [1000]: org.thymeleaf.standard.processor.StandardConditionalFixedValueTagProcessor
[THYMELEAF]             * [* {th:checked,data-th-checked}] [1000]: org.thymeleaf.standard.processor.StandardConditionalFixedValueTagProcessor
[THYMELEAF]             * [* {th:reversed,data-th-reversed}] [1000]: org.thymeleaf.standard.processor.StandardConditionalFixedValueTagProcessor
[THYMELEAF]             * [* {th:pubdate,data-th-pubdate}] [1000]: org.thymeleaf.standard.processor.StandardConditionalFixedValueTagProcessor
[THYMELEAF]             * [* {th:nowrap,data-th-nowrap}] [1000]: org.thymeleaf.standard.processor.StandardConditionalFixedValueTagProcessor
[THYMELEAF]             * [* {th:novalidate,data-th-novalidate}] [1000]: org.thymeleaf.standard.processor.StandardConditionalFixedValueTagProcessor
[THYMELEAF]             * [* {th:open,data-th-open}] [1000]: org.thymeleaf.standard.processor.StandardConditionalFixedValueTagProcessor
[THYMELEAF]             * [* {th:declare,data-th-declare}] [1000]: org.thymeleaf.standard.processor.StandardConditionalFixedValueTagProcessor
[THYMELEAF]             * [* {th:async,data-th-async}] [1000]: org.thymeleaf.standard.processor.StandardConditionalFixedValueTagProcessor
[THYMELEAF]             * [* {th:loop,data-th-loop}] [1000]: org.thymeleaf.standard.processor.StandardConditionalFixedValueTagProcessor
[THYMELEAF]             * [* {th:seamless,data-th-seamless}] [1000]: org.thymeleaf.standard.processor.StandardConditionalFixedValueTagProcessor
[THYMELEAF]             * [* {th:default,data-th-default}] [1000]: org.thymeleaf.standard.processor.StandardConditionalFixedValueTagProcessor
[THYMELEAF]             * [* {th:onformchange,data-th-onformchange}] [1000]: org.thymeleaf.standard.processor.StandardDOMEventAttributeTagProcessor
[THYMELEAF]             * [* {th:onvolumechange,data-th-onvolumechange}] [1000]: org.thymeleaf.standard.processor.StandardDOMEventAttributeTagProcessor
[THYMELEAF]             * [* {th:ondragenter,data-th-ondragenter}] [1000]: org.thymeleaf.standard.processor.StandardDOMEventAttributeTagProcessor
[THYMELEAF]             * [* {th:ondragover,data-th-ondragover}] [1000]: org.thymeleaf.standard.processor.StandardDOMEventAttributeTagProcessor
[THYMELEAF]             * [* {th:onunload,data-th-onunload}] [1000]: org.thymeleaf.standard.processor.StandardDOMEventAttributeTagProcessor
[THYMELEAF]             * [* {th:onseeking,data-th-onseeking}] [1000]: org.thymeleaf.standard.processor.StandardDOMEventAttributeTagProcessor
[THYMELEAF]             * [* {th:ondblclick,data-th-ondblclick}] [1000]: org.thymeleaf.standard.processor.StandardDOMEventAttributeTagProcessor
[THYMELEAF]             * [* {th:onclick,data-th-onclick}] [1000]: org.thymeleaf.standard.processor.StandardDOMEventAttributeTagProcessor
[THYMELEAF]             * [* {th:ondragstart,data-th-ondragstart}] [1000]: org.thymeleaf.standard.processor.StandardDOMEventAttributeTagProcessor
[THYMELEAF]             * [* {th:onwaiting,data-th-onwaiting}] [1000]: org.thymeleaf.standard.processor.StandardDOMEventAttributeTagProcessor
[THYMELEAF]             * [* {th:onoffline,data-th-onoffline}] [1000]: org.thymeleaf.standard.processor.StandardDOMEventAttributeTagProcessor
[THYMELEAF]             * [* {th:ontimeupdate,data-th-ontimeupdate}] [1000]: org.thymeleaf.standard.processor.StandardDOMEventAttributeTagProcessor
[THYMELEAF]             * [* {th:onemptied,data-th-onemptied}] [1000]: org.thymeleaf.standard.processor.StandardDOMEventAttributeTagProcessor
[THYMELEAF]             * [* {th:oninvalid,data-th-oninvalid}] [1000]: org.thymeleaf.standard.processor.StandardDOMEventAttributeTagProcessor
[THYMELEAF]             * [* {th:onabort,data-th-onabort}] [1000]: org.thymeleaf.standard.processor.StandardDOMEventAttributeTagProcessor
[THYMELEAF]             * [* {th:onreset,data-th-onreset}] [1000]: org.thymeleaf.standard.processor.StandardDOMEventAttributeTagProcessor
[THYMELEAF]             * [* {th:onkeypress,data-th-onkeypress}] [1000]: org.thymeleaf.standard.processor.StandardDOMEventAttributeTagProcessor
[THYMELEAF]             * [* {th:onpause,data-th-onpause}] [1000]: org.thymeleaf.standard.processor.StandardDOMEventAttributeTagProcessor
[THYMELEAF]             * [* {th:onchange,data-th-onchange}] [1000]: org.thymeleaf.standard.processor.StandardDOMEventAttributeTagProcessor
[THYMELEAF]             * [* {th:onbeforeunload,data-th-onbeforeunload}] [1000]: org.thymeleaf.standard.processor.StandardDOMEventAttributeTagProcessor
[THYMELEAF]             * [* {th:onredo,data-th-onredo}] [1000]: org.thymeleaf.standard.processor.StandardDOMEventAttributeTagProcessor
[THYMELEAF]             * [* {th:ondragend,data-th-ondragend}] [1000]: org.thymeleaf.standard.processor.StandardDOMEventAttributeTagProcessor
[THYMELEAF]             * [* {th:onselect,data-th-onselect}] [1000]: org.thymeleaf.standard.processor.StandardDOMEventAttributeTagProcessor
[THYMELEAF]             * [* {th:onbeforeprint,data-th-onbeforeprint}] [1000]: org.thymeleaf.standard.processor.StandardDOMEventAttributeTagProcessor
[THYMELEAF]             * [* {th:onerror,data-th-onerror}] [1000]: org.thymeleaf.standard.processor.StandardDOMEventAttributeTagProcessor
[THYMELEAF]             * [* {th:onblur,data-th-onblur}] [1000]: org.thymeleaf.standard.processor.StandardDOMEventAttributeTagProcessor
[THYMELEAF]             * [* {th:onmousemove,data-th-onmousemove}] [1000]: org.thymeleaf.standard.processor.StandardDOMEventAttributeTagProcessor
[THYMELEAF]             * [* {th:onprogress,data-th-onprogress}] [1000]: org.thymeleaf.standard.processor.StandardDOMEventAttributeTagProcessor
[THYMELEAF]             * [* {th:onpopstate,data-th-onpopstate}] [1000]: org.thymeleaf.standard.processor.StandardDOMEventAttributeTagProcessor
[THYMELEAF]             * [* {th:onmouseout,data-th-onmouseout}] [1000]: org.thymeleaf.standard.processor.StandardDOMEventAttributeTagProcessor
[THYMELEAF]             * [* {th:oncontextmenu,data-th-oncontextmenu}] [1000]: org.thymeleaf.standard.processor.StandardDOMEventAttributeTagProcessor
[THYMELEAF]             * [* {th:oncanplay,data-th-oncanplay}] [1000]: org.thymeleaf.standard.processor.StandardDOMEventAttributeTagProcessor
[THYMELEAF]             * [* {th:onloadstart,data-th-onloadstart}] [1000]: org.thymeleaf.standard.processor.StandardDOMEventAttributeTagProcessor
[THYMELEAF]             * [* {th:onstalled,data-th-onstalled}] [1000]: org.thymeleaf.standard.processor.StandardDOMEventAttributeTagProcessor
[THYMELEAF]             * [* {th:onkeyup,data-th-onkeyup}] [1000]: org.thymeleaf.standard.processor.StandardDOMEventAttributeTagProcessor
[THYMELEAF]             * [* {th:onafterprint,data-th-onafterprint}] [1000]: org.thymeleaf.standard.processor.StandardDOMEventAttributeTagProcessor
[THYMELEAF]             * [* {th:onshow,data-th-onshow}] [1000]: org.thymeleaf.standard.processor.StandardDOMEventAttributeTagProcessor
[THYMELEAF]             * [* {th:onstorage,data-th-onstorage}] [1000]: org.thymeleaf.standard.processor.StandardDOMEventAttributeTagProcessor
[THYMELEAF]             * [* {th:onplay,data-th-onplay}] [1000]: org.thymeleaf.standard.processor.StandardDOMEventAttributeTagProcessor
[THYMELEAF]             * [* {th:onmouseover,data-th-onmouseover}] [1000]: org.thymeleaf.standard.processor.StandardDOMEventAttributeTagProcessor
[THYMELEAF]             * [* {th:onfocus,data-th-onfocus}] [1000]: org.thymeleaf.standard.processor.StandardDOMEventAttributeTagProcessor
[THYMELEAF]             * [* {th:onload,data-th-onload}] [1000]: org.thymeleaf.standard.processor.StandardDOMEventAttributeTagProcessor
[THYMELEAF]             * [* {th:onkeydown,data-th-onkeydown}] [1000]: org.thymeleaf.standard.processor.StandardDOMEventAttributeTagProcessor
[THYMELEAF]             * [* {th:onsubmit,data-th-onsubmit}] [1000]: org.thymeleaf.standard.processor.StandardDOMEventAttributeTagProcessor
[THYMELEAF]             * [* {th:oncanplaythrough,data-th-oncanplaythrough}] [1000]: org.thymeleaf.standard.processor.StandardDOMEventAttributeTagProcessor
[THYMELEAF]             * [* {th:onsuspend,data-th-onsuspend}] [1000]: org.thymeleaf.standard.processor.StandardDOMEventAttributeTagProcessor
[THYMELEAF]             * [* {th:onresize,data-th-onresize}] [1000]: org.thymeleaf.standard.processor.StandardDOMEventAttributeTagProcessor
[THYMELEAF]             * [* {th:oninput,data-th-oninput}] [1000]: org.thymeleaf.standard.processor.StandardDOMEventAttributeTagProcessor
[THYMELEAF]             * [* {th:onloadedmetadata,data-th-onloadedmetadata}] [1000]: org.thymeleaf.standard.processor.StandardDOMEventAttributeTagProcessor
[THYMELEAF]             * [* {th:ondragleave,data-th-ondragleave}] [1000]: org.thymeleaf.standard.processor.StandardDOMEventAttributeTagProcessor
[THYMELEAF]             * [* {th:ondurationchange,data-th-ondurationchange}] [1000]: org.thymeleaf.standard.processor.StandardDOMEventAttributeTagProcessor
[THYMELEAF]             * [* {th:onmousewheel,data-th-onmousewheel}] [1000]: org.thymeleaf.standard.processor.StandardDOMEventAttributeTagProcessor
[THYMELEAF]             * [* {th:onhashchange,data-th-onhashchange}] [1000]: org.thymeleaf.standard.processor.StandardDOMEventAttributeTagProcessor
[THYMELEAF]             * [* {th:ononline,data-th-ononline}] [1000]: org.thymeleaf.standard.processor.StandardDOMEventAttributeTagProcessor
[THYMELEAF]             * [* {th:onloadeddata,data-th-onloadeddata}] [1000]: org.thymeleaf.standard.processor.StandardDOMEventAttributeTagProcessor
[THYMELEAF]             * [* {th:onreadystatechange,data-th-onreadystatechange}] [1000]: org.thymeleaf.standard.processor.StandardDOMEventAttributeTagProcessor
[THYMELEAF]             * [* {th:onscroll,data-th-onscroll}] [1000]: org.thymeleaf.standard.processor.StandardDOMEventAttributeTagProcessor
[THYMELEAF]             * [* {th:onmessage,data-th-onmessage}] [1000]: org.thymeleaf.standard.processor.StandardDOMEventAttributeTagProcessor
[THYMELEAF]             * [* {th:onmousedown,data-th-onmousedown}] [1000]: org.thymeleaf.standard.processor.StandardDOMEventAttributeTagProcessor
[THYMELEAF]             * [* {th:onratechange,data-th-onratechange}] [1000]: org.thymeleaf.standard.processor.StandardDOMEventAttributeTagProcessor
[THYMELEAF]             * [* {th:onended,data-th-onended}] [1000]: org.thymeleaf.standard.processor.StandardDOMEventAttributeTagProcessor
[THYMELEAF]             * [* {th:ondrag,data-th-ondrag}] [1000]: org.thymeleaf.standard.processor.StandardDOMEventAttributeTagProcessor
[THYMELEAF]             * [* {th:onundo,data-th-onundo}] [1000]: org.thymeleaf.standard.processor.StandardDOMEventAttributeTagProcessor
[THYMELEAF]             * [* {th:onforminput,data-th-onforminput}] [1000]: org.thymeleaf.standard.processor.StandardDOMEventAttributeTagProcessor
[THYMELEAF]             * [* {th:onmouseup,data-th-onmouseup}] [1000]: org.thymeleaf.standard.processor.StandardDOMEventAttributeTagProcessor
[THYMELEAF]             * [* {th:ondrop,data-th-ondrop}] [1000]: org.thymeleaf.standard.processor.StandardDOMEventAttributeTagProcessor
[THYMELEAF]             * [* {th:onseeked,data-th-onseeked}] [1000]: org.thymeleaf.standard.processor.StandardDOMEventAttributeTagProcessor
[THYMELEAF]             * [* {th:onplaying,data-th-onplaying}] [1000]: org.thymeleaf.standard.processor.StandardDOMEventAttributeTagProcessor
[THYMELEAF]             * [* {th:href,data-th-href}] [1000]: org.thymeleaf.standard.processor.StandardHrefTagProcessor
[THYMELEAF]             * [* {th:inline,data-th-inline}] [1000]: org.thymeleaf.standard.processor.StandardInlineHTMLTagProcessor
[THYMELEAF]             * [* {th:method,data-th-method}] [1000]: org.thymeleaf.standard.processor.StandardMethodTagProcessor
[THYMELEAF]             * [* {th:name,data-th-name}] [1000]: org.thymeleaf.standard.processor.StandardNonRemovableAttributeTagProcessor
[THYMELEAF]             * [* {th:type,data-th-type}] [1000]: org.thymeleaf.standard.processor.StandardNonRemovableAttributeTagProcessor
[THYMELEAF]             * [* {th:marginheight,data-th-marginheight}] [1000]: org.thymeleaf.standard.processor.StandardRemovableAttributeTagProcessor
[THYMELEAF]             * [* {th:hreflang,data-th-hreflang}] [1000]: org.thymeleaf.standard.processor.StandardRemovableAttributeTagProcessor
[THYMELEAF]             * [* {th:enctype,data-th-enctype}] [1000]: org.thymeleaf.standard.processor.StandardRemovableAttributeTagProcessor
[THYMELEAF]             * [* {th:kind,data-th-kind}] [1000]: org.thymeleaf.standard.processor.StandardRemovableAttributeTagProcessor
[THYMELEAF]             * [* {th:http-equiv,data-th-http-equiv}] [1000]: org.thymeleaf.standard.processor.StandardRemovableAttributeTagProcessor
[THYMELEAF]             * [* {th:align,data-th-align}] [1000]: org.thymeleaf.standard.processor.StandardRemovableAttributeTagProcessor
[THYMELEAF]             * [* {th:formaction,data-th-formaction}] [1000]: org.thymeleaf.standard.processor.StandardRemovableAttributeTagProcessor
[THYMELEAF]             * [* {th:id,data-th-id}] [1000]: org.thymeleaf.standard.processor.StandardRemovableAttributeTagProcessor
[THYMELEAF]             * [* {th:for,data-th-for}] [1000]: org.thymeleaf.standard.processor.StandardRemovableAttributeTagProcessor
[THYMELEAF]             * [* {th:spellcheck,data-th-spellcheck}] [1000]: org.thymeleaf.standard.processor.StandardRemovableAttributeTagProcessor
[THYMELEAF]             * [* {th:height,data-th-height}] [1000]: org.thymeleaf.standard.processor.StandardRemovableAttributeTagProcessor
[THYMELEAF]             * [* {th:size,data-th-size}] [1000]: org.thymeleaf.standard.processor.StandardRemovableAttributeTagProcessor
[THYMELEAF]             * [* {th:dropzone,data-th-dropzone}] [1000]: org.thymeleaf.standard.processor.StandardRemovableAttributeTagProcessor
[THYMELEAF]             * [* {th:placeholder,data-th-placeholder}] [1000]: org.thymeleaf.standard.processor.StandardRemovableAttributeTagProcessor
[THYMELEAF]             * [* {th:datetime,data-th-datetime}] [1000]: org.thymeleaf.standard.processor.StandardRemovableAttributeTagProcessor
[THYMELEAF]             * [* {th:cellspacing,data-th-cellspacing}] [1000]: org.thymeleaf.standard.processor.StandardRemovableAttributeTagProcessor
[THYMELEAF]             * [* {th:rows,data-th-rows}] [1000]: org.thymeleaf.standard.processor.StandardRemovableAttributeTagProcessor
[THYMELEAF]             * [* {th:rel,data-th-rel}] [1000]: org.thymeleaf.standard.processor.StandardRemovableAttributeTagProcessor
[THYMELEAF]             * [* {th:accept,data-th-accept}] [1000]: org.thymeleaf.standard.processor.StandardRemovableAttributeTagProcessor
[THYMELEAF]             * [* {th:contenteditable,data-th-contenteditable}] [1000]: org.thymeleaf.standard.processor.StandardRemovableAttributeTagProcessor
[THYMELEAF]             * [* {th:colspan,data-th-colspan}] [1000]: org.thymeleaf.standard.processor.StandardRemovableAttributeTagProcessor
[THYMELEAF]             * [* {th:srclang,data-th-srclang}] [1000]: org.thymeleaf.standard.processor.StandardRemovableAttributeTagProcessor
[THYMELEAF]             * [* {th:preload,data-th-preload}] [1000]: org.thymeleaf.standard.processor.StandardRemovableAttributeTagProcessor
[THYMELEAF]             * [* {th:frame,data-th-frame}] [1000]: org.thymeleaf.standard.processor.StandardRemovableAttributeTagProcessor
[THYMELEAF]             * [* {th:min,data-th-min}] [1000]: org.thymeleaf.standard.processor.StandardRemovableAttributeTagProcessor
[THYMELEAF]             * [* {th:icon,data-th-icon}] [1000]: org.thymeleaf.standard.processor.StandardRemovableAttributeTagProcessor
[THYMELEAF]             * [* {th:scope,data-th-scope}] [1000]: org.thymeleaf.standard.processor.StandardRemovableAttributeTagProcessor
[THYMELEAF]             * [* {th:width,data-th-width}] [1000]: org.thymeleaf.standard.processor.StandardRemovableAttributeTagProcessor
[THYMELEAF]             * [* {th:sizes,data-th-sizes}] [1000]: org.thymeleaf.standard.processor.StandardRemovableAttributeTagProcessor
[THYMELEAF]             * [* {th:background,data-th-background}] [1000]: org.thymeleaf.standard.processor.StandardRemovableAttributeTagProcessor
[THYMELEAF]             * [* {th:codetype,data-th-codetype}] [1000]: org.thymeleaf.standard.processor.StandardRemovableAttributeTagProcessor
[THYMELEAF]             * [* {th:manifest,data-th-manifest}] [1000]: org.thymeleaf.standard.processor.StandardRemovableAttributeTagProcessor
[THYMELEAF]             * [* {th:rev,data-th-rev}] [1000]: org.thymeleaf.standard.processor.StandardRemovableAttributeTagProcessor
[THYMELEAF]             * [* {th:abbr,data-th-abbr}] [1000]: org.thymeleaf.standard.processor.StandardRemovableAttributeTagProcessor
[THYMELEAF]             * [* {th:lang,data-th-lang}] [1000]: org.thymeleaf.standard.processor.StandardRemovableAttributeTagProcessor
[THYMELEAF]             * [* {th:label,data-th-label}] [1000]: org.thymeleaf.standard.processor.StandardRemovableAttributeTagProcessor
[THYMELEAF]             * [* {th:maxlength,data-th-maxlength}] [1000]: org.thymeleaf.standard.processor.StandardRemovableAttributeTagProcessor
[THYMELEAF]             * [* {th:audio,data-th-audio}] [1000]: org.thymeleaf.standard.processor.StandardRemovableAttributeTagProcessor
[THYMELEAF]             * [* {th:summary,data-th-summary}] [1000]: org.thymeleaf.standard.processor.StandardRemovableAttributeTagProcessor
[THYMELEAF]             * [* {th:frameborder,data-th-frameborder}] [1000]: org.thymeleaf.standard.processor.StandardRemovableAttributeTagProcessor
[THYMELEAF]             * [* {th:formmethod,data-th-formmethod}] [1000]: org.thymeleaf.standard.processor.StandardRemovableAttributeTagProcessor
[THYMELEAF]             * [* {th:tabindex,data-th-tabindex}] [1000]: org.thymeleaf.standard.processor.StandardRemovableAttributeTagProcessor
[THYMELEAF]             * [* {th:axis,data-th-axis}] [1000]: org.thymeleaf.standard.processor.StandardRemovableAttributeTagProcessor
[THYMELEAF]             * [* {th:radiogroup,data-th-radiogroup}] [1000]: org.thymeleaf.standard.processor.StandardRemovableAttributeTagProcessor
[THYMELEAF]             * [* {th:accept-charset,data-th-accept-charset}] [1000]: org.thymeleaf.standard.processor.StandardRemovableAttributeTagProcessor
[THYMELEAF]             * [* {th:compact,data-th-compact}] [1000]: org.thymeleaf.standard.processor.StandardRemovableAttributeTagProcessor
[THYMELEAF]             * [* {th:keytype,data-th-keytype}] [1000]: org.thymeleaf.standard.processor.StandardRemovableAttributeTagProcessor
[THYMELEAF]             * [* {th:wrap,data-th-wrap}] [1000]: org.thymeleaf.standard.processor.StandardRemovableAttributeTagProcessor
[THYMELEAF]             * [* {th:marginwidth,data-th-marginwidth}] [1000]: org.thymeleaf.standard.processor.StandardRemovableAttributeTagProcessor
[THYMELEAF]             * [* {th:bgcolor,data-th-bgcolor}] [1000]: org.thymeleaf.standard.processor.StandardRemovableAttributeTagProcessor
[THYMELEAF]             * [* {th:longdesc,data-th-longdesc}] [1000]: org.thymeleaf.standard.processor.StandardRemovableAttributeTagProcessor
[THYMELEAF]             * [* {th:target,data-th-target}] [1000]: org.thymeleaf.standard.processor.StandardRemovableAttributeTagProcessor
[THYMELEAF]             * [* {th:accesskey,data-th-accesskey}] [1000]: org.thymeleaf.standard.processor.StandardRemovableAttributeTagProcessor
[THYMELEAF]             * [* {th:title,data-th-title}] [1000]: org.thymeleaf.standard.processor.StandardRemovableAttributeTagProcessor
[THYMELEAF]             * [* {th:classid,data-th-classid}] [1000]: org.thymeleaf.standard.processor.StandardRemovableAttributeTagProcessor
[THYMELEAF]             * [* {th:formenctype,data-th-formenctype}] [1000]: org.thymeleaf.standard.processor.StandardRemovableAttributeTagProcessor
[THYMELEAF]             * [* {th:usemap,data-th-usemap}] [1000]: org.thymeleaf.standard.processor.StandardRemovableAttributeTagProcessor
[THYMELEAF]             * [* {th:poster,data-th-poster}] [1000]: org.thymeleaf.standard.processor.StandardRemovableAttributeTagProcessor
[THYMELEAF]             * [* {th:form,data-th-form}] [1000]: org.thymeleaf.standard.processor.StandardRemovableAttributeTagProcessor
[THYMELEAF]             * [* {th:cite,data-th-cite}] [1000]: org.thymeleaf.standard.processor.StandardRemovableAttributeTagProcessor
[THYMELEAF]             * [* {th:span,data-th-span}] [1000]: org.thymeleaf.standard.processor.StandardRemovableAttributeTagProcessor
[THYMELEAF]             * [* {th:cols,data-th-cols}] [1000]: org.thymeleaf.standard.processor.StandardRemovableAttributeTagProcessor
[THYMELEAF]             * [* {th:vspace,data-th-vspace}] [1000]: org.thymeleaf.standard.processor.StandardRemovableAttributeTagProcessor
[THYMELEAF]             * [* {th:start,data-th-start}] [1000]: org.thymeleaf.standard.processor.StandardRemovableAttributeTagProcessor
[THYMELEAF]             * [* {th:charset,data-th-charset}] [1000]: org.thymeleaf.standard.processor.StandardRemovableAttributeTagProcessor
[THYMELEAF]             * [* {th:autocomplete,data-th-autocomplete}] [1000]: org.thymeleaf.standard.processor.StandardRemovableAttributeTagProcessor
[THYMELEAF]             * [* {th:class,data-th-class}] [1000]: org.thymeleaf.standard.processor.StandardRemovableAttributeTagProcessor
[THYMELEAF]             * [* {th:draggable,data-th-draggable}] [1000]: org.thymeleaf.standard.processor.StandardRemovableAttributeTagProcessor
[THYMELEAF]             * [* {th:max,data-th-max}] [1000]: org.thymeleaf.standard.processor.StandardRemovableAttributeTagProcessor
[THYMELEAF]             * [* {th:style,data-th-style}] [1000]: org.thymeleaf.standard.processor.StandardRemovableAttributeTagProcessor
[THYMELEAF]             * [* {th:codebase,data-th-codebase}] [1000]: org.thymeleaf.standard.processor.StandardRemovableAttributeTagProcessor
[THYMELEAF]             * [* {th:contextmenu,data-th-contextmenu}] [1000]: org.thymeleaf.standard.processor.StandardRemovableAttributeTagProcessor
[THYMELEAF]             * [* {th:rowspan,data-th-rowspan}] [1000]: org.thymeleaf.standard.processor.StandardRemovableAttributeTagProcessor
[THYMELEAF]             * [* {th:data,data-th-data}] [1000]: org.thymeleaf.standard.processor.StandardRemovableAttributeTagProcessor
[THYMELEAF]             * [* {th:alt,data-th-alt}] [1000]: org.thymeleaf.standard.processor.StandardRemovableAttributeTagProcessor
[THYMELEAF]             * [* {th:rules,data-th-rules}] [1000]: org.thymeleaf.standard.processor.StandardRemovableAttributeTagProcessor
[THYMELEAF]             * [* {th:border,data-th-border}] [1000]: org.thymeleaf.standard.processor.StandardRemovableAttributeTagProcessor
[THYMELEAF]             * [* {th:sandbox,data-th-sandbox}] [1000]: org.thymeleaf.standard.processor.StandardRemovableAttributeTagProcessor
[THYMELEAF]             * [* {th:challenge,data-th-challenge}] [1000]: org.thymeleaf.standard.processor.StandardRemovableAttributeTagProcessor
[THYMELEAF]             * [* {th:valuetype,data-th-valuetype}] [1000]: org.thymeleaf.standard.processor.StandardRemovableAttributeTagProcessor
[THYMELEAF]             * [* {th:archive,data-th-archive}] [1000]: org.thymeleaf.standard.processor.StandardRemovableAttributeTagProcessor
[THYMELEAF]             * [* {th:high,data-th-high}] [1000]: org.thymeleaf.standard.processor.StandardRemovableAttributeTagProcessor
[THYMELEAF]             * [* {th:standby,data-th-standby}] [1000]: org.thymeleaf.standard.processor.StandardRemovableAttributeTagProcessor
[THYMELEAF]             * [* {th:media,data-th-media}] [1000]: org.thymeleaf.standard.processor.StandardRemovableAttributeTagProcessor
[THYMELEAF]             * [* {th:scrolling,data-th-scrolling}] [1000]: org.thymeleaf.standard.processor.StandardRemovableAttributeTagProcessor
[THYMELEAF]             * [* {th:optimum,data-th-optimum}] [1000]: org.thymeleaf.standard.processor.StandardRemovableAttributeTagProcessor
[THYMELEAF]             * [* {th:content,data-th-content}] [1000]: org.thymeleaf.standard.processor.StandardRemovableAttributeTagProcessor
[THYMELEAF]             * [* {th:scheme,data-th-scheme}] [1000]: org.thymeleaf.standard.processor.StandardRemovableAttributeTagProcessor
[THYMELEAF]             * [* {th:cellpadding,data-th-cellpadding}] [1000]: org.thymeleaf.standard.processor.StandardRemovableAttributeTagProcessor
[THYMELEAF]             * [* {th:headers,data-th-headers}] [1000]: org.thymeleaf.standard.processor.StandardRemovableAttributeTagProcessor
[THYMELEAF]             * [* {th:hspace,data-th-hspace}] [1000]: org.thymeleaf.standard.processor.StandardRemovableAttributeTagProcessor
[THYMELEAF]             * [* {th:low,data-th-low}] [1000]: org.thymeleaf.standard.processor.StandardRemovableAttributeTagProcessor
[THYMELEAF]             * [* {th:formtarget,data-th-formtarget}] [1000]: org.thymeleaf.standard.processor.StandardRemovableAttributeTagProcessor
[THYMELEAF]             * [* {th:pattern,data-th-pattern}] [1000]: org.thymeleaf.standard.processor.StandardRemovableAttributeTagProcessor
[THYMELEAF]             * [* {th:dir,data-th-dir}] [1000]: org.thymeleaf.standard.processor.StandardRemovableAttributeTagProcessor
[THYMELEAF]             * [* {th:list,data-th-list}] [1000]: org.thymeleaf.standard.processor.StandardRemovableAttributeTagProcessor
[THYMELEAF]             * [* {th:step,data-th-step}] [1000]: org.thymeleaf.standard.processor.StandardRemovableAttributeTagProcessor
[THYMELEAF]             * [* {th:src,data-th-src}] [1000]: org.thymeleaf.standard.processor.StandardSrcTagProcessor
[THYMELEAF]             * [* {th:value,data-th-value}] [1000]: org.thymeleaf.standard.processor.StandardValueTagProcessor
[THYMELEAF]             * [* {th:xmlbase,data-th-xmlbase}] [1000]: org.thymeleaf.standard.processor.StandardXmlBaseTagProcessor
[THYMELEAF]             * [* {th:xmllang,data-th-xmllang}] [1000]: org.thymeleaf.standard.processor.StandardXmlLangTagProcessor
[THYMELEAF]             * [* {xmlns:th}] [1000]: org.thymeleaf.standard.processor.StandardXmlNsTagProcessor
[THYMELEAF]             * [* {th:xmlspace,data-th-xmlspace}] [1000]: org.thymeleaf.standard.processor.StandardXmlSpaceTagProcessor
[THYMELEAF]             * [* {th:classappend,data-th-classappend}] [1100]: org.thymeleaf.standard.processor.StandardClassappendTagProcessor
[THYMELEAF]             * [* {th:styleappend,data-th-styleappend}] [1100]: org.thymeleaf.standard.processor.StandardStyleappendTagProcessor
[THYMELEAF]             * [* {th:text,data-th-text}] [1300]: org.thymeleaf.standard.processor.StandardTextTagProcessor
[THYMELEAF]             * [* {th:utext,data-th-utext}] [1400]: org.thymeleaf.standard.processor.StandardUtextTagProcessor
[THYMELEAF]             * [* {th:fragment,data-th-fragment}] [1500]: org.thymeleaf.standard.processor.StandardFragmentTagProcessor
[THYMELEAF]             * [* {th:assert,data-th-assert}] [1550]: org.thymeleaf.standard.processor.StandardAssertTagProcessor
[THYMELEAF]             * [* {th:remove,data-th-remove}] [1600]: org.thymeleaf.standard.processor.StandardRemoveTagProcessor
[THYMELEAF]             * [* {th:ref,data-th-ref}] [10000]: org.thymeleaf.standard.processor.StandardRefAttributeTagProcessor
[THYMELEAF]             * [{th:block,th-block} *] [100000]: org.thymeleaf.standard.processor.StandardBlockTagProcessor
[THYMELEAF]             * [* th:*] [2147483647]: org.thymeleaf.standard.processor.StandardDefaultAttributesTagProcessor
[THYMELEAF]         * Text Processors by [precedence]:
[THYMELEAF]             * [1000]: org.thymeleaf.standard.processor.StandardInliningTextProcessor
[THYMELEAF]         * DOCTYPE Processors by [precedence]:
[THYMELEAF]             * [1000]: org.thymeleaf.standard.processor.StandardTranslationDocTypeProcessor
[THYMELEAF]         * CDATA Section Processors by [precedence]:
[THYMELEAF]             * [1000]: org.thymeleaf.standard.processor.StandardInliningCDATASectionProcessor
[THYMELEAF]         * Comment Processors by [precedence]:
[THYMELEAF]             * [1000]: org.thymeleaf.standard.processor.StandardInliningCommentProcessor
[THYMELEAF]             * [1100]: org.thymeleaf.standard.processor.StandardConditionalCommentProcessor
[THYMELEAF]     * Processors for Template Mode: XML
[THYMELEAF]         * Element Tag Processors by [matching element and attribute name] [precedence]:
[THYMELEAF]             * [* {th:include}] [100]: org.thymeleaf.standard.processor.StandardIncludeTagProcessor
[THYMELEAF]             * [* {th:insert}] [100]: org.thymeleaf.standard.processor.StandardInsertTagProcessor
[THYMELEAF]             * [* {th:replace}] [100]: org.thymeleaf.standard.processor.StandardReplaceTagProcessor
[THYMELEAF]             * [* {th:each}] [200]: com.intuit.karate.template.KarateEachTagProcessor
[THYMELEAF]             * [* {th:switch}] [250]: org.thymeleaf.standard.processor.StandardSwitchTagProcessor
[THYMELEAF]             * [* {th:case}] [275]: org.thymeleaf.standard.processor.StandardCaseTagProcessor
[THYMELEAF]             * [* {th:if}] [300]: org.thymeleaf.standard.processor.StandardIfTagProcessor
[THYMELEAF]             * [* {th:unless}] [400]: org.thymeleaf.standard.processor.StandardUnlessTagProcessor
[THYMELEAF]             * [* {th:object}] [500]: org.thymeleaf.standard.processor.StandardObjectTagProcessor
[THYMELEAF]             * [* {th:with}] [600]: com.intuit.karate.template.KarateWithTagProcessor
[THYMELEAF]             * [* {th:attr}] [700]: com.intuit.karate.template.KarateAttributeTagProcessor.KarateAttrTagProcessor
[THYMELEAF]             * [* {th:attrappend}] [900]: com.intuit.karate.template.KarateAttributeTagProcessor.KarateAttrappendTagProcessor
[THYMELEAF]             * [* {th:attrprepend}] [900]: com.intuit.karate.template.KarateAttributeTagProcessor.KarateAttrprependTagProcessor
[THYMELEAF]             * [* {th:inline}] [1000]: org.thymeleaf.standard.processor.StandardInlineXMLTagProcessor
[THYMELEAF]             * [* {xmlns:th}] [1000]: org.thymeleaf.standard.processor.StandardXmlNsTagProcessor
[THYMELEAF]             * [* {th:text}] [1300]: org.thymeleaf.standard.processor.StandardTextTagProcessor
[THYMELEAF]             * [* {th:utext}] [1400]: org.thymeleaf.standard.processor.StandardUtextTagProcessor
[THYMELEAF]             * [* {th:fragment}] [1500]: org.thymeleaf.standard.processor.StandardFragmentTagProcessor
[THYMELEAF]             * [* {th:assert}] [1550]: org.thymeleaf.standard.processor.StandardAssertTagProcessor
[THYMELEAF]             * [* {th:remove}] [1600]: org.thymeleaf.standard.processor.StandardRemoveTagProcessor
[THYMELEAF]             * [* {th:ref}] [10000]: org.thymeleaf.standard.processor.StandardRefAttributeTagProcessor
[THYMELEAF]             * [{th:block} *] [100000]: org.thymeleaf.standard.processor.StandardBlockTagProcessor
[THYMELEAF]             * [* th:*] [2147483647]: org.thymeleaf.standard.processor.StandardDefaultAttributesTagProcessor
[THYMELEAF]         * Text Processors by [precedence]:
[THYMELEAF]             * [1000]: org.thymeleaf.standard.processor.StandardInliningTextProcessor
[THYMELEAF]         * CDATA Section Processors by [precedence]:
[THYMELEAF]             * [1000]: org.thymeleaf.standard.processor.StandardInliningCDATASectionProcessor
[THYMELEAF]         * Comment Processors by [precedence]:
[THYMELEAF]             * [1000]: org.thymeleaf.standard.processor.StandardInliningCommentProcessor
[THYMELEAF]     * Processors for Template Mode: TEXT
[THYMELEAF]         * Element Tag Processors by [matching element and attribute name] [precedence]:
[THYMELEAF]             * [* {th:insert}] [100]: org.thymeleaf.standard.processor.StandardInsertTagProcessor
[THYMELEAF]             * [* {th:replace}] [100]: org.thymeleaf.standard.processor.StandardReplaceTagProcessor
[THYMELEAF]             * [* {th:each}] [200]: com.intuit.karate.template.KarateEachTagProcessor
[THYMELEAF]             * [* {th:switch}] [250]: org.thymeleaf.standard.processor.StandardSwitchTagProcessor
[THYMELEAF]             * [* {th:case}] [275]: org.thymeleaf.standard.processor.StandardCaseTagProcessor
[THYMELEAF]             * [* {th:if}] [300]: org.thymeleaf.standard.processor.StandardIfTagProcessor
[THYMELEAF]             * [* {th:unless}] [400]: org.thymeleaf.standard.processor.StandardUnlessTagProcessor
[THYMELEAF]             * [* {th:object}] [500]: org.thymeleaf.standard.processor.StandardObjectTagProcessor
[THYMELEAF]             * [* {th:with}] [600]: com.intuit.karate.template.KarateWithTagProcessor
[THYMELEAF]             * [* {th:inline}] [1000]: org.thymeleaf.standard.processor.StandardInlineTextualTagProcessor
[THYMELEAF]             * [* {th:text}] [1300]: org.thymeleaf.standard.processor.StandardTextTagProcessor
[THYMELEAF]             * [* {th:utext}] [1400]: org.thymeleaf.standard.processor.StandardUtextTagProcessor
[THYMELEAF]             * [* {th:assert}] [1550]: org.thymeleaf.standard.processor.StandardAssertTagProcessor
[THYMELEAF]             * [* {th:remove}] [1600]: org.thymeleaf.standard.processor.StandardRemoveTagProcessor
[THYMELEAF]             * [* 100000] [org.thymeleaf.standard.processor.StandardBlockTagProcessor]: {}
[THYMELEAF]             * [{th:block} *] [100000]: org.thymeleaf.standard.processor.StandardBlockTagProcessor
[THYMELEAF]         * Text Processors by [precedence]:
[THYMELEAF]             * [1000]: org.thymeleaf.standard.processor.StandardInliningTextProcessor
[THYMELEAF]     * Processors for Template Mode: JAVASCRIPT
[THYMELEAF]         * Element Tag Processors by [matching element and attribute name] [precedence]:
[THYMELEAF]             * [* {th:insert}] [100]: org.thymeleaf.standard.processor.StandardInsertTagProcessor
[THYMELEAF]             * [* {th:replace}] [100]: org.thymeleaf.standard.processor.StandardReplaceTagProcessor
[THYMELEAF]             * [* {th:each}] [200]: com.intuit.karate.template.KarateEachTagProcessor
[THYMELEAF]             * [* {th:switch}] [250]: org.thymeleaf.standard.processor.StandardSwitchTagProcessor
[THYMELEAF]             * [* {th:case}] [275]: org.thymeleaf.standard.processor.StandardCaseTagProcessor
[THYMELEAF]             * [* {th:if}] [300]: org.thymeleaf.standard.processor.StandardIfTagProcessor
[THYMELEAF]             * [* {th:unless}] [400]: org.thymeleaf.standard.processor.StandardUnlessTagProcessor
[THYMELEAF]             * [* {th:object}] [500]: org.thymeleaf.standard.processor.StandardObjectTagProcessor
[THYMELEAF]             * [* {th:with}] [600]: com.intuit.karate.template.KarateWithTagProcessor
[THYMELEAF]             * [* {th:inline}] [1000]: org.thymeleaf.standard.processor.StandardInlineTextualTagProcessor
[THYMELEAF]             * [* {th:text}] [1300]: org.thymeleaf.standard.processor.StandardTextTagProcessor
[THYMELEAF]             * [* {th:utext}] [1400]: org.thymeleaf.standard.processor.StandardUtextTagProcessor
[THYMELEAF]             * [* {th:assert}] [1550]: org.thymeleaf.standard.processor.StandardAssertTagProcessor
[THYMELEAF]             * [* {th:remove}] [1600]: org.thymeleaf.standard.processor.StandardRemoveTagProcessor
[THYMELEAF]             * [{th:block} *] [100000]: org.thymeleaf.standard.processor.StandardBlockTagProcessor
[THYMELEAF]             * [* 100000] [org.thymeleaf.standard.processor.StandardBlockTagProcessor]: {}
[THYMELEAF]         * Text Processors by [precedence]:
[THYMELEAF]             * [1000]: org.thymeleaf.standard.processor.StandardInliningTextProcessor
[THYMELEAF]     * Processors for Template Mode: CSS
[THYMELEAF]         * Element Tag Processors by [matching element and attribute name] [precedence]:
[THYMELEAF]             * [* {th:insert}] [100]: org.thymeleaf.standard.processor.StandardInsertTagProcessor
[THYMELEAF]             * [* {th:replace}] [100]: org.thymeleaf.standard.processor.StandardReplaceTagProcessor
[THYMELEAF]             * [* {th:each}] [200]: com.intuit.karate.template.KarateEachTagProcessor
[THYMELEAF]             * [* {th:switch}] [250]: org.thymeleaf.standard.processor.StandardSwitchTagProcessor
[THYMELEAF]             * [* {th:case}] [275]: org.thymeleaf.standard.processor.StandardCaseTagProcessor
[THYMELEAF]             * [* {th:if}] [300]: org.thymeleaf.standard.processor.StandardIfTagProcessor
[THYMELEAF]             * [* {th:unless}] [400]: org.thymeleaf.standard.processor.StandardUnlessTagProcessor
[THYMELEAF]             * [* {th:object}] [500]: org.thymeleaf.standard.processor.StandardObjectTagProcessor
[THYMELEAF]             * [* {th:with}] [600]: com.intuit.karate.template.KarateWithTagProcessor
[THYMELEAF]             * [* {th:inline}] [1000]: org.thymeleaf.standard.processor.StandardInlineTextualTagProcessor
[THYMELEAF]             * [* {th:text}] [1300]: org.thymeleaf.standard.processor.StandardTextTagProcessor
[THYMELEAF]             * [* {th:utext}] [1400]: org.thymeleaf.standard.processor.StandardUtextTagProcessor
[THYMELEAF]             * [* {th:assert}] [1550]: org.thymeleaf.standard.processor.StandardAssertTagProcessor
[THYMELEAF]             * [* {th:remove}] [1600]: org.thymeleaf.standard.processor.StandardRemoveTagProcessor
[THYMELEAF]             * [{th:block} *] [100000]: org.thymeleaf.standard.processor.StandardBlockTagProcessor
[THYMELEAF]             * [* 100000] [org.thymeleaf.standard.processor.StandardBlockTagProcessor]: {}
[THYMELEAF]         * Text Processors by [precedence]:
[THYMELEAF]             * [1000]: org.thymeleaf.standard.processor.StandardInliningTextProcessor
[THYMELEAF]     * Expression Objects:
[THYMELEAF]         * #ctx
[THYMELEAF]         * #root
[THYMELEAF]         * #vars
[THYMELEAF]         * #object
[THYMELEAF]         * #locale
[THYMELEAF]         * #conversions
[THYMELEAF]         * #uris
[THYMELEAF]         * #temporals
[THYMELEAF]         * #calendars
[THYMELEAF]         * #dates
[THYMELEAF]         * #bools
[THYMELEAF]         * #numbers
[THYMELEAF]         * #objects
[THYMELEAF]         * #strings
[THYMELEAF]         * #arrays
[THYMELEAF]         * #lists
[THYMELEAF]         * #sets
[THYMELEAF]         * #maps
[THYMELEAF]         * #aggregates
[THYMELEAF]         * #messages
[THYMELEAF]         * #ids
[THYMELEAF]         * #execInfo
[THYMELEAF]         * #request
[THYMELEAF]         * #response
[THYMELEAF]         * #session
[THYMELEAF]         * #servletContext
[THYMELEAF]     * Execution Attributes:
[THYMELEAF]         * "StandardExpressionParser": com.intuit.karate.template.KarateStandardDialect@796fe2b5
[THYMELEAF]         * "StandardJavaScriptSerializer": org.thymeleaf.standard.serializer.StandardJavaScriptSerializer@a2fb8a5
[THYMELEAF]         * "StandardCSSSerializer": org.thymeleaf.standard.serializer.StandardCSSSerializer@350e3fb4
[THYMELEAF]         * "StandardVariableExpressionEvaluator": com.intuit.karate.template.KarateStandardDialect@796fe2b5
[THYMELEAF]         * "StandardConversionService": org.thymeleaf.standard.expression.StandardConversionService@13ddaffb
[THYMELEAF] * Dialect [2 of 2]: karate (com.intuit.karate.template.KarateScriptDialect)
[THYMELEAF]     * Prefix: "ka"
[THYMELEAF]     * Processors for Template Mode: HTML
[THYMELEAF]         * Element Tag Processors by [matching element and attribute name] [precedence]:
[THYMELEAF]             * [* {src}] [1000]: com.intuit.karate.template.KaScriptAttrProcessor
[THYMELEAF]         * Element Model Processors by [matching element and attribute name] [precedence]:
[THYMELEAF]             * [{script} {ka:scope,data-ka-scope}] [1000]: com.intuit.karate.template.KaScriptElemProcessor
[THYMELEAF]             * [* {ka:set,data-ka-set}] [1000]: com.intuit.karate.template.KaSetElemProcessor
[THYMELEAF] TEMPLATE ENGINE CONFIGURED OK
21:37:07.116 [main] DEBUG org.thymeleaf.TemplateEngine -- [THYMELEAF] TEMPLATE ENGINE INITIALIZED
21:37:07.123 [main] DEBUG org.thymeleaf.TemplateEngine -- [THYMELEAF] INITIALIZING TEMPLATE ENGINE
21:37:07.126 [main] DEBUG org.thymeleaf.TemplateEngine.CONFIG -- Initializing Thymeleaf Template engine configuration...
[THYMELEAF] TEMPLATE ENGINE CONFIGURATION:
[THYMELEAF] * Thymeleaf version: 3.1.2.RELEASE (built 2023-07-30T19:25:50+0000)
[THYMELEAF] * Cache Manager implementation: org.thymeleaf.cache.StandardCacheManager
[THYMELEAF] * Template resolvers:
[THYMELEAF]     * [1] com.intuit.karate.template.ResourceHtmlTemplateResolver
[THYMELEAF] * Message resolvers:
[THYMELEAF]     * org.thymeleaf.messageresolver.StandardMessageResolver
[THYMELEAF] * Link builders:
[THYMELEAF]     * org.thymeleaf.linkbuilder.StandardLinkBuilder
[THYMELEAF] * Dialect [1 of 2]: Standard (com.intuit.karate.template.KarateStandardDialect)
[THYMELEAF]     * Prefix: "th"
[THYMELEAF]     * Processors for Template Mode: HTML
[THYMELEAF]         * Element Tag Processors by [matching element and attribute name] [precedence]:
[THYMELEAF]             * [* {th:include,data-th-include}] [100]: org.thymeleaf.standard.processor.StandardIncludeTagProcessor
[THYMELEAF]             * [* {th:insert,data-th-insert}] [100]: org.thymeleaf.standard.processor.StandardInsertTagProcessor
[THYMELEAF]             * [* {th:replace,data-th-replace}] [100]: org.thymeleaf.standard.processor.StandardReplaceTagProcessor
[THYMELEAF]             * [* {th:each,data-th-each}] [200]: com.intuit.karate.template.KarateEachTagProcessor
[THYMELEAF]             * [* {th:switch,data-th-switch}] [250]: org.thymeleaf.standard.processor.StandardSwitchTagProcessor
[THYMELEAF]             * [* {th:case,data-th-case}] [275]: org.thymeleaf.standard.processor.StandardCaseTagProcessor
[THYMELEAF]             * [* {th:if,data-th-if}] [300]: org.thymeleaf.standard.processor.StandardIfTagProcessor
[THYMELEAF]             * [* {th:unless,data-th-unless}] [400]: org.thymeleaf.standard.processor.StandardUnlessTagProcessor
[THYMELEAF]             * [* {th:object,data-th-object}] [500]: org.thymeleaf.standard.processor.StandardObjectTagProcessor
[THYMELEAF]             * [* {th:with,data-th-with}] [600]: com.intuit.karate.template.KarateWithTagProcessor
[THYMELEAF]             * [* {th:attr,data-th-attr}] [700]: com.intuit.karate.template.KarateAttributeTagProcessor.KarateAttrTagProcessor
[THYMELEAF]             * [* {th:attrappend,data-th-attrappend}] [900]: com.intuit.karate.template.KarateAttributeTagProcessor.KarateAttrappendTagProcessor
[THYMELEAF]             * [* {th:attrprepend,data-th-attrprepend}] [900]: com.intuit.karate.template.KarateAttributeTagProcessor.KarateAttrprependTagProcessor
[THYMELEAF]             * [* {th:alt-title,data-th-alt-title}] [990]: org.thymeleaf.standard.processor.StandardAltTitleTagProcessor
[THYMELEAF]             * [* {th:lang-xmllang,data-th-lang-xmllang}] [990]: org.thymeleaf.standard.processor.StandardLangXmlLangTagProcessor
[THYMELEAF]             * [* {th:action,data-th-action}] [1000]: org.thymeleaf.standard.processor.StandardActionTagProcessor
[THYMELEAF]             * [* {th:seamless,data-th-seamless}] [1000]: org.thymeleaf.standard.processor.StandardConditionalFixedValueTagProcessor
[THYMELEAF]             * [* {th:loop,data-th-loop}] [1000]: org.thymeleaf.standard.processor.StandardConditionalFixedValueTagProcessor
[THYMELEAF]             * [* {th:pubdate,data-th-pubdate}] [1000]: org.thymeleaf.standard.processor.StandardConditionalFixedValueTagProcessor
[THYMELEAF]             * [* {th:formnovalidate,data-th-formnovalidate}] [1000]: org.thymeleaf.standard.processor.StandardConditionalFixedValueTagProcessor
[THYMELEAF]             * [* {th:autoplay,data-th-autoplay}] [1000]: org.thymeleaf.standard.processor.StandardConditionalFixedValueTagProcessor
[THYMELEAF]             * [* {th:ismap,data-th-ismap}] [1000]: org.thymeleaf.standard.processor.StandardConditionalFixedValueTagProcessor
[THYMELEAF]             * [* {th:declare,data-th-declare}] [1000]: org.thymeleaf.standard.processor.StandardConditionalFixedValueTagProcessor
[THYMELEAF]             * [* {th:scoped,data-th-scoped}] [1000]: org.thymeleaf.standard.processor.StandardConditionalFixedValueTagProcessor
[THYMELEAF]             * [* {th:required,data-th-required}] [1000]: org.thymeleaf.standard.processor.StandardConditionalFixedValueTagProcessor
[THYMELEAF]             * [* {th:defer,data-th-defer}] [1000]: org.thymeleaf.standard.processor.StandardConditionalFixedValueTagProcessor
[THYMELEAF]             * [* {th:hidden,data-th-hidden}] [1000]: org.thymeleaf.standard.processor.StandardConditionalFixedValueTagProcessor
[THYMELEAF]             * [* {th:default,data-th-default}] [1000]: org.thymeleaf.standard.processor.StandardConditionalFixedValueTagProcessor
[THYMELEAF]             * [* {th:reversed,data-th-reversed}] [1000]: org.thymeleaf.standard.processor.StandardConditionalFixedValueTagProcessor
[THYMELEAF]             * [* {th:selected,data-th-selected}] [1000]: org.thymeleaf.standard.processor.StandardConditionalFixedValueTagProcessor
[THYMELEAF]             * [* {th:novalidate,data-th-novalidate}] [1000]: org.thymeleaf.standard.processor.StandardConditionalFixedValueTagProcessor
[THYMELEAF]             * [* {th:open,data-th-open}] [1000]: org.thymeleaf.standard.processor.StandardConditionalFixedValueTagProcessor
[THYMELEAF]             * [* {th:disabled,data-th-disabled}] [1000]: org.thymeleaf.standard.processor.StandardConditionalFixedValueTagProcessor
[THYMELEAF]             * [* {th:readonly,data-th-readonly}] [1000]: org.thymeleaf.standard.processor.StandardConditionalFixedValueTagProcessor
[THYMELEAF]             * [* {th:controls,data-th-controls}] [1000]: org.thymeleaf.standard.processor.StandardConditionalFixedValueTagProcessor
[THYMELEAF]             * [* {th:multiple,data-th-multiple}] [1000]: org.thymeleaf.standard.processor.StandardConditionalFixedValueTagProcessor
[THYMELEAF]             * [* {th:nowrap,data-th-nowrap}] [1000]: org.thymeleaf.standard.processor.StandardConditionalFixedValueTagProcessor
[THYMELEAF]             * [* {th:checked,data-th-checked}] [1000]: org.thymeleaf.standard.processor.StandardConditionalFixedValueTagProcessor
[THYMELEAF]             * [* {th:async,data-th-async}] [1000]: org.thymeleaf.standard.processor.StandardConditionalFixedValueTagProcessor
[THYMELEAF]             * [* {th:autofocus,data-th-autofocus}] [1000]: org.thymeleaf.standard.processor.StandardConditionalFixedValueTagProcessor
[THYMELEAF]             * [* {th:ondragenter,data-th-ondragenter}] [1000]: org.thymeleaf.standard.processor.StandardDOMEventAttributeTagProcessor
[THYMELEAF]             * [* {th:onkeydown,data-th-onkeydown}] [1000]: org.thymeleaf.standard.processor.StandardDOMEventAttributeTagProcessor
[THYMELEAF]             * [* {th:onchange,data-th-onchange}] [1000]: org.thymeleaf.standard.processor.StandardDOMEventAttributeTagProcessor
[THYMELEAF]             * [* {th:onseeked,data-th-onseeked}] [1000]: org.thymeleaf.standard.processor.StandardDOMEventAttributeTagProcessor
[THYMELEAF]             * [* {th:onclick,data-th-onclick}] [1000]: org.thymeleaf.standard.processor.StandardDOMEventAttributeTagProcessor
[THYMELEAF]             * [* {th:onafterprint,data-th-onafterprint}] [1000]: org.thymeleaf.standard.processor.StandardDOMEventAttributeTagProcessor
[THYMELEAF]             * [* {th:onstorage,data-th-onstorage}] [1000]: org.thymeleaf.standard.processor.StandardDOMEventAttributeTagProcessor
[THYMELEAF]             * [* {th:onseeking,data-th-onseeking}] [1000]: org.thymeleaf.standard.processor.StandardDOMEventAttributeTagProcessor
[THYMELEAF]             * [* {th:onmousedown,data-th-onmousedown}] [1000]: org.thymeleaf.standard.processor.StandardDOMEventAttributeTagProcessor
[THYMELEAF]             * [* {th:onoffline,data-th-onoffline}] [1000]: org.thymeleaf.standard.processor.StandardDOMEventAttributeTagProcessor
[THYMELEAF]             * [* {th:onsuspend,data-th-onsuspend}] [1000]: org.thymeleaf.standard.processor.StandardDOMEventAttributeTagProcessor
[THYMELEAF]             * [* {th:ondragend,data-th-ondragend}] [1000]: org.thymeleaf.standard.processor.StandardDOMEventAttributeTagProcessor
[THYMELEAF]             * [* {th:onratechange,data-th-onratechange}] [1000]: org.thymeleaf.standard.processor.StandardDOMEventAttributeTagProcessor
[THYMELEAF]             * [* {th:oninvalid,data-th-oninvalid}] [1000]: org.thymeleaf.standard.processor.StandardDOMEventAttributeTagProcessor
[THYMELEAF]             * [* {th:onemptied,data-th-onemptied}] [1000]: org.thymeleaf.standard.processor.StandardDOMEventAttributeTagProcessor
[THYMELEAF]             * [* {th:oncanplay,data-th-oncanplay}] [1000]: org.thymeleaf.standard.processor.StandardDOMEventAttributeTagProcessor
[THYMELEAF]             * [* {th:oncontextmenu,data-th-oncontextmenu}] [1000]: org.thymeleaf.standard.processor.StandardDOMEventAttributeTagProcessor
[THYMELEAF]             * [* {th:ondragover,data-th-ondragover}] [1000]: org.thymeleaf.standard.processor.StandardDOMEventAttributeTagProcessor
[THYMELEAF]             * [* {th:onpopstate,data-th-onpopstate}] [1000]: org.thymeleaf.standard.processor.StandardDOMEventAttributeTagProcessor
[THYMELEAF]             * [* {th:ononline,data-th-ononline}] [1000]: org.thymeleaf.standard.processor.StandardDOMEventAttributeTagProcessor
[THYMELEAF]             * [* {th:onscroll,data-th-onscroll}] [1000]: org.thymeleaf.standard.processor.StandardDOMEventAttributeTagProcessor
[THYMELEAF]             * [* {th:onpause,data-th-onpause}] [1000]: org.thymeleaf.standard.processor.StandardDOMEventAttributeTagProcessor
[THYMELEAF]             * [* {th:onkeypress,data-th-onkeypress}] [1000]: org.thymeleaf.standard.processor.StandardDOMEventAttributeTagProcessor
[THYMELEAF]             * [* {th:ontimeupdate,data-th-ontimeupdate}] [1000]: org.thymeleaf.standard.processor.StandardDOMEventAttributeTagProcessor
[THYMELEAF]             * [* {th:onselect,data-th-onselect}] [1000]: org.thymeleaf.standard.processor.StandardDOMEventAttributeTagProcessor
[THYMELEAF]             * [* {th:onload,data-th-onload}] [1000]: org.thymeleaf.standard.processor.StandardDOMEventAttributeTagProcessor
[THYMELEAF]             * [* {th:onmouseup,data-th-onmouseup}] [1000]: org.thymeleaf.standard.processor.StandardDOMEventAttributeTagProcessor
[THYMELEAF]             * [* {th:onvolumechange,data-th-onvolumechange}] [1000]: org.thymeleaf.standard.processor.StandardDOMEventAttributeTagProcessor
[THYMELEAF]             * [* {th:onreset,data-th-onreset}] [1000]: org.thymeleaf.standard.processor.StandardDOMEventAttributeTagProcessor
[THYMELEAF]             * [* {th:onmouseover,data-th-onmouseover}] [1000]: org.thymeleaf.standard.processor.StandardDOMEventAttributeTagProcessor
[THYMELEAF]             * [* {th:onabort,data-th-onabort}] [1000]: org.thymeleaf.standard.processor.StandardDOMEventAttributeTagProcessor
[THYMELEAF]             * [* {th:onbeforeunload,data-th-onbeforeunload}] [1000]: org.thymeleaf.standard.processor.StandardDOMEventAttributeTagProcessor
[THYMELEAF]             * [* {th:onwaiting,data-th-onwaiting}] [1000]: org.thymeleaf.standard.processor.StandardDOMEventAttributeTagProcessor
[THYMELEAF]             * [* {th:onformchange,data-th-onformchange}] [1000]: org.thymeleaf.standard.processor.StandardDOMEventAttributeTagProcessor
[THYMELEAF]             * [* {th:onmessage,data-th-onmessage}] [1000]: org.thymeleaf.standard.processor.StandardDOMEventAttributeTagProcessor
[THYMELEAF]             * [* {th:ondblclick,data-th-ondblclick}] [1000]: org.thymeleaf.standard.processor.StandardDOMEventAttributeTagProcessor
[THYMELEAF]             * [* {th:onforminput,data-th-onforminput}] [1000]: org.thymeleaf.standard.processor.StandardDOMEventAttributeTagProcessor
[THYMELEAF]             * [* {th:onhashchange,data-th-onhashchange}] [1000]: org.thymeleaf.standard.processor.StandardDOMEventAttributeTagProcessor
[THYMELEAF]             * [* {th:onresize,data-th-onresize}] [1000]: org.thymeleaf.standard.processor.StandardDOMEventAttributeTagProcessor
[THYMELEAF]             * [* {th:onplay,data-th-onplay}] [1000]: org.thymeleaf.standard.processor.StandardDOMEventAttributeTagProcessor
[THYMELEAF]             * [* {th:onkeyup,data-th-onkeyup}] [1000]: org.thymeleaf.standard.processor.StandardDOMEventAttributeTagProcessor
[THYMELEAF]             * [* {th:onstalled,data-th-onstalled}] [1000]: org.thymeleaf.standard.processor.StandardDOMEventAttributeTagProcessor
[THYMELEAF]             * [* {th:onfocus,data-th-onfocus}] [1000]: org.thymeleaf.standard.processor.StandardDOMEventAttributeTagProcessor
[THYMELEAF]             * [* {th:onunload,data-th-onunload}] [1000]: org.thymeleaf.standard.processor.StandardDOMEventAttributeTagProcessor
[THYMELEAF]             * [* {th:onloadstart,data-th-onloadstart}] [1000]: org.thymeleaf.standard.processor.StandardDOMEventAttributeTagProcessor
[THYMELEAF]             * [* {th:ondragleave,data-th-ondragleave}] [1000]: org.thymeleaf.standard.processor.StandardDOMEventAttributeTagProcessor
[THYMELEAF]             * [* {th:onbeforeprint,data-th-onbeforeprint}] [1000]: org.thymeleaf.standard.processor.StandardDOMEventAttributeTagProcessor
[THYMELEAF]             * [* {th:onmousemove,data-th-onmousemove}] [1000]: org.thymeleaf.standard.processor.StandardDOMEventAttributeTagProcessor
[THYMELEAF]             * [* {th:onloadeddata,data-th-onloadeddata}] [1000]: org.thymeleaf.standard.processor.StandardDOMEventAttributeTagProcessor
[THYMELEAF]             * [* {th:onloadedmetadata,data-th-onloadedmetadata}] [1000]: org.thymeleaf.standard.processor.StandardDOMEventAttributeTagProcessor
[THYMELEAF]             * [* {th:onundo,data-th-onundo}] [1000]: org.thymeleaf.standard.processor.StandardDOMEventAttributeTagProcessor
[THYMELEAF]             * [* {th:onshow,data-th-onshow}] [1000]: org.thymeleaf.standard.processor.StandardDOMEventAttributeTagProcessor
[THYMELEAF]             * [* {th:ondurationchange,data-th-ondurationchange}] [1000]: org.thymeleaf.standard.processor.StandardDOMEventAttributeTagProcessor
[THYMELEAF]             * [* {th:onprogress,data-th-onprogress}] [1000]: org.thymeleaf.standard.processor.StandardDOMEventAttributeTagProcessor
[THYMELEAF]             * [* {th:onredo,data-th-onredo}] [1000]: org.thymeleaf.standard.processor.StandardDOMEventAttributeTagProcessor
[THYMELEAF]             * [* {th:onerror,data-th-onerror}] [1000]: org.thymeleaf.standard.processor.StandardDOMEventAttributeTagProcessor
[THYMELEAF]             * [* {th:onsubmit,data-th-onsubmit}] [1000]: org.thymeleaf.standard.processor.StandardDOMEventAttributeTagProcessor
[THYMELEAF]             * [* {th:onblur,data-th-onblur}] [1000]: org.thymeleaf.standard.processor.StandardDOMEventAttributeTagProcessor
[THYMELEAF]             * [* {th:ondrop,data-th-ondrop}] [1000]: org.thymeleaf.standard.processor.StandardDOMEventAttributeTagProcessor
[THYMELEAF]             * [* {th:onreadystatechange,data-th-onreadystatechange}] [1000]: org.thymeleaf.standard.processor.StandardDOMEventAttributeTagProcessor
[THYMELEAF]             * [* {th:onplaying,data-th-onplaying}] [1000]: org.thymeleaf.standard.processor.StandardDOMEventAttributeTagProcessor
[THYMELEAF]             * [* {th:oncanplaythrough,data-th-oncanplaythrough}] [1000]: org.thymeleaf.standard.processor.StandardDOMEventAttributeTagProcessor
[THYMELEAF]             * [* {th:onmouseout,data-th-onmouseout}] [1000]: org.thymeleaf.standard.processor.StandardDOMEventAttributeTagProcessor
[THYMELEAF]             * [* {th:ondragstart,data-th-ondragstart}] [1000]: org.thymeleaf.standard.processor.StandardDOMEventAttributeTagProcessor
[THYMELEAF]             * [* {th:onended,data-th-onended}] [1000]: org.thymeleaf.standard.processor.StandardDOMEventAttributeTagProcessor
[THYMELEAF]             * [* {th:oninput,data-th-oninput}] [1000]: org.thymeleaf.standard.processor.StandardDOMEventAttributeTagProcessor
[THYMELEAF]             * [* {th:ondrag,data-th-ondrag}] [1000]: org.thymeleaf.standard.processor.StandardDOMEventAttributeTagProcessor
[THYMELEAF]             * [* {th:onmousewheel,data-th-onmousewheel}] [1000]: org.thymeleaf.standard.processor.StandardDOMEventAttributeTagProcessor
[THYMELEAF]             * [* {th:href,data-th-href}] [1000]: org.thymeleaf.standard.processor.StandardHrefTagProcessor
[THYMELEAF]             * [* {th:inline,data-th-inline}] [1000]: org.thymeleaf.standard.processor.StandardInlineHTMLTagProcessor
[THYMELEAF]             * [* {th:method,data-th-method}] [1000]: org.thymeleaf.standard.processor.StandardMethodTagProcessor
[THYMELEAF]             * [* {th:type,data-th-type}] [1000]: org.thymeleaf.standard.processor.StandardNonRemovableAttributeTagProcessor
[THYMELEAF]             * [* {th:name,data-th-name}] [1000]: org.thymeleaf.standard.processor.StandardNonRemovableAttributeTagProcessor
[THYMELEAF]             * [* {th:pattern,data-th-pattern}] [1000]: org.thymeleaf.standard.processor.StandardRemovableAttributeTagProcessor
[THYMELEAF]             * [* {th:vspace,data-th-vspace}] [1000]: org.thymeleaf.standard.processor.StandardRemovableAttributeTagProcessor
[THYMELEAF]             * [* {th:placeholder,data-th-placeholder}] [1000]: org.thymeleaf.standard.processor.StandardRemovableAttributeTagProcessor
[THYMELEAF]             * [* {th:marginheight,data-th-marginheight}] [1000]: org.thymeleaf.standard.processor.StandardRemovableAttributeTagProcessor
[THYMELEAF]             * [* {th:max,data-th-max}] [1000]: org.thymeleaf.standard.processor.StandardRemovableAttributeTagProcessor
[THYMELEAF]             * [* {th:preload,data-th-preload}] [1000]: org.thymeleaf.standard.processor.StandardRemovableAttributeTagProcessor
[THYMELEAF]             * [* {th:datetime,data-th-datetime}] [1000]: org.thymeleaf.standard.processor.StandardRemovableAttributeTagProcessor
[THYMELEAF]             * [* {th:content,data-th-content}] [1000]: org.thymeleaf.standard.processor.StandardRemovableAttributeTagProcessor
[THYMELEAF]             * [* {th:dir,data-th-dir}] [1000]: org.thymeleaf.standard.processor.StandardRemovableAttributeTagProcessor
[THYMELEAF]             * [* {th:accesskey,data-th-accesskey}] [1000]: org.thymeleaf.standard.processor.StandardRemovableAttributeTagProcessor
[THYMELEAF]             * [* {th:min,data-th-min}] [1000]: org.thymeleaf.standard.processor.StandardRemovableAttributeTagProcessor
[THYMELEAF]             * [* {th:align,data-th-align}] [1000]: org.thymeleaf.standard.processor.StandardRemovableAttributeTagProcessor
[THYMELEAF]             * [* {th:colspan,data-th-colspan}] [1000]: org.thymeleaf.standard.processor.StandardRemovableAttributeTagProcessor
[THYMELEAF]             * [* {th:rows,data-th-rows}] [1000]: org.thymeleaf.standard.processor.StandardRemovableAttributeTagProcessor
[THYMELEAF]             * [* {th:icon,data-th-icon}] [1000]: org.thymeleaf.standard.processor.StandardRemovableAttributeTagProcessor
[THYMELEAF]             * [* {th:high,data-th-high}] [1000]: org.thymeleaf.standard.processor.StandardRemovableAttributeTagProcessor
[THYMELEAF]             * [* {th:hreflang,data-th-hreflang}] [1000]: org.thymeleaf.standard.processor.StandardRemovableAttributeTagProcessor
[THYMELEAF]             * [* {th:manifest,data-th-manifest}] [1000]: org.thymeleaf.standard.processor.StandardRemovableAttributeTagProcessor
[THYMELEAF]             * [* {th:alt,data-th-alt}] [1000]: org.thymeleaf.standard.processor.StandardRemovableAttributeTagProcessor
[THYMELEAF]             * [* {th:radiogroup,data-th-radiogroup}] [1000]: org.thymeleaf.standard.processor.StandardRemovableAttributeTagProcessor
[THYMELEAF]             * [* {th:dropzone,data-th-dropzone}] [1000]: org.thymeleaf.standard.processor.StandardRemovableAttributeTagProcessor
[THYMELEAF]             * [* {th:compact,data-th-compact}] [1000]: org.thymeleaf.standard.processor.StandardRemovableAttributeTagProcessor
[THYMELEAF]             * [* {th:formaction,data-th-formaction}] [1000]: org.thymeleaf.standard.processor.StandardRemovableAttributeTagProcessor
[THYMELEAF]             * [* {th:accept,data-th-accept}] [1000]: org.thymeleaf.standard.processor.StandardRemovableAttributeTagProcessor
[THYMELEAF]             * [* {th:sandbox,data-th-sandbox}] [1000]: org.thymeleaf.standard.processor.StandardRemovableAttributeTagProcessor
[THYMELEAF]             * [* {th:audio,data-th-audio}] [1000]: org.thymeleaf.standard.processor.StandardRemovableAttributeTagProcessor
[THYMELEAF]             * [* {th:accept-charset,data-th-accept-charset}] [1000]: org.thymeleaf.standard.processor.StandardRemovableAttributeTagProcessor
[THYMELEAF]             * [* {th:rules,data-th-rules}] [1000]: org.thymeleaf.standard.processor.StandardRemovableAttributeTagProcessor
[THYMELEAF]             * [* {th:autocomplete,data-th-autocomplete}] [1000]: org.thymeleaf.standard.processor.StandardRemovableAttributeTagProcessor
[THYMELEAF]             * [* {th:step,data-th-step}] [1000]: org.thymeleaf.standard.processor.StandardRemovableAttributeTagProcessor
[THYMELEAF]             * [* {th:headers,data-th-headers}] [1000]: org.thymeleaf.standard.processor.StandardRemovableAttributeTagProcessor
[THYMELEAF]             * [* {th:formmethod,data-th-formmethod}] [1000]: org.thymeleaf.standard.processor.StandardRemovableAttributeTagProcessor
[THYMELEAF]             * [* {th:height,data-th-height}] [1000]: org.thymeleaf.standard.processor.StandardRemovableAttributeTagProcessor
[THYMELEAF]             * [* {th:charset,data-th-charset}] [1000]: org.thymeleaf.standard.processor.StandardRemovableAttributeTagProcessor
[THYMELEAF]             * [* {th:cols,data-th-cols}] [1000]: org.thymeleaf.standard.processor.StandardRemovableAttributeTagProcessor
[THYMELEAF]             * [* {th:formenctype,data-th-formenctype}] [1000]: org.thymeleaf.standard.processor.StandardRemovableAttributeTagProcessor
[THYMELEAF]             * [* {th:low,data-th-low}] [1000]: org.thymeleaf.standard.processor.StandardRemovableAttributeTagProcessor
[THYMELEAF]             * [* {th:abbr,data-th-abbr}] [1000]: org.thymeleaf.standard.processor.StandardRemovableAttributeTagProcessor
[THYMELEAF]             * [* {th:spellcheck,data-th-spellcheck}] [1000]: org.thymeleaf.standard.processor.StandardRemovableAttributeTagProcessor
[THYMELEAF]             * [* {th:width,data-th-width}] [1000]: org.thymeleaf.standard.processor.StandardRemovableAttributeTagProcessor
[THYMELEAF]             * [* {th:marginwidth,data-th-marginwidth}] [1000]: org.thymeleaf.standard.processor.StandardRemovableAttributeTagProcessor
[THYMELEAF]             * [* {th:style,data-th-style}] [1000]: org.thymeleaf.standard.processor.StandardRemovableAttributeTagProcessor
[THYMELEAF]             * [* {th:form,data-th-form}] [1000]: org.thymeleaf.standard.processor.StandardRemovableAttributeTagProcessor
[THYMELEAF]             * [* {th:contenteditable,data-th-contenteditable}] [1000]: org.thymeleaf.standard.processor.StandardRemovableAttributeTagProcessor
[THYMELEAF]             * [* {th:cellspacing,data-th-cellspacing}] [1000]: org.thymeleaf.standard.processor.StandardRemovableAttributeTagProcessor
[THYMELEAF]             * [* {th:data,data-th-data}] [1000]: org.thymeleaf.standard.processor.StandardRemovableAttributeTagProcessor
[THYMELEAF]             * [* {th:frameborder,data-th-frameborder}] [1000]: org.thymeleaf.standard.processor.StandardRemovableAttributeTagProcessor
[THYMELEAF]             * [* {th:span,data-th-span}] [1000]: org.thymeleaf.standard.processor.StandardRemovableAttributeTagProcessor
[THYMELEAF]             * [* {th:background,data-th-background}] [1000]: org.thymeleaf.standard.processor.StandardRemovableAttributeTagProcessor
[THYMELEAF]             * [* {th:wrap,data-th-wrap}] [1000]: org.thymeleaf.standard.processor.StandardRemovableAttributeTagProcessor
[THYMELEAF]             * [* {th:label,data-th-label}] [1000]: org.thymeleaf.standard.processor.StandardRemovableAttributeTagProcessor
[THYMELEAF]             * [* {th:codetype,data-th-codetype}] [1000]: org.thymeleaf.standard.processor.StandardRemovableAttributeTagProcessor
[THYMELEAF]             * [* {th:axis,data-th-axis}] [1000]: org.thymeleaf.standard.processor.StandardRemovableAttributeTagProcessor
[THYMELEAF]             * [* {th:scrolling,data-th-scrolling}] [1000]: org.thymeleaf.standard.processor.StandardRemovableAttributeTagProcessor
[THYMELEAF]             * [* {th:list,data-th-list}] [1000]: org.thymeleaf.standard.processor.StandardRemovableAttributeTagProcessor
[THYMELEAF]             * [* {th:codebase,data-th-codebase}] [1000]: org.thymeleaf.standard.processor.StandardRemovableAttributeTagProcessor
[THYMELEAF]             * [* {th:archive,data-th-archive}] [1000]: org.thymeleaf.standard.processor.StandardRemovableAttributeTagProcessor
[THYMELEAF]             * [* {th:summary,data-th-summary}] [1000]: org.thymeleaf.standard.processor.StandardRemovableAttributeTagProcessor
[THYMELEAF]             * [* {th:kind,data-th-kind}] [1000]: org.thymeleaf.standard.processor.StandardRemovableAttributeTagProcessor
[THYMELEAF]             * [* {th:scope,data-th-scope}] [1000]: org.thymeleaf.standard.processor.StandardRemovableAttributeTagProcessor
[THYMELEAF]             * [* {th:rowspan,data-th-rowspan}] [1000]: org.thymeleaf.standard.processor.StandardRemovableAttributeTagProcessor
[THYMELEAF]             * [* {th:frame,data-th-frame}] [1000]: org.thymeleaf.standard.processor.StandardRemovableAttributeTagProcessor
[THYMELEAF]             * [* {th:border,data-th-border}] [1000]: org.thymeleaf.standard.processor.StandardRemovableAttributeTagProcessor
[THYMELEAF]             * [* {th:sizes,data-th-sizes}] [1000]: org.thymeleaf.standard.processor.StandardRemovableAttributeTagProcessor
[THYMELEAF]             * [* {th:id,data-th-id}] [1000]: org.thymeleaf.standard.processor.StandardRemovableAttributeTagProcessor
[THYMELEAF]             * [* {th:target,data-th-target}] [1000]: org.thymeleaf.standard.processor.StandardRemovableAttributeTagProcessor
[THYMELEAF]             * [* {th:optimum,data-th-optimum}] [1000]: org.thymeleaf.standard.processor.StandardRemovableAttributeTagProcessor
[THYMELEAF]             * [* {th:cellpadding,data-th-cellpadding}] [1000]: org.thymeleaf.standard.processor.StandardRemovableAttributeTagProcessor
[THYMELEAF]             * [* {th:keytype,data-th-keytype}] [1000]: org.thymeleaf.standard.processor.StandardRemovableAttributeTagProcessor
[THYMELEAF]             * [* {th:rel,data-th-rel}] [1000]: org.thymeleaf.standard.processor.StandardRemovableAttributeTagProcessor
[THYMELEAF]             * [* {th:formtarget,data-th-formtarget}] [1000]: org.thymeleaf.standard.processor.StandardRemovableAttributeTagProcessor
[THYMELEAF]             * [* {th:classid,data-th-classid}] [1000]: org.thymeleaf.standard.processor.StandardRemovableAttributeTagProcessor
[THYMELEAF]             * [* {th:http-equiv,data-th-http-equiv}] [1000]: org.thymeleaf.standard.processor.StandardRemovableAttributeTagProcessor
[THYMELEAF]             * [* {th:size,data-th-size}] [1000]: org.thymeleaf.standard.processor.StandardRemovableAttributeTagProcessor
[THYMELEAF]             * [* {th:enctype,data-th-enctype}] [1000]: org.thymeleaf.standard.processor.StandardRemovableAttributeTagProcessor
[THYMELEAF]             * [* {th:srclang,data-th-srclang}] [1000]: org.thymeleaf.standard.processor.StandardRemovableAttributeTagProcessor
[THYMELEAF]             * [* {th:draggable,data-th-draggable}] [1000]: org.thymeleaf.standard.processor.StandardRemovableAttributeTagProcessor
[THYMELEAF]             * [* {th:class,data-th-class}] [1000]: org.thymeleaf.standard.processor.StandardRemovableAttributeTagProcessor
[THYMELEAF]             * [* {th:usemap,data-th-usemap}] [1000]: org.thymeleaf.standard.processor.StandardRemovableAttributeTagProcessor
[THYMELEAF]             * [* {th:title,data-th-title}] [1000]: org.thymeleaf.standard.processor.StandardRemovableAttributeTagProcessor
[THYMELEAF]             * [* {th:longdesc,data-th-longdesc}] [1000]: org.thymeleaf.standard.processor.StandardRemovableAttributeTagProcessor
[THYMELEAF]             * [* {th:maxlength,data-th-maxlength}] [1000]: org.thymeleaf.standard.processor.StandardRemovableAttributeTagProcessor
[THYMELEAF]             * [* {th:scheme,data-th-scheme}] [1000]: org.thymeleaf.standard.processor.StandardRemovableAttributeTagProcessor
[THYMELEAF]             * [* {th:cite,data-th-cite}] [1000]: org.thymeleaf.standard.processor.StandardRemovableAttributeTagProcessor
[THYMELEAF]             * [* {th:hspace,data-th-hspace}] [1000]: org.thymeleaf.standard.processor.StandardRemovableAttributeTagProcessor
[THYMELEAF]             * [* {th:poster,data-th-poster}] [1000]: org.thymeleaf.standard.processor.StandardRemovableAttributeTagProcessor
[THYMELEAF]             * [* {th:standby,data-th-standby}] [1000]: org.thymeleaf.standard.processor.StandardRemovableAttributeTagProcessor
[THYMELEAF]             * [* {th:tabindex,data-th-tabindex}] [1000]: org.thymeleaf.standard.processor.StandardRemovableAttributeTagProcessor
[THYMELEAF]             * [* {th:for,data-th-for}] [1000]: org.thymeleaf.standard.processor.StandardRemovableAttributeTagProcessor
[THYMELEAF]             * [* {th:start,data-th-start}] [1000]: org.thymeleaf.standard.processor.StandardRemovableAttributeTagProcessor
[THYMELEAF]             * [* {th:contextmenu,data-th-contextmenu}] [1000]: org.thymeleaf.standard.processor.StandardRemovableAttributeTagProcessor
[THYMELEAF]             * [* {th:valuetype,data-th-valuetype}] [1000]: org.thymeleaf.standard.processor.StandardRemovableAttributeTagProcessor
[THYMELEAF]             * [* {th:challenge,data-th-challenge}] [1000]: org.thymeleaf.standard.processor.StandardRemovableAttributeTagProcessor
[THYMELEAF]             * [* {th:lang,data-th-lang}] [1000]: org.thymeleaf.standard.processor.StandardRemovableAttributeTagProcessor
[THYMELEAF]             * [* {th:media,data-th-media}] [1000]: org.thymeleaf.standard.processor.StandardRemovableAttributeTagProcessor
[THYMELEAF]             * [* {th:bgcolor,data-th-bgcolor}] [1000]: org.thymeleaf.standard.processor.StandardRemovableAttributeTagProcessor
[THYMELEAF]             * [* {th:rev,data-th-rev}] [1000]: org.thymeleaf.standard.processor.StandardRemovableAttributeTagProcessor
[THYMELEAF]             * [* {th:src,data-th-src}] [1000]: org.thymeleaf.standard.processor.StandardSrcTagProcessor
[THYMELEAF]             * [* {th:value,data-th-value}] [1000]: org.thymeleaf.standard.processor.StandardValueTagProcessor
[THYMELEAF]             * [* {th:xmlbase,data-th-xmlbase}] [1000]: org.thymeleaf.standard.processor.StandardXmlBaseTagProcessor
[THYMELEAF]             * [* {th:xmllang,data-th-xmllang}] [1000]: org.thymeleaf.standard.processor.StandardXmlLangTagProcessor
[THYMELEAF]             * [* {xmlns:th}] [1000]: org.thymeleaf.standard.processor.StandardXmlNsTagProcessor
[THYMELEAF]             * [* {th:xmlspace,data-th-xmlspace}] [1000]: org.thymeleaf.standard.processor.StandardXmlSpaceTagProcessor
[THYMELEAF]             * [* {th:classappend,data-th-classappend}] [1100]: org.thymeleaf.standard.processor.StandardClassappendTagProcessor
[THYMELEAF]             * [* {th:styleappend,data-th-styleappend}] [1100]: org.thymeleaf.standard.processor.StandardStyleappendTagProcessor
[THYMELEAF]             * [* {th:text,data-th-text}] [1300]: org.thymeleaf.standard.processor.StandardTextTagProcessor
[THYMELEAF]             * [* {th:utext,data-th-utext}] [1400]: org.thymeleaf.standard.processor.StandardUtextTagProcessor
[THYMELEAF]             * [* {th:fragment,data-th-fragment}] [1500]: org.thymeleaf.standard.processor.StandardFragmentTagProcessor
[THYMELEAF]             * [* {th:assert,data-th-assert}] [1550]: org.thymeleaf.standard.processor.StandardAssertTagProcessor
[THYMELEAF]             * [* {th:remove,data-th-remove}] [1600]: org.thymeleaf.standard.processor.StandardRemoveTagProcessor
[THYMELEAF]             * [* {th:ref,data-th-ref}] [10000]: org.thymeleaf.standard.processor.StandardRefAttributeTagProcessor
[THYMELEAF]             * [{th:block,th-block} *] [100000]: org.thymeleaf.standard.processor.StandardBlockTagProcessor
[THYMELEAF]             * [* th:*] [2147483647]: org.thymeleaf.standard.processor.StandardDefaultAttributesTagProcessor
[THYMELEAF]         * Text Processors by [precedence]:
[THYMELEAF]             * [1000]: org.thymeleaf.standard.processor.StandardInliningTextProcessor
[THYMELEAF]         * DOCTYPE Processors by [precedence]:
[THYMELEAF]             * [1000]: org.thymeleaf.standard.processor.StandardTranslationDocTypeProcessor
[THYMELEAF]         * CDATA Section Processors by [precedence]:
[THYMELEAF]             * [1000]: org.thymeleaf.standard.processor.StandardInliningCDATASectionProcessor
[THYMELEAF]         * Comment Processors by [precedence]:
[THYMELEAF]             * [1000]: org.thymeleaf.standard.processor.StandardInliningCommentProcessor
[THYMELEAF]             * [1100]: org.thymeleaf.standard.processor.StandardConditionalCommentProcessor
[THYMELEAF]     * Processors for Template Mode: XML
[THYMELEAF]         * Element Tag Processors by [matching element and attribute name] [precedence]:
[THYMELEAF]             * [* {th:include}] [100]: org.thymeleaf.standard.processor.StandardIncludeTagProcessor
[THYMELEAF]             * [* {th:insert}] [100]: org.thymeleaf.standard.processor.StandardInsertTagProcessor
[THYMELEAF]             * [* {th:replace}] [100]: org.thymeleaf.standard.processor.StandardReplaceTagProcessor
[THYMELEAF]             * [* {th:each}] [200]: com.intuit.karate.template.KarateEachTagProcessor
[THYMELEAF]             * [* {th:switch}] [250]: org.thymeleaf.standard.processor.StandardSwitchTagProcessor
[THYMELEAF]             * [* {th:case}] [275]: org.thymeleaf.standard.processor.StandardCaseTagProcessor
[THYMELEAF]             * [* {th:if}] [300]: org.thymeleaf.standard.processor.StandardIfTagProcessor
[THYMELEAF]             * [* {th:unless}] [400]: org.thymeleaf.standard.processor.StandardUnlessTagProcessor
[THYMELEAF]             * [* {th:object}] [500]: org.thymeleaf.standard.processor.StandardObjectTagProcessor
[THYMELEAF]             * [* {th:with}] [600]: com.intuit.karate.template.KarateWithTagProcessor
[THYMELEAF]             * [* {th:attr}] [700]: com.intuit.karate.template.KarateAttributeTagProcessor.KarateAttrTagProcessor
[THYMELEAF]             * [* {th:attrappend}] [900]: com.intuit.karate.template.KarateAttributeTagProcessor.KarateAttrappendTagProcessor
[THYMELEAF]             * [* {th:attrprepend}] [900]: com.intuit.karate.template.KarateAttributeTagProcessor.KarateAttrprependTagProcessor
[THYMELEAF]             * [* {th:inline}] [1000]: org.thymeleaf.standard.processor.StandardInlineXMLTagProcessor
[THYMELEAF]             * [* {xmlns:th}] [1000]: org.thymeleaf.standard.processor.StandardXmlNsTagProcessor
[THYMELEAF]             * [* {th:text}] [1300]: org.thymeleaf.standard.processor.StandardTextTagProcessor
[THYMELEAF]             * [* {th:utext}] [1400]: org.thymeleaf.standard.processor.StandardUtextTagProcessor
[THYMELEAF]             * [* {th:fragment}] [1500]: org.thymeleaf.standard.processor.StandardFragmentTagProcessor
[THYMELEAF]             * [* {th:assert}] [1550]: org.thymeleaf.standard.processor.StandardAssertTagProcessor
[THYMELEAF]             * [* {th:remove}] [1600]: org.thymeleaf.standard.processor.StandardRemoveTagProcessor
[THYMELEAF]             * [* {th:ref}] [10000]: org.thymeleaf.standard.processor.StandardRefAttributeTagProcessor
[THYMELEAF]             * [{th:block} *] [100000]: org.thymeleaf.standard.processor.StandardBlockTagProcessor
[THYMELEAF]             * [* th:*] [2147483647]: org.thymeleaf.standard.processor.StandardDefaultAttributesTagProcessor
[THYMELEAF]         * Text Processors by [precedence]:
[THYMELEAF]             * [1000]: org.thymeleaf.standard.processor.StandardInliningTextProcessor
[THYMELEAF]         * CDATA Section Processors by [precedence]:
[THYMELEAF]             * [1000]: org.thymeleaf.standard.processor.StandardInliningCDATASectionProcessor
[THYMELEAF]         * Comment Processors by [precedence]:
[THYMELEAF]             * [1000]: org.thymeleaf.standard.processor.StandardInliningCommentProcessor
[THYMELEAF]     * Processors for Template Mode: TEXT
[THYMELEAF]         * Element Tag Processors by [matching element and attribute name] [precedence]:
[THYMELEAF]             * [* {th:insert}] [100]: org.thymeleaf.standard.processor.StandardInsertTagProcessor
[THYMELEAF]             * [* {th:replace}] [100]: org.thymeleaf.standard.processor.StandardReplaceTagProcessor
[THYMELEAF]             * [* {th:each}] [200]: com.intuit.karate.template.KarateEachTagProcessor
[THYMELEAF]             * [* {th:switch}] [250]: org.thymeleaf.standard.processor.StandardSwitchTagProcessor
[THYMELEAF]             * [* {th:case}] [275]: org.thymeleaf.standard.processor.StandardCaseTagProcessor
[THYMELEAF]             * [* {th:if}] [300]: org.thymeleaf.standard.processor.StandardIfTagProcessor
[THYMELEAF]             * [* {th:unless}] [400]: org.thymeleaf.standard.processor.StandardUnlessTagProcessor
[THYMELEAF]             * [* {th:object}] [500]: org.thymeleaf.standard.processor.StandardObjectTagProcessor
[THYMELEAF]             * [* {th:with}] [600]: com.intuit.karate.template.KarateWithTagProcessor
[THYMELEAF]             * [* {th:inline}] [1000]: org.thymeleaf.standard.processor.StandardInlineTextualTagProcessor
[THYMELEAF]             * [* {th:text}] [1300]: org.thymeleaf.standard.processor.StandardTextTagProcessor
[THYMELEAF]             * [* {th:utext}] [1400]: org.thymeleaf.standard.processor.StandardUtextTagProcessor
[THYMELEAF]             * [* {th:assert}] [1550]: org.thymeleaf.standard.processor.StandardAssertTagProcessor
[THYMELEAF]             * [* {th:remove}] [1600]: org.thymeleaf.standard.processor.StandardRemoveTagProcessor
[THYMELEAF]             * [{th:block} *] [100000]: org.thymeleaf.standard.processor.StandardBlockTagProcessor
[THYMELEAF]             * [* 100000] [org.thymeleaf.standard.processor.StandardBlockTagProcessor]: {}
[THYMELEAF]         * Text Processors by [precedence]:
[THYMELEAF]             * [1000]: org.thymeleaf.standard.processor.StandardInliningTextProcessor
[THYMELEAF]     * Processors for Template Mode: JAVASCRIPT
[THYMELEAF]         * Element Tag Processors by [matching element and attribute name] [precedence]:
[THYMELEAF]             * [* {th:insert}] [100]: org.thymeleaf.standard.processor.StandardInsertTagProcessor
[THYMELEAF]             * [* {th:replace}] [100]: org.thymeleaf.standard.processor.StandardReplaceTagProcessor
[THYMELEAF]             * [* {th:each}] [200]: com.intuit.karate.template.KarateEachTagProcessor
[THYMELEAF]             * [* {th:switch}] [250]: org.thymeleaf.standard.processor.StandardSwitchTagProcessor
[THYMELEAF]             * [* {th:case}] [275]: org.thymeleaf.standard.processor.StandardCaseTagProcessor
[THYMELEAF]             * [* {th:if}] [300]: org.thymeleaf.standard.processor.StandardIfTagProcessor
[THYMELEAF]             * [* {th:unless}] [400]: org.thymeleaf.standard.processor.StandardUnlessTagProcessor
[THYMELEAF]             * [* {th:object}] [500]: org.thymeleaf.standard.processor.StandardObjectTagProcessor
[THYMELEAF]             * [* {th:with}] [600]: com.intuit.karate.template.KarateWithTagProcessor
[THYMELEAF]             * [* {th:inline}] [1000]: org.thymeleaf.standard.processor.StandardInlineTextualTagProcessor
[THYMELEAF]             * [* {th:text}] [1300]: org.thymeleaf.standard.processor.StandardTextTagProcessor
[THYMELEAF]             * [* {th:utext}] [1400]: org.thymeleaf.standard.processor.StandardUtextTagProcessor
[THYMELEAF]             * [* {th:assert}] [1550]: org.thymeleaf.standard.processor.StandardAssertTagProcessor
[THYMELEAF]             * [* {th:remove}] [1600]: org.thymeleaf.standard.processor.StandardRemoveTagProcessor
[THYMELEAF]             * [{th:block} *] [100000]: org.thymeleaf.standard.processor.StandardBlockTagProcessor
[THYMELEAF]             * [* 100000] [org.thymeleaf.standard.processor.StandardBlockTagProcessor]: {}
[THYMELEAF]         * Text Processors by [precedence]:
[THYMELEAF]             * [1000]: org.thymeleaf.standard.processor.StandardInliningTextProcessor
[THYMELEAF]     * Processors for Template Mode: CSS
[THYMELEAF]         * Element Tag Processors by [matching element and attribute name] [precedence]:
[THYMELEAF]             * [* {th:insert}] [100]: org.thymeleaf.standard.processor.StandardInsertTagProcessor
[THYMELEAF]             * [* {th:replace}] [100]: org.thymeleaf.standard.processor.StandardReplaceTagProcessor
[THYMELEAF]             * [* {th:each}] [200]: com.intuit.karate.template.KarateEachTagProcessor
[THYMELEAF]             * [* {th:switch}] [250]: org.thymeleaf.standard.processor.StandardSwitchTagProcessor
[THYMELEAF]             * [* {th:case}] [275]: org.thymeleaf.standard.processor.StandardCaseTagProcessor
[THYMELEAF]             * [* {th:if}] [300]: org.thymeleaf.standard.processor.StandardIfTagProcessor
[THYMELEAF]             * [* {th:unless}] [400]: org.thymeleaf.standard.processor.StandardUnlessTagProcessor
[THYMELEAF]             * [* {th:object}] [500]: org.thymeleaf.standard.processor.StandardObjectTagProcessor
[THYMELEAF]             * [* {th:with}] [600]: com.intuit.karate.template.KarateWithTagProcessor
[THYMELEAF]             * [* {th:inline}] [1000]: org.thymeleaf.standard.processor.StandardInlineTextualTagProcessor
[THYMELEAF]             * [* {th:text}] [1300]: org.thymeleaf.standard.processor.StandardTextTagProcessor
[THYMELEAF]             * [* {th:utext}] [1400]: org.thymeleaf.standard.processor.StandardUtextTagProcessor
[THYMELEAF]             * [* {th:assert}] [1550]: org.thymeleaf.standard.processor.StandardAssertTagProcessor
[THYMELEAF]             * [* {th:remove}] [1600]: org.thymeleaf.standard.processor.StandardRemoveTagProcessor
[THYMELEAF]             * [* 100000] [org.thymeleaf.standard.processor.StandardBlockTagProcessor]: {}
[THYMELEAF]             * [{th:block} *] [100000]: org.thymeleaf.standard.processor.StandardBlockTagProcessor
[THYMELEAF]         * Text Processors by [precedence]:
[THYMELEAF]             * [1000]: org.thymeleaf.standard.processor.StandardInliningTextProcessor
[THYMELEAF]     * Expression Objects:
[THYMELEAF]         * #ctx
[THYMELEAF]         * #root
[THYMELEAF]         * #vars
[THYMELEAF]         * #object
[THYMELEAF]         * #locale
[THYMELEAF]         * #conversions
[THYMELEAF]         * #uris
[THYMELEAF]         * #temporals
[THYMELEAF]         * #calendars
[THYMELEAF]         * #dates
[THYMELEAF]         * #bools
[THYMELEAF]         * #numbers
[THYMELEAF]         * #objects
[THYMELEAF]         * #strings
[THYMELEAF]         * #arrays
[THYMELEAF]         * #lists
[THYMELEAF]         * #sets
[THYMELEAF]         * #maps
[THYMELEAF]         * #aggregates
[THYMELEAF]         * #messages
[THYMELEAF]         * #ids
[THYMELEAF]         * #execInfo
[THYMELEAF]         * #request
[THYMELEAF]         * #response
[THYMELEAF]         * #session
[THYMELEAF]         * #servletContext
[THYMELEAF]     * Execution Attributes:
[THYMELEAF]         * "StandardExpressionParser": com.intuit.karate.template.KarateStandardDialect@2212e291
[THYMELEAF]         * "StandardJavaScriptSerializer": org.thymeleaf.standard.serializer.StandardJavaScriptSerializer@7ee02968
[THYMELEAF]         * "StandardCSSSerializer": org.thymeleaf.standard.serializer.StandardCSSSerializer@4a773f08
[THYMELEAF]         * "StandardVariableExpressionEvaluator": com.intuit.karate.template.KarateStandardDialect@2212e291
[THYMELEAF]         * "StandardConversionService": org.thymeleaf.standard.expression.StandardConversionService@40b8158d
[THYMELEAF] * Dialect [2 of 2]: karate (com.intuit.karate.template.KarateScriptDialect)
[THYMELEAF]     * Prefix: "ka"
[THYMELEAF]     * Processors for Template Mode: HTML
[THYMELEAF]         * Element Tag Processors by [matching element and attribute name] [precedence]:
[THYMELEAF]             * [* {src}] [1000]: com.intuit.karate.template.KaScriptAttrProcessor
[THYMELEAF]         * Element Model Processors by [matching element and attribute name] [precedence]:
[THYMELEAF]             * [{script} {ka:scope,data-ka-scope}] [1000]: com.intuit.karate.template.KaScriptElemProcessor
[THYMELEAF]             * [* {ka:set,data-ka-set}] [1000]: com.intuit.karate.template.KaSetElemProcessor
[THYMELEAF] TEMPLATE ENGINE CONFIGURED OK
21:37:07.126 [main] DEBUG org.thymeleaf.TemplateEngine -- [THYMELEAF] TEMPLATE ENGINE INITIALIZED

HTML report: (paste into browser to view) | Karate version: 1.4.1
file:///Users/christopherarias/reto-backend-karate/reto-backend-karate/target/karate-reports/karate-summary.html
===================================================================

]]></system-out>
  </testcase>
</testsuite>